[2021-04-26 10:47:48-INFO] Header PAGE
Array
(
    [user_id] => 1331079507
)

****************************************************************************************************
[2021-04-26 10:47:48-INFO] Login PAGE
Array
(
    [user_id] => 1331079507
)

****************************************************************************************************
[2021-04-26 10:48:07-INFO] Header PAGE
Array
(
    [user_id] => 315198841
)

****************************************************************************************************
[2021-04-26 10:48:08-INFO] Login PAGE
Array
(
    [user_id] => 315198841
)

****************************************************************************************************
[2021-04-26 10:48:27-INFO] Header PAGE
Array
(
    [user_id] => 1315627337
)

****************************************************************************************************
[2021-04-26 10:48:27-INFO] Register PAGE
Array
(
    [user_id] => 1315627337
)

****************************************************************************************************
[2021-04-26 10:48:49-INFO] Header PAGE
Array
(
    [user_id] => 1236900167
)

****************************************************************************************************
[2021-04-26 10:48:50-INFO] Header PAGE
Array
(
    [user_id] => 1236900167
)

****************************************************************************************************
[2021-04-26 10:48:50-INFO] Header PAGE
Array
(
    [user_id] => 1236900167
)

****************************************************************************************************
[2021-04-26 10:48:55-INFO] Header PAGE
Array
(
    [user_id] => 97166896
)

****************************************************************************************************
[2021-04-26 10:48:55-INFO] Header PAGE
Array
(
    [user_id] => 1054588459
)

****************************************************************************************************
[2021-04-26 10:48:56-INFO] Header PAGE
Array
(
    [user_id] => 280130449
)

****************************************************************************************************
[2021-04-26 10:48:56-INFO] Login PAGE
Array
(
    [user_id] => 280130449
)

****************************************************************************************************
[2021-04-26 10:48:58-INFO] Header PAGE
Array
(
    [user_id] => 1228416052
)

****************************************************************************************************
[2021-04-26 10:48:58-INFO] Register PAGE
Array
(
    [user_id] => 1228416052
)

****************************************************************************************************
[2021-04-26 10:49:13-INFO] Header PAGE
Array
(
    [user_id] => 1311867781
)

****************************************************************************************************
[2021-04-26 10:49:13-INFO] Header PAGE
Array
(
    [user_id] => 1311867781
)

****************************************************************************************************
[2021-04-26 10:49:13-INFO] Header PAGE
Array
(
    [user_id] => 1311867781
)

****************************************************************************************************
[2021-04-26 10:49:58-INFO] Header PAGE
Array
(
    [user_id] => 1311867781
)

****************************************************************************************************
[2021-04-26 10:49:58-INFO] Header PAGE
Array
(
    [user_id] => 1311867781
)

****************************************************************************************************
[2021-04-26 10:51:31-INFO] Header PAGE
Array
(
    [user_id] => 1311867781
)

****************************************************************************************************
[2021-04-26 10:51:31-INFO] Header PAGE
Array
(
    [user_id] => 1311867781
)

****************************************************************************************************
[2021-04-26 10:51:54-INFO] Header PAGE
Array
(
    [user_id] => 1311867781
)

****************************************************************************************************
[2021-04-26 10:51:54-INFO] Header PAGE
Array
(
    [user_id] => 1311867781
)

****************************************************************************************************
[2021-04-26 10:52:02-INFO] Header PAGE
Array
(
    [user_id] => 1311867781
)

****************************************************************************************************
[2021-04-26 10:52:02-INFO] Header PAGE
Array
(
    [user_id] => 1311867781
)

****************************************************************************************************
[2021-04-26 10:52:04-INFO] Header PAGE
Array
(
    [user_id] => 1311867781
)

****************************************************************************************************
[2021-04-26 10:52:04-INFO] Product PAGE
Array
(
    [user_id] => 1311867781
)

****************************************************************************************************
[2021-04-26 10:52:04-INFO] Header PAGE
Array
(
    [user_id] => 1311867781
)

****************************************************************************************************
[2021-04-26 10:52:07-INFO] Header PAGE
Array
(
    [user_id] => 1311867781
)

****************************************************************************************************
[2021-04-26 10:52:07-INFO] Header PAGE
Array
(
    [user_id] => 1311867781
)

****************************************************************************************************
[2021-04-26 10:52:08-INFO] Product PAGE
Array
(
    [user_id] => 1311867781
)

****************************************************************************************************
[2021-04-26 10:52:08-INFO] Header PAGE
Array
(
    [user_id] => 1311867781
)

****************************************************************************************************
[2021-04-26 11:04:57-INFO] Header PAGE
Array
(
    [user_id] => 1311867781
)

****************************************************************************************************
[2021-04-26 11:04:57-INFO] Product PAGE
Array
(
    [user_id] => 1311867781
)

****************************************************************************************************
[2021-04-26 11:04:58-INFO] Header PAGE
Array
(
    [user_id] => 1311867781
)

****************************************************************************************************
[2021-04-26 11:04:59-INFO] Header PAGE
Array
(
    [user_id] => 1311867781
)

****************************************************************************************************
[2021-04-26 11:04:59-INFO] Header PAGE
Array
(
    [user_id] => 1311867781
)

****************************************************************************************************
[2021-04-26 11:05:11-INFO] Header PAGE
Array
(
    [user_id] => 916800329
)

****************************************************************************************************
[2021-04-26 11:05:12-INFO] Header PAGE
Array
(
    [user_id] => 181794313
)

****************************************************************************************************
[2021-04-26 11:05:13-INFO] Header PAGE
Array
(
    [user_id] => 1590215809
)

****************************************************************************************************
[2021-04-26 11:05:13-INFO] Login PAGE
Array
(
    [user_id] => 1590215809
)

****************************************************************************************************
[2021-04-26 11:05:25-INFO] Header PAGE
Array
(
    [user_id] => 957921830
)

****************************************************************************************************
[2021-04-26 11:05:25-INFO] Header PAGE
Array
(
    [user_id] => 1340765674
)

****************************************************************************************************
[2021-04-26 11:05:25-INFO] Header PAGE
Array
(
    [user_id] => 1340765674
)

****************************************************************************************************
[2021-04-26 11:06:48-INFO] Header PAGE
Array
(
    [user_id] => 1340765674
)

****************************************************************************************************
[2021-04-26 11:06:48-INFO] Header PAGE
Array
(
    [user_id] => 1340765674
)

****************************************************************************************************
[2021-04-26 11:07:06-INFO] Header PAGE
Array
(
    [user_id] => 1340765674
)

****************************************************************************************************
[2021-04-26 11:07:06-INFO] Header PAGE
Array
(
    [user_id] => 1340765674
)

****************************************************************************************************
[2021-04-26 11:07:47-INFO] Header PAGE
Array
(
    [user_id] => 1340765674
)

****************************************************************************************************
[2021-04-26 11:07:47-INFO] Header PAGE
Array
(
    [user_id] => 1340765674
)

****************************************************************************************************
[2021-04-26 11:08:21-INFO] Header PAGE
Array
(
    [user_id] => 982861603
)

****************************************************************************************************
[2021-04-26 11:08:21-INFO] Header PAGE
Array
(
    [user_id] => 1479886631
)

****************************************************************************************************
[2021-04-26 11:08:23-INFO] Header PAGE
Array
(
    [user_id] => 731063055
)

****************************************************************************************************
[2021-04-26 11:08:23-INFO] Header PAGE
Array
(
    [user_id] => 295575531
)

****************************************************************************************************
[2021-04-26 11:08:24-INFO] Header PAGE
Array
(
    [user_id] => 1154143455
)

****************************************************************************************************
[2021-04-26 11:08:24-INFO] Login PAGE
Array
(
    [user_id] => 1154143455
)

****************************************************************************************************
[2021-04-26 11:08:35-INFO] Header PAGE
Array
(
    [user_id] => 690806960
)

****************************************************************************************************
[2021-04-26 11:08:36-INFO] Header PAGE
Array
(
    [user_id] => 1292332650
)

****************************************************************************************************
[2021-04-26 11:08:36-INFO] Header PAGE
Array
(
    [user_id] => 1292332650
)

****************************************************************************************************
[2021-04-26 11:09:52-INFO] Header PAGE
Array
(
    [user_id] => 1292332650
)

****************************************************************************************************
[2021-04-26 11:09:52-INFO] Header PAGE
Array
(
    [user_id] => 1292332650
)

****************************************************************************************************
[2021-04-26 11:09:53-INFO] Header PAGE
Array
(
    [user_id] => 1292332650
)

****************************************************************************************************
[2021-04-26 11:09:53-INFO] Header PAGE
Array
(
    [user_id] => 1292332650
)

****************************************************************************************************
[2021-04-26 11:09:55-INFO] Header PAGE
Array
(
    [user_id] => 1292332650
)

****************************************************************************************************
[2021-04-26 11:09:55-INFO] Product PAGE
Array
(
    [user_id] => 1292332650
)

****************************************************************************************************
[2021-04-26 11:09:55-INFO] Header PAGE
Array
(
    [user_id] => 1292332650
)

****************************************************************************************************
[2021-04-26 11:10:04-INFO] Header PAGE
Array
(
    [user_id] => 1292332650
)

****************************************************************************************************
[2021-04-26 11:10:04-INFO] Product PAGE
Array
(
    [user_id] => 1292332650
)

****************************************************************************************************
[2021-04-26 11:10:04-INFO] Header PAGE
Array
(
    [user_id] => 1292332650
)

****************************************************************************************************
[2021-04-26 11:10:29-INFO] Header PAGE
Array
(
    [user_id] => 1292332650
)

****************************************************************************************************
[2021-04-26 11:10:29-INFO] Product PAGE
Array
(
    [user_id] => 1292332650
)

****************************************************************************************************
[2021-04-26 11:10:30-INFO] Header PAGE
Array
(
    [user_id] => 1292332650
)

****************************************************************************************************
[2021-04-26 11:10:52-INFO] Header PAGE
Array
(
    [user_id] => 1292332650
)

****************************************************************************************************
[2021-04-26 11:10:52-INFO] Product PAGE
Array
(
    [user_id] => 1292332650
)

****************************************************************************************************
[2021-04-26 11:10:52-INFO] Header PAGE
Array
(
    [user_id] => 1292332650
)

****************************************************************************************************
[2021-04-26 11:11:24-INFO] Header PAGE
Array
(
    [user_id] => 1292332650
)

****************************************************************************************************
[2021-04-26 11:11:24-INFO] Product PAGE
Array
(
    [user_id] => 1292332650
)

****************************************************************************************************
[2021-04-26 11:11:24-INFO] Header PAGE
Array
(
    [user_id] => 1292332650
)

****************************************************************************************************
[2021-04-26 11:11:28-INFO] Header PAGE
Array
(
    [user_id] => 1292332650
)

****************************************************************************************************
[2021-04-26 11:11:28-INFO] Product PAGE
Array
(
    [user_id] => 1292332650
)

****************************************************************************************************
[2021-04-26 11:11:28-INFO] Header PAGE
Array
(
    [user_id] => 1292332650
)

****************************************************************************************************
[2021-04-26 11:12:11-INFO] Header PAGE
Array
(
    [user_id] => 1292332650
)

****************************************************************************************************
[2021-04-26 11:12:11-INFO] Product PAGE
Array
(
    [user_id] => 1292332650
)

****************************************************************************************************
[2021-04-26 11:12:11-INFO] Header PAGE
Array
(
    [user_id] => 1292332650
)

****************************************************************************************************
[2021-04-26 11:16:43-INFO] Header PAGE
Array
(
    [user_id] => 1292332650
)

****************************************************************************************************
[2021-04-26 11:16:43-INFO] Product PAGE
Array
(
    [user_id] => 1292332650
)

****************************************************************************************************
[2021-04-26 11:16:44-INFO] Header PAGE
Array
(
    [user_id] => 1292332650
)

****************************************************************************************************
[2021-04-26 11:17:01-INFO] Header PAGE
Array
(
    [user_id] => 1292332650
)

****************************************************************************************************
[2021-04-26 11:17:01-INFO] Product PAGE
Array
(
    [user_id] => 1292332650
)

****************************************************************************************************
[2021-04-26 11:17:01-INFO] Header PAGE
Array
(
    [user_id] => 1292332650
)

****************************************************************************************************
[2021-04-26 11:17:07-INFO] Header PAGE
Array
(
    [user_id] => 1292332650
)

****************************************************************************************************
[2021-04-26 11:17:07-INFO] Product PAGE
Array
(
    [user_id] => 1292332650
)

****************************************************************************************************
[2021-04-26 11:17:07-INFO] Header PAGE
Array
(
    [user_id] => 1292332650
)

****************************************************************************************************
[2021-04-26 11:17:11-INFO] Header PAGE
Array
(
    [user_id] => 1292332650
)

****************************************************************************************************
[2021-04-26 11:17:11-INFO] Product PAGE
Array
(
    [user_id] => 1292332650
)

****************************************************************************************************
[2021-04-26 11:17:12-INFO] Header PAGE
Array
(
    [user_id] => 1292332650
)

****************************************************************************************************
[2021-04-26 11:17:13-INFO] Header PAGE
Array
(
    [user_id] => 1292332650
)

****************************************************************************************************
[2021-04-26 11:17:13-INFO] Product PAGE
Array
(
    [user_id] => 1292332650
)

****************************************************************************************************
[2021-04-26 11:17:13-INFO] Header PAGE
Array
(
    [user_id] => 1292332650
)

****************************************************************************************************
[2021-04-26 11:17:15-INFO] Header PAGE
Array
(
    [user_id] => 1292332650
)

****************************************************************************************************
[2021-04-26 11:17:15-INFO] Product PAGE
Array
(
    [user_id] => 1292332650
)

****************************************************************************************************
[2021-04-26 11:17:15-INFO] Header PAGE
Array
(
    [user_id] => 1292332650
)

****************************************************************************************************
[2021-04-26 11:17:33-INFO] Header PAGE
Array
(
    [user_id] => 1292332650
)

****************************************************************************************************
[2021-04-26 11:17:33-INFO] Product PAGE
Array
(
    [user_id] => 1292332650
)

****************************************************************************************************
[2021-04-26 11:17:33-INFO] Header PAGE
Array
(
    [user_id] => 1292332650
)

****************************************************************************************************
[2021-04-26 11:17:34-INFO] Header PAGE
Array
(
    [user_id] => 1292332650
)

****************************************************************************************************
[2021-04-26 11:17:34-INFO] Product PAGE
Array
(
    [user_id] => 1292332650
)

****************************************************************************************************
[2021-04-26 11:17:34-INFO] Header PAGE
Array
(
    [user_id] => 1292332650
)

****************************************************************************************************
[2021-04-26 11:17:37-INFO] Header PAGE
Array
(
    [user_id] => 1292332650
)

****************************************************************************************************
[2021-04-26 11:17:37-INFO] Product PAGE
Array
(
    [user_id] => 1292332650
)

****************************************************************************************************
[2021-04-26 11:17:38-INFO] Header PAGE
Array
(
    [user_id] => 1292332650
)

****************************************************************************************************
[2021-04-26 11:17:47-INFO] Header PAGE
Array
(
    [user_id] => 1292332650
)

****************************************************************************************************
[2021-04-26 11:17:47-INFO] Product PAGE
Array
(
    [user_id] => 1292332650
)

****************************************************************************************************
[2021-04-26 11:17:47-INFO] Header PAGE
Array
(
    [user_id] => 1292332650
)

****************************************************************************************************
[2021-04-26 11:17:48-INFO] Header PAGE
Array
(
    [user_id] => 1292332650
)

****************************************************************************************************
[2021-04-26 11:17:48-INFO] Product PAGE
Array
(
    [user_id] => 1292332650
)

****************************************************************************************************
[2021-04-26 11:17:48-INFO] Header PAGE
Array
(
    [user_id] => 1292332650
)

****************************************************************************************************
[2021-04-26 11:17:55-INFO] Header PAGE
Array
(
    [user_id] => 1292332650
)

****************************************************************************************************
[2021-04-26 11:17:55-INFO] Product PAGE
Array
(
    [user_id] => 1292332650
)

****************************************************************************************************
[2021-04-26 11:17:55-INFO] Header PAGE
Array
(
    [user_id] => 1292332650
)

****************************************************************************************************
[2021-04-26 11:17:57-INFO] Header PAGE
Array
(
    [user_id] => 1292332650
)

****************************************************************************************************
[2021-04-26 11:17:57-INFO] Product PAGE
Array
(
    [user_id] => 1292332650
)

****************************************************************************************************
[2021-04-26 11:17:57-INFO] Header PAGE
Array
(
    [user_id] => 1292332650
)

****************************************************************************************************
[2021-04-26 11:18:22-INFO] Header PAGE
Array
(
    [user_id] => 1292332650
)

****************************************************************************************************
[2021-04-26 11:18:22-INFO] Product PAGE
Array
(
    [user_id] => 1292332650
)

****************************************************************************************************
[2021-04-26 11:18:22-INFO] Header PAGE
Array
(
    [user_id] => 1292332650
)

****************************************************************************************************
[2021-04-26 11:18:23-INFO] Header PAGE
Array
(
    [user_id] => 1292332650
)

****************************************************************************************************
[2021-04-26 11:18:23-INFO] Product PAGE
Array
(
    [user_id] => 1292332650
)

****************************************************************************************************
[2021-04-26 11:18:23-INFO] Header PAGE
Array
(
    [user_id] => 1292332650
)

****************************************************************************************************
[2021-04-26 11:18:41-INFO] Header PAGE
Array
(
    [user_id] => 1292332650
)

****************************************************************************************************
[2021-04-26 11:18:41-INFO] Product PAGE
Array
(
    [user_id] => 1292332650
)

****************************************************************************************************
[2021-04-26 11:18:41-INFO] Header PAGE
Array
(
    [user_id] => 1292332650
)

****************************************************************************************************
[2021-04-26 11:19:50-INFO] Header PAGE
Array
(
    [user_id] => 1292332650
)

****************************************************************************************************
[2021-04-26 11:19:50-INFO] Product PAGE
Array
(
    [user_id] => 1292332650
)

****************************************************************************************************
[2021-04-26 11:19:50-INFO] Header PAGE
Array
(
    [user_id] => 1292332650
)

****************************************************************************************************
[2021-04-26 11:20:08-INFO] Header PAGE
Array
(
    [user_id] => 1292332650
)

****************************************************************************************************
[2021-04-26 11:20:08-INFO] Product PAGE
Array
(
    [user_id] => 1292332650
)

****************************************************************************************************
[2021-04-26 11:20:08-INFO] Header PAGE
Array
(
    [user_id] => 1292332650
)

****************************************************************************************************
[2021-04-26 11:20:13-INFO] Header PAGE
Array
(
    [user_id] => 1292332650
)

****************************************************************************************************
[2021-04-26 11:20:13-INFO] Product PAGE
Array
(
    [user_id] => 1292332650
)

****************************************************************************************************
[2021-04-26 11:20:14-INFO] Header PAGE
Array
(
    [user_id] => 1292332650
)

****************************************************************************************************
[2021-04-26 11:20:17-INFO] Header PAGE
Array
(
    [user_id] => 1292332650
)

****************************************************************************************************
[2021-04-26 11:20:17-INFO] Product PAGE
Array
(
    [user_id] => 1292332650
)

****************************************************************************************************
[2021-04-26 11:20:17-INFO] Header PAGE
Array
(
    [user_id] => 1292332650
)

****************************************************************************************************
[2021-04-26 11:20:19-INFO] Header PAGE
Array
(
    [user_id] => 1292332650
)

****************************************************************************************************
[2021-04-26 11:20:19-INFO] Product PAGE
Array
(
    [user_id] => 1292332650
)

****************************************************************************************************
[2021-04-26 11:20:19-INFO] Header PAGE
Array
(
    [user_id] => 1292332650
)

****************************************************************************************************
[2021-04-26 11:21:09-INFO] Header PAGE
Array
(
    [user_id] => 1292332650
)

****************************************************************************************************
[2021-04-26 11:21:09-INFO] Product PAGE
Array
(
    [user_id] => 1292332650
)

****************************************************************************************************
[2021-04-26 11:21:09-INFO] Header PAGE
Array
(
    [user_id] => 1292332650
)

****************************************************************************************************
[2021-04-26 11:26:37-INFO] Header PAGE
Array
(
    [user_id] => 1292332650
)

****************************************************************************************************
[2021-04-26 11:26:37-INFO] Product PAGE
Array
(
    [user_id] => 1292332650
)

****************************************************************************************************
[2021-04-26 11:26:37-INFO] Header PAGE
Array
(
    [user_id] => 1292332650
)

****************************************************************************************************
[2021-04-26 11:26:39-INFO] Header PAGE
Array
(
    [user_id] => 1292332650
)

****************************************************************************************************
[2021-04-26 11:26:39-INFO] Product PAGE
Array
(
    [user_id] => 1292332650
)

****************************************************************************************************
[2021-04-26 11:26:39-INFO] Header PAGE
Array
(
    [user_id] => 1292332650
)

****************************************************************************************************
[2021-04-26 11:27:21-INFO] Header PAGE
Array
(
    [user_id] => 1292332650
)

****************************************************************************************************
[2021-04-26 11:27:21-INFO] Product PAGE
Array
(
    [user_id] => 1292332650
)

****************************************************************************************************
[2021-04-26 11:27:21-INFO] Header PAGE
Array
(
    [user_id] => 1292332650
)

****************************************************************************************************
[2021-04-26 11:27:22-INFO] Header PAGE
Array
(
    [user_id] => 1292332650
)

****************************************************************************************************
[2021-04-26 11:27:22-INFO] Product PAGE
Array
(
    [user_id] => 1292332650
)

****************************************************************************************************
[2021-04-26 11:27:23-INFO] Header PAGE
Array
(
    [user_id] => 1292332650
)

****************************************************************************************************
[2021-04-26 11:27:40-INFO] Header PAGE
Array
(
    [user_id] => 1292332650
)

****************************************************************************************************
[2021-04-26 11:27:40-INFO] Product PAGE
Array
(
    [user_id] => 1292332650
)

****************************************************************************************************
[2021-04-26 11:27:40-INFO] Header PAGE
Array
(
    [user_id] => 1292332650
)

****************************************************************************************************
[2021-04-26 11:28:26-INFO] Header PAGE
Array
(
    [user_id] => 1292332650
)

****************************************************************************************************
[2021-04-26 11:28:26-INFO] Product PAGE
Array
(
    [user_id] => 1292332650
)

****************************************************************************************************
[2021-04-26 11:28:26-INFO] Header PAGE
Array
(
    [user_id] => 1292332650
)

****************************************************************************************************
[2021-04-26 11:28:29-INFO] Header PAGE
Array
(
    [user_id] => 1292332650
)

****************************************************************************************************
[2021-04-26 11:28:29-INFO] Product PAGE
Array
(
    [user_id] => 1292332650
)

****************************************************************************************************
[2021-04-26 11:28:29-INFO] Header PAGE
Array
(
    [user_id] => 1292332650
)

****************************************************************************************************
[2021-04-26 11:28:55-INFO] Header PAGE
Array
(
    [user_id] => 1292332650
)

****************************************************************************************************
[2021-04-26 12:12:17-INFO] Header PAGE
Array
(
    [user_id] => 1292332650
)

****************************************************************************************************
[2021-04-26 12:12:49-INFO] Header PAGE
Array
(
    [user_id] => 1292332650
)

****************************************************************************************************
[2021-04-26 12:13:08-INFO] Header PAGE
Array
(
    [user_id] => 1292332650
)

****************************************************************************************************
[2021-04-26 12:13:15-INFO] Header PAGE
Array
(
    [user_id] => 1292332650
)

****************************************************************************************************
[2021-04-26 12:13:16-INFO] Header PAGE
Array
(
    [user_id] => 1292332650
)

****************************************************************************************************
[2021-04-26 12:13:33-INFO] Header PAGE
Array
(
    [user_id] => 1292332650
)

****************************************************************************************************
[2021-04-26 12:15:23-INFO] Header PAGE
Array
(
    [user_id] => 1292332650
)

****************************************************************************************************
[2021-04-26 12:15:32-INFO] Header PAGE
Array
(
    [user_id] => 1292332650
)

****************************************************************************************************
[2021-04-26 12:15:32-INFO] Header PAGE
Array
(
    [user_id] => 1292332650
)

****************************************************************************************************
[2021-04-26 12:15:35-INFO] Header PAGE
Array
(
    [user_id] => 1292332650
)

****************************************************************************************************
[2021-04-26 12:15:35-INFO] Product PAGE
Array
(
    [user_id] => 1292332650
)

****************************************************************************************************
[2021-04-26 12:15:35-INFO] Header PAGE
Array
(
    [user_id] => 1292332650
)

****************************************************************************************************
[2021-04-26 12:15:37-INFO] Header PAGE
Array
(
    [user_id] => 1292332650
)

****************************************************************************************************
[2021-04-26 12:15:38-INFO] Header PAGE
Array
(
    [user_id] => 1292332650
)

****************************************************************************************************
[2021-04-26 12:15:39-INFO] Header PAGE
Array
(
    [user_id] => 1292332650
)

****************************************************************************************************
[2021-04-26 12:15:40-INFO] Header PAGE
Array
(
    [user_id] => 1292332650
)

****************************************************************************************************
[2021-04-26 12:15:40-INFO] Header PAGE
Array
(
    [user_id] => 1292332650
)

****************************************************************************************************
