[2021-05-09 06:27:52-INFO] Header PAGE
Array
(
    [user_id] => 228459564
)

****************************************************************************************************
[2021-05-09 06:27:52-INFO] Header PAGE
Array
(
    [user_id] => 228459564
)

****************************************************************************************************
[2021-05-09 06:27:52-INFO] Header PAGE
Array
(
    [user_id] => 228459564
)

****************************************************************************************************
[2021-05-09 06:27:56-INFO] Header PAGE
Array
(
    [user_id] => 228459564
)

****************************************************************************************************
[2021-05-09 06:27:56-INFO] Product PAGE
Array
(
    [user_id] => 228459564
)

****************************************************************************************************
[2021-05-09 06:27:56-INFO] Header PAGE
Array
(
    [user_id] => 228459564
)

****************************************************************************************************
[2021-05-09 06:28:56-INFO] Header PAGE
Array
(
    [user_id] => 205078796
)

****************************************************************************************************
[2021-05-09 06:28:56-INFO] Header PAGE
Array
(
    [user_id] => 404708399
)

****************************************************************************************************
[2021-05-09 06:28:57-INFO] Header PAGE
Array
(
    [user_id] => 563439542
)

****************************************************************************************************
[2021-05-09 06:28:57-INFO] Login PAGE
Array
(
    [user_id] => 563439542
)

****************************************************************************************************
[2021-05-09 06:29:15-INFO] Header PAGE
Array
(
    [user_id] => 1523951715
)

****************************************************************************************************
[2021-05-09 06:29:15-INFO] Header PAGE
Array
(
    [user_id] => 447801164
)

****************************************************************************************************
[2021-05-09 06:29:15-INFO] Header PAGE
Array
(
    [user_id] => 447801164
)

****************************************************************************************************
[2021-05-09 06:29:18-INFO] Header PAGE
Array
(
    [user_id] => 447801164
)

****************************************************************************************************
[2021-05-09 06:29:18-INFO] Product PAGE
Array
(
    [user_id] => 447801164
)

****************************************************************************************************
[2021-05-09 06:29:18-INFO] Header PAGE
Array
(
    [user_id] => 447801164
)

****************************************************************************************************
[2021-05-09 06:29:20-INFO] Header PAGE
Array
(
    [user_id] => 447801164
)

****************************************************************************************************
[2021-05-09 06:29:45-INFO] Header PAGE
Array
(
    [user_id] => 447801164
)

****************************************************************************************************
[2021-05-09 06:29:46-INFO] Header PAGE
Array
(
    [user_id] => 447801164
)

****************************************************************************************************
[2021-05-09 06:29:48-INFO] Header PAGE
Array
(
    [user_id] => 447801164
)

****************************************************************************************************
[2021-05-09 06:29:48-INFO] Product PAGE
Array
(
    [user_id] => 447801164
)

****************************************************************************************************
[2021-05-09 06:29:48-INFO] Header PAGE
Array
(
    [user_id] => 447801164
)

****************************************************************************************************
[2021-05-09 06:29:51-INFO] Header PAGE
Array
(
    [user_id] => 447801164
)

****************************************************************************************************
[2021-05-09 06:29:51-INFO] Header PAGE
Array
(
    [user_id] => 447801164
)

****************************************************************************************************
[2021-05-09 06:29:58-INFO] Header PAGE
Array
(
    [user_id] => 447801164
)

****************************************************************************************************
[2021-05-09 06:29:58-INFO] Product PAGE
Array
(
    [user_id] => 447801164
)

****************************************************************************************************
[2021-05-09 06:29:58-INFO] Header PAGE
Array
(
    [user_id] => 447801164
)

****************************************************************************************************
[2021-05-09 06:30:03-INFO] Header PAGE
Array
(
    [user_id] => 447801164
)

****************************************************************************************************
[2021-05-09 06:30:03-INFO] Header PAGE
Array
(
    [user_id] => 447801164
)

****************************************************************************************************
[2021-05-09 06:30:03-INFO] Product PAGE
Array
(
    [user_id] => 447801164
)

****************************************************************************************************
[2021-05-09 06:30:03-INFO] Header PAGE
Array
(
    [user_id] => 447801164
)

****************************************************************************************************
[2021-05-09 06:30:06-INFO] Header PAGE
Array
(
    [user_id] => 447801164
)

****************************************************************************************************
[2021-05-09 06:30:06-INFO] Header PAGE
Array
(
    [user_id] => 447801164
)

****************************************************************************************************
[2021-05-09 06:30:10-INFO] Header PAGE
Array
(
    [user_id] => 447801164
)

****************************************************************************************************
[2021-05-09 06:30:10-INFO] Header PAGE
Array
(
    [user_id] => 447801164
)

****************************************************************************************************
[2021-05-09 06:30:10-INFO] Header PAGE
Array
(
    [user_id] => 447801164
)

****************************************************************************************************
[2021-05-09 06:30:14-INFO] Header PAGE
Array
(
    [user_id] => 447801164
)

****************************************************************************************************
[2021-05-09 06:30:14-INFO] Header PAGE
Array
(
    [user_id] => 447801164
)

****************************************************************************************************
[2021-05-09 06:30:14-INFO] Header PAGE
Array
(
    [user_id] => 447801164
)

****************************************************************************************************
[2021-05-09 06:30:19-INFO] Header PAGE
Array
(
    [user_id] => 447801164
)

****************************************************************************************************
[2021-05-09 06:30:20-INFO] Header PAGE
Array
(
    [user_id] => 447801164
)

****************************************************************************************************
[2021-05-09 06:30:20-INFO] Header PAGE
Array
(
    [user_id] => 447801164
)

****************************************************************************************************
[2021-05-09 06:30:22-INFO] Header PAGE
Array
(
    [user_id] => 447801164
)

****************************************************************************************************
[2021-05-09 06:30:24-INFO] Header PAGE
Array
(
    [user_id] => 447801164
)

****************************************************************************************************
[2021-05-09 06:30:24-INFO] Header PAGE
Array
(
    [user_id] => 447801164
)

****************************************************************************************************
[2021-05-09 06:30:26-INFO] Header PAGE
Array
(
    [user_id] => 447801164
)

****************************************************************************************************
[2021-05-09 06:30:26-INFO] Header PAGE
Array
(
    [user_id] => 447801164
)

****************************************************************************************************
[2021-05-09 06:30:26-INFO] Header PAGE
Array
(
    [user_id] => 447801164
)

****************************************************************************************************
[2021-05-09 06:30:28-INFO] Header PAGE
Array
(
    [user_id] => 447801164
)

****************************************************************************************************
[2021-05-09 06:30:28-INFO] Product PAGE
Array
(
    [user_id] => 447801164
)

****************************************************************************************************
[2021-05-09 06:30:28-INFO] Header PAGE
Array
(
    [user_id] => 447801164
)

****************************************************************************************************
[2021-05-09 06:35:13-INFO] Header PAGE
Array
(
    [user_id] => 447801164
)

****************************************************************************************************
[2021-05-09 06:35:13-INFO] Product PAGE
Array
(
    [user_id] => 447801164
)

****************************************************************************************************
[2021-05-09 06:35:13-INFO] Header PAGE
Array
(
    [user_id] => 447801164
)

****************************************************************************************************
[2021-05-09 06:35:40-INFO] Header PAGE
Array
(
    [user_id] => 447801164
)

****************************************************************************************************
[2021-05-09 06:35:40-INFO] Product PAGE
Array
(
    [user_id] => 447801164
)

****************************************************************************************************
[2021-05-09 06:35:40-INFO] Header PAGE
Array
(
    [user_id] => 447801164
)

****************************************************************************************************
[2021-05-09 06:35:42-INFO] Header PAGE
Array
(
    [user_id] => 447801164
)

****************************************************************************************************
[2021-05-09 06:35:42-INFO] Product PAGE
Array
(
    [user_id] => 447801164
)

****************************************************************************************************
[2021-05-09 06:35:42-INFO] Header PAGE
Array
(
    [user_id] => 447801164
)

****************************************************************************************************
[2021-05-09 06:35:42-INFO] Header PAGE
Array
(
    [user_id] => 447801164
)

****************************************************************************************************
[2021-05-09 06:35:42-INFO] Product PAGE
Array
(
    [user_id] => 447801164
)

****************************************************************************************************
[2021-05-09 06:35:43-INFO] Header PAGE
Array
(
    [user_id] => 447801164
)

****************************************************************************************************
[2021-05-09 06:36:35-INFO] Header PAGE
Array
(
    [user_id] => 447801164
)

****************************************************************************************************
[2021-05-09 06:36:35-INFO] Product PAGE
Array
(
    [user_id] => 447801164
)

****************************************************************************************************
[2021-05-09 06:36:35-INFO] Header PAGE
Array
(
    [user_id] => 447801164
)

****************************************************************************************************
[2021-05-09 06:36:40-INFO] Header PAGE
Array
(
    [user_id] => 447801164
)

****************************************************************************************************
[2021-05-09 06:36:40-INFO] Product PAGE
Array
(
    [user_id] => 447801164
)

****************************************************************************************************
[2021-05-09 06:36:40-INFO] Header PAGE
Array
(
    [user_id] => 447801164
)

****************************************************************************************************
[2021-05-09 06:36:58-INFO] Header PAGE
Array
(
    [user_id] => 447801164
)

****************************************************************************************************
[2021-05-09 06:36:58-INFO] Product PAGE
Array
(
    [user_id] => 447801164
)

****************************************************************************************************
[2021-05-09 06:36:59-INFO] Header PAGE
Array
(
    [user_id] => 447801164
)

****************************************************************************************************
[2021-05-09 06:38:16-INFO] Header PAGE
Array
(
    [user_id] => 447801164
)

****************************************************************************************************
[2021-05-09 06:38:16-INFO] Product PAGE
Array
(
    [user_id] => 447801164
)

****************************************************************************************************
[2021-05-09 06:38:16-INFO] Header PAGE
Array
(
    [user_id] => 447801164
)

****************************************************************************************************
[2021-05-09 06:38:19-INFO] Header PAGE
Array
(
    [user_id] => 447801164
)

****************************************************************************************************
[2021-05-09 06:38:19-INFO] Product PAGE
Array
(
    [user_id] => 447801164
)

****************************************************************************************************
[2021-05-09 06:38:19-INFO] Header PAGE
Array
(
    [user_id] => 447801164
)

****************************************************************************************************
[2021-05-09 06:38:40-INFO] Header PAGE
Array
(
    [user_id] => 447801164
)

****************************************************************************************************
[2021-05-09 06:38:40-INFO] Product PAGE
Array
(
    [user_id] => 447801164
)

****************************************************************************************************
[2021-05-09 06:38:40-INFO] Header PAGE
Array
(
    [user_id] => 447801164
)

****************************************************************************************************
[2021-05-09 06:38:41-INFO] Header PAGE
Array
(
    [user_id] => 447801164
)

****************************************************************************************************
[2021-05-09 06:38:41-INFO] Product PAGE
Array
(
    [user_id] => 447801164
)

****************************************************************************************************
[2021-05-09 06:38:41-INFO] Header PAGE
Array
(
    [user_id] => 447801164
)

****************************************************************************************************
[2021-05-09 06:38:55-INFO] Header PAGE
Array
(
    [user_id] => 447801164
)

****************************************************************************************************
[2021-05-09 06:38:55-INFO] Header PAGE
Array
(
    [user_id] => 447801164
)

****************************************************************************************************
[2021-05-09 06:38:56-INFO] Header PAGE
Array
(
    [user_id] => 447801164
)

****************************************************************************************************
[2021-05-09 06:38:56-INFO] Header PAGE
Array
(
    [user_id] => 447801164
)

****************************************************************************************************
[2021-05-09 06:38:56-INFO] Header PAGE
Array
(
    [user_id] => 447801164
)

****************************************************************************************************
[2021-05-09 06:38:59-INFO] Header PAGE
Array
(
    [user_id] => 447801164
)

****************************************************************************************************
[2021-05-09 06:38:59-INFO] Header PAGE
Array
(
    [user_id] => 447801164
)

****************************************************************************************************
[2021-05-09 06:39:00-INFO] Header PAGE
Array
(
    [user_id] => 447801164
)

****************************************************************************************************
[2021-05-09 06:39:00-INFO] Product PAGE
Array
(
    [user_id] => 447801164
)

****************************************************************************************************
[2021-05-09 06:39:00-INFO] Header PAGE
Array
(
    [user_id] => 447801164
)

****************************************************************************************************
[2021-05-09 06:39:59-INFO] Header PAGE
Array
(
    [user_id] => 447801164
)

****************************************************************************************************
[2021-05-09 06:39:59-INFO] Product PAGE
Array
(
    [user_id] => 447801164
)

****************************************************************************************************
[2021-05-09 06:39:59-INFO] Header PAGE
Array
(
    [user_id] => 447801164
)

****************************************************************************************************
[2021-05-09 06:40:37-INFO] Header PAGE
Array
(
    [user_id] => 447801164
)

****************************************************************************************************
[2021-05-09 06:40:37-INFO] Product PAGE
Array
(
    [user_id] => 447801164
)

****************************************************************************************************
[2021-05-09 06:40:37-INFO] Header PAGE
Array
(
    [user_id] => 447801164
)

****************************************************************************************************
[2021-05-09 06:40:42-INFO] Header PAGE
Array
(
    [user_id] => 447801164
)

****************************************************************************************************
[2021-05-09 06:40:43-INFO] Header PAGE
Array
(
    [user_id] => 447801164
)

****************************************************************************************************
[2021-05-09 06:40:45-INFO] Header PAGE
Array
(
    [user_id] => 447801164
)

****************************************************************************************************
[2021-05-09 06:40:45-INFO] Product PAGE
Array
(
    [user_id] => 447801164
)

****************************************************************************************************
[2021-05-09 06:40:45-INFO] Header PAGE
Array
(
    [user_id] => 447801164
)

****************************************************************************************************
[2021-05-09 06:40:47-INFO] Header PAGE
Array
(
    [user_id] => 447801164
)

****************************************************************************************************
[2021-05-09 06:40:47-INFO] Header PAGE
Array
(
    [user_id] => 447801164
)

****************************************************************************************************
[2021-05-09 06:40:47-INFO] Product PAGE
Array
(
    [user_id] => 447801164
)

****************************************************************************************************
[2021-05-09 06:40:47-INFO] Header PAGE
Array
(
    [user_id] => 447801164
)

****************************************************************************************************
[2021-05-09 06:40:50-INFO] Header PAGE
Array
(
    [user_id] => 447801164
)

****************************************************************************************************
[2021-05-09 06:40:51-INFO] Header PAGE
Array
(
    [user_id] => 447801164
)

****************************************************************************************************
[2021-05-09 06:40:51-INFO] Product PAGE
Array
(
    [user_id] => 447801164
)

****************************************************************************************************
[2021-05-09 06:40:51-INFO] Header PAGE
Array
(
    [user_id] => 447801164
)

****************************************************************************************************
[2021-05-09 06:40:53-INFO] Header PAGE
Array
(
    [user_id] => 447801164
)

****************************************************************************************************
[2021-05-09 06:40:53-INFO] Header PAGE
Array
(
    [user_id] => 447801164
)

****************************************************************************************************
[2021-05-09 06:40:56-INFO] Header PAGE
Array
(
    [user_id] => 447801164
)

****************************************************************************************************
[2021-05-09 06:40:56-INFO] Product PAGE
Array
(
    [user_id] => 447801164
)

****************************************************************************************************
[2021-05-09 06:40:56-INFO] Header PAGE
Array
(
    [user_id] => 447801164
)

****************************************************************************************************
[2021-05-09 06:41:56-INFO] Header PAGE
Array
(
    [user_id] => 447801164
)

****************************************************************************************************
[2021-05-09 06:41:56-INFO] Product PAGE
Array
(
    [user_id] => 447801164
)

****************************************************************************************************
[2021-05-09 06:41:56-INFO] Header PAGE
Array
(
    [user_id] => 447801164
)

****************************************************************************************************
[2021-05-09 06:43:31-INFO] Header PAGE
Array
(
    [user_id] => 447801164
)

****************************************************************************************************
[2021-05-09 06:43:31-INFO] Product PAGE
Array
(
    [user_id] => 447801164
)

****************************************************************************************************
[2021-05-09 06:43:31-INFO] Header PAGE
Array
(
    [user_id] => 447801164
)

****************************************************************************************************
[2021-05-09 06:44:41-INFO] Header PAGE
Array
(
    [user_id] => 447801164
)

****************************************************************************************************
[2021-05-09 06:44:41-INFO] Product PAGE
Array
(
    [user_id] => 447801164
)

****************************************************************************************************
[2021-05-09 06:44:41-INFO] Header PAGE
Array
(
    [user_id] => 447801164
)

****************************************************************************************************
[2021-05-09 06:45:41-INFO] Header PAGE
Array
(
    [user_id] => 447801164
)

****************************************************************************************************
[2021-05-09 06:45:41-INFO] Product PAGE
Array
(
    [user_id] => 447801164
)

****************************************************************************************************
[2021-05-09 06:45:41-INFO] Header PAGE
Array
(
    [user_id] => 447801164
)

****************************************************************************************************
[2021-05-09 06:49:45-INFO] Header PAGE
Array
(
    [user_id] => 447801164
)

****************************************************************************************************
[2021-05-09 06:49:45-INFO] Product PAGE
Array
(
    [user_id] => 447801164
)

****************************************************************************************************
[2021-05-09 06:49:45-INFO] Header PAGE
Array
(
    [user_id] => 447801164
)

****************************************************************************************************
[2021-05-09 06:50:06-INFO] Header PAGE
Array
(
    [user_id] => 447801164
)

****************************************************************************************************
[2021-05-09 06:50:06-INFO] Product PAGE
Array
(
    [user_id] => 447801164
)

****************************************************************************************************
[2021-05-09 06:50:36-INFO] Header PAGE
Array
(
    [user_id] => 447801164
)

****************************************************************************************************
[2021-05-09 06:50:36-INFO] Header PAGE
Array
(
    [user_id] => 447801164
)

****************************************************************************************************
[2021-05-09 06:50:36-INFO] Header PAGE
Array
(
    [user_id] => 447801164
)

****************************************************************************************************
[2021-05-09 06:50:36-INFO] Header PAGE
Array
(
    [user_id] => 447801164
)

****************************************************************************************************
[2021-05-09 06:50:45-INFO] Header PAGE
Array
(
    [user_id] => 447801164
)

****************************************************************************************************
[2021-05-09 06:50:45-INFO] Header PAGE
Array
(
    [user_id] => 447801164
)

****************************************************************************************************
[2021-05-09 06:50:49-INFO] Header PAGE
Array
(
    [user_id] => 447801164
)

****************************************************************************************************
[2021-05-09 06:50:49-INFO] Product PAGE
Array
(
    [user_id] => 447801164
)

****************************************************************************************************
[2021-05-09 06:50:49-INFO] Header PAGE
Array
(
    [user_id] => 447801164
)

****************************************************************************************************
[2021-05-09 06:50:51-INFO] Header PAGE
Array
(
    [user_id] => 447801164
)

****************************************************************************************************
[2021-05-09 06:50:51-INFO] Product PAGE
Array
(
    [user_id] => 447801164
)

****************************************************************************************************
[2021-05-09 06:50:51-INFO] Header PAGE
Array
(
    [user_id] => 447801164
)

****************************************************************************************************
[2021-05-09 06:51:51-INFO] Header PAGE
Array
(
    [user_id] => 447801164
)

****************************************************************************************************
[2021-05-09 06:51:51-INFO] Product PAGE
Array
(
    [user_id] => 447801164
)

****************************************************************************************************
[2021-05-09 06:51:51-INFO] Header PAGE
Array
(
    [user_id] => 447801164
)

****************************************************************************************************
[2021-05-09 06:53:10-INFO] Header PAGE
Array
(
    [user_id] => 447801164
)

****************************************************************************************************
[2021-05-09 06:53:10-INFO] Product PAGE
Array
(
    [user_id] => 447801164
)

****************************************************************************************************
[2021-05-09 06:53:10-INFO] Header PAGE
Array
(
    [user_id] => 447801164
)

****************************************************************************************************
[2021-05-09 06:53:50-INFO] Header PAGE
Array
(
    [user_id] => 447801164
)

****************************************************************************************************
[2021-05-09 06:53:50-INFO] Product PAGE
Array
(
    [user_id] => 447801164
)

****************************************************************************************************
[2021-05-09 06:53:50-INFO] Header PAGE
Array
(
    [user_id] => 447801164
)

****************************************************************************************************
[2021-05-09 06:54:14-INFO] Header PAGE
Array
(
    [user_id] => 447801164
)

****************************************************************************************************
[2021-05-09 06:54:14-INFO] Product PAGE
Array
(
    [user_id] => 447801164
)

****************************************************************************************************
[2021-05-09 06:54:27-INFO] Header PAGE
Array
(
    [user_id] => 447801164
)

****************************************************************************************************
[2021-05-09 06:55:15-INFO] Header PAGE
Array
(
    [user_id] => 447801164
)

****************************************************************************************************
[2021-05-09 06:55:15-INFO] Product PAGE
Array
(
    [user_id] => 447801164
)

****************************************************************************************************
[2021-05-09 06:55:15-INFO] Header PAGE
Array
(
    [user_id] => 447801164
)

****************************************************************************************************
[2021-05-09 06:55:28-INFO] Header PAGE
Array
(
    [user_id] => 447801164
)

****************************************************************************************************
[2021-05-09 06:55:28-INFO] Product PAGE
Array
(
    [user_id] => 447801164
)

****************************************************************************************************
[2021-05-09 06:55:28-INFO] Header PAGE
Array
(
    [user_id] => 447801164
)

****************************************************************************************************
[2021-05-09 06:56:02-INFO] Header PAGE
Array
(
    [user_id] => 447801164
)

****************************************************************************************************
[2021-05-09 06:56:02-INFO] Product PAGE
Array
(
    [user_id] => 447801164
)

****************************************************************************************************
[2021-05-09 06:56:02-INFO] Header PAGE
Array
(
    [user_id] => 447801164
)

****************************************************************************************************
[2021-05-09 06:56:24-INFO] Header PAGE
Array
(
    [user_id] => 447801164
)

****************************************************************************************************
[2021-05-09 06:56:24-INFO] Product PAGE
Array
(
    [user_id] => 447801164
)

****************************************************************************************************
[2021-05-09 06:56:24-INFO] Header PAGE
Array
(
    [user_id] => 447801164
)

****************************************************************************************************
[2021-05-09 06:56:25-INFO] Header PAGE
Array
(
    [user_id] => 447801164
)

****************************************************************************************************
[2021-05-09 06:56:25-INFO] Header PAGE
Array
(
    [user_id] => 447801164
)

****************************************************************************************************
[2021-05-09 06:56:31-INFO] Header PAGE
Array
(
    [user_id] => 447801164
)

****************************************************************************************************
[2021-05-09 06:56:31-INFO] Header PAGE
Array
(
    [user_id] => 447801164
)

****************************************************************************************************
[2021-05-09 06:58:37-INFO] Header PAGE
Array
(
    [user_id] => 447801164
)

****************************************************************************************************
[2021-05-09 06:58:37-INFO] Header PAGE
Array
(
    [user_id] => 447801164
)

****************************************************************************************************
[2021-05-09 06:58:42-INFO] Header PAGE
Array
(
    [user_id] => 447801164
)

****************************************************************************************************
[2021-05-09 06:58:42-INFO] Product PAGE
Array
(
    [user_id] => 447801164
)

****************************************************************************************************
[2021-05-09 06:58:42-INFO] Header PAGE
Array
(
    [user_id] => 447801164
)

****************************************************************************************************
[2021-05-09 07:02:01-INFO] Header PAGE
Array
(
    [user_id] => 447801164
)

****************************************************************************************************
[2021-05-09 07:02:01-INFO] Product PAGE
Array
(
    [user_id] => 447801164
)

****************************************************************************************************
[2021-05-09 07:02:01-INFO] Header PAGE
Array
(
    [user_id] => 447801164
)

****************************************************************************************************
[2021-05-09 07:02:22-INFO] Header PAGE
Array
(
    [user_id] => 447801164
)

****************************************************************************************************
[2021-05-09 07:02:22-INFO] Product PAGE
Array
(
    [user_id] => 447801164
)

****************************************************************************************************
[2021-05-09 07:02:22-INFO] Header PAGE
Array
(
    [user_id] => 447801164
)

****************************************************************************************************
[2021-05-09 07:03:04-INFO] Header PAGE
Array
(
    [user_id] => 447801164
)

****************************************************************************************************
[2021-05-09 07:03:04-INFO] Product PAGE
Array
(
    [user_id] => 447801164
)

****************************************************************************************************
[2021-05-09 07:03:06-INFO] Header PAGE
Array
(
    [user_id] => 447801164
)

****************************************************************************************************
[2021-05-09 07:03:21-INFO] Header PAGE
Array
(
    [user_id] => 447801164
)

****************************************************************************************************
[2021-05-09 07:03:21-INFO] Product PAGE
Array
(
    [user_id] => 447801164
)

****************************************************************************************************
[2021-05-09 07:03:21-INFO] Header PAGE
Array
(
    [user_id] => 447801164
)

****************************************************************************************************
[2021-05-09 07:03:31-INFO] Header PAGE
Array
(
    [user_id] => 447801164
)

****************************************************************************************************
[2021-05-09 07:03:31-INFO] Product PAGE
Array
(
    [user_id] => 447801164
)

****************************************************************************************************
[2021-05-09 07:03:31-INFO] Header PAGE
Array
(
    [user_id] => 447801164
)

****************************************************************************************************
[2021-05-09 07:04:20-INFO] Header PAGE
Array
(
    [user_id] => 447801164
)

****************************************************************************************************
[2021-05-09 07:04:20-INFO] Product PAGE
Array
(
    [user_id] => 447801164
)

****************************************************************************************************
[2021-05-09 07:04:20-INFO] Header PAGE
Array
(
    [user_id] => 447801164
)

****************************************************************************************************
[2021-05-09 07:06:06-INFO] Header PAGE
Array
(
    [user_id] => 447801164
)

****************************************************************************************************
[2021-05-09 07:06:06-INFO] Product PAGE
Array
(
    [user_id] => 447801164
)

****************************************************************************************************
[2021-05-09 07:06:06-INFO] Header PAGE
Array
(
    [user_id] => 447801164
)

****************************************************************************************************
[2021-05-09 07:07:35-INFO] Header PAGE
Array
(
    [user_id] => 447801164
)

****************************************************************************************************
[2021-05-09 07:07:35-INFO] Product PAGE
Array
(
    [user_id] => 447801164
)

****************************************************************************************************
[2021-05-09 07:07:35-INFO] Header PAGE
Array
(
    [user_id] => 447801164
)

****************************************************************************************************
[2021-05-09 07:07:43-INFO] Header PAGE
Array
(
    [user_id] => 447801164
)

****************************************************************************************************
[2021-05-09 07:07:43-INFO] Product PAGE
Array
(
    [user_id] => 447801164
)

****************************************************************************************************
[2021-05-09 07:07:43-INFO] Header PAGE
Array
(
    [user_id] => 447801164
)

****************************************************************************************************
[2021-05-09 07:09:17-INFO] Header PAGE
Array
(
    [user_id] => 447801164
)

****************************************************************************************************
[2021-05-09 07:09:17-INFO] Product PAGE
Array
(
    [user_id] => 447801164
)

****************************************************************************************************
[2021-05-09 07:09:17-INFO] Header PAGE
Array
(
    [user_id] => 447801164
)

****************************************************************************************************
[2021-05-09 07:12:02-INFO] Header PAGE
Array
(
    [user_id] => 447801164
)

****************************************************************************************************
[2021-05-09 07:12:02-INFO] Product PAGE
Array
(
    [user_id] => 447801164
)

****************************************************************************************************
[2021-05-09 07:12:02-INFO] Header PAGE
Array
(
    [user_id] => 447801164
)

****************************************************************************************************
[2021-05-09 07:12:12-INFO] Header PAGE
Array
(
    [user_id] => 447801164
)

****************************************************************************************************
[2021-05-09 07:12:12-INFO] Header PAGE
Array
(
    [user_id] => 447801164
)

****************************************************************************************************
[2021-05-09 07:12:53-INFO] Header PAGE
Array
(
    [user_id] => 447801164
)

****************************************************************************************************
[2021-05-09 07:12:54-INFO] Header PAGE
Array
(
    [user_id] => 447801164
)

****************************************************************************************************
[2021-05-09 07:13:04-INFO] Header PAGE
Array
(
    [user_id] => 447801164
)

****************************************************************************************************
[2021-05-09 07:13:04-INFO] Header PAGE
Array
(
    [user_id] => 447801164
)

****************************************************************************************************
[2021-05-09 07:13:07-INFO] Header PAGE
Array
(
    [user_id] => 447801164
)

****************************************************************************************************
[2021-05-09 07:13:07-INFO] Product PAGE
Array
(
    [user_id] => 447801164
)

****************************************************************************************************
[2021-05-09 07:13:07-INFO] Header PAGE
Array
(
    [user_id] => 447801164
)

****************************************************************************************************
[2021-05-09 07:13:16-INFO] Header PAGE
Array
(
    [user_id] => 447801164
)

****************************************************************************************************
[2021-05-09 07:13:16-INFO] Product PAGE
Array
(
    [user_id] => 447801164
)

****************************************************************************************************
[2021-05-09 07:13:16-INFO] Header PAGE
Array
(
    [user_id] => 447801164
)

****************************************************************************************************
[2021-05-09 07:14:05-INFO] Header PAGE
Array
(
    [user_id] => 447801164
)

****************************************************************************************************
[2021-05-09 07:14:05-INFO] Product PAGE
Array
(
    [user_id] => 447801164
)

****************************************************************************************************
[2021-05-09 07:14:05-INFO] Header PAGE
Array
(
    [user_id] => 447801164
)

****************************************************************************************************
[2021-05-09 07:14:26-INFO] Header PAGE
Array
(
    [user_id] => 447801164
)

****************************************************************************************************
[2021-05-09 07:14:26-INFO] Product PAGE
Array
(
    [user_id] => 447801164
)

****************************************************************************************************
[2021-05-09 07:14:26-INFO] Header PAGE
Array
(
    [user_id] => 447801164
)

****************************************************************************************************
[2021-05-09 07:15:19-INFO] Header PAGE
Array
(
    [user_id] => 447801164
)

****************************************************************************************************
[2021-05-09 07:15:19-INFO] Product PAGE
Array
(
    [user_id] => 447801164
)

****************************************************************************************************
[2021-05-09 07:15:19-INFO] Header PAGE
Array
(
    [user_id] => 447801164
)

****************************************************************************************************
[2021-05-09 07:16:16-INFO] Header PAGE
Array
(
    [user_id] => 447801164
)

****************************************************************************************************
[2021-05-09 07:16:16-INFO] Product PAGE
Array
(
    [user_id] => 447801164
)

****************************************************************************************************
[2021-05-09 07:16:16-INFO] Header PAGE
Array
(
    [user_id] => 447801164
)

****************************************************************************************************
[2021-05-09 07:16:43-INFO] Header PAGE
Array
(
    [user_id] => 447801164
)

****************************************************************************************************
[2021-05-09 07:16:43-INFO] Product PAGE
Array
(
    [user_id] => 447801164
)

****************************************************************************************************
[2021-05-09 07:17:04-INFO] Header PAGE
Array
(
    [user_id] => 447801164
)

****************************************************************************************************
[2021-05-09 07:17:47-INFO] Header PAGE
Array
(
    [user_id] => 447801164
)

****************************************************************************************************
[2021-05-09 07:17:47-INFO] Product PAGE
Array
(
    [user_id] => 447801164
)

****************************************************************************************************
[2021-05-09 07:17:47-INFO] Header PAGE
Array
(
    [user_id] => 447801164
)

****************************************************************************************************
[2021-05-09 07:18:29-INFO] Header PAGE
Array
(
    [user_id] => 447801164
)

****************************************************************************************************
[2021-05-09 07:18:29-INFO] Product PAGE
Array
(
    [user_id] => 447801164
)

****************************************************************************************************
[2021-05-09 07:18:29-INFO] Header PAGE
Array
(
    [user_id] => 447801164
)

****************************************************************************************************
[2021-05-09 07:18:50-INFO] Header PAGE
Array
(
    [user_id] => 447801164
)

****************************************************************************************************
[2021-05-09 07:18:50-INFO] Product PAGE
Array
(
    [user_id] => 447801164
)

****************************************************************************************************
[2021-05-09 07:18:51-INFO] Header PAGE
Array
(
    [user_id] => 447801164
)

****************************************************************************************************
[2021-05-09 07:19:02-INFO] Header PAGE
Array
(
    [user_id] => 447801164
)

****************************************************************************************************
[2021-05-09 07:19:02-INFO] Product PAGE
Array
(
    [user_id] => 447801164
)

****************************************************************************************************
[2021-05-09 07:19:02-INFO] Header PAGE
Array
(
    [user_id] => 447801164
)

****************************************************************************************************
[2021-05-09 07:19:31-INFO] Header PAGE
Array
(
    [user_id] => 447801164
)

****************************************************************************************************
[2021-05-09 07:19:31-INFO] Product PAGE
Array
(
    [user_id] => 447801164
)

****************************************************************************************************
[2021-05-09 07:19:31-INFO] Header PAGE
Array
(
    [user_id] => 447801164
)

****************************************************************************************************
[2021-05-09 07:20:05-INFO] Header PAGE
Array
(
    [user_id] => 447801164
)

****************************************************************************************************
[2021-05-09 07:20:05-INFO] Product PAGE
Array
(
    [user_id] => 447801164
)

****************************************************************************************************
[2021-05-09 07:20:05-INFO] Header PAGE
Array
(
    [user_id] => 447801164
)

****************************************************************************************************
[2021-05-09 07:20:47-INFO] Header PAGE
Array
(
    [user_id] => 447801164
)

****************************************************************************************************
[2021-05-09 07:20:47-INFO] Product PAGE
Array
(
    [user_id] => 447801164
)

****************************************************************************************************
[2021-05-09 07:20:47-INFO] Header PAGE
Array
(
    [user_id] => 447801164
)

****************************************************************************************************
[2021-05-09 07:20:50-INFO] Header PAGE
Array
(
    [user_id] => 447801164
)

****************************************************************************************************
[2021-05-09 07:20:50-INFO] Product PAGE
Array
(
    [user_id] => 447801164
)

****************************************************************************************************
[2021-05-09 07:20:50-INFO] Header PAGE
Array
(
    [user_id] => 447801164
)

****************************************************************************************************
[2021-05-09 07:20:56-INFO] Header PAGE
Array
(
    [user_id] => 447801164
)

****************************************************************************************************
[2021-05-09 07:20:56-INFO] Product PAGE
Array
(
    [user_id] => 447801164
)

****************************************************************************************************
[2021-05-09 07:20:56-INFO] Header PAGE
Array
(
    [user_id] => 447801164
)

****************************************************************************************************
[2021-05-09 07:21:53-INFO] Header PAGE
Array
(
    [user_id] => 447801164
)

****************************************************************************************************
[2021-05-09 07:21:53-INFO] Product PAGE
Array
(
    [user_id] => 447801164
)

****************************************************************************************************
[2021-05-09 07:21:53-INFO] Header PAGE
Array
(
    [user_id] => 447801164
)

****************************************************************************************************
[2021-05-09 07:22:44-INFO] Header PAGE
Array
(
    [user_id] => 447801164
)

****************************************************************************************************
[2021-05-09 07:22:44-INFO] Product PAGE
Array
(
    [user_id] => 447801164
)

****************************************************************************************************
[2021-05-09 07:22:44-INFO] Header PAGE
Array
(
    [user_id] => 447801164
)

****************************************************************************************************
[2021-05-09 07:23:26-INFO] Header PAGE
Array
(
    [user_id] => 447801164
)

****************************************************************************************************
[2021-05-09 07:23:26-INFO] Product PAGE
Array
(
    [user_id] => 447801164
)

****************************************************************************************************
[2021-05-09 07:23:27-INFO] Header PAGE
Array
(
    [user_id] => 447801164
)

****************************************************************************************************
[2021-05-09 07:23:47-INFO] Header PAGE
Array
(
    [user_id] => 447801164
)

****************************************************************************************************
[2021-05-09 07:23:47-INFO] Product PAGE
Array
(
    [user_id] => 447801164
)

****************************************************************************************************
[2021-05-09 07:23:48-INFO] Header PAGE
Array
(
    [user_id] => 447801164
)

****************************************************************************************************
[2021-05-09 07:23:55-INFO] Header PAGE
Array
(
    [user_id] => 447801164
)

****************************************************************************************************
[2021-05-09 07:23:55-INFO] Product PAGE
Array
(
    [user_id] => 447801164
)

****************************************************************************************************
[2021-05-09 07:23:55-INFO] Header PAGE
Array
(
    [user_id] => 447801164
)

****************************************************************************************************
[2021-05-09 07:24:26-INFO] Header PAGE
Array
(
    [user_id] => 447801164
)

****************************************************************************************************
[2021-05-09 07:24:26-INFO] Product PAGE
Array
(
    [user_id] => 447801164
)

****************************************************************************************************
[2021-05-09 07:24:26-INFO] Header PAGE
Array
(
    [user_id] => 447801164
)

****************************************************************************************************
[2021-05-09 07:24:42-INFO] Header PAGE
Array
(
    [user_id] => 447801164
)

****************************************************************************************************
[2021-05-09 07:24:42-INFO] Product PAGE
Array
(
    [user_id] => 447801164
)

****************************************************************************************************
[2021-05-09 07:24:42-INFO] Header PAGE
Array
(
    [user_id] => 447801164
)

****************************************************************************************************
[2021-05-09 07:24:46-INFO] Header PAGE
Array
(
    [user_id] => 447801164
)

****************************************************************************************************
[2021-05-09 07:24:46-INFO] Product PAGE
Array
(
    [user_id] => 447801164
)

****************************************************************************************************
[2021-05-09 07:24:46-INFO] Header PAGE
Array
(
    [user_id] => 447801164
)

****************************************************************************************************
[2021-05-09 07:24:48-INFO] Header PAGE
Array
(
    [user_id] => 447801164
)

****************************************************************************************************
[2021-05-09 07:24:48-INFO] Product PAGE
Array
(
    [user_id] => 447801164
)

****************************************************************************************************
[2021-05-09 07:24:48-INFO] Header PAGE
Array
(
    [user_id] => 447801164
)

****************************************************************************************************
[2021-05-09 07:24:58-INFO] Header PAGE
Array
(
    [user_id] => 447801164
)

****************************************************************************************************
[2021-05-09 07:24:58-INFO] Product PAGE
Array
(
    [user_id] => 447801164
)

****************************************************************************************************
[2021-05-09 07:24:58-INFO] Header PAGE
Array
(
    [user_id] => 447801164
)

****************************************************************************************************
[2021-05-09 07:25:22-INFO] Header PAGE
Array
(
    [user_id] => 447801164
)

****************************************************************************************************
[2021-05-09 07:25:22-INFO] Product PAGE
Array
(
    [user_id] => 447801164
)

****************************************************************************************************
[2021-05-09 07:25:22-INFO] Header PAGE
Array
(
    [user_id] => 447801164
)

****************************************************************************************************
[2021-05-09 07:25:34-INFO] Header PAGE
Array
(
    [user_id] => 447801164
)

****************************************************************************************************
[2021-05-09 07:25:34-INFO] Product PAGE
Array
(
    [user_id] => 447801164
)

****************************************************************************************************
[2021-05-09 07:25:34-INFO] Header PAGE
Array
(
    [user_id] => 447801164
)

****************************************************************************************************
[2021-05-09 07:26:03-INFO] Header PAGE
Array
(
    [user_id] => 447801164
)

****************************************************************************************************
[2021-05-09 07:26:03-INFO] Product PAGE
Array
(
    [user_id] => 447801164
)

****************************************************************************************************
[2021-05-09 07:26:03-INFO] Header PAGE
Array
(
    [user_id] => 447801164
)

****************************************************************************************************
[2021-05-09 07:27:26-INFO] Header PAGE
Array
(
    [user_id] => 447801164
)

****************************************************************************************************
[2021-05-09 07:27:26-INFO] Product PAGE
Array
(
    [user_id] => 447801164
)

****************************************************************************************************
[2021-05-09 07:27:26-INFO] Header PAGE
Array
(
    [user_id] => 447801164
)

****************************************************************************************************
[2021-05-09 07:27:47-INFO] Header PAGE
Array
(
    [user_id] => 447801164
)

****************************************************************************************************
[2021-05-09 07:27:47-INFO] Product PAGE
Array
(
    [user_id] => 447801164
)

****************************************************************************************************
[2021-05-09 07:27:47-INFO] Header PAGE
Array
(
    [user_id] => 447801164
)

****************************************************************************************************
[2021-05-09 07:27:48-INFO] Header PAGE
Array
(
    [user_id] => 447801164
)

****************************************************************************************************
[2021-05-09 07:27:48-INFO] Product PAGE
Array
(
    [user_id] => 447801164
)

****************************************************************************************************
[2021-05-09 07:27:49-INFO] Header PAGE
Array
(
    [user_id] => 447801164
)

****************************************************************************************************
[2021-05-09 07:27:55-INFO] Header PAGE
Array
(
    [user_id] => 447801164
)

****************************************************************************************************
[2021-05-09 07:27:55-INFO] Product PAGE
Array
(
    [user_id] => 447801164
)

****************************************************************************************************
[2021-05-09 07:27:55-INFO] Header PAGE
Array
(
    [user_id] => 447801164
)

****************************************************************************************************
[2021-05-09 07:28:14-INFO] Header PAGE
Array
(
    [user_id] => 447801164
)

****************************************************************************************************
[2021-05-09 07:28:14-INFO] Product PAGE
Array
(
    [user_id] => 447801164
)

****************************************************************************************************
[2021-05-09 07:28:14-INFO] Header PAGE
Array
(
    [user_id] => 447801164
)

****************************************************************************************************
[2021-05-09 07:28:48-INFO] Header PAGE
Array
(
    [user_id] => 447801164
)

****************************************************************************************************
[2021-05-09 07:28:48-INFO] Product PAGE
Array
(
    [user_id] => 447801164
)

****************************************************************************************************
[2021-05-09 07:28:49-INFO] Header PAGE
Array
(
    [user_id] => 447801164
)

****************************************************************************************************
[2021-05-09 07:29:07-INFO] Header PAGE
Array
(
    [user_id] => 447801164
)

****************************************************************************************************
[2021-05-09 07:29:07-INFO] Product PAGE
Array
(
    [user_id] => 447801164
)

****************************************************************************************************
[2021-05-09 07:29:07-INFO] Header PAGE
Array
(
    [user_id] => 447801164
)

****************************************************************************************************
[2021-05-09 07:29:22-INFO] Header PAGE
Array
(
    [user_id] => 447801164
)

****************************************************************************************************
[2021-05-09 07:29:22-INFO] Product PAGE
Array
(
    [user_id] => 447801164
)

****************************************************************************************************
[2021-05-09 07:29:22-INFO] Header PAGE
Array
(
    [user_id] => 447801164
)

****************************************************************************************************
[2021-05-09 07:29:58-INFO] Header PAGE
Array
(
    [user_id] => 447801164
)

****************************************************************************************************
[2021-05-09 07:29:58-INFO] Product PAGE
Array
(
    [user_id] => 447801164
)

****************************************************************************************************
[2021-05-09 07:29:58-INFO] Header PAGE
Array
(
    [user_id] => 447801164
)

****************************************************************************************************
[2021-05-09 07:30:58-INFO] Header PAGE
Array
(
    [user_id] => 447801164
)

****************************************************************************************************
[2021-05-09 07:30:58-INFO] Product PAGE
Array
(
    [user_id] => 447801164
)

****************************************************************************************************
[2021-05-09 07:30:58-INFO] Header PAGE
Array
(
    [user_id] => 447801164
)

****************************************************************************************************
[2021-05-09 07:31:03-INFO] Header PAGE
Array
(
    [user_id] => 447801164
)

****************************************************************************************************
[2021-05-09 07:31:03-INFO] Header PAGE
Array
(
    [user_id] => 447801164
)

****************************************************************************************************
[2021-05-09 07:31:03-INFO] Product PAGE
Array
(
    [user_id] => 447801164
)

****************************************************************************************************
[2021-05-09 07:31:03-INFO] Header PAGE
Array
(
    [user_id] => 447801164
)

****************************************************************************************************
[2021-05-09 07:31:22-INFO] Header PAGE
Array
(
    [user_id] => 447801164
)

****************************************************************************************************
[2021-05-09 07:31:22-INFO] Product PAGE
Array
(
    [user_id] => 447801164
)

****************************************************************************************************
[2021-05-09 07:31:22-INFO] Header PAGE
Array
(
    [user_id] => 447801164
)

****************************************************************************************************
[2021-05-09 07:31:24-INFO] Header PAGE
Array
(
    [user_id] => 447801164
)

****************************************************************************************************
[2021-05-09 07:31:24-INFO] Header PAGE
Array
(
    [user_id] => 447801164
)

****************************************************************************************************
[2021-05-09 07:31:24-INFO] Product PAGE
Array
(
    [user_id] => 447801164
)

****************************************************************************************************
[2021-05-09 07:31:24-INFO] Header PAGE
Array
(
    [user_id] => 447801164
)

****************************************************************************************************
[2021-05-09 07:31:27-INFO] Header PAGE
Array
(
    [user_id] => 447801164
)

****************************************************************************************************
[2021-05-09 07:31:27-INFO] Header PAGE
Array
(
    [user_id] => 447801164
)

****************************************************************************************************
[2021-05-09 07:31:27-INFO] Product PAGE
Array
(
    [user_id] => 447801164
)

****************************************************************************************************
[2021-05-09 07:31:27-INFO] Header PAGE
Array
(
    [user_id] => 447801164
)

****************************************************************************************************
[2021-05-09 07:32:11-INFO] Header PAGE
Array
(
    [user_id] => 447801164
)

****************************************************************************************************
[2021-05-09 07:32:11-INFO] Product PAGE
Array
(
    [user_id] => 447801164
)

****************************************************************************************************
[2021-05-09 07:32:12-INFO] Header PAGE
Array
(
    [user_id] => 447801164
)

****************************************************************************************************
[2021-05-09 07:32:14-INFO] Header PAGE
Array
(
    [user_id] => 447801164
)

****************************************************************************************************
[2021-05-09 07:32:14-INFO] Header PAGE
Array
(
    [user_id] => 447801164
)

****************************************************************************************************
[2021-05-09 07:32:14-INFO] Product PAGE
Array
(
    [user_id] => 447801164
)

****************************************************************************************************
[2021-05-09 07:32:14-INFO] Header PAGE
Array
(
    [user_id] => 447801164
)

****************************************************************************************************
[2021-05-09 07:32:34-INFO] Header PAGE
Array
(
    [user_id] => 447801164
)

****************************************************************************************************
[2021-05-09 07:32:34-INFO] Product PAGE
Array
(
    [user_id] => 447801164
)

****************************************************************************************************
[2021-05-09 07:32:34-INFO] Header PAGE
Array
(
    [user_id] => 447801164
)

****************************************************************************************************
[2021-05-09 07:32:36-INFO] Header PAGE
Array
(
    [user_id] => 447801164
)

****************************************************************************************************
[2021-05-09 07:32:36-INFO] Header PAGE
Array
(
    [user_id] => 447801164
)

****************************************************************************************************
[2021-05-09 07:32:36-INFO] Product PAGE
Array
(
    [user_id] => 447801164
)

****************************************************************************************************
[2021-05-09 07:32:36-INFO] Header PAGE
Array
(
    [user_id] => 447801164
)

****************************************************************************************************
[2021-05-09 07:32:47-INFO] Header PAGE
Array
(
    [user_id] => 447801164
)

****************************************************************************************************
[2021-05-09 07:32:47-INFO] Product PAGE
Array
(
    [user_id] => 447801164
)

****************************************************************************************************
[2021-05-09 07:32:47-INFO] Header PAGE
Array
(
    [user_id] => 447801164
)

****************************************************************************************************
[2021-05-09 07:32:51-INFO] Header PAGE
Array
(
    [user_id] => 447801164
)

****************************************************************************************************
[2021-05-09 07:32:51-INFO] Header PAGE
Array
(
    [user_id] => 447801164
)

****************************************************************************************************
[2021-05-09 07:32:51-INFO] Product PAGE
Array
(
    [user_id] => 447801164
)

****************************************************************************************************
[2021-05-09 07:32:51-INFO] Header PAGE
Array
(
    [user_id] => 447801164
)

****************************************************************************************************
[2021-05-09 07:33:05-INFO] Header PAGE
Array
(
    [user_id] => 447801164
)

****************************************************************************************************
[2021-05-09 07:33:14-INFO] Header PAGE
Array
(
    [user_id] => 447801164
)

****************************************************************************************************
[2021-05-09 07:33:16-INFO] Header PAGE
Array
(
    [user_id] => 447801164
)

****************************************************************************************************
[2021-05-09 07:33:16-INFO] Header PAGE
Array
(
    [user_id] => 447801164
)

****************************************************************************************************
[2021-05-09 07:33:18-INFO] Header PAGE
Array
(
    [user_id] => 447801164
)

****************************************************************************************************
[2021-05-09 07:33:18-INFO] Product PAGE
Array
(
    [user_id] => 447801164
)

****************************************************************************************************
[2021-05-09 07:33:18-INFO] Header PAGE
Array
(
    [user_id] => 447801164
)

****************************************************************************************************
[2021-05-09 07:33:23-INFO] Header PAGE
Array
(
    [user_id] => 447801164
)

****************************************************************************************************
[2021-05-09 07:33:28-INFO] Header PAGE
Array
(
    [user_id] => 447801164
)

****************************************************************************************************
[2021-05-09 07:33:28-INFO] Product PAGE
Array
(
    [user_id] => 447801164
)

****************************************************************************************************
[2021-05-09 07:33:28-INFO] Header PAGE
Array
(
    [user_id] => 447801164
)

****************************************************************************************************
[2021-05-09 07:33:30-INFO] Header PAGE
Array
(
    [user_id] => 447801164
)

****************************************************************************************************
[2021-05-09 07:33:30-INFO] Product PAGE
Array
(
    [user_id] => 447801164
)

****************************************************************************************************
[2021-05-09 07:33:30-INFO] Header PAGE
Array
(
    [user_id] => 447801164
)

****************************************************************************************************
[2021-05-09 07:33:32-INFO] Header PAGE
Array
(
    [user_id] => 447801164
)

****************************************************************************************************
[2021-05-09 07:33:40-INFO] Header PAGE
Array
(
    [user_id] => 447801164
)

****************************************************************************************************
[2021-05-09 07:33:40-INFO] Header PAGE
Array
(
    [user_id] => 447801164
)

****************************************************************************************************
[2021-05-09 07:33:42-INFO] Header PAGE
Array
(
    [user_id] => 447801164
)

****************************************************************************************************
[2021-05-09 07:33:42-INFO] Product PAGE
Array
(
    [user_id] => 447801164
)

****************************************************************************************************
[2021-05-09 07:33:42-INFO] Header PAGE
Array
(
    [user_id] => 447801164
)

****************************************************************************************************
[2021-05-09 07:36:39-INFO] Header PAGE
Array
(
    [user_id] => 447801164
)

****************************************************************************************************
[2021-05-09 07:36:39-INFO] Product PAGE
Array
(
    [user_id] => 447801164
)

****************************************************************************************************
[2021-05-09 07:36:40-INFO] Header PAGE
Array
(
    [user_id] => 447801164
)

****************************************************************************************************
[2021-05-09 07:38:05-INFO] Header PAGE
Array
(
    [user_id] => 447801164
)

****************************************************************************************************
[2021-05-09 07:38:05-INFO] Product PAGE
Array
(
    [user_id] => 447801164
)

****************************************************************************************************
[2021-05-09 07:38:05-INFO] Header PAGE
Array
(
    [user_id] => 447801164
)

****************************************************************************************************
[2021-05-09 07:38:08-INFO] Header PAGE
Array
(
    [user_id] => 447801164
)

****************************************************************************************************
[2021-05-09 07:38:08-INFO] Product PAGE
Array
(
    [user_id] => 447801164
)

****************************************************************************************************
[2021-05-09 07:38:08-INFO] Header PAGE
Array
(
    [user_id] => 447801164
)

****************************************************************************************************
[2021-05-09 07:38:50-INFO] Header PAGE
Array
(
    [user_id] => 447801164
)

****************************************************************************************************
[2021-05-09 07:38:50-INFO] Product PAGE
Array
(
    [user_id] => 447801164
)

****************************************************************************************************
[2021-05-09 07:38:50-INFO] Header PAGE
Array
(
    [user_id] => 447801164
)

****************************************************************************************************
[2021-05-09 07:38:59-INFO] Header PAGE
Array
(
    [user_id] => 447801164
)

****************************************************************************************************
[2021-05-09 07:38:59-INFO] Product PAGE
Array
(
    [user_id] => 447801164
)

****************************************************************************************************
[2021-05-09 07:38:59-INFO] Header PAGE
Array
(
    [user_id] => 447801164
)

****************************************************************************************************
[2021-05-09 07:39:06-INFO] Header PAGE
Array
(
    [user_id] => 447801164
)

****************************************************************************************************
[2021-05-09 07:39:06-INFO] Header PAGE
Array
(
    [user_id] => 447801164
)

****************************************************************************************************
[2021-05-09 07:39:06-INFO] Product PAGE
Array
(
    [user_id] => 447801164
)

****************************************************************************************************
[2021-05-09 07:39:06-INFO] Header PAGE
Array
(
    [user_id] => 447801164
)

****************************************************************************************************
[2021-05-09 07:39:26-INFO] Header PAGE
Array
(
    [user_id] => 447801164
)

****************************************************************************************************
[2021-05-09 07:39:26-INFO] Product PAGE
Array
(
    [user_id] => 447801164
)

****************************************************************************************************
[2021-05-09 07:39:27-INFO] Header PAGE
Array
(
    [user_id] => 447801164
)

****************************************************************************************************
[2021-05-09 07:39:45-INFO] Header PAGE
Array
(
    [user_id] => 447801164
)

****************************************************************************************************
[2021-05-09 07:39:45-INFO] Product PAGE
Array
(
    [user_id] => 447801164
)

****************************************************************************************************
[2021-05-09 07:39:45-INFO] Header PAGE
Array
(
    [user_id] => 447801164
)

****************************************************************************************************
[2021-05-09 07:40:23-INFO] Header PAGE
Array
(
    [user_id] => 447801164
)

****************************************************************************************************
[2021-05-09 07:40:23-INFO] Product PAGE
Array
(
    [user_id] => 447801164
)

****************************************************************************************************
[2021-05-09 07:40:23-INFO] Header PAGE
Array
(
    [user_id] => 447801164
)

****************************************************************************************************
[2021-05-09 07:40:27-INFO] Header PAGE
Array
(
    [user_id] => 447801164
)

****************************************************************************************************
[2021-05-09 07:40:34-INFO] Header PAGE
Array
(
    [user_id] => 447801164
)

****************************************************************************************************
[2021-05-09 07:40:34-INFO] Header PAGE
Array
(
    [user_id] => 447801164
)

****************************************************************************************************
[2021-05-09 07:40:38-INFO] Header PAGE
Array
(
    [user_id] => 447801164
)

****************************************************************************************************
[2021-05-09 07:40:38-INFO] Product PAGE
Array
(
    [user_id] => 447801164
)

****************************************************************************************************
[2021-05-09 07:40:38-INFO] Header PAGE
Array
(
    [user_id] => 447801164
)

****************************************************************************************************
[2021-05-09 07:40:45-INFO] Header PAGE
Array
(
    [user_id] => 447801164
)

****************************************************************************************************
[2021-05-09 07:40:45-INFO] Header PAGE
Array
(
    [user_id] => 447801164
)

****************************************************************************************************
[2021-05-09 07:40:45-INFO] Product PAGE
Array
(
    [user_id] => 447801164
)

****************************************************************************************************
[2021-05-09 07:40:45-INFO] Header PAGE
Array
(
    [user_id] => 447801164
)

****************************************************************************************************
[2021-05-09 07:40:49-INFO] Header PAGE
Array
(
    [user_id] => 447801164
)

****************************************************************************************************
[2021-05-09 07:40:50-INFO] Header PAGE
Array
(
    [user_id] => 447801164
)

****************************************************************************************************
[2021-05-09 07:40:50-INFO] Product PAGE
Array
(
    [user_id] => 447801164
)

****************************************************************************************************
[2021-05-09 07:40:50-INFO] Header PAGE
Array
(
    [user_id] => 447801164
)

****************************************************************************************************
[2021-05-09 07:41:23-INFO] Header PAGE
Array
(
    [user_id] => 447801164
)

****************************************************************************************************
[2021-05-09 07:41:23-INFO] Product PAGE
Array
(
    [user_id] => 447801164
)

****************************************************************************************************
[2021-05-09 07:41:23-INFO] Header PAGE
Array
(
    [user_id] => 447801164
)

****************************************************************************************************
[2021-05-09 07:41:38-INFO] Header PAGE
Array
(
    [user_id] => 447801164
)

****************************************************************************************************
[2021-05-09 07:41:38-INFO] Product PAGE
Array
(
    [user_id] => 447801164
)

****************************************************************************************************
[2021-05-09 07:41:38-INFO] Header PAGE
Array
(
    [user_id] => 447801164
)

****************************************************************************************************
[2021-05-09 07:41:44-INFO] Header PAGE
Array
(
    [user_id] => 447801164
)

****************************************************************************************************
[2021-05-09 07:41:44-INFO] Product PAGE
Array
(
    [user_id] => 447801164
)

****************************************************************************************************
[2021-05-09 07:41:44-INFO] Header PAGE
Array
(
    [user_id] => 447801164
)

****************************************************************************************************
