[2021-06-26 11:48:51-INFO] Header PAGE
Array
(
    [user_id] => 1571821511
)

****************************************************************************************************
[2021-06-26 11:48:52-INFO] Header PAGE
Array
(
    [user_id] => 1043181561
)

****************************************************************************************************
[2021-06-26 11:48:54-INFO] Header PAGE
Array
(
    [user_id] => 1378106642
)

****************************************************************************************************
[2021-06-26 11:48:54-INFO] Login PAGE
Array
(
    [user_id] => 1378106642
)

****************************************************************************************************
[2021-06-26 11:49:12-INFO] Header PAGE
Array
(
    [user_id] => 718421419
)

****************************************************************************************************
[2021-06-26 11:49:12-INFO] Header PAGE
Array
(
    [user_id] => 1135265987
)

****************************************************************************************************
[2021-06-26 11:49:12-INFO] Header PAGE
Array
(
    [user_id] => 1135265987
)

****************************************************************************************************
[2021-06-26 11:49:15-INFO] Header PAGE
Array
(
    [user_id] => 1135265987
)

****************************************************************************************************
[2021-06-26 11:49:15-INFO] Product PAGE
Array
(
    [user_id] => 1135265987
)

****************************************************************************************************
[2021-06-26 11:49:15-INFO] Header PAGE
Array
(
    [user_id] => 1135265987
)

****************************************************************************************************
[2021-06-26 11:49:18-INFO] Header PAGE
Array
(
    [user_id] => 1135265987
)

****************************************************************************************************
[2021-06-26 11:50:47-INFO] Header PAGE
Array
(
    [user_id] => 1135265987
)

****************************************************************************************************
[2021-06-26 11:51:26-INFO] Header PAGE
Array
(
    [user_id] => 1135265987
)

****************************************************************************************************
[2021-06-26 11:52:25-INFO] Header PAGE
Array
(
    [user_id] => 1135265987
)

****************************************************************************************************
[2021-06-26 11:52:25-INFO] Header PAGE
Array
(
    [user_id] => 1135265987
)

****************************************************************************************************
[2021-06-26 11:52:25-INFO] Product PAGE
Array
(
    [user_id] => 1135265987
)

****************************************************************************************************
[2021-06-26 11:52:25-INFO] Header PAGE
Array
(
    [user_id] => 1135265987
)

****************************************************************************************************
[2021-06-26 11:52:28-INFO] Header PAGE
Array
(
    [user_id] => 1135265987
)

****************************************************************************************************
