[2021-07-07 16:11:01-INFO] Header PAGE
Array
(
    [user_id] => 898467404
)

****************************************************************************************************
[2021-07-07 16:11:01-INFO] /Shopping-Cart/index.php
Array
(
    [user_id] => 898467404
    [user_ip] => 1
)

****************************************************************************************************
[2021-07-07 16:11:01-INFO] Header PAGE
Array
(
    [user_id] => 898467404
)

****************************************************************************************************
[2021-07-07 16:11:01-INFO] /Shopping-Cart/index.php
Array
(
    [user_id] => 898467404
    [user_ip] => 1
)

****************************************************************************************************
[2021-07-07 16:11:14-INFO] Header PAGE
Array
(
    [user_id] => 898467404
)

****************************************************************************************************
[2021-07-07 16:11:14-INFO] /Shopping-Cart/cardItems.php
Array
(
    [user_id] => 898467404
    [user_ip] => 1
)

****************************************************************************************************
[2021-07-07 16:11:14-INFO] Header PAGE
Array
(
    [user_id] => 898467404
)

****************************************************************************************************
[2021-07-07 16:11:14-INFO] /Shopping-Cart/index.php
Array
(
    [user_id] => 898467404
    [user_ip] => 1
)

****************************************************************************************************
[2021-07-07 16:11:14-INFO] Header PAGE
Array
(
    [user_id] => 898467404
)

****************************************************************************************************
[2021-07-07 16:11:14-INFO] /Shopping-Cart/edit.php
Array
(
    [user_id] => 898467404
    [user_ip] => 1
)

****************************************************************************************************
[2021-07-07 16:11:14-INFO] Header PAGE
Array
(
    [user_id] => 898467404
)

****************************************************************************************************
[2021-07-07 16:11:14-INFO] /Shopping-Cart/index.php
Array
(
    [user_id] => 898467404
    [user_ip] => 1
)

****************************************************************************************************
[2021-07-07 16:11:15-INFO] Header PAGE
Array
(
    [user_id] => 898467404
)

****************************************************************************************************
[2021-07-07 16:11:15-INFO] /Shopping-Cart/shopping_cart.php
Array
(
    [user_id] => 898467404
    [user_ip] => 1
)

****************************************************************************************************
[2021-07-07 16:11:15-INFO] Header PAGE
Array
(
    [user_id] => 898467404
)

****************************************************************************************************
[2021-07-07 16:11:15-INFO] /Shopping-Cart/index.php
Array
(
    [user_id] => 898467404
    [user_ip] => 1
)

****************************************************************************************************
[2021-07-07 16:11:16-INFO] Header PAGE
Array
(
    [user_id] => 898467404
)

****************************************************************************************************
[2021-07-07 16:11:16-INFO] /Shopping-Cart/cardItems.php
Array
(
    [user_id] => 898467404
    [user_ip] => 1
)

****************************************************************************************************
[2021-07-07 16:11:16-INFO] Header PAGE
Array
(
    [user_id] => 898467404
)

****************************************************************************************************
[2021-07-07 16:11:16-INFO] /Shopping-Cart/index.php
Array
(
    [user_id] => 898467404
    [user_ip] => 1
)

****************************************************************************************************
[2021-07-07 16:11:18-INFO] Header PAGE
Array
(
    [user_id] => 898467404
)

****************************************************************************************************
[2021-07-07 16:11:18-INFO] /Shopping-Cart/edit_product.php
Array
(
    [user_id] => 898467404
    [user_ip] => 1
)

****************************************************************************************************
