[2021-05-06 14:26:17-INFO] Header PAGE
Array
(
    [user_id] => 1370775901
)

****************************************************************************************************
[2021-05-06 14:26:17-INFO] Header PAGE
Array
(
    [user_id] => 1285503004
)

****************************************************************************************************
[2021-05-06 14:26:18-INFO] Header PAGE
Array
(
    [user_id] => 1467998237
)

****************************************************************************************************
[2021-05-06 14:26:42-INFO] Header PAGE
Array
(
    [user_id] => 658909903
)

****************************************************************************************************
[2021-05-06 14:26:42-INFO] Login PAGE
Array
(
    [user_id] => 658909903
)

****************************************************************************************************
[2021-05-06 14:26:54-INFO] Header PAGE
Array
(
    [user_id] => 896275944
)

****************************************************************************************************
[2021-05-06 14:26:54-INFO] Header PAGE
Array
(
    [user_id] => 963076410
)

****************************************************************************************************
[2021-05-06 14:26:55-INFO] Header PAGE
Array
(
    [user_id] => 963076410
)

****************************************************************************************************
[2021-05-06 14:26:56-INFO] Header PAGE
Array
(
    [user_id] => 963076410
)

****************************************************************************************************
[2021-05-06 14:26:56-INFO] Header PAGE
Array
(
    [user_id] => 963076410
)

****************************************************************************************************
[2021-05-06 14:26:59-INFO] Header PAGE
Array
(
    [user_id] => 963076410
)

****************************************************************************************************
[2021-05-06 14:26:59-INFO] Product PAGE
Array
(
    [user_id] => 963076410
)

****************************************************************************************************
[2021-05-06 14:26:59-INFO] Header PAGE
Array
(
    [user_id] => 963076410
)

****************************************************************************************************
[2021-05-06 14:26:59-INFO] Header PAGE
Array
(
    [user_id] => 963076410
)

****************************************************************************************************
[2021-05-06 14:27:00-INFO] Header PAGE
Array
(
    [user_id] => 963076410
)

****************************************************************************************************
[2021-05-06 14:27:10-INFO] Header PAGE
Array
(
    [user_id] => 963076410
)

****************************************************************************************************
[2021-05-06 14:27:59-INFO] Header PAGE
Array
(
    [user_id] => 963076410
)

****************************************************************************************************
[2021-05-06 14:28:26-INFO] Header PAGE
Array
(
    [user_id] => 963076410
)

****************************************************************************************************
[2021-05-06 14:28:26-INFO] Header PAGE
Array
(
    [user_id] => 963076410
)

****************************************************************************************************
[2021-05-06 14:29:52-INFO] Header PAGE
Array
(
    [user_id] => 963076410
)

****************************************************************************************************
[2021-05-06 14:30:01-INFO] Header PAGE
Array
(
    [user_id] => 963076410
)

****************************************************************************************************
[2021-05-06 14:30:01-INFO] Header PAGE
Array
(
    [user_id] => 963076410
)

****************************************************************************************************
[2021-05-06 14:31:01-INFO] Header PAGE
Array
(
    [user_id] => 963076410
)

****************************************************************************************************
[2021-05-06 14:31:08-INFO] Header PAGE
Array
(
    [user_id] => 963076410
)

****************************************************************************************************
[2021-05-06 14:31:08-INFO] Header PAGE
Array
(
    [user_id] => 963076410
)

****************************************************************************************************
[2021-05-06 14:31:48-INFO] Header PAGE
Array
(
    [user_id] => 963076410
)

****************************************************************************************************
[2021-05-06 14:31:57-INFO] Header PAGE
Array
(
    [user_id] => 963076410
)

****************************************************************************************************
[2021-05-06 14:31:57-INFO] Header PAGE
Array
(
    [user_id] => 963076410
)

****************************************************************************************************
[2021-05-06 14:32:51-INFO] Header PAGE
Array
(
    [user_id] => 963076410
)

****************************************************************************************************
[2021-05-06 14:32:58-INFO] Header PAGE
Array
(
    [user_id] => 963076410
)

****************************************************************************************************
[2021-05-06 14:32:58-INFO] Header PAGE
Array
(
    [user_id] => 963076410
)

****************************************************************************************************
[2021-05-06 14:34:23-INFO] Header PAGE
Array
(
    [user_id] => 963076410
)

****************************************************************************************************
[2021-05-06 14:34:31-INFO] Header PAGE
Array
(
    [user_id] => 963076410
)

****************************************************************************************************
[2021-05-06 14:34:31-INFO] Header PAGE
Array
(
    [user_id] => 963076410
)

****************************************************************************************************
[2021-05-06 14:35:14-INFO] Header PAGE
Array
(
    [user_id] => 963076410
)

****************************************************************************************************
[2021-05-06 14:35:21-INFO] Header PAGE
Array
(
    [user_id] => 963076410
)

****************************************************************************************************
[2021-05-06 14:35:21-INFO] Header PAGE
Array
(
    [user_id] => 963076410
)

****************************************************************************************************
[2021-05-06 14:35:50-INFO] Header PAGE
Array
(
    [user_id] => 963076410
)

****************************************************************************************************
[2021-05-06 14:36:03-INFO] Header PAGE
Array
(
    [user_id] => 963076410
)

****************************************************************************************************
[2021-05-06 14:36:03-INFO] Header PAGE
Array
(
    [user_id] => 963076410
)

****************************************************************************************************
[2021-05-06 14:36:53-INFO] Header PAGE
Array
(
    [user_id] => 963076410
)

****************************************************************************************************
[2021-05-06 14:36:59-INFO] Header PAGE
Array
(
    [user_id] => 963076410
)

****************************************************************************************************
[2021-05-06 14:36:59-INFO] Header PAGE
Array
(
    [user_id] => 963076410
)

****************************************************************************************************
[2021-05-06 14:37:24-INFO] Header PAGE
Array
(
    [user_id] => 963076410
)

****************************************************************************************************
[2021-05-06 14:37:25-INFO] Header PAGE
Array
(
    [user_id] => 963076410
)

****************************************************************************************************
[2021-05-06 14:48:04-INFO] Header PAGE
Array
(
    [user_id] => 963076410
)

****************************************************************************************************
[2021-05-06 14:48:12-INFO] Header PAGE
Array
(
    [user_id] => 963076410
)

****************************************************************************************************
[2021-05-06 14:48:19-INFO] Header PAGE
Array
(
    [user_id] => 963076410
)

****************************************************************************************************
[2021-05-06 14:48:34-INFO] Header PAGE
Array
(
    [user_id] => 963076410
)

****************************************************************************************************
[2021-05-06 14:48:34-INFO] Product PAGE
Array
(
    [user_id] => 963076410
)

****************************************************************************************************
[2021-05-06 14:48:34-INFO] Header PAGE
Array
(
    [user_id] => 963076410
)

****************************************************************************************************
[2021-05-06 14:48:34-INFO] Header PAGE
Array
(
    [user_id] => 963076410
)

****************************************************************************************************
[2021-05-06 14:48:34-INFO] Header PAGE
Array
(
    [user_id] => 963076410
)

****************************************************************************************************
[2021-05-06 14:48:36-INFO] Header PAGE
Array
(
    [user_id] => 963076410
)

****************************************************************************************************
[2021-05-06 14:48:36-INFO] Header PAGE
Array
(
    [user_id] => 963076410
)

****************************************************************************************************
[2021-05-06 14:48:36-INFO] Product PAGE
Array
(
    [user_id] => 963076410
)

****************************************************************************************************
[2021-05-06 14:48:36-INFO] Header PAGE
Array
(
    [user_id] => 963076410
)

****************************************************************************************************
[2021-05-06 14:48:36-INFO] Header PAGE
Array
(
    [user_id] => 963076410
)

****************************************************************************************************
[2021-05-06 14:48:36-INFO] Header PAGE
Array
(
    [user_id] => 963076410
)

****************************************************************************************************
[2021-05-06 14:48:46-INFO] Header PAGE
Array
(
    [user_id] => 963076410
)

****************************************************************************************************
[2021-05-06 14:48:46-INFO] Header PAGE
Array
(
    [user_id] => 963076410
)

****************************************************************************************************
[2021-05-06 14:48:49-INFO] Header PAGE
Array
(
    [user_id] => 963076410
)

****************************************************************************************************
[2021-05-06 14:48:49-INFO] Header PAGE
Array
(
    [user_id] => 963076410
)

****************************************************************************************************
[2021-05-06 14:48:49-INFO] Header PAGE
Array
(
    [user_id] => 963076410
)

****************************************************************************************************
[2021-05-06 14:48:52-INFO] Header PAGE
Array
(
    [user_id] => 963076410
)

****************************************************************************************************
[2021-05-06 14:48:52-INFO] Product PAGE
Array
(
    [user_id] => 963076410
)

****************************************************************************************************
[2021-05-06 14:48:52-INFO] Header PAGE
Array
(
    [user_id] => 963076410
)

****************************************************************************************************
[2021-05-06 14:48:52-INFO] Header PAGE
Array
(
    [user_id] => 963076410
)

****************************************************************************************************
[2021-05-06 14:48:52-INFO] Header PAGE
Array
(
    [user_id] => 963076410
)

****************************************************************************************************
[2021-05-06 14:48:53-INFO] Header PAGE
Array
(
    [user_id] => 963076410
)

****************************************************************************************************
[2021-05-06 14:49:02-INFO] Header PAGE
Array
(
    [user_id] => 963076410
)

****************************************************************************************************
[2021-05-06 14:49:34-INFO] Header PAGE
Array
(
    [user_id] => 963076410
)

****************************************************************************************************
[2021-05-06 14:49:41-INFO] Header PAGE
Array
(
    [user_id] => 963076410
)

****************************************************************************************************
[2021-05-06 14:50:14-INFO] Header PAGE
Array
(
    [user_id] => 963076410
)

****************************************************************************************************
[2021-05-06 14:50:54-INFO] Header PAGE
Array
(
    [user_id] => 963076410
)

****************************************************************************************************
[2021-05-06 14:51:02-INFO] Header PAGE
Array
(
    [user_id] => 963076410
)

****************************************************************************************************
[2021-05-06 14:51:49-INFO] Header PAGE
Array
(
    [user_id] => 963076410
)

****************************************************************************************************
[2021-05-06 14:51:49-INFO] Header PAGE
Array
(
    [user_id] => 963076410
)

****************************************************************************************************
[2021-05-06 15:38:11-INFO] Header PAGE
Array
(
    [user_id] => 963076410
)

****************************************************************************************************
[2021-05-06 15:38:28-INFO] Header PAGE
Array
(
    [user_id] => 963076410
)

****************************************************************************************************
[2021-05-06 15:38:45-INFO] Header PAGE
Array
(
    [user_id] => 963076410
)

****************************************************************************************************
[2021-05-06 15:38:53-INFO] Header PAGE
Array
(
    [user_id] => 963076410
)

****************************************************************************************************
[2021-05-06 15:39:40-INFO] Header PAGE
Array
(
    [user_id] => 963076410
)

****************************************************************************************************
[2021-05-06 15:40:15-INFO] Header PAGE
Array
(
    [user_id] => 963076410
)

****************************************************************************************************
[2021-05-06 15:40:57-INFO] Header PAGE
Array
(
    [user_id] => 963076410
)

****************************************************************************************************
[2021-05-06 17:06:21-INFO] Header PAGE
Array
(
    [user_id] => 963076410
)

****************************************************************************************************
[2021-05-06 17:12:00-INFO] Header PAGE
Array
(
    [user_id] => 963076410
)

****************************************************************************************************
[2021-05-06 17:32:45-INFO] Header PAGE
Array
(
    [user_id] => 963076410
)

****************************************************************************************************
[2021-05-06 17:32:45-INFO] Header PAGE
Array
(
    [user_id] => 963076410
)

****************************************************************************************************
[2021-05-06 17:32:47-INFO] Header PAGE
Array
(
    [user_id] => 963076410
)

****************************************************************************************************
[2021-05-06 17:32:50-INFO] Header PAGE
Array
(
    [user_id] => 963076410
)

****************************************************************************************************
[2021-05-06 17:32:50-INFO] Product PAGE
Array
(
    [user_id] => 963076410
)

****************************************************************************************************
[2021-05-06 17:32:51-INFO] Header PAGE
Array
(
    [user_id] => 963076410
)

****************************************************************************************************
[2021-05-06 17:32:51-INFO] Header PAGE
Array
(
    [user_id] => 963076410
)

****************************************************************************************************
[2021-05-06 17:33:03-INFO] Header PAGE
Array
(
    [user_id] => 963076410
)

****************************************************************************************************
[2021-05-06 17:33:03-INFO] Product PAGE
Array
(
    [user_id] => 963076410
)

****************************************************************************************************
[2021-05-06 17:33:03-INFO] Header PAGE
Array
(
    [user_id] => 963076410
)

****************************************************************************************************
[2021-05-06 17:33:03-INFO] Header PAGE
Array
(
    [user_id] => 963076410
)

****************************************************************************************************
[2021-05-06 17:33:11-INFO] Header PAGE
Array
(
    [user_id] => 963076410
)

****************************************************************************************************
[2021-05-06 17:33:11-INFO] Product PAGE
Array
(
    [user_id] => 963076410
)

****************************************************************************************************
[2021-05-06 17:36:42-INFO] Header PAGE
Array
(
    [user_id] => 197631300
)

****************************************************************************************************
[2021-05-06 17:36:42-INFO] Header PAGE
Array
(
    [user_id] => 277105844
)

****************************************************************************************************
[2021-05-06 17:36:45-INFO] Header PAGE
Array
(
    [user_id] => 704904095
)

****************************************************************************************************
[2021-05-06 17:36:45-INFO] Login PAGE
Array
(
    [user_id] => 704904095
)

****************************************************************************************************
[2021-05-06 17:37:14-INFO] Header PAGE
Array
(
    [user_id] => 639709967
)

****************************************************************************************************
[2021-05-06 17:37:14-INFO] Login PAGE
Array
(
    [user_id] => 639709967
)

****************************************************************************************************
[2021-05-06 17:37:24-INFO] Header PAGE
Array
(
    [user_id] => 1549399883
)

****************************************************************************************************
[2021-05-06 17:37:24-INFO] Header PAGE
Array
(
    [user_id] => 437495656
)

****************************************************************************************************
[2021-05-06 17:37:25-INFO] Header PAGE
Array
(
    [user_id] => 437495656
)

****************************************************************************************************
[2021-05-06 17:37:27-INFO] Header PAGE
Array
(
    [user_id] => 437495656
)

****************************************************************************************************
[2021-05-06 17:37:27-INFO] Product PAGE
Array
(
    [user_id] => 437495656
)

****************************************************************************************************
[2021-05-06 17:37:27-INFO] Header PAGE
Array
(
    [user_id] => 437495656
)

****************************************************************************************************
[2021-05-06 17:37:28-INFO] Header PAGE
Array
(
    [user_id] => 437495656
)

****************************************************************************************************
[2021-05-06 17:41:04-INFO] Header PAGE
Array
(
    [user_id] => 437495656
)

****************************************************************************************************
[2021-05-06 17:41:06-INFO] Header PAGE
Array
(
    [user_id] => 437495656
)

****************************************************************************************************
[2021-05-06 17:42:42-INFO] Header PAGE
Array
(
    [user_id] => 437495656
)

****************************************************************************************************
[2021-05-06 17:42:51-INFO] Header PAGE
Array
(
    [user_id] => 437495656
)

****************************************************************************************************
[2021-05-06 17:44:33-INFO] Header PAGE
Array
(
    [user_id] => 437495656
)

****************************************************************************************************
[2021-05-06 17:44:51-INFO] Header PAGE
Array
(
    [user_id] => 437495656
)

****************************************************************************************************
[2021-05-06 17:44:51-INFO] Product PAGE
Array
(
    [user_id] => 437495656
)

****************************************************************************************************
[2021-05-06 17:44:52-INFO] Header PAGE
Array
(
    [user_id] => 437495656
)

****************************************************************************************************
[2021-05-06 17:44:52-INFO] Header PAGE
Array
(
    [user_id] => 437495656
)

****************************************************************************************************
[2021-05-06 17:44:53-INFO] Header PAGE
Array
(
    [user_id] => 437495656
)

****************************************************************************************************
[2021-05-06 17:44:56-INFO] Header PAGE
Array
(
    [user_id] => 437495656
)

****************************************************************************************************
[2021-05-06 17:44:58-INFO] Header PAGE
Array
(
    [user_id] => 437495656
)

****************************************************************************************************
[2021-05-06 17:46:29-INFO] Header PAGE
Array
(
    [user_id] => 437495656
)

****************************************************************************************************
[2021-05-06 17:52:31-INFO] Header PAGE
Array
(
    [user_id] => 437495656
)

****************************************************************************************************
[2021-05-06 17:52:31-INFO] Product PAGE
Array
(
    [user_id] => 437495656
)

****************************************************************************************************
[2021-05-06 17:52:32-INFO] Header PAGE
Array
(
    [user_id] => 437495656
)

****************************************************************************************************
[2021-05-06 17:52:32-INFO] Header PAGE
Array
(
    [user_id] => 437495656
)

****************************************************************************************************
[2021-05-06 17:52:33-INFO] Header PAGE
Array
(
    [user_id] => 437495656
)

****************************************************************************************************
[2021-05-06 17:52:40-INFO] Header PAGE
Array
(
    [user_id] => 437495656
)

****************************************************************************************************
[2021-05-06 17:53:51-INFO] Header PAGE
Array
(
    [user_id] => 437495656
)

****************************************************************************************************
[2021-05-06 17:53:51-INFO] Product PAGE
Array
(
    [user_id] => 437495656
)

****************************************************************************************************
[2021-05-06 17:53:51-INFO] Header PAGE
Array
(
    [user_id] => 437495656
)

****************************************************************************************************
[2021-05-06 17:53:51-INFO] Header PAGE
Array
(
    [user_id] => 437495656
)

****************************************************************************************************
[2021-05-06 17:53:53-INFO] Header PAGE
Array
(
    [user_id] => 437495656
)

****************************************************************************************************
[2021-05-06 17:54:02-INFO] Header PAGE
Array
(
    [user_id] => 437495656
)

****************************************************************************************************
[2021-05-06 17:54:57-INFO] Header PAGE
Array
(
    [user_id] => 437495656
)

****************************************************************************************************
[2021-05-06 17:55:12-INFO] Header PAGE
Array
(
    [user_id] => 437495656
)

****************************************************************************************************
[2021-05-06 17:55:52-INFO] Header PAGE
Array
(
    [user_id] => 437495656
)

****************************************************************************************************
[2021-05-06 17:56:06-INFO] Header PAGE
Array
(
    [user_id] => 437495656
)

****************************************************************************************************
[2021-05-06 17:57:10-INFO] Header PAGE
Array
(
    [user_id] => 437495656
)

****************************************************************************************************
[2021-05-06 17:57:21-INFO] Header PAGE
Array
(
    [user_id] => 437495656
)

****************************************************************************************************
[2021-05-06 17:59:41-INFO] Header PAGE
Array
(
    [user_id] => 437495656
)

****************************************************************************************************
[2021-05-06 17:59:51-INFO] Header PAGE
Array
(
    [user_id] => 437495656
)

****************************************************************************************************
[2021-05-06 18:01:30-INFO] Header PAGE
Array
(
    [user_id] => 437495656
)

****************************************************************************************************
[2021-05-06 18:01:37-INFO] Header PAGE
Array
(
    [user_id] => 437495656
)

****************************************************************************************************
[2021-05-06 18:02:18-INFO] Header PAGE
Array
(
    [user_id] => 437495656
)

****************************************************************************************************
[2021-05-06 18:02:31-INFO] Header PAGE
Array
(
    [user_id] => 437495656
)

****************************************************************************************************
[2021-05-06 18:03:06-INFO] Header PAGE
Array
(
    [user_id] => 437495656
)

****************************************************************************************************
[2021-05-06 18:03:11-INFO] Header PAGE
Array
(
    [user_id] => 437495656
)

****************************************************************************************************
[2021-05-06 18:03:26-INFO] Header PAGE
Array
(
    [user_id] => 437495656
)

****************************************************************************************************
[2021-05-06 18:04:02-INFO] Header PAGE
Array
(
    [user_id] => 437495656
)

****************************************************************************************************
[2021-05-06 18:04:07-INFO] Header PAGE
Array
(
    [user_id] => 437495656
)

****************************************************************************************************
[2021-05-06 18:06:03-INFO] Header PAGE
Array
(
    [user_id] => 437495656
)

****************************************************************************************************
[2021-05-06 18:06:31-INFO] Header PAGE
Array
(
    [user_id] => 437495656
)

****************************************************************************************************
[2021-05-06 18:08:52-INFO] Header PAGE
Array
(
    [user_id] => 437495656
)

****************************************************************************************************
[2021-05-06 18:08:58-INFO] Header PAGE
Array
(
    [user_id] => 437495656
)

****************************************************************************************************
[2021-05-06 18:10:54-INFO] Header PAGE
Array
(
    [user_id] => 437495656
)

****************************************************************************************************
[2021-05-06 18:11:02-INFO] Header PAGE
Array
(
    [user_id] => 437495656
)

****************************************************************************************************
[2021-05-06 18:11:29-INFO] Header PAGE
Array
(
    [user_id] => 437495656
)

****************************************************************************************************
[2021-05-06 18:11:54-INFO] Header PAGE
Array
(
    [user_id] => 437495656
)

****************************************************************************************************
[2021-05-06 18:13:27-INFO] Header PAGE
Array
(
    [user_id] => 437495656
)

****************************************************************************************************
[2021-05-06 18:14:36-INFO] Header PAGE
Array
(
    [user_id] => 437495656
)

****************************************************************************************************
[2021-05-06 18:15:06-INFO] Header PAGE
Array
(
    [user_id] => 437495656
)

****************************************************************************************************
[2021-05-06 18:15:12-INFO] Header PAGE
Array
(
    [user_id] => 437495656
)

****************************************************************************************************
[2021-05-06 18:15:24-INFO] Header PAGE
Array
(
    [user_id] => 437495656
)

****************************************************************************************************
[2021-05-06 18:15:24-INFO] Header PAGE
Array
(
    [user_id] => 437495656
)

****************************************************************************************************
[2021-05-06 18:15:31-INFO] Header PAGE
Array
(
    [user_id] => 437495656
)

****************************************************************************************************
[2021-05-06 18:15:31-INFO] Product PAGE
Array
(
    [user_id] => 437495656
)

****************************************************************************************************
[2021-05-06 18:15:31-INFO] Header PAGE
Array
(
    [user_id] => 437495656
)

****************************************************************************************************
[2021-05-06 18:15:31-INFO] Header PAGE
Array
(
    [user_id] => 437495656
)

****************************************************************************************************
[2021-05-06 18:15:45-INFO] Header PAGE
Array
(
    [user_id] => 437495656
)

****************************************************************************************************
[2021-05-06 18:15:45-INFO] Product PAGE
Array
(
    [user_id] => 437495656
)

****************************************************************************************************
[2021-05-06 18:15:45-INFO] Header PAGE
Array
(
    [user_id] => 437495656
)

****************************************************************************************************
[2021-05-06 18:15:46-INFO] Header PAGE
Array
(
    [user_id] => 437495656
)

****************************************************************************************************
[2021-05-06 18:15:46-INFO] Product PAGE
Array
(
    [user_id] => 437495656
)

****************************************************************************************************
[2021-05-06 18:17:18-INFO] Header PAGE
Array
(
    [user_id] => 437495656
)

****************************************************************************************************
[2021-05-06 18:17:18-INFO] Product PAGE
Array
(
    [user_id] => 437495656
)

****************************************************************************************************
[2021-05-06 18:17:18-INFO] Header PAGE
Array
(
    [user_id] => 437495656
)

****************************************************************************************************
[2021-05-06 18:17:21-INFO] Header PAGE
Array
(
    [user_id] => 437495656
)

****************************************************************************************************
[2021-05-06 18:17:21-INFO] Product PAGE
Array
(
    [user_id] => 437495656
)

****************************************************************************************************
[2021-05-06 18:17:21-INFO] Header PAGE
Array
(
    [user_id] => 437495656
)

****************************************************************************************************
[2021-05-06 18:17:22-INFO] Header PAGE
Array
(
    [user_id] => 437495656
)

****************************************************************************************************
[2021-05-06 18:17:22-INFO] Product PAGE
Array
(
    [user_id] => 437495656
)

****************************************************************************************************
[2021-05-06 18:17:23-INFO] Header PAGE
Array
(
    [user_id] => 437495656
)

****************************************************************************************************
[2021-05-06 18:17:30-INFO] Header PAGE
Array
(
    [user_id] => 437495656
)

****************************************************************************************************
[2021-05-06 18:17:31-INFO] Header PAGE
Array
(
    [user_id] => 437495656
)

****************************************************************************************************
[2021-05-06 18:17:47-INFO] Header PAGE
Array
(
    [user_id] => 437495656
)

****************************************************************************************************
[2021-05-06 18:17:47-INFO] Product PAGE
Array
(
    [user_id] => 437495656
)

****************************************************************************************************
[2021-05-06 18:17:47-INFO] Header PAGE
Array
(
    [user_id] => 437495656
)

****************************************************************************************************
[2021-05-06 18:24:03-INFO] Header PAGE
Array
(
    [user_id] => 437495656
)

****************************************************************************************************
[2021-05-06 18:33:51-INFO] Header PAGE
Array
(
    [user_id] => 437495656
)

****************************************************************************************************
[2021-05-06 18:33:51-INFO] Header PAGE
Array
(
    [user_id] => 437495656
)

****************************************************************************************************
[2021-05-06 18:33:53-INFO] Header PAGE
Array
(
    [user_id] => 437495656
)

****************************************************************************************************
[2021-05-06 18:33:53-INFO] Product PAGE
Array
(
    [user_id] => 437495656
)

****************************************************************************************************
[2021-05-06 18:33:53-INFO] Header PAGE
Array
(
    [user_id] => 437495656
)

****************************************************************************************************
[2021-05-06 18:34:00-INFO] Header PAGE
Array
(
    [user_id] => 437495656
)

****************************************************************************************************
[2021-05-06 18:34:00-INFO] Header PAGE
Array
(
    [user_id] => 437495656
)

****************************************************************************************************
[2021-05-06 18:34:00-INFO] Product PAGE
Array
(
    [user_id] => 437495656
)

****************************************************************************************************
[2021-05-06 18:34:00-INFO] Header PAGE
Array
(
    [user_id] => 437495656
)

****************************************************************************************************
[2021-05-06 18:34:01-INFO] Header PAGE
Array
(
    [user_id] => 437495656
)

****************************************************************************************************
[2021-05-06 18:34:01-INFO] Product PAGE
Array
(
    [user_id] => 437495656
)

****************************************************************************************************
[2021-05-06 18:34:02-INFO] Header PAGE
Array
(
    [user_id] => 437495656
)

****************************************************************************************************
[2021-05-06 18:34:02-INFO] Header PAGE
Array
(
    [user_id] => 437495656
)

****************************************************************************************************
[2021-05-06 18:58:19-INFO] Header PAGE
Array
(
    [user_id] => 437495656
)

****************************************************************************************************
[2021-05-06 18:58:19-INFO] Header PAGE
Array
(
    [user_id] => 437495656
)

****************************************************************************************************
[2021-05-06 18:58:19-INFO] Header PAGE
Array
(
    [user_id] => 437495656
)

****************************************************************************************************
[2021-05-06 18:58:28-INFO] Header PAGE
Array
(
    [user_id] => 437495656
)

****************************************************************************************************
[2021-05-06 18:58:28-INFO] Header PAGE
Array
(
    [user_id] => 437495656
)

****************************************************************************************************
[2021-05-06 18:58:28-INFO] Header PAGE
Array
(
    [user_id] => 437495656
)

****************************************************************************************************
[2021-05-06 18:58:31-INFO] Header PAGE
Array
(
    [user_id] => 437495656
)

****************************************************************************************************
[2021-05-06 18:58:31-INFO] Header PAGE
Array
(
    [user_id] => 437495656
)

****************************************************************************************************
[2021-05-06 18:58:32-INFO] Header PAGE
Array
(
    [user_id] => 437495656
)

****************************************************************************************************
[2021-05-06 18:58:32-INFO] Header PAGE
Array
(
    [user_id] => 437495656
)

****************************************************************************************************
[2021-05-06 18:58:38-INFO] Header PAGE
Array
(
    [user_id] => 437495656
)

****************************************************************************************************
[2021-05-06 18:58:42-INFO] Header PAGE
Array
(
    [user_id] => 437495656
)

****************************************************************************************************
[2021-05-06 18:58:42-INFO] Header PAGE
Array
(
    [user_id] => 437495656
)

****************************************************************************************************
