[2021-05-16 12:34:57-INFO] Header PAGE
Array
(
    [user_id] => 980595003
)

****************************************************************************************************
[2021-05-16 12:34:58-INFO] Header PAGE
Array
(
    [user_id] => 359607248
)

****************************************************************************************************
[2021-05-16 12:35:03-INFO] Header PAGE
Array
(
    [user_id] => 350653373
)

****************************************************************************************************
[2021-05-16 12:35:03-INFO] Login PAGE
Array
(
    [user_id] => 350653373
    [HTTP_REFERER] => http://localhost/Shopping-Cart/index.php
)

****************************************************************************************************
[2021-05-16 12:35:59-INFO] Header PAGE
Array
(
    [user_id] => 632491100
)

****************************************************************************************************
[2021-05-16 12:35:59-INFO] Login PAGE
Array
(
    [user_id] => 632491100
    [HTTP_REFERER] => http://localhost/Shopping-Cart/login.php
)

****************************************************************************************************
[2021-05-16 12:36:00-INFO] Header PAGE
Array
(
    [user_id] => 555070750
)

****************************************************************************************************
[2021-05-16 12:36:00-INFO] Header PAGE
Array
(
    [user_id] => 566955497
)

****************************************************************************************************
[2021-05-16 12:36:00-INFO] Header PAGE
Array
(
    [user_id] => 621445250
)

****************************************************************************************************
[2021-05-16 12:36:01-INFO] Header PAGE
Array
(
    [user_id] => 1257338320
)

****************************************************************************************************
[2021-05-16 12:36:01-INFO] Login PAGE
Array
(
    [user_id] => 1257338320
    [HTTP_REFERER] => http://localhost/Shopping-Cart/index.php
)

****************************************************************************************************
[2021-05-16 12:38:40-INFO] Header PAGE
Array
(
    [user_id] => 1339514070
)

****************************************************************************************************
[2021-05-16 12:38:40-INFO] Header PAGE
Array
(
    [user_id] => 508920287
)

****************************************************************************************************
[2021-05-16 12:38:42-INFO] Header PAGE
Array
(
    [user_id] => 1141104269
)

****************************************************************************************************
[2021-05-16 12:38:42-INFO] Product PAGE
Array
(
    [user_id] => 1141104269
)

****************************************************************************************************
[2021-05-16 12:38:42-INFO] Header PAGE
Array
(
    [user_id] => 154737828
)

****************************************************************************************************
[2021-05-16 12:38:43-INFO] Header PAGE
Array
(
    [user_id] => 270384448
)

****************************************************************************************************
[2021-05-16 12:38:43-INFO] Login PAGE
Array
(
    [user_id] => 270384448
)

****************************************************************************************************
[2021-05-16 14:28:05-INFO] Header PAGE
Array
(
    [user_id] => 13219777
)

****************************************************************************************************
[2021-05-16 14:28:05-INFO] Header PAGE
Array
(
    [user_id] => 594537995
)

****************************************************************************************************
[2021-05-16 14:28:08-INFO] Header PAGE
Array
(
    [user_id] => 867347487
)

****************************************************************************************************
[2021-05-16 14:28:08-INFO] Login PAGE
Array
(
    [user_id] => 867347487
)

****************************************************************************************************
[2021-05-16 14:28:33-INFO] Header PAGE
Array
(
    [user_id] => 51333320
)

****************************************************************************************************
[2021-05-16 14:28:34-INFO] Header PAGE
Array
(
    [user_id] => 967226395
)

****************************************************************************************************
[2021-05-16 14:28:34-INFO] Header PAGE
Array
(
    [user_id] => 967226395
)

****************************************************************************************************
[2021-05-16 14:28:36-INFO] Header PAGE
Array
(
    [user_id] => 967226395
)

****************************************************************************************************
[2021-05-16 14:28:37-INFO] Header PAGE
Array
(
    [user_id] => 967226395
)

****************************************************************************************************
[2021-05-16 14:28:39-INFO] Header PAGE
Array
(
    [user_id] => 967226395
)

****************************************************************************************************
[2021-05-16 14:28:39-INFO] Product PAGE
Array
(
    [user_id] => 967226395
)

****************************************************************************************************
[2021-05-16 14:28:40-INFO] Header PAGE
Array
(
    [user_id] => 967226395
)

****************************************************************************************************
[2021-05-16 14:28:42-INFO] Header PAGE
Array
(
    [user_id] => 967226395
)

****************************************************************************************************
[2021-05-16 14:28:42-INFO] Header PAGE
Array
(
    [user_id] => 967226395
)

****************************************************************************************************
[2021-05-16 14:28:42-INFO] Product PAGE
Array
(
    [user_id] => 967226395
)

****************************************************************************************************
[2021-05-16 14:28:43-INFO] Header PAGE
Array
(
    [user_id] => 967226395
)

****************************************************************************************************
[2021-05-16 14:28:45-INFO] Header PAGE
Array
(
    [user_id] => 967226395
)

****************************************************************************************************
[2021-05-16 14:28:45-INFO] Header PAGE
Array
(
    [user_id] => 967226395
)

****************************************************************************************************
[2021-05-16 14:28:45-INFO] Product PAGE
Array
(
    [user_id] => 967226395
)

****************************************************************************************************
[2021-05-16 14:28:45-INFO] Header PAGE
Array
(
    [user_id] => 967226395
)

****************************************************************************************************
[2021-05-16 14:28:47-INFO] Header PAGE
Array
(
    [user_id] => 967226395
)

****************************************************************************************************
[2021-05-16 14:28:47-INFO] Header PAGE
Array
(
    [user_id] => 967226395
)

****************************************************************************************************
[2021-05-16 14:28:50-INFO] Header PAGE
Array
(
    [user_id] => 967226395
)

****************************************************************************************************
[2021-05-16 14:28:50-INFO] Header PAGE
Array
(
    [user_id] => 967226395
)

****************************************************************************************************
[2021-05-16 14:28:50-INFO] Header PAGE
Array
(
    [user_id] => 967226395
)

****************************************************************************************************
[2021-05-16 14:28:54-INFO] Header PAGE
Array
(
    [user_id] => 967226395
)

****************************************************************************************************
[2021-05-16 14:41:36-INFO] Header PAGE
Array
(
    [user_id] => 461123758
)

****************************************************************************************************
[2021-05-16 14:41:36-INFO] Header PAGE
Array
(
    [user_id] => 613417592
)

****************************************************************************************************
[2021-05-16 14:41:37-INFO] Header PAGE
Array
(
    [user_id] => 1005750089
)

****************************************************************************************************
[2021-05-16 14:41:37-INFO] Login PAGE
Array
(
    [user_id] => 1005750089
)

****************************************************************************************************
[2021-05-16 14:41:47-INFO] Header PAGE
Array
(
    [user_id] => 1296738639
)

****************************************************************************************************
[2021-05-16 14:41:47-INFO] Header PAGE
Array
(
    [user_id] => 1394899700
)

****************************************************************************************************
[2021-05-16 14:41:48-INFO] Header PAGE
Array
(
    [user_id] => 1236064927
)

****************************************************************************************************
[2021-05-16 14:41:48-INFO] Header PAGE
Array
(
    [user_id] => 1236064927
)

****************************************************************************************************
[2021-05-16 14:41:49-INFO] Header PAGE
Array
(
    [user_id] => 1236064927
)

****************************************************************************************************
[2021-05-16 14:41:49-INFO] Header PAGE
Array
(
    [user_id] => 1236064927
)

****************************************************************************************************
[2021-05-16 14:41:50-INFO] Header PAGE
Array
(
    [user_id] => 1236064927
)

****************************************************************************************************
[2021-05-16 14:41:50-INFO] Product PAGE
Array
(
    [user_id] => 1236064927
)

****************************************************************************************************
[2021-05-16 14:41:50-INFO] Header PAGE
Array
(
    [user_id] => 1236064927
)

****************************************************************************************************
[2021-05-16 14:41:51-INFO] Header PAGE
Array
(
    [user_id] => 1236064927
)

****************************************************************************************************
[2021-05-16 14:42:04-INFO] Header PAGE
Array
(
    [user_id] => 1236064927
)

****************************************************************************************************
[2021-05-16 14:42:13-INFO] Header PAGE
Array
(
    [user_id] => 1236064927
)

****************************************************************************************************
[2021-05-16 14:42:13-INFO] Header PAGE
Array
(
    [user_id] => 1236064927
)

****************************************************************************************************
[2021-05-16 14:43:33-INFO] Header PAGE
Array
(
    [user_id] => 1236064927
)

****************************************************************************************************
[2021-05-16 14:43:33-INFO] Header PAGE
Array
(
    [user_id] => 1236064927
)

****************************************************************************************************
[2021-05-16 14:44:26-INFO] Header PAGE
Array
(
    [user_id] => 1236064927
)

****************************************************************************************************
[2021-05-16 14:44:26-INFO] Product PAGE
Array
(
    [user_id] => 1236064927
)

****************************************************************************************************
[2021-05-16 14:44:26-INFO] Header PAGE
Array
(
    [user_id] => 1236064927
)

****************************************************************************************************
[2021-05-16 14:44:26-INFO] Header PAGE
Array
(
    [user_id] => 1236064927
)

****************************************************************************************************
[2021-05-16 14:44:26-INFO] Header PAGE
Array
(
    [user_id] => 1236064927
)

****************************************************************************************************
[2021-05-16 14:44:37-INFO] Header PAGE
Array
(
    [user_id] => 1236064927
)

****************************************************************************************************
[2021-05-16 14:44:37-INFO] Product PAGE
Array
(
    [user_id] => 1236064927
)

****************************************************************************************************
[2021-05-16 14:44:37-INFO] Header PAGE
Array
(
    [user_id] => 1236064927
)

****************************************************************************************************
[2021-05-16 14:44:37-INFO] Header PAGE
Array
(
    [user_id] => 1236064927
)

****************************************************************************************************
[2021-05-16 14:44:37-INFO] Header PAGE
Array
(
    [user_id] => 1236064927
)

****************************************************************************************************
[2021-05-16 14:44:42-INFO] Header PAGE
Array
(
    [user_id] => 1236064927
)

****************************************************************************************************
[2021-05-16 14:44:42-INFO] Header PAGE
Array
(
    [user_id] => 1236064927
)

****************************************************************************************************
[2021-05-16 14:44:42-INFO] Product PAGE
Array
(
    [user_id] => 1236064927
)

****************************************************************************************************
[2021-05-16 14:44:42-INFO] Header PAGE
Array
(
    [user_id] => 1236064927
)

****************************************************************************************************
[2021-05-16 14:44:42-INFO] Header PAGE
Array
(
    [user_id] => 1236064927
)

****************************************************************************************************
[2021-05-16 14:44:45-INFO] Header PAGE
Array
(
    [user_id] => 1236064927
)

****************************************************************************************************
[2021-05-16 14:44:45-INFO] Header PAGE
Array
(
    [user_id] => 1236064927
)

****************************************************************************************************
[2021-05-16 14:44:45-INFO] Product PAGE
Array
(
    [user_id] => 1236064927
)

****************************************************************************************************
[2021-05-16 14:44:45-INFO] Header PAGE
Array
(
    [user_id] => 1236064927
)

****************************************************************************************************
[2021-05-16 14:44:46-INFO] Header PAGE
Array
(
    [user_id] => 1236064927
)

****************************************************************************************************
[2021-05-16 14:44:53-INFO] Header PAGE
Array
(
    [user_id] => 1236064927
)

****************************************************************************************************
[2021-05-16 14:44:55-INFO] Header PAGE
Array
(
    [user_id] => 1236064927
)

****************************************************************************************************
[2021-05-16 14:44:55-INFO] Header PAGE
Array
(
    [user_id] => 1236064927
)

****************************************************************************************************
[2021-05-16 14:45:40-INFO] Header PAGE
Array
(
    [user_id] => 1236064927
)

****************************************************************************************************
[2021-05-16 14:45:46-INFO] Header PAGE
Array
(
    [user_id] => 1236064927
)

****************************************************************************************************
[2021-05-16 14:45:46-INFO] Header PAGE
Array
(
    [user_id] => 1236064927
)

****************************************************************************************************
[2021-05-16 14:45:56-INFO] Header PAGE
Array
(
    [user_id] => 1236064927
)

****************************************************************************************************
[2021-05-16 14:45:56-INFO] Product PAGE
Array
(
    [user_id] => 1236064927
)

****************************************************************************************************
[2021-05-16 14:45:56-INFO] Header PAGE
Array
(
    [user_id] => 1236064927
)

****************************************************************************************************
[2021-05-16 14:45:56-INFO] Header PAGE
Array
(
    [user_id] => 1236064927
)

****************************************************************************************************
[2021-05-16 14:45:58-INFO] Header PAGE
Array
(
    [user_id] => 1236064927
)

****************************************************************************************************
[2021-05-16 14:45:58-INFO] Product PAGE
Array
(
    [user_id] => 1236064927
)

****************************************************************************************************
[2021-05-16 14:45:58-INFO] Header PAGE
Array
(
    [user_id] => 1236064927
)

****************************************************************************************************
[2021-05-16 14:45:58-INFO] Header PAGE
Array
(
    [user_id] => 1236064927
)

****************************************************************************************************
[2021-05-16 14:46:00-INFO] Header PAGE
Array
(
    [user_id] => 1236064927
)

****************************************************************************************************
[2021-05-16 14:46:00-INFO] Product PAGE
Array
(
    [user_id] => 1236064927
)

****************************************************************************************************
[2021-05-16 14:46:00-INFO] Header PAGE
Array
(
    [user_id] => 1236064927
)

****************************************************************************************************
[2021-05-16 14:46:00-INFO] Header PAGE
Array
(
    [user_id] => 1236064927
)

****************************************************************************************************
[2021-05-16 14:46:53-INFO] Header PAGE
Array
(
    [user_id] => 1236064927
)

****************************************************************************************************
[2021-05-16 14:46:53-INFO] Product PAGE
Array
(
    [user_id] => 1236064927
)

****************************************************************************************************
[2021-05-16 14:46:53-INFO] Header PAGE
Array
(
    [user_id] => 1236064927
)

****************************************************************************************************
[2021-05-16 14:46:53-INFO] Header PAGE
Array
(
    [user_id] => 1236064927
)

****************************************************************************************************
[2021-05-16 14:46:56-INFO] Header PAGE
Array
(
    [user_id] => 1236064927
)

****************************************************************************************************
[2021-05-16 14:46:56-INFO] Header PAGE
Array
(
    [user_id] => 1236064927
)

****************************************************************************************************
[2021-05-16 14:46:56-INFO] Product PAGE
Array
(
    [user_id] => 1236064927
)

****************************************************************************************************
[2021-05-16 14:46:56-INFO] Header PAGE
Array
(
    [user_id] => 1236064927
)

****************************************************************************************************
[2021-05-16 14:46:58-INFO] Header PAGE
Array
(
    [user_id] => 1236064927
)

****************************************************************************************************
[2021-05-16 14:47:05-INFO] Header PAGE
Array
(
    [user_id] => 1236064927
)

****************************************************************************************************
[2021-05-16 14:47:05-INFO] Header PAGE
Array
(
    [user_id] => 1236064927
)

****************************************************************************************************
[2021-05-16 14:47:10-INFO] Header PAGE
Array
(
    [user_id] => 1236064927
)

****************************************************************************************************
[2021-05-16 14:47:10-INFO] Product PAGE
Array
(
    [user_id] => 1236064927
)

****************************************************************************************************
[2021-05-16 14:47:10-INFO] Header PAGE
Array
(
    [user_id] => 1236064927
)

****************************************************************************************************
[2021-05-16 14:47:10-INFO] Header PAGE
Array
(
    [user_id] => 1236064927
)

****************************************************************************************************
[2021-05-16 14:48:20-INFO] Header PAGE
Array
(
    [user_id] => 1236064927
)

****************************************************************************************************
[2021-05-16 14:48:20-INFO] Header PAGE
Array
(
    [user_id] => 1236064927
)

****************************************************************************************************
[2021-05-16 14:48:20-INFO] Product PAGE
Array
(
    [user_id] => 1236064927
)

****************************************************************************************************
[2021-05-16 14:48:20-INFO] Header PAGE
Array
(
    [user_id] => 1236064927
)

****************************************************************************************************
[2021-05-16 14:48:21-INFO] Header PAGE
Array
(
    [user_id] => 1236064927
)

****************************************************************************************************
[2021-05-16 14:48:30-INFO] Header PAGE
Array
(
    [user_id] => 1236064927
)

****************************************************************************************************
[2021-05-16 14:48:30-INFO] Header PAGE
Array
(
    [user_id] => 1236064927
)

****************************************************************************************************
[2021-05-16 14:48:32-INFO] Header PAGE
Array
(
    [user_id] => 1236064927
)

****************************************************************************************************
[2021-05-16 14:48:32-INFO] Product PAGE
Array
(
    [user_id] => 1236064927
)

****************************************************************************************************
[2021-05-16 14:48:32-INFO] Header PAGE
Array
(
    [user_id] => 1236064927
)

****************************************************************************************************
[2021-05-16 14:49:03-INFO] Header PAGE
Array
(
    [user_id] => 1236064927
)

****************************************************************************************************
[2021-05-16 14:49:03-INFO] Product PAGE
Array
(
    [user_id] => 1236064927
)

****************************************************************************************************
[2021-05-16 14:49:03-INFO] Header PAGE
Array
(
    [user_id] => 1236064927
)

****************************************************************************************************
[2021-05-16 14:49:06-INFO] Header PAGE
Array
(
    [user_id] => 1236064927
)

****************************************************************************************************
[2021-05-16 14:49:11-INFO] Header PAGE
Array
(
    [user_id] => 1236064927
)

****************************************************************************************************
[2021-05-16 14:49:11-INFO] Header PAGE
Array
(
    [user_id] => 1236064927
)

****************************************************************************************************
[2021-05-16 14:49:17-INFO] Header PAGE
Array
(
    [user_id] => 1236064927
)

****************************************************************************************************
[2021-05-16 14:49:17-INFO] Product PAGE
Array
(
    [user_id] => 1236064927
)

****************************************************************************************************
[2021-05-16 14:49:17-INFO] Header PAGE
Array
(
    [user_id] => 1236064927
)

****************************************************************************************************
[2021-05-16 14:49:17-INFO] Header PAGE
Array
(
    [user_id] => 1236064927
)

****************************************************************************************************
[2021-05-16 14:50:04-INFO] Header PAGE
Array
(
    [user_id] => 1236064927
)

****************************************************************************************************
[2021-05-16 14:50:10-INFO] Header PAGE
Array
(
    [user_id] => 1236064927
)

****************************************************************************************************
[2021-05-16 14:50:10-INFO] Header PAGE
Array
(
    [user_id] => 1236064927
)

****************************************************************************************************
[2021-05-16 14:50:11-INFO] Header PAGE
Array
(
    [user_id] => 1236064927
)

****************************************************************************************************
[2021-05-16 14:50:11-INFO] Product PAGE
Array
(
    [user_id] => 1236064927
)

****************************************************************************************************
[2021-05-16 14:50:11-INFO] Header PAGE
Array
(
    [user_id] => 1236064927
)

****************************************************************************************************
[2021-05-16 14:50:11-INFO] Header PAGE
Array
(
    [user_id] => 1236064927
)

****************************************************************************************************
[2021-05-16 14:50:11-INFO] Header PAGE
Array
(
    [user_id] => 1236064927
)

****************************************************************************************************
[2021-05-16 14:51:27-INFO] Header PAGE
Array
(
    [user_id] => 1236064927
)

****************************************************************************************************
[2021-05-16 14:51:27-INFO] Product PAGE
Array
(
    [user_id] => 1236064927
)

****************************************************************************************************
[2021-05-16 14:51:27-INFO] Header PAGE
Array
(
    [user_id] => 1236064927
)

****************************************************************************************************
[2021-05-16 14:51:27-INFO] Header PAGE
Array
(
    [user_id] => 1236064927
)

****************************************************************************************************
[2021-05-16 14:51:27-INFO] Header PAGE
Array
(
    [user_id] => 1236064927
)

****************************************************************************************************
[2021-05-16 14:51:29-INFO] Header PAGE
Array
(
    [user_id] => 1236064927
)

****************************************************************************************************
[2021-05-16 14:51:29-INFO] Header PAGE
Array
(
    [user_id] => 1236064927
)

****************************************************************************************************
[2021-05-16 14:51:29-INFO] Product PAGE
Array
(
    [user_id] => 1236064927
)

****************************************************************************************************
[2021-05-16 14:51:29-INFO] Header PAGE
Array
(
    [user_id] => 1236064927
)

****************************************************************************************************
[2021-05-16 14:51:29-INFO] Header PAGE
Array
(
    [user_id] => 1236064927
)

****************************************************************************************************
[2021-05-16 14:51:32-INFO] Header PAGE
Array
(
    [user_id] => 1236064927
)

****************************************************************************************************
[2021-05-16 14:51:33-INFO] Header PAGE
Array
(
    [user_id] => 1236064927
)

****************************************************************************************************
[2021-05-16 14:51:33-INFO] Product PAGE
Array
(
    [user_id] => 1236064927
)

****************************************************************************************************
[2021-05-16 14:51:33-INFO] Header PAGE
Array
(
    [user_id] => 1236064927
)

****************************************************************************************************
[2021-05-16 14:51:35-INFO] Header PAGE
Array
(
    [user_id] => 1236064927
)

****************************************************************************************************
[2021-05-16 14:51:35-INFO] Header PAGE
Array
(
    [user_id] => 1236064927
)

****************************************************************************************************
[2021-05-16 14:51:35-INFO] Product PAGE
Array
(
    [user_id] => 1236064927
)

****************************************************************************************************
[2021-05-16 14:51:36-INFO] Header PAGE
Array
(
    [user_id] => 1236064927
)

****************************************************************************************************
[2021-05-16 14:51:37-INFO] Header PAGE
Array
(
    [user_id] => 1236064927
)

****************************************************************************************************
[2021-05-16 14:51:42-INFO] Header PAGE
Array
(
    [user_id] => 1236064927
)

****************************************************************************************************
[2021-05-16 14:51:42-INFO] Header PAGE
Array
(
    [user_id] => 1236064927
)

****************************************************************************************************
[2021-05-16 14:51:44-INFO] Header PAGE
Array
(
    [user_id] => 1236064927
)

****************************************************************************************************
[2021-05-16 14:51:44-INFO] Product PAGE
Array
(
    [user_id] => 1236064927
)

****************************************************************************************************
[2021-05-16 14:51:44-INFO] Header PAGE
Array
(
    [user_id] => 1236064927
)

****************************************************************************************************
[2021-05-16 14:51:44-INFO] Header PAGE
Array
(
    [user_id] => 1236064927
)

****************************************************************************************************
[2021-05-16 14:52:06-INFO] Header PAGE
Array
(
    [user_id] => 1236064927
)

****************************************************************************************************
[2021-05-16 14:52:06-INFO] Product PAGE
Array
(
    [user_id] => 1236064927
)

****************************************************************************************************
[2021-05-16 14:52:07-INFO] Header PAGE
Array
(
    [user_id] => 1236064927
)

****************************************************************************************************
[2021-05-16 14:52:07-INFO] Header PAGE
Array
(
    [user_id] => 1236064927
)

****************************************************************************************************
[2021-05-16 14:52:08-INFO] Header PAGE
Array
(
    [user_id] => 1236064927
)

****************************************************************************************************
[2021-05-16 14:52:08-INFO] Product PAGE
Array
(
    [user_id] => 1236064927
)

****************************************************************************************************
[2021-05-16 14:52:09-INFO] Header PAGE
Array
(
    [user_id] => 1236064927
)

****************************************************************************************************
[2021-05-16 14:52:09-INFO] Header PAGE
Array
(
    [user_id] => 1236064927
)

****************************************************************************************************
[2021-05-16 14:52:11-INFO] Header PAGE
Array
(
    [user_id] => 1236064927
)

****************************************************************************************************
[2021-05-16 14:52:11-INFO] Header PAGE
Array
(
    [user_id] => 1236064927
)

****************************************************************************************************
[2021-05-16 14:52:11-INFO] Product PAGE
Array
(
    [user_id] => 1236064927
)

****************************************************************************************************
[2021-05-16 14:52:11-INFO] Header PAGE
Array
(
    [user_id] => 1236064927
)

****************************************************************************************************
[2021-05-16 14:52:12-INFO] Header PAGE
Array
(
    [user_id] => 1236064927
)

****************************************************************************************************
[2021-05-16 14:52:24-INFO] Header PAGE
Array
(
    [user_id] => 1236064927
)

****************************************************************************************************
[2021-05-16 14:52:24-INFO] Header PAGE
Array
(
    [user_id] => 1236064927
)

****************************************************************************************************
[2021-05-16 14:52:26-INFO] Header PAGE
Array
(
    [user_id] => 1236064927
)

****************************************************************************************************
[2021-05-16 14:52:26-INFO] Product PAGE
Array
(
    [user_id] => 1236064927
)

****************************************************************************************************
[2021-05-16 14:52:26-INFO] Header PAGE
Array
(
    [user_id] => 1236064927
)

****************************************************************************************************
[2021-05-16 14:52:30-INFO] Header PAGE
Array
(
    [user_id] => 1236064927
)

****************************************************************************************************
[2021-05-16 15:27:58-INFO] Header PAGE
Array
(
    [user_id] => 1236064927
)

****************************************************************************************************
[2021-05-16 15:27:58-INFO] Product PAGE
Array
(
    [user_id] => 1236064927
)

****************************************************************************************************
[2021-05-16 15:27:58-INFO] Header PAGE
Array
(
    [user_id] => 1236064927
)

****************************************************************************************************
[2021-05-16 15:28:01-INFO] Header PAGE
Array
(
    [user_id] => 1236064927
)

****************************************************************************************************
[2021-05-16 15:28:01-INFO] Header PAGE
Array
(
    [user_id] => 1236064927
)

****************************************************************************************************
[2021-05-16 15:28:01-INFO] Product PAGE
Array
(
    [user_id] => 1236064927
)

****************************************************************************************************
[2021-05-16 15:28:01-INFO] Header PAGE
Array
(
    [user_id] => 1236064927
)

****************************************************************************************************
[2021-05-16 15:31:29-INFO] Header PAGE
Array
(
    [user_id] => 1236064927
)

****************************************************************************************************
[2021-05-16 15:31:29-INFO] Product PAGE
Array
(
    [user_id] => 1236064927
)

****************************************************************************************************
[2021-05-16 15:31:30-INFO] Header PAGE
Array
(
    [user_id] => 1236064927
)

****************************************************************************************************
[2021-05-16 15:31:36-INFO] Header PAGE
Array
(
    [user_id] => 1236064927
)

****************************************************************************************************
[2021-05-16 15:31:36-INFO] Header PAGE
Array
(
    [user_id] => 1236064927
)

****************************************************************************************************
[2021-05-16 15:32:13-INFO] Header PAGE
Array
(
    [user_id] => 1236064927
)

****************************************************************************************************
[2021-05-16 15:32:13-INFO] Header PAGE
Array
(
    [user_id] => 1236064927
)

****************************************************************************************************
[2021-05-16 15:32:59-INFO] Header PAGE
Array
(
    [user_id] => 1236064927
)

****************************************************************************************************
[2021-05-16 15:32:59-INFO] Header PAGE
Array
(
    [user_id] => 1236064927
)

****************************************************************************************************
[2021-05-16 15:33:02-INFO] Header PAGE
Array
(
    [user_id] => 1236064927
)

****************************************************************************************************
[2021-05-16 15:33:02-INFO] Header PAGE
Array
(
    [user_id] => 1236064927
)

****************************************************************************************************
[2021-05-16 15:33:03-INFO] Header PAGE
Array
(
    [user_id] => 1236064927
)

****************************************************************************************************
[2021-05-16 15:33:03-INFO] Header PAGE
Array
(
    [user_id] => 1236064927
)

****************************************************************************************************
[2021-05-16 15:33:04-INFO] Header PAGE
Array
(
    [user_id] => 1236064927
)

****************************************************************************************************
[2021-05-16 15:33:04-INFO] Product PAGE
Array
(
    [user_id] => 1236064927
)

****************************************************************************************************
[2021-05-16 15:33:04-INFO] Header PAGE
Array
(
    [user_id] => 1236064927
)

****************************************************************************************************
[2021-05-16 15:33:10-INFO] Header PAGE
Array
(
    [user_id] => 1236064927
)

****************************************************************************************************
[2021-05-16 15:33:10-INFO] Product PAGE
Array
(
    [user_id] => 1236064927
)

****************************************************************************************************
[2021-05-16 15:33:10-INFO] Header PAGE
Array
(
    [user_id] => 1236064927
)

****************************************************************************************************
[2021-05-16 15:33:51-INFO] Header PAGE
Array
(
    [user_id] => 1236064927
)

****************************************************************************************************
[2021-05-16 15:33:51-INFO] Header PAGE
Array
(
    [user_id] => 1236064927
)

****************************************************************************************************
[2021-05-16 15:33:54-INFO] Header PAGE
Array
(
    [user_id] => 1236064927
)

****************************************************************************************************
[2021-05-16 15:33:54-INFO] Header PAGE
Array
(
    [user_id] => 1236064927
)

****************************************************************************************************
[2021-05-16 15:33:58-INFO] Header PAGE
Array
(
    [user_id] => 1236064927
)

****************************************************************************************************
[2021-05-16 15:33:58-INFO] Header PAGE
Array
(
    [user_id] => 1236064927
)

****************************************************************************************************
[2021-05-16 15:34:02-INFO] Header PAGE
Array
(
    [user_id] => 1236064927
)

****************************************************************************************************
[2021-05-16 15:34:02-INFO] Header PAGE
Array
(
    [user_id] => 1236064927
)

****************************************************************************************************
[2021-05-16 15:35:15-INFO] Header PAGE
Array
(
    [user_id] => 1236064927
)

****************************************************************************************************
[2021-05-16 15:35:15-INFO] Header PAGE
Array
(
    [user_id] => 1236064927
)

****************************************************************************************************
[2021-05-16 15:35:17-INFO] Header PAGE
Array
(
    [user_id] => 1236064927
)

****************************************************************************************************
[2021-05-16 15:35:17-INFO] Header PAGE
Array
(
    [user_id] => 1236064927
)

****************************************************************************************************
[2021-05-16 15:35:25-INFO] Header PAGE
Array
(
    [user_id] => 1236064927
)

****************************************************************************************************
[2021-05-16 15:35:25-INFO] Header PAGE
Array
(
    [user_id] => 1236064927
)

****************************************************************************************************
[2021-05-16 15:35:25-INFO] Header PAGE
Array
(
    [user_id] => 1236064927
)

****************************************************************************************************
[2021-05-16 15:35:25-INFO] Header PAGE
Array
(
    [user_id] => 1236064927
)

****************************************************************************************************
[2021-05-16 15:35:25-INFO] Header PAGE
Array
(
    [user_id] => 1236064927
)

****************************************************************************************************
[2021-05-16 15:35:36-INFO] Header PAGE
Array
(
    [user_id] => 1236064927
)

****************************************************************************************************
[2021-05-16 15:35:37-INFO] Header PAGE
Array
(
    [user_id] => 1236064927
)

****************************************************************************************************
[2021-05-16 15:35:37-INFO] Header PAGE
Array
(
    [user_id] => 1236064927
)

****************************************************************************************************
[2021-05-16 15:35:37-INFO] Header PAGE
Array
(
    [user_id] => 1236064927
)

****************************************************************************************************
[2021-05-16 15:35:37-INFO] Header PAGE
Array
(
    [user_id] => 1236064927
)

****************************************************************************************************
[2021-05-16 15:35:37-INFO] Header PAGE
Array
(
    [user_id] => 1236064927
)

****************************************************************************************************
[2021-05-16 15:35:37-INFO] Header PAGE
Array
(
    [user_id] => 1236064927
)

****************************************************************************************************
[2021-05-16 15:35:38-INFO] Header PAGE
Array
(
    [user_id] => 1236064927
)

****************************************************************************************************
[2021-05-16 15:35:38-INFO] Header PAGE
Array
(
    [user_id] => 1236064927
)

****************************************************************************************************
[2021-05-16 15:35:38-INFO] Header PAGE
Array
(
    [user_id] => 1236064927
)

****************************************************************************************************
[2021-05-16 15:35:38-INFO] Header PAGE
Array
(
    [user_id] => 1236064927
)

****************************************************************************************************
[2021-05-16 15:35:38-INFO] Header PAGE
Array
(
    [user_id] => 1236064927
)

****************************************************************************************************
[2021-05-16 15:35:38-INFO] Header PAGE
Array
(
    [user_id] => 1236064927
)

****************************************************************************************************
[2021-05-16 15:35:38-INFO] Header PAGE
Array
(
    [user_id] => 1236064927
)

****************************************************************************************************
[2021-05-16 15:35:38-INFO] Header PAGE
Array
(
    [user_id] => 1236064927
)

****************************************************************************************************
[2021-05-16 15:35:43-INFO] Header PAGE
Array
(
    [user_id] => 1236064927
)

****************************************************************************************************
[2021-05-16 15:35:43-INFO] Header PAGE
Array
(
    [user_id] => 1236064927
)

****************************************************************************************************
[2021-05-16 15:35:51-INFO] Header PAGE
Array
(
    [user_id] => 1236064927
)

****************************************************************************************************
[2021-05-16 15:35:51-INFO] Header PAGE
Array
(
    [user_id] => 1236064927
)

****************************************************************************************************
[2021-05-16 15:42:34-INFO] Header PAGE
Array
(
    [user_id] => 1236064927
)

****************************************************************************************************
[2021-05-16 15:42:34-INFO] Header PAGE
Array
(
    [user_id] => 1236064927
)

****************************************************************************************************
[2021-05-16 15:42:39-INFO] Header PAGE
Array
(
    [user_id] => 1236064927
)

****************************************************************************************************
[2021-05-16 15:42:39-INFO] Header PAGE
Array
(
    [user_id] => 1236064927
)

****************************************************************************************************
[2021-05-16 15:42:50-INFO] Header PAGE
Array
(
    [user_id] => 1236064927
)

****************************************************************************************************
[2021-05-16 15:42:50-INFO] Header PAGE
Array
(
    [user_id] => 1236064927
)

****************************************************************************************************
[2021-05-16 15:42:55-INFO] Header PAGE
Array
(
    [user_id] => 1236064927
)

****************************************************************************************************
[2021-05-16 15:42:55-INFO] Header PAGE
Array
(
    [user_id] => 1236064927
)

****************************************************************************************************
[2021-05-16 15:49:24-INFO] Header PAGE
Array
(
    [user_id] => 1236064927
)

****************************************************************************************************
[2021-05-16 15:49:24-INFO] Header PAGE
Array
(
    [user_id] => 1236064927
)

****************************************************************************************************
[2021-05-16 15:49:29-INFO] Header PAGE
Array
(
    [user_id] => 1236064927
)

****************************************************************************************************
[2021-05-16 15:49:29-INFO] Header PAGE
Array
(
    [user_id] => 1236064927
)

****************************************************************************************************
[2021-05-16 15:50:13-INFO] Header PAGE
Array
(
    [user_id] => 1236064927
)

****************************************************************************************************
[2021-05-16 15:50:13-INFO] Header PAGE
Array
(
    [user_id] => 1236064927
)

****************************************************************************************************
[2021-05-16 15:50:33-INFO] Header PAGE
Array
(
    [user_id] => 1236064927
)

****************************************************************************************************
[2021-05-16 15:50:33-INFO] Header PAGE
Array
(
    [user_id] => 1236064927
)

****************************************************************************************************
[2021-05-16 15:50:37-INFO] Header PAGE
Array
(
    [user_id] => 1236064927
)

****************************************************************************************************
[2021-05-16 15:50:37-INFO] Header PAGE
Array
(
    [user_id] => 1236064927
)

****************************************************************************************************
[2021-05-16 15:50:59-INFO] Header PAGE
Array
(
    [user_id] => 1236064927
)

****************************************************************************************************
[2021-05-16 15:50:59-INFO] Header PAGE
Array
(
    [user_id] => 1236064927
)

****************************************************************************************************
[2021-05-16 15:51:25-INFO] Header PAGE
Array
(
    [user_id] => 1236064927
)

****************************************************************************************************
[2021-05-16 15:51:25-INFO] Header PAGE
Array
(
    [user_id] => 1236064927
)

****************************************************************************************************
[2021-05-16 15:51:32-INFO] Header PAGE
Array
(
    [user_id] => 1236064927
)

****************************************************************************************************
[2021-05-16 15:51:32-INFO] Header PAGE
Array
(
    [user_id] => 1236064927
)

****************************************************************************************************
[2021-05-16 15:51:57-INFO] Header PAGE
Array
(
    [user_id] => 1236064927
)

****************************************************************************************************
[2021-05-16 15:51:57-INFO] Header PAGE
Array
(
    [user_id] => 1236064927
)

****************************************************************************************************
[2021-05-16 15:52:03-INFO] Header PAGE
Array
(
    [user_id] => 1236064927
)

****************************************************************************************************
[2021-05-16 15:52:03-INFO] Header PAGE
Array
(
    [user_id] => 1236064927
)

****************************************************************************************************
[2021-05-16 15:52:08-INFO] Header PAGE
Array
(
    [user_id] => 1236064927
)

****************************************************************************************************
[2021-05-16 15:52:08-INFO] Header PAGE
Array
(
    [user_id] => 1236064927
)

****************************************************************************************************
[2021-05-16 16:25:24-INFO] Header PAGE
Array
(
    [user_id] => 1236064927
)

****************************************************************************************************
[2021-05-16 16:25:24-INFO] Header PAGE
Array
(
    [user_id] => 1236064927
)

****************************************************************************************************
[2021-05-16 16:25:26-INFO] Header PAGE
Array
(
    [user_id] => 1236064927
)

****************************************************************************************************
[2021-05-16 16:25:26-INFO] Header PAGE
Array
(
    [user_id] => 1236064927
)

****************************************************************************************************
[2021-05-16 16:25:30-INFO] Header PAGE
Array
(
    [user_id] => 1236064927
)

****************************************************************************************************
[2021-05-16 16:25:30-INFO] Header PAGE
Array
(
    [user_id] => 1236064927
)

****************************************************************************************************
[2021-05-16 16:25:42-INFO] Header PAGE
Array
(
    [user_id] => 1236064927
)

****************************************************************************************************
[2021-05-16 16:25:42-INFO] Header PAGE
Array
(
    [user_id] => 1236064927
)

****************************************************************************************************
[2021-05-16 16:25:57-INFO] Header PAGE
Array
(
    [user_id] => 1236064927
)

****************************************************************************************************
[2021-05-16 16:25:57-INFO] Header PAGE
Array
(
    [user_id] => 1236064927
)

****************************************************************************************************
[2021-05-16 16:26:00-INFO] Header PAGE
Array
(
    [user_id] => 1236064927
)

****************************************************************************************************
[2021-05-16 16:26:00-INFO] Header PAGE
Array
(
    [user_id] => 1236064927
)

****************************************************************************************************
[2021-05-16 16:26:16-INFO] Header PAGE
Array
(
    [user_id] => 1236064927
)

****************************************************************************************************
[2021-05-16 16:26:16-INFO] Header PAGE
Array
(
    [user_id] => 1236064927
)

****************************************************************************************************
[2021-05-16 16:26:22-INFO] Header PAGE
Array
(
    [user_id] => 1236064927
)

****************************************************************************************************
[2021-05-16 16:26:22-INFO] Header PAGE
Array
(
    [user_id] => 1236064927
)

****************************************************************************************************
[2021-05-16 16:26:40-INFO] Header PAGE
Array
(
    [user_id] => 1236064927
)

****************************************************************************************************
[2021-05-16 16:26:40-INFO] Header PAGE
Array
(
    [user_id] => 1236064927
)

****************************************************************************************************
[2021-05-16 16:26:43-INFO] Header PAGE
Array
(
    [user_id] => 1236064927
)

****************************************************************************************************
[2021-05-16 16:26:47-INFO] Header PAGE
Array
(
    [user_id] => 1236064927
)

****************************************************************************************************
[2021-05-16 16:26:47-INFO] Header PAGE
Array
(
    [user_id] => 1236064927
)

****************************************************************************************************
[2021-05-16 16:27:00-INFO] Header PAGE
Array
(
    [user_id] => 1236064927
)

****************************************************************************************************
[2021-05-16 16:27:00-INFO] Header PAGE
Array
(
    [user_id] => 1236064927
)

****************************************************************************************************
[2021-05-16 16:27:19-INFO] Header PAGE
Array
(
    [user_id] => 1236064927
)

****************************************************************************************************
[2021-05-16 16:27:19-INFO] Header PAGE
Array
(
    [user_id] => 1236064927
)

****************************************************************************************************
