[2021-05-27 06:13:03-INFO] Header PAGE
Array
(
    [user_id] => 1317103660
)

****************************************************************************************************
[2021-05-27 06:13:03-INFO] Header PAGE
Array
(
    [user_id] => 1317103660
)

****************************************************************************************************
[2021-05-27 06:13:06-INFO] Header PAGE
Array
(
    [user_id] => 250035770
)

****************************************************************************************************
[2021-05-27 06:13:06-INFO] Header PAGE
Array
(
    [user_id] => 736704536
)

****************************************************************************************************
[2021-05-27 06:13:07-INFO] Header PAGE
Array
(
    [user_id] => 660816529
)

****************************************************************************************************
[2021-05-27 06:13:07-INFO] Login PAGE
Array
(
    [user_id] => 660816529
)

****************************************************************************************************
[2021-05-27 06:13:14-INFO] Header PAGE
Array
(
    [user_id] => 714810058
)

****************************************************************************************************
[2021-05-27 06:13:15-INFO] Header PAGE
Array
(
    [user_id] => 922682110
)

****************************************************************************************************
[2021-05-27 06:13:15-INFO] Header PAGE
Array
(
    [user_id] => 922682110
)

****************************************************************************************************
[2021-05-27 06:13:16-INFO] Header PAGE
Array
(
    [user_id] => 922682110
)

****************************************************************************************************
[2021-05-27 06:13:16-INFO] Product PAGE
Array
(
    [user_id] => 922682110
)

****************************************************************************************************
[2021-05-27 06:13:16-INFO] Header PAGE
Array
(
    [user_id] => 922682110
)

****************************************************************************************************
[2021-05-27 06:13:20-INFO] Header PAGE
Array
(
    [user_id] => 922682110
)

****************************************************************************************************
[2021-05-27 06:13:24-INFO] Header PAGE
Array
(
    [user_id] => 922682110
)

****************************************************************************************************
[2021-05-27 06:13:24-INFO] Product PAGE
Array
(
    [user_id] => 922682110
)

****************************************************************************************************
[2021-05-27 06:13:24-INFO] Header PAGE
Array
(
    [user_id] => 922682110
)

****************************************************************************************************
[2021-05-27 06:13:24-INFO] Header PAGE
Array
(
    [user_id] => 922682110
)

****************************************************************************************************
[2021-05-27 06:13:24-INFO] Header PAGE
Array
(
    [user_id] => 922682110
)

****************************************************************************************************
[2021-05-27 06:13:27-INFO] Header PAGE
Array
(
    [user_id] => 922682110
)

****************************************************************************************************
[2021-05-27 06:13:27-INFO] Product PAGE
Array
(
    [user_id] => 922682110
)

****************************************************************************************************
[2021-05-27 06:13:27-INFO] Header PAGE
Array
(
    [user_id] => 922682110
)

****************************************************************************************************
[2021-05-27 06:15:16-INFO] Header PAGE
Array
(
    [user_id] => 922682110
)

****************************************************************************************************
[2021-05-27 06:15:16-INFO] Product PAGE
Array
(
    [user_id] => 922682110
)

****************************************************************************************************
[2021-05-27 06:15:16-INFO] Header PAGE
Array
(
    [user_id] => 922682110
)

****************************************************************************************************
[2021-05-27 06:15:20-INFO] Header PAGE
Array
(
    [user_id] => 922682110
)

****************************************************************************************************
[2021-05-27 06:15:20-INFO] Header PAGE
Array
(
    [user_id] => 922682110
)

****************************************************************************************************
[2021-05-27 06:15:20-INFO] Product PAGE
Array
(
    [user_id] => 922682110
)

****************************************************************************************************
[2021-05-27 06:15:20-INFO] Header PAGE
Array
(
    [user_id] => 922682110
)

****************************************************************************************************
[2021-05-27 06:15:26-INFO] Header PAGE
Array
(
    [user_id] => 922682110
)

****************************************************************************************************
[2021-05-27 06:15:26-INFO] Header PAGE
Array
(
    [user_id] => 922682110
)

****************************************************************************************************
[2021-05-27 06:15:26-INFO] Product PAGE
Array
(
    [user_id] => 922682110
)

****************************************************************************************************
[2021-05-27 06:15:26-INFO] Header PAGE
Array
(
    [user_id] => 922682110
)

****************************************************************************************************
[2021-05-27 06:15:49-INFO] Header PAGE
Array
(
    [user_id] => 922682110
)

****************************************************************************************************
[2021-05-27 06:15:49-INFO] Product PAGE
Array
(
    [user_id] => 922682110
)

****************************************************************************************************
[2021-05-27 06:15:49-INFO] Header PAGE
Array
(
    [user_id] => 922682110
)

****************************************************************************************************
[2021-05-27 06:16:08-INFO] Header PAGE
Array
(
    [user_id] => 922682110
)

****************************************************************************************************
[2021-05-27 06:16:08-INFO] Product PAGE
Array
(
    [user_id] => 922682110
)

****************************************************************************************************
[2021-05-27 06:16:08-INFO] Header PAGE
Array
(
    [user_id] => 922682110
)

****************************************************************************************************
[2021-05-27 06:16:09-INFO] Header PAGE
Array
(
    [user_id] => 922682110
)

****************************************************************************************************
[2021-05-27 06:16:09-INFO] Product PAGE
Array
(
    [user_id] => 922682110
)

****************************************************************************************************
[2021-05-27 06:16:09-INFO] Header PAGE
Array
(
    [user_id] => 922682110
)

****************************************************************************************************
[2021-05-27 06:16:12-INFO] Header PAGE
Array
(
    [user_id] => 922682110
)

****************************************************************************************************
[2021-05-27 06:16:12-INFO] Product PAGE
Array
(
    [user_id] => 922682110
)

****************************************************************************************************
[2021-05-27 06:16:12-INFO] Header PAGE
Array
(
    [user_id] => 922682110
)

****************************************************************************************************
[2021-05-27 06:16:51-INFO] Header PAGE
Array
(
    [user_id] => 922682110
)

****************************************************************************************************
[2021-05-27 06:16:51-INFO] Product PAGE
Array
(
    [user_id] => 922682110
)

****************************************************************************************************
[2021-05-27 06:16:51-INFO] Header PAGE
Array
(
    [user_id] => 922682110
)

****************************************************************************************************
[2021-05-27 06:16:52-INFO] Header PAGE
Array
(
    [user_id] => 922682110
)

****************************************************************************************************
[2021-05-27 06:17:50-INFO] Header PAGE
Array
(
    [user_id] => 922682110
)

****************************************************************************************************
[2021-05-27 06:17:53-INFO] Header PAGE
Array
(
    [user_id] => 922682110
)

****************************************************************************************************
[2021-05-27 06:17:53-INFO] Product PAGE
Array
(
    [user_id] => 922682110
)

****************************************************************************************************
[2021-05-27 06:17:53-INFO] Header PAGE
Array
(
    [user_id] => 922682110
)

****************************************************************************************************
[2021-05-27 06:17:55-INFO] Header PAGE
Array
(
    [user_id] => 922682110
)

****************************************************************************************************
[2021-05-27 06:19:04-INFO] Header PAGE
Array
(
    [user_id] => 922682110
)

****************************************************************************************************
[2021-05-27 06:19:06-INFO] Header PAGE
Array
(
    [user_id] => 922682110
)

****************************************************************************************************
[2021-05-27 06:19:06-INFO] Product PAGE
Array
(
    [user_id] => 922682110
)

****************************************************************************************************
[2021-05-27 06:19:06-INFO] Header PAGE
Array
(
    [user_id] => 922682110
)

****************************************************************************************************
[2021-05-27 06:19:08-INFO] Header PAGE
Array
(
    [user_id] => 922682110
)

****************************************************************************************************
[2021-05-27 06:19:14-INFO] Header PAGE
Array
(
    [user_id] => 922682110
)

****************************************************************************************************
[2021-05-27 06:21:17-INFO] Header PAGE
Array
(
    [user_id] => 922682110
)

****************************************************************************************************
[2021-05-27 06:22:17-INFO] Header PAGE
Array
(
    [user_id] => 922682110
)

****************************************************************************************************
[2021-05-27 06:22:21-INFO] Header PAGE
Array
(
    [user_id] => 922682110
)

****************************************************************************************************
[2021-05-27 06:22:21-INFO] Product PAGE
Array
(
    [user_id] => 922682110
)

****************************************************************************************************
[2021-05-27 06:22:21-INFO] Header PAGE
Array
(
    [user_id] => 922682110
)

****************************************************************************************************
[2021-05-27 06:22:22-INFO] Header PAGE
Array
(
    [user_id] => 922682110
)

****************************************************************************************************
[2021-05-27 06:22:27-INFO] Header PAGE
Array
(
    [user_id] => 922682110
)

****************************************************************************************************
[2021-05-27 06:22:27-INFO] Header PAGE
Array
(
    [user_id] => 922682110
)

****************************************************************************************************
[2021-05-27 06:24:28-INFO] Header PAGE
Array
(
    [user_id] => 922682110
)

****************************************************************************************************
[2021-05-27 06:24:32-INFO] Header PAGE
Array
(
    [user_id] => 922682110
)

****************************************************************************************************
[2021-05-27 06:24:32-INFO] Product PAGE
Array
(
    [user_id] => 922682110
)

****************************************************************************************************
[2021-05-27 06:24:32-INFO] Header PAGE
Array
(
    [user_id] => 922682110
)

****************************************************************************************************
[2021-05-27 06:24:35-INFO] Header PAGE
Array
(
    [user_id] => 922682110
)

****************************************************************************************************
[2021-05-27 06:24:37-INFO] Header PAGE
Array
(
    [user_id] => 922682110
)

****************************************************************************************************
[2021-05-27 06:24:37-INFO] Product PAGE
Array
(
    [user_id] => 922682110
)

****************************************************************************************************
[2021-05-27 06:24:37-INFO] Header PAGE
Array
(
    [user_id] => 922682110
)

****************************************************************************************************
[2021-05-27 06:24:39-INFO] Header PAGE
Array
(
    [user_id] => 922682110
)

****************************************************************************************************
[2021-05-27 06:24:44-INFO] Header PAGE
Array
(
    [user_id] => 922682110
)

****************************************************************************************************
[2021-05-27 06:24:44-INFO] Header PAGE
Array
(
    [user_id] => 922682110
)

****************************************************************************************************
[2021-05-27 06:27:49-INFO] Header PAGE
Array
(
    [user_id] => 922682110
)

****************************************************************************************************
[2021-05-27 06:27:49-INFO] Product PAGE
Array
(
    [user_id] => 922682110
)

****************************************************************************************************
[2021-05-27 06:27:49-INFO] Header PAGE
Array
(
    [user_id] => 922682110
)

****************************************************************************************************
[2021-05-27 06:27:52-INFO] Header PAGE
Array
(
    [user_id] => 922682110
)

****************************************************************************************************
[2021-05-27 06:27:57-INFO] Header PAGE
Array
(
    [user_id] => 922682110
)

****************************************************************************************************
[2021-05-27 06:27:57-INFO] Header PAGE
Array
(
    [user_id] => 922682110
)

****************************************************************************************************
[2021-05-27 06:27:57-INFO] Header PAGE
Array
(
    [user_id] => 922682110
)

****************************************************************************************************
[2021-05-27 06:27:59-INFO] Header PAGE
Array
(
    [user_id] => 922682110
)

****************************************************************************************************
[2021-05-27 06:27:59-INFO] Product PAGE
Array
(
    [user_id] => 922682110
)

****************************************************************************************************
[2021-05-27 06:27:59-INFO] Header PAGE
Array
(
    [user_id] => 922682110
)

****************************************************************************************************
[2021-05-27 06:28:06-INFO] Header PAGE
Array
(
    [user_id] => 922682110
)

****************************************************************************************************
[2021-05-27 06:28:10-INFO] Header PAGE
Array
(
    [user_id] => 922682110
)

****************************************************************************************************
[2021-05-27 06:28:10-INFO] Header PAGE
Array
(
    [user_id] => 922682110
)

****************************************************************************************************
[2021-05-27 06:28:10-INFO] Header PAGE
Array
(
    [user_id] => 922682110
)

****************************************************************************************************
[2021-05-27 06:28:20-INFO] Header PAGE
Array
(
    [user_id] => 922682110
)

****************************************************************************************************
[2021-05-27 06:28:20-INFO] Product PAGE
Array
(
    [user_id] => 922682110
)

****************************************************************************************************
[2021-05-27 06:28:20-INFO] Header PAGE
Array
(
    [user_id] => 922682110
)

****************************************************************************************************
[2021-05-27 06:28:22-INFO] Header PAGE
Array
(
    [user_id] => 922682110
)

****************************************************************************************************
[2021-05-27 06:28:22-INFO] Product PAGE
Array
(
    [user_id] => 922682110
)

****************************************************************************************************
[2021-05-27 06:28:22-INFO] Header PAGE
Array
(
    [user_id] => 922682110
)

****************************************************************************************************
[2021-05-27 06:28:53-INFO] Header PAGE
Array
(
    [user_id] => 922682110
)

****************************************************************************************************
[2021-05-27 06:28:53-INFO] Product PAGE
Array
(
    [user_id] => 922682110
)

****************************************************************************************************
[2021-05-27 06:28:53-INFO] Header PAGE
Array
(
    [user_id] => 922682110
)

****************************************************************************************************
[2021-05-27 06:28:56-INFO] Header PAGE
Array
(
    [user_id] => 922682110
)

****************************************************************************************************
[2021-05-27 06:29:00-INFO] Header PAGE
Array
(
    [user_id] => 922682110
)

****************************************************************************************************
[2021-05-27 06:29:00-INFO] Header PAGE
Array
(
    [user_id] => 922682110
)

****************************************************************************************************
[2021-05-27 06:38:22-INFO] Header PAGE
Array
(
    [user_id] => 922682110
)

****************************************************************************************************
[2021-05-27 06:38:22-INFO] Header PAGE
Array
(
    [user_id] => 922682110
)

****************************************************************************************************
[2021-05-27 06:38:23-INFO] Header PAGE
Array
(
    [user_id] => 922682110
)

****************************************************************************************************
[2021-05-27 06:38:23-INFO] Product PAGE
Array
(
    [user_id] => 922682110
)

****************************************************************************************************
[2021-05-27 06:38:23-INFO] Header PAGE
Array
(
    [user_id] => 922682110
)

****************************************************************************************************
[2021-05-27 06:38:25-INFO] Header PAGE
Array
(
    [user_id] => 922682110
)

****************************************************************************************************
[2021-05-27 06:38:30-INFO] Header PAGE
Array
(
    [user_id] => 922682110
)

****************************************************************************************************
[2021-05-27 06:38:31-INFO] Header PAGE
Array
(
    [user_id] => 922682110
)

****************************************************************************************************
[2021-05-27 06:43:45-INFO] Header PAGE
Array
(
    [user_id] => 922682110
)

****************************************************************************************************
[2021-05-27 06:43:46-INFO] Header PAGE
Array
(
    [user_id] => 922682110
)

****************************************************************************************************
[2021-05-27 06:43:46-INFO] Product PAGE
Array
(
    [user_id] => 922682110
)

****************************************************************************************************
[2021-05-27 06:43:46-INFO] Header PAGE
Array
(
    [user_id] => 922682110
)

****************************************************************************************************
[2021-05-27 06:44:32-INFO] Header PAGE
Array
(
    [user_id] => 922682110
)

****************************************************************************************************
[2021-05-27 06:44:32-INFO] Product PAGE
Array
(
    [user_id] => 922682110
)

****************************************************************************************************
[2021-05-27 06:44:32-INFO] Header PAGE
Array
(
    [user_id] => 922682110
)

****************************************************************************************************
[2021-05-27 06:44:34-INFO] Header PAGE
Array
(
    [user_id] => 922682110
)

****************************************************************************************************
[2021-05-27 06:44:34-INFO] Product PAGE
Array
(
    [user_id] => 922682110
)

****************************************************************************************************
[2021-05-27 06:44:34-INFO] Header PAGE
Array
(
    [user_id] => 922682110
)

****************************************************************************************************
[2021-05-27 06:44:38-INFO] Header PAGE
Array
(
    [user_id] => 922682110
)

****************************************************************************************************
[2021-05-27 06:44:38-INFO] Product PAGE
Array
(
    [user_id] => 922682110
)

****************************************************************************************************
[2021-05-27 06:44:38-INFO] Header PAGE
Array
(
    [user_id] => 922682110
)

****************************************************************************************************
[2021-05-27 06:46:31-INFO] Header PAGE
Array
(
    [user_id] => 922682110
)

****************************************************************************************************
[2021-05-27 06:46:31-INFO] Product PAGE
Array
(
    [user_id] => 922682110
)

****************************************************************************************************
[2021-05-27 06:46:31-INFO] Header PAGE
Array
(
    [user_id] => 922682110
)

****************************************************************************************************
[2021-05-27 06:47:01-INFO] Header PAGE
Array
(
    [user_id] => 922682110
)

****************************************************************************************************
[2021-05-27 06:47:01-INFO] Product PAGE
Array
(
    [user_id] => 922682110
)

****************************************************************************************************
[2021-05-27 06:47:01-INFO] Header PAGE
Array
(
    [user_id] => 922682110
)

****************************************************************************************************
[2021-05-27 06:47:04-INFO] Header PAGE
Array
(
    [user_id] => 922682110
)

****************************************************************************************************
[2021-05-27 06:47:12-INFO] Header PAGE
Array
(
    [user_id] => 922682110
)

****************************************************************************************************
[2021-05-27 06:47:12-INFO] Product PAGE
Array
(
    [user_id] => 922682110
)

****************************************************************************************************
[2021-05-27 06:47:12-INFO] Header PAGE
Array
(
    [user_id] => 922682110
)

****************************************************************************************************
[2021-05-27 06:47:45-INFO] Header PAGE
Array
(
    [user_id] => 922682110
)

****************************************************************************************************
[2021-05-27 06:47:45-INFO] Product PAGE
Array
(
    [user_id] => 922682110
)

****************************************************************************************************
[2021-05-27 06:47:45-INFO] Header PAGE
Array
(
    [user_id] => 922682110
)

****************************************************************************************************
[2021-05-27 06:48:26-INFO] Header PAGE
Array
(
    [user_id] => 922682110
)

****************************************************************************************************
[2021-05-27 06:48:26-INFO] Product PAGE
Array
(
    [user_id] => 922682110
)

****************************************************************************************************
[2021-05-27 06:48:26-INFO] Header PAGE
Array
(
    [user_id] => 922682110
)

****************************************************************************************************
[2021-05-27 06:49:28-INFO] Header PAGE
Array
(
    [user_id] => 922682110
)

****************************************************************************************************
[2021-05-27 06:49:28-INFO] Product PAGE
Array
(
    [user_id] => 922682110
)

****************************************************************************************************
[2021-05-27 06:49:28-INFO] Header PAGE
Array
(
    [user_id] => 922682110
)

****************************************************************************************************
[2021-05-27 06:57:56-INFO] Header PAGE
Array
(
    [user_id] => 922682110
)

****************************************************************************************************
[2021-05-27 06:58:12-INFO] Header PAGE
Array
(
    [user_id] => 922682110
)

****************************************************************************************************
[2021-05-27 06:58:12-INFO] Product PAGE
Array
(
    [user_id] => 922682110
)

****************************************************************************************************
[2021-05-27 06:58:13-INFO] Header PAGE
Array
(
    [user_id] => 922682110
)

****************************************************************************************************
[2021-05-27 06:58:18-INFO] Header PAGE
Array
(
    [user_id] => 922682110
)

****************************************************************************************************
[2021-05-27 06:58:49-INFO] Header PAGE
Array
(
    [user_id] => 922682110
)

****************************************************************************************************
[2021-05-27 06:59:27-INFO] Header PAGE
Array
(
    [user_id] => 922682110
)

****************************************************************************************************
[2021-05-27 06:59:27-INFO] Product PAGE
Array
(
    [user_id] => 922682110
)

****************************************************************************************************
[2021-05-27 06:59:27-INFO] Header PAGE
Array
(
    [user_id] => 922682110
)

****************************************************************************************************
[2021-05-27 06:59:30-INFO] Header PAGE
Array
(
    [user_id] => 922682110
)

****************************************************************************************************
[2021-05-27 06:59:30-INFO] Product PAGE
Array
(
    [user_id] => 922682110
)

****************************************************************************************************
[2021-05-27 06:59:30-INFO] Header PAGE
Array
(
    [user_id] => 922682110
)

****************************************************************************************************
[2021-05-27 07:00:39-INFO] Header PAGE
Array
(
    [user_id] => 922682110
)

****************************************************************************************************
[2021-05-27 07:00:39-INFO] Product PAGE
Array
(
    [user_id] => 922682110
)

****************************************************************************************************
[2021-05-27 07:00:39-INFO] Header PAGE
Array
(
    [user_id] => 922682110
)

****************************************************************************************************
[2021-05-27 07:00:48-INFO] Header PAGE
Array
(
    [user_id] => 922682110
)

****************************************************************************************************
[2021-05-27 07:00:52-INFO] Header PAGE
Array
(
    [user_id] => 922682110
)

****************************************************************************************************
[2021-05-27 07:00:52-INFO] Product PAGE
Array
(
    [user_id] => 922682110
)

****************************************************************************************************
[2021-05-27 07:00:52-INFO] Header PAGE
Array
(
    [user_id] => 922682110
)

****************************************************************************************************
[2021-05-27 07:01:34-INFO] Header PAGE
Array
(
    [user_id] => 922682110
)

****************************************************************************************************
[2021-05-27 07:01:34-INFO] Product PAGE
Array
(
    [user_id] => 922682110
)

****************************************************************************************************
[2021-05-27 07:01:34-INFO] Header PAGE
Array
(
    [user_id] => 922682110
)

****************************************************************************************************
[2021-05-27 07:01:36-INFO] Header PAGE
Array
(
    [user_id] => 922682110
)

****************************************************************************************************
[2021-05-27 07:01:36-INFO] Product PAGE
Array
(
    [user_id] => 922682110
)

****************************************************************************************************
[2021-05-27 07:01:36-INFO] Header PAGE
Array
(
    [user_id] => 922682110
)

****************************************************************************************************
[2021-05-27 07:02:54-INFO] Header PAGE
Array
(
    [user_id] => 922682110
)

****************************************************************************************************
[2021-05-27 07:02:54-INFO] Product PAGE
Array
(
    [user_id] => 922682110
)

****************************************************************************************************
[2021-05-27 07:02:54-INFO] Header PAGE
Array
(
    [user_id] => 922682110
)

****************************************************************************************************
[2021-05-27 07:02:57-INFO] Header PAGE
Array
(
    [user_id] => 922682110
)

****************************************************************************************************
[2021-05-27 07:04:16-INFO] Header PAGE
Array
(
    [user_id] => 922682110
)

****************************************************************************************************
[2021-05-27 07:04:17-INFO] Header PAGE
Array
(
    [user_id] => 922682110
)

****************************************************************************************************
[2021-05-27 07:04:19-INFO] Header PAGE
Array
(
    [user_id] => 922682110
)

****************************************************************************************************
[2021-05-27 07:04:19-INFO] Product PAGE
Array
(
    [user_id] => 922682110
)

****************************************************************************************************
[2021-05-27 07:04:19-INFO] Header PAGE
Array
(
    [user_id] => 922682110
)

****************************************************************************************************
[2021-05-27 07:04:27-INFO] Header PAGE
Array
(
    [user_id] => 922682110
)

****************************************************************************************************
[2021-05-27 07:04:43-INFO] Header PAGE
Array
(
    [user_id] => 922682110
)

****************************************************************************************************
[2021-05-27 07:04:45-INFO] Header PAGE
Array
(
    [user_id] => 922682110
)

****************************************************************************************************
[2021-05-27 07:04:48-INFO] Header PAGE
Array
(
    [user_id] => 922682110
)

****************************************************************************************************
[2021-05-27 07:04:48-INFO] Product PAGE
Array
(
    [user_id] => 922682110
)

****************************************************************************************************
[2021-05-27 07:04:48-INFO] Header PAGE
Array
(
    [user_id] => 922682110
)

****************************************************************************************************
[2021-05-27 07:04:49-INFO] Header PAGE
Array
(
    [user_id] => 922682110
)

****************************************************************************************************
[2021-05-27 07:05:02-INFO] Header PAGE
Array
(
    [user_id] => 922682110
)

****************************************************************************************************
[2021-05-27 07:05:04-INFO] Header PAGE
Array
(
    [user_id] => 922682110
)

****************************************************************************************************
[2021-05-27 07:05:04-INFO] Product PAGE
Array
(
    [user_id] => 922682110
)

****************************************************************************************************
[2021-05-27 07:05:04-INFO] Header PAGE
Array
(
    [user_id] => 922682110
)

****************************************************************************************************
[2021-05-27 07:05:09-INFO] Header PAGE
Array
(
    [user_id] => 922682110
)

****************************************************************************************************
[2021-05-27 07:05:18-INFO] Header PAGE
Array
(
    [user_id] => 922682110
)

****************************************************************************************************
[2021-05-27 07:05:18-INFO] Header PAGE
Array
(
    [user_id] => 922682110
)

****************************************************************************************************
[2021-05-27 07:05:24-INFO] Header PAGE
Array
(
    [user_id] => 922682110
)

****************************************************************************************************
[2021-05-27 07:05:24-INFO] Product PAGE
Array
(
    [user_id] => 922682110
)

****************************************************************************************************
[2021-05-27 07:05:24-INFO] Header PAGE
Array
(
    [user_id] => 922682110
)

****************************************************************************************************
[2021-05-27 07:07:25-INFO] Header PAGE
Array
(
    [user_id] => 922682110
)

****************************************************************************************************
[2021-05-27 07:07:25-INFO] Product PAGE
Array
(
    [user_id] => 922682110
)

****************************************************************************************************
[2021-05-27 07:07:25-INFO] Header PAGE
Array
(
    [user_id] => 922682110
)

****************************************************************************************************
[2021-05-27 07:07:29-INFO] Header PAGE
Array
(
    [user_id] => 922682110
)

****************************************************************************************************
[2021-05-27 07:07:29-INFO] Product PAGE
Array
(
    [user_id] => 922682110
)

****************************************************************************************************
[2021-05-27 07:07:29-INFO] Header PAGE
Array
(
    [user_id] => 922682110
)

****************************************************************************************************
[2021-05-27 07:07:37-INFO] Header PAGE
Array
(
    [user_id] => 922682110
)

****************************************************************************************************
[2021-05-27 07:07:42-INFO] Header PAGE
Array
(
    [user_id] => 922682110
)

****************************************************************************************************
[2021-05-27 07:07:42-INFO] Header PAGE
Array
(
    [user_id] => 922682110
)

****************************************************************************************************
[2021-05-27 07:07:46-INFO] Header PAGE
Array
(
    [user_id] => 922682110
)

****************************************************************************************************
[2021-05-27 07:07:46-INFO] Product PAGE
Array
(
    [user_id] => 922682110
)

****************************************************************************************************
[2021-05-27 07:07:46-INFO] Header PAGE
Array
(
    [user_id] => 922682110
)

****************************************************************************************************
[2021-05-27 07:10:06-INFO] Header PAGE
Array
(
    [user_id] => 922682110
)

****************************************************************************************************
[2021-05-27 07:10:06-INFO] Product PAGE
Array
(
    [user_id] => 922682110
)

****************************************************************************************************
[2021-05-27 07:10:06-INFO] Header PAGE
Array
(
    [user_id] => 922682110
)

****************************************************************************************************
[2021-05-27 07:10:07-INFO] Header PAGE
Array
(
    [user_id] => 922682110
)

****************************************************************************************************
[2021-05-27 07:10:07-INFO] Product PAGE
Array
(
    [user_id] => 922682110
)

****************************************************************************************************
[2021-05-27 07:10:07-INFO] Header PAGE
Array
(
    [user_id] => 922682110
)

****************************************************************************************************
[2021-05-27 07:10:09-INFO] Header PAGE
Array
(
    [user_id] => 922682110
)

****************************************************************************************************
[2021-05-27 07:10:16-INFO] Header PAGE
Array
(
    [user_id] => 922682110
)

****************************************************************************************************
[2021-05-27 07:10:47-INFO] Header PAGE
Array
(
    [user_id] => 922682110
)

****************************************************************************************************
[2021-05-27 07:10:47-INFO] Header PAGE
Array
(
    [user_id] => 922682110
)

****************************************************************************************************
[2021-05-27 07:10:52-INFO] Header PAGE
Array
(
    [user_id] => 922682110
)

****************************************************************************************************
[2021-05-27 07:10:52-INFO] Product PAGE
Array
(
    [user_id] => 922682110
)

****************************************************************************************************
[2021-05-27 07:10:52-INFO] Header PAGE
Array
(
    [user_id] => 922682110
)

****************************************************************************************************
[2021-05-27 07:10:55-INFO] Header PAGE
Array
(
    [user_id] => 922682110
)

****************************************************************************************************
[2021-05-27 07:11:03-INFO] Header PAGE
Array
(
    [user_id] => 922682110
)

****************************************************************************************************
[2021-05-27 07:11:03-INFO] Header PAGE
Array
(
    [user_id] => 922682110
)

****************************************************************************************************
[2021-05-27 07:11:03-INFO] Header PAGE
Array
(
    [user_id] => 922682110
)

****************************************************************************************************
[2021-05-27 07:11:03-INFO] Header PAGE
Array
(
    [user_id] => 922682110
)

****************************************************************************************************
[2021-05-27 07:11:03-INFO] Header PAGE
Array
(
    [user_id] => 922682110
)

****************************************************************************************************
[2021-05-27 07:11:03-INFO] Header PAGE
Array
(
    [user_id] => 922682110
)

****************************************************************************************************
[2021-05-27 07:11:03-INFO] Header PAGE
Array
(
    [user_id] => 922682110
)

****************************************************************************************************
[2021-05-27 07:11:03-INFO] Header PAGE
Array
(
    [user_id] => 922682110
)

****************************************************************************************************
[2021-05-27 07:11:03-INFO] Header PAGE
Array
(
    [user_id] => 922682110
)

****************************************************************************************************
[2021-05-27 07:11:44-INFO] Header PAGE
Array
(
    [user_id] => 922682110
)

****************************************************************************************************
[2021-05-27 07:11:44-INFO] Header PAGE
Array
(
    [user_id] => 922682110
)

****************************************************************************************************
[2021-05-27 07:11:44-INFO] Header PAGE
Array
(
    [user_id] => 922682110
)

****************************************************************************************************
[2021-05-27 07:11:44-INFO] Header PAGE
Array
(
    [user_id] => 922682110
)

****************************************************************************************************
[2021-05-27 07:11:44-INFO] Header PAGE
Array
(
    [user_id] => 922682110
)

****************************************************************************************************
[2021-05-27 07:11:44-INFO] Header PAGE
Array
(
    [user_id] => 922682110
)

****************************************************************************************************
[2021-05-27 07:11:44-INFO] Header PAGE
Array
(
    [user_id] => 922682110
)

****************************************************************************************************
[2021-05-27 07:11:44-INFO] Header PAGE
Array
(
    [user_id] => 922682110
)

****************************************************************************************************
[2021-05-27 07:11:47-INFO] Header PAGE
Array
(
    [user_id] => 922682110
)

****************************************************************************************************
[2021-05-27 07:11:47-INFO] Header PAGE
Array
(
    [user_id] => 922682110
)

****************************************************************************************************
[2021-05-27 07:11:49-INFO] Header PAGE
Array
(
    [user_id] => 922682110
)

****************************************************************************************************
[2021-05-27 07:11:49-INFO] Product PAGE
Array
(
    [user_id] => 922682110
)

****************************************************************************************************
[2021-05-27 07:11:49-INFO] Header PAGE
Array
(
    [user_id] => 922682110
)

****************************************************************************************************
[2021-05-27 07:11:51-INFO] Header PAGE
Array
(
    [user_id] => 922682110
)

****************************************************************************************************
[2021-05-27 07:11:56-INFO] Header PAGE
Array
(
    [user_id] => 922682110
)

****************************************************************************************************
[2021-05-27 07:11:56-INFO] Header PAGE
Array
(
    [user_id] => 922682110
)

****************************************************************************************************
[2021-05-27 07:11:56-INFO] Header PAGE
Array
(
    [user_id] => 922682110
)

****************************************************************************************************
[2021-05-27 07:11:56-INFO] Header PAGE
Array
(
    [user_id] => 922682110
)

****************************************************************************************************
[2021-05-27 07:11:56-INFO] Header PAGE
Array
(
    [user_id] => 922682110
)

****************************************************************************************************
[2021-05-27 07:11:56-INFO] Header PAGE
Array
(
    [user_id] => 922682110
)

****************************************************************************************************
[2021-05-27 07:11:56-INFO] Header PAGE
Array
(
    [user_id] => 922682110
)

****************************************************************************************************
[2021-05-27 07:11:56-INFO] Header PAGE
Array
(
    [user_id] => 922682110
)

****************************************************************************************************
[2021-05-27 07:11:56-INFO] Header PAGE
Array
(
    [user_id] => 922682110
)

****************************************************************************************************
[2021-05-27 07:12:34-INFO] Header PAGE
Array
(
    [user_id] => 922682110
)

****************************************************************************************************
[2021-05-27 07:12:35-INFO] Header PAGE
Array
(
    [user_id] => 922682110
)

****************************************************************************************************
[2021-05-27 07:12:35-INFO] Header PAGE
Array
(
    [user_id] => 922682110
)

****************************************************************************************************
[2021-05-27 07:12:35-INFO] Product PAGE
Array
(
    [user_id] => 922682110
)

****************************************************************************************************
[2021-05-27 07:12:36-INFO] Header PAGE
Array
(
    [user_id] => 922682110
)

****************************************************************************************************
[2021-05-27 07:12:44-INFO] Header PAGE
Array
(
    [user_id] => 922682110
)

****************************************************************************************************
[2021-05-27 07:12:44-INFO] Product PAGE
Array
(
    [user_id] => 922682110
)

****************************************************************************************************
[2021-05-27 07:12:44-INFO] Header PAGE
Array
(
    [user_id] => 922682110
)

****************************************************************************************************
[2021-05-27 07:12:46-INFO] Header PAGE
Array
(
    [user_id] => 922682110
)

****************************************************************************************************
[2021-05-27 07:12:50-INFO] Header PAGE
Array
(
    [user_id] => 922682110
)

****************************************************************************************************
[2021-05-27 07:12:50-INFO] Header PAGE
Array
(
    [user_id] => 922682110
)

****************************************************************************************************
[2021-05-27 07:12:50-INFO] Product PAGE
Array
(
    [user_id] => 922682110
)

****************************************************************************************************
[2021-05-27 07:12:50-INFO] Header PAGE
Array
(
    [user_id] => 922682110
)

****************************************************************************************************
[2021-05-27 07:12:59-INFO] Header PAGE
Array
(
    [user_id] => 922682110
)

****************************************************************************************************
[2021-05-27 07:12:59-INFO] Product PAGE
Array
(
    [user_id] => 922682110
)

****************************************************************************************************
[2021-05-27 07:12:59-INFO] Header PAGE
Array
(
    [user_id] => 922682110
)

****************************************************************************************************
[2021-05-27 07:13:02-INFO] Header PAGE
Array
(
    [user_id] => 922682110
)

****************************************************************************************************
[2021-05-27 07:13:05-INFO] Header PAGE
Array
(
    [user_id] => 922682110
)

****************************************************************************************************
[2021-05-27 07:13:06-INFO] Header PAGE
Array
(
    [user_id] => 922682110
)

****************************************************************************************************
[2021-05-27 07:13:06-INFO] Product PAGE
Array
(
    [user_id] => 922682110
)

****************************************************************************************************
[2021-05-27 07:13:06-INFO] Header PAGE
Array
(
    [user_id] => 922682110
)

****************************************************************************************************
[2021-05-27 07:13:48-INFO] Header PAGE
Array
(
    [user_id] => 922682110
)

****************************************************************************************************
[2021-05-27 07:13:48-INFO] Product PAGE
Array
(
    [user_id] => 922682110
)

****************************************************************************************************
[2021-05-27 07:13:48-INFO] Header PAGE
Array
(
    [user_id] => 922682110
)

****************************************************************************************************
[2021-05-27 07:13:48-INFO] Header PAGE
Array
(
    [user_id] => 922682110
)

****************************************************************************************************
[2021-05-27 07:14:42-INFO] Header PAGE
Array
(
    [user_id] => 922682110
)

****************************************************************************************************
[2021-05-27 07:14:42-INFO] Product PAGE
Array
(
    [user_id] => 922682110
)

****************************************************************************************************
[2021-05-27 07:14:42-INFO] Header PAGE
Array
(
    [user_id] => 922682110
)

****************************************************************************************************
[2021-05-27 07:14:42-INFO] Header PAGE
Array
(
    [user_id] => 922682110
)

****************************************************************************************************
[2021-05-27 07:14:42-INFO] Header PAGE
Array
(
    [user_id] => 922682110
)

****************************************************************************************************
[2021-05-27 07:14:42-INFO] Product PAGE
Array
(
    [user_id] => 922682110
)

****************************************************************************************************
[2021-05-27 07:14:42-INFO] Header PAGE
Array
(
    [user_id] => 922682110
)

****************************************************************************************************
[2021-05-27 07:14:42-INFO] Header PAGE
Array
(
    [user_id] => 922682110
)

****************************************************************************************************
[2021-05-27 07:14:43-INFO] Header PAGE
Array
(
    [user_id] => 922682110
)

****************************************************************************************************
[2021-05-27 07:14:43-INFO] Product PAGE
Array
(
    [user_id] => 922682110
)

****************************************************************************************************
[2021-05-27 07:14:43-INFO] Header PAGE
Array
(
    [user_id] => 922682110
)

****************************************************************************************************
[2021-05-27 07:14:43-INFO] Header PAGE
Array
(
    [user_id] => 922682110
)

****************************************************************************************************
[2021-05-27 07:14:50-INFO] Header PAGE
Array
(
    [user_id] => 922682110
)

****************************************************************************************************
[2021-05-27 07:14:50-INFO] Product PAGE
Array
(
    [user_id] => 922682110
)

****************************************************************************************************
[2021-05-27 07:14:50-INFO] Header PAGE
Array
(
    [user_id] => 922682110
)

****************************************************************************************************
[2021-05-27 07:14:50-INFO] Header PAGE
Array
(
    [user_id] => 922682110
)

****************************************************************************************************
[2021-05-27 07:14:51-INFO] Header PAGE
Array
(
    [user_id] => 922682110
)

****************************************************************************************************
[2021-05-27 07:14:51-INFO] Header PAGE
Array
(
    [user_id] => 922682110
)

****************************************************************************************************
[2021-05-27 07:14:51-INFO] Header PAGE
Array
(
    [user_id] => 922682110
)

****************************************************************************************************
[2021-05-27 07:14:51-INFO] Product PAGE
Array
(
    [user_id] => 922682110
)

****************************************************************************************************
[2021-05-27 07:14:51-INFO] Header PAGE
Array
(
    [user_id] => 922682110
)

****************************************************************************************************
[2021-05-27 07:14:51-INFO] Header PAGE
Array
(
    [user_id] => 922682110
)

****************************************************************************************************
[2021-05-27 07:16:03-INFO] Header PAGE
Array
(
    [user_id] => 922682110
)

****************************************************************************************************
[2021-05-27 07:16:03-INFO] Product PAGE
Array
(
    [user_id] => 922682110
)

****************************************************************************************************
[2021-05-27 07:16:03-INFO] Header PAGE
Array
(
    [user_id] => 922682110
)

****************************************************************************************************
[2021-05-27 07:16:03-INFO] Header PAGE
Array
(
    [user_id] => 922682110
)

****************************************************************************************************
[2021-05-27 07:16:06-INFO] Header PAGE
Array
(
    [user_id] => 922682110
)

****************************************************************************************************
[2021-05-27 07:16:10-INFO] Header PAGE
Array
(
    [user_id] => 922682110
)

****************************************************************************************************
[2021-05-27 07:16:10-INFO] Header PAGE
Array
(
    [user_id] => 922682110
)

****************************************************************************************************
[2021-05-27 07:16:10-INFO] Product PAGE
Array
(
    [user_id] => 922682110
)

****************************************************************************************************
[2021-05-27 07:16:10-INFO] Header PAGE
Array
(
    [user_id] => 922682110
)

****************************************************************************************************
[2021-05-27 07:18:34-INFO] Header PAGE
Array
(
    [user_id] => 922682110
)

****************************************************************************************************
[2021-05-27 07:18:34-INFO] Product PAGE
Array
(
    [user_id] => 922682110
)

****************************************************************************************************
[2021-05-27 07:18:34-INFO] Header PAGE
Array
(
    [user_id] => 922682110
)

****************************************************************************************************
[2021-05-27 07:18:36-INFO] Header PAGE
Array
(
    [user_id] => 922682110
)

****************************************************************************************************
[2021-05-27 07:19:28-INFO] Header PAGE
Array
(
    [user_id] => 922682110
)

****************************************************************************************************
[2021-05-27 07:19:30-INFO] Header PAGE
Array
(
    [user_id] => 922682110
)

****************************************************************************************************
[2021-05-27 07:19:30-INFO] Product PAGE
Array
(
    [user_id] => 922682110
)

****************************************************************************************************
[2021-05-27 07:19:30-INFO] Header PAGE
Array
(
    [user_id] => 922682110
)

****************************************************************************************************
[2021-05-27 07:19:32-INFO] Header PAGE
Array
(
    [user_id] => 922682110
)

****************************************************************************************************
[2021-05-27 07:20:11-INFO] Header PAGE
Array
(
    [user_id] => 922682110
)

****************************************************************************************************
[2021-05-27 07:20:26-INFO] Header PAGE
Array
(
    [user_id] => 922682110
)

****************************************************************************************************
[2021-05-27 07:20:26-INFO] Product PAGE
Array
(
    [user_id] => 922682110
)

****************************************************************************************************
[2021-05-27 07:20:26-INFO] Header PAGE
Array
(
    [user_id] => 922682110
)

****************************************************************************************************
[2021-05-27 07:20:28-INFO] Header PAGE
Array
(
    [user_id] => 922682110
)

****************************************************************************************************
[2021-05-27 07:20:30-INFO] Header PAGE
Array
(
    [user_id] => 922682110
)

****************************************************************************************************
[2021-05-27 07:20:30-INFO] Product PAGE
Array
(
    [user_id] => 922682110
)

****************************************************************************************************
[2021-05-27 07:20:30-INFO] Header PAGE
Array
(
    [user_id] => 922682110
)

****************************************************************************************************
[2021-05-27 07:20:39-INFO] Header PAGE
Array
(
    [user_id] => 922682110
)

****************************************************************************************************
[2021-05-27 07:20:39-INFO] Product PAGE
Array
(
    [user_id] => 922682110
)

****************************************************************************************************
[2021-05-27 07:20:39-INFO] Header PAGE
Array
(
    [user_id] => 922682110
)

****************************************************************************************************
[2021-05-27 07:20:41-INFO] Header PAGE
Array
(
    [user_id] => 922682110
)

****************************************************************************************************
[2021-05-27 07:20:47-INFO] Header PAGE
Array
(
    [user_id] => 922682110
)

****************************************************************************************************
[2021-05-27 07:20:47-INFO] Header PAGE
Array
(
    [user_id] => 922682110
)

****************************************************************************************************
[2021-05-27 07:20:47-INFO] Product PAGE
Array
(
    [user_id] => 922682110
)

****************************************************************************************************
[2021-05-27 07:20:47-INFO] Header PAGE
Array
(
    [user_id] => 922682110
)

****************************************************************************************************
[2021-05-27 07:22:46-INFO] Header PAGE
Array
(
    [user_id] => 922682110
)

****************************************************************************************************
[2021-05-27 07:22:46-INFO] Product PAGE
Array
(
    [user_id] => 922682110
)

****************************************************************************************************
[2021-05-27 07:22:46-INFO] Header PAGE
Array
(
    [user_id] => 922682110
)

****************************************************************************************************
[2021-05-27 07:22:47-INFO] Header PAGE
Array
(
    [user_id] => 922682110
)

****************************************************************************************************
[2021-05-27 07:22:47-INFO] Product PAGE
Array
(
    [user_id] => 922682110
)

****************************************************************************************************
[2021-05-27 07:22:47-INFO] Header PAGE
Array
(
    [user_id] => 922682110
)

****************************************************************************************************
[2021-05-27 07:22:49-INFO] Header PAGE
Array
(
    [user_id] => 922682110
)

****************************************************************************************************
[2021-05-27 07:22:52-INFO] Header PAGE
Array
(
    [user_id] => 922682110
)

****************************************************************************************************
[2021-05-27 07:23:27-INFO] Header PAGE
Array
(
    [user_id] => 922682110
)

****************************************************************************************************
[2021-05-27 07:23:27-INFO] Product PAGE
Array
(
    [user_id] => 922682110
)

****************************************************************************************************
[2021-05-27 07:23:27-INFO] Header PAGE
Array
(
    [user_id] => 922682110
)

****************************************************************************************************
[2021-05-27 07:23:30-INFO] Header PAGE
Array
(
    [user_id] => 922682110
)

****************************************************************************************************
[2021-05-27 07:23:33-INFO] Header PAGE
Array
(
    [user_id] => 922682110
)

****************************************************************************************************
[2021-05-27 07:24:13-INFO] Header PAGE
Array
(
    [user_id] => 922682110
)

****************************************************************************************************
[2021-05-27 07:24:43-INFO] Header PAGE
Array
(
    [user_id] => 922682110
)

****************************************************************************************************
[2021-05-27 07:24:43-INFO] Header PAGE
Array
(
    [user_id] => 922682110
)

****************************************************************************************************
[2021-05-27 07:24:43-INFO] Product PAGE
Array
(
    [user_id] => 922682110
)

****************************************************************************************************
[2021-05-27 07:24:43-INFO] Header PAGE
Array
(
    [user_id] => 922682110
)

****************************************************************************************************
[2021-05-27 07:28:54-INFO] Header PAGE
Array
(
    [user_id] => 922682110
)

****************************************************************************************************
[2021-05-27 07:28:54-INFO] Product PAGE
Array
(
    [user_id] => 922682110
)

****************************************************************************************************
[2021-05-27 07:28:54-INFO] Header PAGE
Array
(
    [user_id] => 922682110
)

****************************************************************************************************
[2021-05-27 07:29:01-INFO] Header PAGE
Array
(
    [user_id] => 922682110
)

****************************************************************************************************
[2021-05-27 07:29:01-INFO] Product PAGE
Array
(
    [user_id] => 922682110
)

****************************************************************************************************
[2021-05-27 07:29:01-INFO] Header PAGE
Array
(
    [user_id] => 922682110
)

****************************************************************************************************
[2021-05-27 07:29:03-INFO] Header PAGE
Array
(
    [user_id] => 922682110
)

****************************************************************************************************
[2021-05-27 07:29:03-INFO] Product PAGE
Array
(
    [user_id] => 922682110
)

****************************************************************************************************
[2021-05-27 07:29:03-INFO] Header PAGE
Array
(
    [user_id] => 922682110
)

****************************************************************************************************
[2021-05-27 07:29:03-INFO] Header PAGE
Array
(
    [user_id] => 922682110
)

****************************************************************************************************
[2021-05-27 07:30:39-INFO] Header PAGE
Array
(
    [user_id] => 922682110
)

****************************************************************************************************
[2021-05-27 07:30:39-INFO] Header PAGE
Array
(
    [user_id] => 922682110
)

****************************************************************************************************
[2021-05-27 07:30:39-INFO] Header PAGE
Array
(
    [user_id] => 922682110
)

****************************************************************************************************
[2021-05-27 07:30:44-INFO] Header PAGE
Array
(
    [user_id] => 922682110
)

****************************************************************************************************
[2021-05-27 07:30:44-INFO] Header PAGE
Array
(
    [user_id] => 922682110
)

****************************************************************************************************
[2021-05-27 07:30:44-INFO] Header PAGE
Array
(
    [user_id] => 922682110
)

****************************************************************************************************
[2021-05-27 07:30:45-INFO] Header PAGE
Array
(
    [user_id] => 922682110
)

****************************************************************************************************
[2021-05-27 07:30:45-INFO] Product PAGE
Array
(
    [user_id] => 922682110
)

****************************************************************************************************
[2021-05-27 07:30:45-INFO] Header PAGE
Array
(
    [user_id] => 922682110
)

****************************************************************************************************
[2021-05-27 07:30:45-INFO] Header PAGE
Array
(
    [user_id] => 922682110
)

****************************************************************************************************
[2021-05-27 07:30:51-INFO] Header PAGE
Array
(
    [user_id] => 922682110
)

****************************************************************************************************
[2021-05-27 07:30:51-INFO] Header PAGE
Array
(
    [user_id] => 922682110
)

****************************************************************************************************
[2021-05-27 07:30:56-INFO] Header PAGE
Array
(
    [user_id] => 922682110
)

****************************************************************************************************
[2021-05-27 07:30:56-INFO] Product PAGE
Array
(
    [user_id] => 922682110
)

****************************************************************************************************
[2021-05-27 07:30:56-INFO] Header PAGE
Array
(
    [user_id] => 922682110
)

****************************************************************************************************
[2021-05-27 07:30:56-INFO] Header PAGE
Array
(
    [user_id] => 922682110
)

****************************************************************************************************
[2021-05-27 07:31:39-INFO] Header PAGE
Array
(
    [user_id] => 922682110
)

****************************************************************************************************
[2021-05-27 07:31:39-INFO] Product PAGE
Array
(
    [user_id] => 922682110
)

****************************************************************************************************
[2021-05-27 07:31:39-INFO] Header PAGE
Array
(
    [user_id] => 922682110
)

****************************************************************************************************
[2021-05-27 07:31:39-INFO] Header PAGE
Array
(
    [user_id] => 922682110
)

****************************************************************************************************
