[2021-05-12 14:45:23-INFO] Header PAGE
Array
(
    [user_id] => 1544656669
)

****************************************************************************************************
[2021-05-12 14:45:23-INFO] Product PAGE
Array
(
    [user_id] => 1544656669
)

****************************************************************************************************
[2021-05-12 14:45:24-INFO] Header PAGE
Array
(
    [user_id] => 1544656669
)

****************************************************************************************************
[2021-05-12 14:45:25-INFO] Header PAGE
Array
(
    [user_id] => 1544656669
)

****************************************************************************************************
[2021-05-12 14:45:25-INFO] Product PAGE
Array
(
    [user_id] => 1544656669
)

****************************************************************************************************
[2021-05-12 14:45:25-INFO] Header PAGE
Array
(
    [user_id] => 1544656669
)

****************************************************************************************************
[2021-05-12 14:45:26-INFO] Header PAGE
Array
(
    [user_id] => 1544656669
)

****************************************************************************************************
[2021-05-12 14:45:26-INFO] Header PAGE
Array
(
    [user_id] => 1544656669
)

****************************************************************************************************
[2021-05-12 14:45:43-INFO] Header PAGE
Array
(
    [user_id] => 1544656669
)

****************************************************************************************************
[2021-05-12 14:45:43-INFO] Product PAGE
Array
(
    [user_id] => 1544656669
)

****************************************************************************************************
[2021-05-12 14:45:43-INFO] Header PAGE
Array
(
    [user_id] => 1544656669
)

****************************************************************************************************
[2021-05-12 14:45:48-INFO] Header PAGE
Array
(
    [user_id] => 1544656669
)

****************************************************************************************************
[2021-05-12 14:45:48-Invalid Access] New_Product Page
Array
(
    [user_id] => 1544656669
)

****************************************************************************************************
[2021-05-12 14:45:48-INFO] Header PAGE
Array
(
    [user_id] => 1544656669
)

****************************************************************************************************
[2021-05-12 14:45:48-INFO] Header PAGE
Array
(
    [user_id] => 1544656669
)

****************************************************************************************************
[2021-05-12 14:47:58-INFO] Header PAGE
Array
(
    [user_id] => 1544656669
)

****************************************************************************************************
[2021-05-12 14:47:58-INFO] Header PAGE
Array
(
    [user_id] => 1544656669
)

****************************************************************************************************
[2021-05-12 14:48:00-INFO] Header PAGE
Array
(
    [user_id] => 1544656669
)

****************************************************************************************************
[2021-05-12 14:48:00-INFO] Product PAGE
Array
(
    [user_id] => 1544656669
)

****************************************************************************************************
[2021-05-12 14:48:00-INFO] Header PAGE
Array
(
    [user_id] => 1544656669
)

****************************************************************************************************
[2021-05-12 14:48:07-INFO] Header PAGE
Array
(
    [user_id] => 1544656669
)

****************************************************************************************************
[2021-05-12 14:48:07-Invalid Access] New_Product Page
Array
(
    [user_id] => 1544656669
)

****************************************************************************************************
[2021-05-12 14:48:07-INFO] Header PAGE
Array
(
    [user_id] => 1544656669
)

****************************************************************************************************
[2021-05-12 14:48:07-INFO] Header PAGE
Array
(
    [user_id] => 1544656669
)

****************************************************************************************************
[2021-05-12 14:57:12-INFO] Header PAGE
Array
(
    [user_id] => 1544656669
)

****************************************************************************************************
[2021-05-12 14:57:12-Invalid Access] New_Product Page
Array
(
    [user_id] => 1544656669
)

****************************************************************************************************
[2021-05-12 14:57:12-INFO] Header PAGE
Array
(
    [user_id] => 1544656669
)

****************************************************************************************************
[2021-05-12 14:57:13-INFO] Header PAGE
Array
(
    [user_id] => 1544656669
)

****************************************************************************************************
[2021-05-12 14:57:15-INFO] Header PAGE
Array
(
    [user_id] => 274387112
)

****************************************************************************************************
[2021-05-12 14:57:15-INFO] Header PAGE
Array
(
    [user_id] => 450615923
)

****************************************************************************************************
[2021-05-12 14:57:16-INFO] Header PAGE
Array
(
    [user_id] => 943759647
)

****************************************************************************************************
[2021-05-12 14:57:16-INFO] Login PAGE
Array
(
    [user_id] => 943759647
)

****************************************************************************************************
[2021-05-12 14:57:37-INFO] Header PAGE
Array
(
    [user_id] => 314576356
)

****************************************************************************************************
[2021-05-12 14:57:37-INFO] Login PAGE
Array
(
    [user_id] => 314576356
)

****************************************************************************************************
[2021-05-12 14:57:41-INFO] Header PAGE
Array
(
    [user_id] => 1341278556
)

****************************************************************************************************
[2021-05-12 14:57:41-INFO] Login PAGE
Array
(
    [user_id] => 1341278556
)

****************************************************************************************************
[2021-05-12 14:58:07-INFO] Header PAGE
Array
(
    [user_id] => 1430788193
)

****************************************************************************************************
[2021-05-12 14:58:07-INFO] Register PAGE
Array
(
    [user_id] => 1430788193
)

****************************************************************************************************
[2021-05-12 14:58:32-INFO] Header PAGE
Array
(
    [user_id] => 1112027678
)

****************************************************************************************************
[2021-05-12 14:58:32-INFO] Register PAGE
Array
(
    [user_id] => 1112027678
)

****************************************************************************************************
[2021-05-12 14:59:00-INFO] Header PAGE
Array
(
    [user_id] => 265924370
)

****************************************************************************************************
[2021-05-12 14:59:01-INFO] Header PAGE
Array
(
    [user_id] => 1466566676
)

****************************************************************************************************
[2021-05-12 14:59:01-INFO] Register PAGE
Array
(
    [user_id] => 1466566676
)

****************************************************************************************************
[2021-05-12 15:00:41-INFO] Header PAGE
Array
(
    [user_id] => 742153684
)

****************************************************************************************************
[2021-05-12 15:00:41-INFO] Register PAGE
Array
(
    [user_id] => 742153684
)

****************************************************************************************************
[2021-05-12 15:00:55-INFO] Header PAGE
Array
(
    [user_id] => 416412933
)

****************************************************************************************************
[2021-05-12 15:00:55-INFO] Register PAGE
Array
(
    [user_id] => 416412933
)

****************************************************************************************************
