[2021-05-07 13:08:57-INFO] Header PAGE
Array
(
    [user_id] => 374332788
)

****************************************************************************************************
[2021-05-07 13:08:57-INFO] Header PAGE
Array
(
    [user_id] => 989905426
)

****************************************************************************************************
[2021-05-07 13:08:57-INFO] Header PAGE
Array
(
    [user_id] => 1465108717
)

****************************************************************************************************
[2021-05-07 13:09:00-INFO] Header PAGE
Array
(
    [user_id] => 820285750
)

****************************************************************************************************
[2021-05-07 13:09:00-INFO] Login PAGE
Array
(
    [user_id] => 820285750
)

****************************************************************************************************
[2021-05-07 13:09:17-INFO] Header PAGE
Array
(
    [user_id] => 1007320296
)

****************************************************************************************************
[2021-05-07 13:09:18-INFO] Header PAGE
Array
(
    [user_id] => 228459564
)

****************************************************************************************************
[2021-05-07 13:09:18-INFO] Header PAGE
Array
(
    [user_id] => 228459564
)

****************************************************************************************************
[2021-05-07 13:09:20-INFO] Header PAGE
Array
(
    [user_id] => 228459564
)

****************************************************************************************************
[2021-05-07 13:09:20-INFO] Product PAGE
Array
(
    [user_id] => 228459564
)

****************************************************************************************************
[2021-05-07 13:09:20-INFO] Header PAGE
Array
(
    [user_id] => 228459564
)

****************************************************************************************************
[2021-05-07 13:09:20-INFO] Header PAGE
Array
(
    [user_id] => 228459564
)

****************************************************************************************************
[2021-05-07 13:09:20-INFO] Header PAGE
Array
(
    [user_id] => 228459564
)

****************************************************************************************************
[2021-05-07 13:10:47-INFO] Header PAGE
Array
(
    [user_id] => 228459564
)

****************************************************************************************************
[2021-05-07 13:10:47-INFO] Product PAGE
Array
(
    [user_id] => 228459564
)

****************************************************************************************************
[2021-05-07 13:10:48-INFO] Header PAGE
Array
(
    [user_id] => 228459564
)

****************************************************************************************************
[2021-05-07 13:10:48-INFO] Header PAGE
Array
(
    [user_id] => 228459564
)

****************************************************************************************************
[2021-05-07 13:10:48-INFO] Header PAGE
Array
(
    [user_id] => 228459564
)

****************************************************************************************************
[2021-05-07 13:12:36-INFO] Header PAGE
Array
(
    [user_id] => 228459564
)

****************************************************************************************************
[2021-05-07 13:12:36-INFO] Header PAGE
Array
(
    [user_id] => 228459564
)

****************************************************************************************************
[2021-05-07 13:12:36-INFO] Header PAGE
Array
(
    [user_id] => 228459564
)

****************************************************************************************************
[2021-05-07 13:13:58-INFO] Header PAGE
Array
(
    [user_id] => 228459564
)

****************************************************************************************************
[2021-05-07 13:14:17-INFO] Header PAGE
Array
(
    [user_id] => 228459564
)

****************************************************************************************************
[2021-05-07 13:14:17-INFO] Product PAGE
Array
(
    [user_id] => 228459564
)

****************************************************************************************************
[2021-05-07 13:14:17-INFO] Header PAGE
Array
(
    [user_id] => 228459564
)

****************************************************************************************************
[2021-05-07 13:14:17-INFO] Header PAGE
Array
(
    [user_id] => 228459564
)

****************************************************************************************************
[2021-05-07 13:14:17-INFO] Header PAGE
Array
(
    [user_id] => 228459564
)

****************************************************************************************************
[2021-05-07 13:14:42-INFO] Header PAGE
Array
(
    [user_id] => 228459564
)

****************************************************************************************************
[2021-05-07 13:14:42-INFO] Product PAGE
Array
(
    [user_id] => 228459564
)

****************************************************************************************************
[2021-05-07 13:14:42-INFO] Header PAGE
Array
(
    [user_id] => 228459564
)

****************************************************************************************************
[2021-05-07 13:14:42-INFO] Header PAGE
Array
(
    [user_id] => 228459564
)

****************************************************************************************************
[2021-05-07 13:14:42-INFO] Header PAGE
Array
(
    [user_id] => 228459564
)

****************************************************************************************************
[2021-05-07 13:14:43-INFO] Header PAGE
Array
(
    [user_id] => 228459564
)

****************************************************************************************************
[2021-05-07 13:14:43-INFO] Product PAGE
Array
(
    [user_id] => 228459564
)

****************************************************************************************************
[2021-05-07 13:14:43-INFO] Header PAGE
Array
(
    [user_id] => 228459564
)

****************************************************************************************************
[2021-05-07 13:14:43-INFO] Header PAGE
Array
(
    [user_id] => 228459564
)

****************************************************************************************************
[2021-05-07 13:14:43-INFO] Header PAGE
Array
(
    [user_id] => 228459564
)

****************************************************************************************************
[2021-05-07 13:16:02-INFO] Header PAGE
Array
(
    [user_id] => 228459564
)

****************************************************************************************************
[2021-05-07 13:16:02-INFO] Product PAGE
Array
(
    [user_id] => 228459564
)

****************************************************************************************************
[2021-05-07 13:16:02-INFO] Header PAGE
Array
(
    [user_id] => 228459564
)

****************************************************************************************************
[2021-05-07 13:16:02-INFO] Header PAGE
Array
(
    [user_id] => 228459564
)

****************************************************************************************************
[2021-05-07 13:16:02-INFO] Header PAGE
Array
(
    [user_id] => 228459564
)

****************************************************************************************************
[2021-05-07 13:16:05-INFO] Header PAGE
Array
(
    [user_id] => 228459564
)

****************************************************************************************************
[2021-05-07 13:16:05-INFO] Header PAGE
Array
(
    [user_id] => 228459564
)

****************************************************************************************************
[2021-05-07 13:16:05-INFO] Product PAGE
Array
(
    [user_id] => 228459564
)

****************************************************************************************************
[2021-05-07 13:16:06-INFO] Header PAGE
Array
(
    [user_id] => 228459564
)

****************************************************************************************************
[2021-05-07 13:16:06-INFO] Header PAGE
Array
(
    [user_id] => 228459564
)

****************************************************************************************************
[2021-05-07 13:16:06-INFO] Header PAGE
Array
(
    [user_id] => 228459564
)

****************************************************************************************************
[2021-05-07 13:16:09-INFO] Header PAGE
Array
(
    [user_id] => 228459564
)

****************************************************************************************************
[2021-05-07 13:16:09-INFO] Header PAGE
Array
(
    [user_id] => 228459564
)

****************************************************************************************************
[2021-05-07 13:16:09-INFO] Product PAGE
Array
(
    [user_id] => 228459564
)

****************************************************************************************************
[2021-05-07 13:16:10-INFO] Header PAGE
Array
(
    [user_id] => 228459564
)

****************************************************************************************************
[2021-05-07 13:16:10-INFO] Header PAGE
Array
(
    [user_id] => 228459564
)

****************************************************************************************************
[2021-05-07 13:16:10-INFO] Header PAGE
Array
(
    [user_id] => 228459564
)

****************************************************************************************************
[2021-05-07 13:16:18-INFO] Header PAGE
Array
(
    [user_id] => 228459564
)

****************************************************************************************************
[2021-05-07 13:16:18-INFO] Product PAGE
Array
(
    [user_id] => 228459564
)

****************************************************************************************************
[2021-05-07 13:16:18-INFO] Header PAGE
Array
(
    [user_id] => 228459564
)

****************************************************************************************************
[2021-05-07 13:16:18-INFO] Header PAGE
Array
(
    [user_id] => 228459564
)

****************************************************************************************************
[2021-05-07 13:16:18-INFO] Header PAGE
Array
(
    [user_id] => 228459564
)

****************************************************************************************************
[2021-05-07 13:16:22-INFO] Header PAGE
Array
(
    [user_id] => 228459564
)

****************************************************************************************************
[2021-05-07 13:16:22-INFO] Header PAGE
Array
(
    [user_id] => 228459564
)

****************************************************************************************************
[2021-05-07 13:16:22-INFO] Product PAGE
Array
(
    [user_id] => 228459564
)

****************************************************************************************************
[2021-05-07 13:16:22-INFO] Header PAGE
Array
(
    [user_id] => 228459564
)

****************************************************************************************************
[2021-05-07 13:16:22-INFO] Header PAGE
Array
(
    [user_id] => 228459564
)

****************************************************************************************************
[2021-05-07 13:16:22-INFO] Header PAGE
Array
(
    [user_id] => 228459564
)

****************************************************************************************************
[2021-05-07 13:19:02-INFO] Header PAGE
Array
(
    [user_id] => 228459564
)

****************************************************************************************************
[2021-05-07 13:19:02-INFO] Product PAGE
Array
(
    [user_id] => 228459564
)

****************************************************************************************************
[2021-05-07 13:19:03-INFO] Header PAGE
Array
(
    [user_id] => 228459564
)

****************************************************************************************************
[2021-05-07 13:19:03-INFO] Header PAGE
Array
(
    [user_id] => 228459564
)

****************************************************************************************************
[2021-05-07 13:19:03-INFO] Header PAGE
Array
(
    [user_id] => 228459564
)

****************************************************************************************************
[2021-05-07 13:19:05-INFO] Header PAGE
Array
(
    [user_id] => 228459564
)

****************************************************************************************************
[2021-05-07 13:19:05-INFO] Header PAGE
Array
(
    [user_id] => 228459564
)

****************************************************************************************************
[2021-05-07 13:19:05-INFO] Header PAGE
Array
(
    [user_id] => 228459564
)

****************************************************************************************************
[2021-05-07 13:19:08-INFO] Header PAGE
Array
(
    [user_id] => 228459564
)

****************************************************************************************************
[2021-05-07 13:19:08-INFO] Product PAGE
Array
(
    [user_id] => 228459564
)

****************************************************************************************************
[2021-05-07 13:19:08-INFO] Header PAGE
Array
(
    [user_id] => 228459564
)

****************************************************************************************************
[2021-05-07 13:19:08-INFO] Header PAGE
Array
(
    [user_id] => 228459564
)

****************************************************************************************************
[2021-05-07 13:19:08-INFO] Header PAGE
Array
(
    [user_id] => 228459564
)

****************************************************************************************************
[2021-05-07 13:19:12-INFO] Header PAGE
Array
(
    [user_id] => 228459564
)

****************************************************************************************************
[2021-05-07 13:19:12-INFO] Header PAGE
Array
(
    [user_id] => 228459564
)

****************************************************************************************************
[2021-05-07 13:19:12-INFO] Header PAGE
Array
(
    [user_id] => 228459564
)

****************************************************************************************************
[2021-05-07 13:19:14-INFO] Header PAGE
Array
(
    [user_id] => 228459564
)

****************************************************************************************************
[2021-05-07 13:19:14-INFO] Product PAGE
Array
(
    [user_id] => 228459564
)

****************************************************************************************************
[2021-05-07 13:19:14-INFO] Header PAGE
Array
(
    [user_id] => 228459564
)

****************************************************************************************************
[2021-05-07 13:19:14-INFO] Header PAGE
Array
(
    [user_id] => 228459564
)

****************************************************************************************************
[2021-05-07 13:19:14-INFO] Header PAGE
Array
(
    [user_id] => 228459564
)

****************************************************************************************************
[2021-05-07 13:22:27-INFO] Header PAGE
Array
(
    [user_id] => 228459564
)

****************************************************************************************************
[2021-05-07 13:22:27-INFO] Product PAGE
Array
(
    [user_id] => 228459564
)

****************************************************************************************************
[2021-05-07 13:22:27-INFO] Header PAGE
Array
(
    [user_id] => 228459564
)

****************************************************************************************************
[2021-05-07 13:22:27-INFO] Header PAGE
Array
(
    [user_id] => 228459564
)

****************************************************************************************************
[2021-05-07 13:22:28-INFO] Header PAGE
Array
(
    [user_id] => 228459564
)

****************************************************************************************************
[2021-05-07 13:22:29-INFO] Header PAGE
Array
(
    [user_id] => 228459564
)

****************************************************************************************************
[2021-05-07 13:22:29-INFO] Product PAGE
Array
(
    [user_id] => 228459564
)

****************************************************************************************************
[2021-05-07 13:22:30-INFO] Header PAGE
Array
(
    [user_id] => 228459564
)

****************************************************************************************************
[2021-05-07 13:22:30-INFO] Header PAGE
Array
(
    [user_id] => 228459564
)

****************************************************************************************************
[2021-05-07 13:22:30-INFO] Header PAGE
Array
(
    [user_id] => 228459564
)

****************************************************************************************************
[2021-05-07 13:22:49-INFO] Header PAGE
Array
(
    [user_id] => 228459564
)

****************************************************************************************************
[2021-05-07 13:22:49-INFO] Product PAGE
Array
(
    [user_id] => 228459564
)

****************************************************************************************************
[2021-05-07 13:22:50-INFO] Header PAGE
Array
(
    [user_id] => 228459564
)

****************************************************************************************************
[2021-05-07 13:22:50-INFO] Header PAGE
Array
(
    [user_id] => 228459564
)

****************************************************************************************************
[2021-05-07 13:22:50-INFO] Header PAGE
Array
(
    [user_id] => 228459564
)

****************************************************************************************************
[2021-05-07 13:22:51-INFO] Header PAGE
Array
(
    [user_id] => 228459564
)

****************************************************************************************************
[2021-05-07 13:25:30-INFO] Header PAGE
Array
(
    [user_id] => 228459564
)

****************************************************************************************************
[2021-05-07 13:25:32-INFO] Header PAGE
Array
(
    [user_id] => 228459564
)

****************************************************************************************************
[2021-05-07 13:25:32-INFO] Product PAGE
Array
(
    [user_id] => 228459564
)

****************************************************************************************************
[2021-05-07 13:25:32-INFO] Header PAGE
Array
(
    [user_id] => 228459564
)

****************************************************************************************************
[2021-05-07 13:25:32-INFO] Header PAGE
Array
(
    [user_id] => 228459564
)

****************************************************************************************************
[2021-05-07 13:25:32-INFO] Header PAGE
Array
(
    [user_id] => 228459564
)

****************************************************************************************************
[2021-05-07 13:26:41-INFO] Header PAGE
Array
(
    [user_id] => 228459564
)

****************************************************************************************************
[2021-05-07 13:26:44-INFO] Header PAGE
Array
(
    [user_id] => 228459564
)

****************************************************************************************************
[2021-05-07 13:26:46-INFO] Header PAGE
Array
(
    [user_id] => 228459564
)

****************************************************************************************************
[2021-05-07 13:26:49-INFO] Header PAGE
Array
(
    [user_id] => 228459564
)

****************************************************************************************************
[2021-05-07 13:26:49-INFO] Product PAGE
Array
(
    [user_id] => 228459564
)

****************************************************************************************************
[2021-05-07 13:26:49-INFO] Header PAGE
Array
(
    [user_id] => 228459564
)

****************************************************************************************************
[2021-05-07 13:26:49-INFO] Header PAGE
Array
(
    [user_id] => 228459564
)

****************************************************************************************************
[2021-05-07 13:26:49-INFO] Header PAGE
Array
(
    [user_id] => 228459564
)

****************************************************************************************************
[2021-05-07 13:32:45-INFO] Header PAGE
Array
(
    [user_id] => 228459564
)

****************************************************************************************************
[2021-05-07 13:32:45-INFO] Product PAGE
Array
(
    [user_id] => 228459564
)

****************************************************************************************************
[2021-05-07 13:32:46-INFO] Header PAGE
Array
(
    [user_id] => 228459564
)

****************************************************************************************************
[2021-05-07 13:32:46-INFO] Header PAGE
Array
(
    [user_id] => 228459564
)

****************************************************************************************************
[2021-05-07 13:32:46-INFO] Header PAGE
Array
(
    [user_id] => 228459564
)

****************************************************************************************************
[2021-05-07 13:32:47-INFO] Header PAGE
Array
(
    [user_id] => 228459564
)

****************************************************************************************************
[2021-05-07 13:32:47-INFO] Header PAGE
Array
(
    [user_id] => 228459564
)

****************************************************************************************************
[2021-05-07 13:32:47-INFO] Product PAGE
Array
(
    [user_id] => 228459564
)

****************************************************************************************************
[2021-05-07 13:32:47-INFO] Header PAGE
Array
(
    [user_id] => 228459564
)

****************************************************************************************************
[2021-05-07 13:32:47-INFO] Header PAGE
Array
(
    [user_id] => 228459564
)

****************************************************************************************************
[2021-05-07 13:32:49-INFO] Header PAGE
Array
(
    [user_id] => 228459564
)

****************************************************************************************************
[2021-05-07 13:32:49-INFO] Header PAGE
Array
(
    [user_id] => 228459564
)

****************************************************************************************************
[2021-05-07 13:32:49-INFO] Product PAGE
Array
(
    [user_id] => 228459564
)

****************************************************************************************************
[2021-05-07 13:32:49-INFO] Header PAGE
Array
(
    [user_id] => 228459564
)

****************************************************************************************************
[2021-05-07 13:33:03-INFO] Header PAGE
Array
(
    [user_id] => 228459564
)

****************************************************************************************************
[2021-05-07 13:33:27-INFO] Header PAGE
Array
(
    [user_id] => 228459564
)

****************************************************************************************************
[2021-05-07 13:35:05-INFO] Header PAGE
Array
(
    [user_id] => 228459564
)

****************************************************************************************************
[2021-05-07 13:35:09-INFO] Header PAGE
Array
(
    [user_id] => 228459564
)

****************************************************************************************************
[2021-05-07 13:35:09-INFO] Product PAGE
Array
(
    [user_id] => 228459564
)

****************************************************************************************************
[2021-05-07 13:35:10-INFO] Header PAGE
Array
(
    [user_id] => 228459564
)

****************************************************************************************************
[2021-05-07 13:35:12-INFO] Header PAGE
Array
(
    [user_id] => 228459564
)

****************************************************************************************************
[2021-05-07 13:35:16-INFO] Header PAGE
Array
(
    [user_id] => 228459564
)

****************************************************************************************************
[2021-05-07 13:35:37-INFO] Header PAGE
Array
(
    [user_id] => 228459564
)

****************************************************************************************************
[2021-05-07 13:35:38-INFO] Header PAGE
Array
(
    [user_id] => 228459564
)

****************************************************************************************************
[2021-05-07 13:35:38-INFO] Product PAGE
Array
(
    [user_id] => 228459564
)

****************************************************************************************************
[2021-05-07 13:35:38-INFO] Header PAGE
Array
(
    [user_id] => 228459564
)

****************************************************************************************************
[2021-05-07 13:35:40-INFO] Header PAGE
Array
(
    [user_id] => 228459564
)

****************************************************************************************************
[2021-05-07 13:35:41-INFO] Header PAGE
Array
(
    [user_id] => 228459564
)

****************************************************************************************************
[2021-05-07 13:36:38-INFO] Header PAGE
Array
(
    [user_id] => 228459564
)

****************************************************************************************************
[2021-05-07 13:36:43-INFO] Header PAGE
Array
(
    [user_id] => 228459564
)

****************************************************************************************************
[2021-05-07 13:36:43-INFO] Product PAGE
Array
(
    [user_id] => 228459564
)

****************************************************************************************************
[2021-05-07 13:36:43-INFO] Header PAGE
Array
(
    [user_id] => 228459564
)

****************************************************************************************************
[2021-05-07 13:36:44-INFO] Header PAGE
Array
(
    [user_id] => 228459564
)

****************************************************************************************************
[2021-05-07 13:36:46-INFO] Header PAGE
Array
(
    [user_id] => 228459564
)

****************************************************************************************************
[2021-05-07 13:39:28-INFO] Header PAGE
Array
(
    [user_id] => 228459564
)

****************************************************************************************************
[2021-05-07 13:39:31-INFO] Header PAGE
Array
(
    [user_id] => 228459564
)

****************************************************************************************************
[2021-05-07 13:39:31-INFO] Product PAGE
Array
(
    [user_id] => 228459564
)

****************************************************************************************************
[2021-05-07 13:39:32-INFO] Header PAGE
Array
(
    [user_id] => 228459564
)

****************************************************************************************************
[2021-05-07 13:39:33-INFO] Header PAGE
Array
(
    [user_id] => 228459564
)

****************************************************************************************************
[2021-05-07 13:39:34-INFO] Header PAGE
Array
(
    [user_id] => 228459564
)

****************************************************************************************************
[2021-05-07 13:43:27-INFO] Header PAGE
Array
(
    [user_id] => 228459564
)

****************************************************************************************************
[2021-05-07 13:43:40-INFO] Header PAGE
Array
(
    [user_id] => 228459564
)

****************************************************************************************************
[2021-05-07 13:43:40-INFO] Product PAGE
Array
(
    [user_id] => 228459564
)

****************************************************************************************************
[2021-05-07 13:43:40-INFO] Header PAGE
Array
(
    [user_id] => 228459564
)

****************************************************************************************************
[2021-05-07 13:43:42-INFO] Header PAGE
Array
(
    [user_id] => 228459564
)

****************************************************************************************************
[2021-05-07 13:43:47-INFO] Header PAGE
Array
(
    [user_id] => 228459564
)

****************************************************************************************************
[2021-05-07 13:44:32-INFO] Header PAGE
Array
(
    [user_id] => 228459564
)

****************************************************************************************************
[2021-05-07 13:44:33-INFO] Header PAGE
Array
(
    [user_id] => 228459564
)

****************************************************************************************************
[2021-05-07 13:44:33-INFO] Product PAGE
Array
(
    [user_id] => 228459564
)

****************************************************************************************************
[2021-05-07 13:44:33-INFO] Header PAGE
Array
(
    [user_id] => 228459564
)

****************************************************************************************************
[2021-05-07 13:44:34-INFO] Header PAGE
Array
(
    [user_id] => 228459564
)

****************************************************************************************************
[2021-05-07 13:44:34-INFO] Product PAGE
Array
(
    [user_id] => 228459564
)

****************************************************************************************************
[2021-05-07 13:44:34-INFO] Header PAGE
Array
(
    [user_id] => 228459564
)

****************************************************************************************************
[2021-05-07 13:44:36-INFO] Header PAGE
Array
(
    [user_id] => 228459564
)

****************************************************************************************************
[2021-05-07 13:44:40-INFO] Header PAGE
Array
(
    [user_id] => 228459564
)

****************************************************************************************************
[2021-05-07 13:45:35-INFO] Header PAGE
Array
(
    [user_id] => 228459564
)

****************************************************************************************************
[2021-05-07 13:45:37-INFO] Header PAGE
Array
(
    [user_id] => 228459564
)

****************************************************************************************************
[2021-05-07 13:45:42-INFO] Header PAGE
Array
(
    [user_id] => 228459564
)

****************************************************************************************************
[2021-05-07 13:45:42-INFO] Product PAGE
Array
(
    [user_id] => 228459564
)

****************************************************************************************************
[2021-05-07 13:45:42-INFO] Header PAGE
Array
(
    [user_id] => 228459564
)

****************************************************************************************************
[2021-05-07 13:45:44-INFO] Header PAGE
Array
(
    [user_id] => 228459564
)

****************************************************************************************************
[2021-05-07 13:45:45-INFO] Header PAGE
Array
(
    [user_id] => 228459564
)

****************************************************************************************************
[2021-05-07 13:47:11-INFO] Header PAGE
Array
(
    [user_id] => 228459564
)

****************************************************************************************************
[2021-05-07 13:48:41-INFO] Header PAGE
Array
(
    [user_id] => 228459564
)

****************************************************************************************************
[2021-05-07 13:49:33-INFO] Header PAGE
Array
(
    [user_id] => 228459564
)

****************************************************************************************************
[2021-05-07 13:49:59-INFO] Header PAGE
Array
(
    [user_id] => 228459564
)

****************************************************************************************************
[2021-05-07 13:53:29-INFO] Header PAGE
Array
(
    [user_id] => 228459564
)

****************************************************************************************************
[2021-05-07 13:54:12-INFO] Header PAGE
Array
(
    [user_id] => 228459564
)

****************************************************************************************************
[2021-05-07 13:55:23-INFO] Header PAGE
Array
(
    [user_id] => 228459564
)

****************************************************************************************************
[2021-05-07 13:55:58-INFO] Header PAGE
Array
(
    [user_id] => 228459564
)

****************************************************************************************************
[2021-05-07 13:59:30-INFO] Header PAGE
Array
(
    [user_id] => 228459564
)

****************************************************************************************************
[2021-05-07 14:00:49-INFO] Header PAGE
Array
(
    [user_id] => 228459564
)

****************************************************************************************************
[2021-05-07 14:00:50-INFO] Header PAGE
Array
(
    [user_id] => 228459564
)

****************************************************************************************************
[2021-05-07 14:00:50-INFO] Product PAGE
Array
(
    [user_id] => 228459564
)

****************************************************************************************************
[2021-05-07 14:00:51-INFO] Header PAGE
Array
(
    [user_id] => 228459564
)

****************************************************************************************************
[2021-05-07 14:00:52-INFO] Header PAGE
Array
(
    [user_id] => 228459564
)

****************************************************************************************************
[2021-05-07 14:00:53-INFO] Header PAGE
Array
(
    [user_id] => 228459564
)

****************************************************************************************************
[2021-05-07 14:01:48-INFO] Header PAGE
Array
(
    [user_id] => 228459564
)

****************************************************************************************************
[2021-05-07 14:02:04-INFO] Header PAGE
Array
(
    [user_id] => 228459564
)

****************************************************************************************************
[2021-05-07 14:02:06-INFO] Header PAGE
Array
(
    [user_id] => 228459564
)

****************************************************************************************************
[2021-05-07 14:02:07-INFO] Header PAGE
Array
(
    [user_id] => 228459564
)

****************************************************************************************************
[2021-05-07 14:02:07-INFO] Product PAGE
Array
(
    [user_id] => 228459564
)

****************************************************************************************************
[2021-05-07 14:02:08-INFO] Header PAGE
Array
(
    [user_id] => 228459564
)

****************************************************************************************************
[2021-05-07 14:02:09-INFO] Header PAGE
Array
(
    [user_id] => 228459564
)

****************************************************************************************************
[2021-05-07 14:02:10-INFO] Header PAGE
Array
(
    [user_id] => 228459564
)

****************************************************************************************************
[2021-05-07 14:02:37-INFO] Header PAGE
Array
(
    [user_id] => 228459564
)

****************************************************************************************************
[2021-05-07 14:03:06-INFO] Header PAGE
Array
(
    [user_id] => 228459564
)

****************************************************************************************************
[2021-05-07 14:03:20-INFO] Header PAGE
Array
(
    [user_id] => 228459564
)

****************************************************************************************************
[2021-05-07 14:04:31-INFO] Header PAGE
Array
(
    [user_id] => 228459564
)

****************************************************************************************************
[2021-05-07 14:04:45-INFO] Header PAGE
Array
(
    [user_id] => 228459564
)

****************************************************************************************************
[2021-05-07 14:05:45-INFO] Header PAGE
Array
(
    [user_id] => 228459564
)

****************************************************************************************************
[2021-05-07 14:05:57-INFO] Header PAGE
Array
(
    [user_id] => 228459564
)

****************************************************************************************************
[2021-05-07 14:05:57-INFO] Product PAGE
Array
(
    [user_id] => 228459564
)

****************************************************************************************************
[2021-05-07 14:05:57-INFO] Header PAGE
Array
(
    [user_id] => 228459564
)

****************************************************************************************************
[2021-05-07 14:05:58-INFO] Header PAGE
Array
(
    [user_id] => 228459564
)

****************************************************************************************************
[2021-05-07 14:06:00-INFO] Header PAGE
Array
(
    [user_id] => 228459564
)

****************************************************************************************************
[2021-05-07 14:08:45-INFO] Header PAGE
Array
(
    [user_id] => 228459564
)

****************************************************************************************************
[2021-05-07 14:08:51-INFO] Header PAGE
Array
(
    [user_id] => 228459564
)

****************************************************************************************************
[2021-05-07 14:08:56-INFO] Header PAGE
Array
(
    [user_id] => 228459564
)

****************************************************************************************************
[2021-05-07 14:09:45-INFO] Header PAGE
Array
(
    [user_id] => 228459564
)

****************************************************************************************************
[2021-05-07 14:10:28-INFO] Header PAGE
Array
(
    [user_id] => 228459564
)

****************************************************************************************************
[2021-05-07 14:10:31-INFO] Header PAGE
Array
(
    [user_id] => 228459564
)

****************************************************************************************************
[2021-05-07 14:10:32-INFO] Header PAGE
Array
(
    [user_id] => 228459564
)

****************************************************************************************************
[2021-05-07 14:10:33-INFO] Header PAGE
Array
(
    [user_id] => 228459564
)

****************************************************************************************************
[2021-05-07 14:10:33-INFO] Header PAGE
Array
(
    [user_id] => 228459564
)

****************************************************************************************************
[2021-05-07 14:10:33-INFO] Header PAGE
Array
(
    [user_id] => 228459564
)

****************************************************************************************************
[2021-05-07 14:10:33-INFO] Header PAGE
Array
(
    [user_id] => 228459564
)

****************************************************************************************************
[2021-05-07 14:10:40-INFO] Header PAGE
Array
(
    [user_id] => 228459564
)

****************************************************************************************************
[2021-05-07 14:10:54-INFO] Header PAGE
Array
(
    [user_id] => 228459564
)

****************************************************************************************************
[2021-05-07 14:10:55-INFO] Header PAGE
Array
(
    [user_id] => 228459564
)

****************************************************************************************************
[2021-05-07 14:11:00-INFO] Header PAGE
Array
(
    [user_id] => 228459564
)

****************************************************************************************************
[2021-05-07 14:11:20-INFO] Header PAGE
Array
(
    [user_id] => 228459564
)

****************************************************************************************************
[2021-05-07 14:11:20-INFO] Header PAGE
Array
(
    [user_id] => 228459564
)

****************************************************************************************************
[2021-05-07 14:11:30-INFO] Header PAGE
Array
(
    [user_id] => 228459564
)

****************************************************************************************************
[2021-05-07 14:11:38-INFO] Header PAGE
Array
(
    [user_id] => 228459564
)

****************************************************************************************************
[2021-05-07 14:11:41-INFO] Header PAGE
Array
(
    [user_id] => 228459564
)

****************************************************************************************************
[2021-05-07 14:15:33-INFO] Header PAGE
Array
(
    [user_id] => 228459564
)

****************************************************************************************************
[2021-05-07 14:22:02-INFO] Header PAGE
Array
(
    [user_id] => 228459564
)

****************************************************************************************************
[2021-05-07 14:26:29-INFO] Header PAGE
Array
(
    [user_id] => 228459564
)

****************************************************************************************************
[2021-05-07 14:26:43-INFO] Header PAGE
Array
(
    [user_id] => 228459564
)

****************************************************************************************************
[2021-05-07 14:26:55-INFO] Header PAGE
Array
(
    [user_id] => 228459564
)

****************************************************************************************************
[2021-05-07 14:26:58-INFO] Header PAGE
Array
(
    [user_id] => 228459564
)

****************************************************************************************************
[2021-05-07 14:27:36-INFO] Header PAGE
Array
(
    [user_id] => 228459564
)

****************************************************************************************************
[2021-05-07 14:27:38-INFO] Header PAGE
Array
(
    [user_id] => 228459564
)

****************************************************************************************************
[2021-05-07 14:27:38-INFO] Product PAGE
Array
(
    [user_id] => 228459564
)

****************************************************************************************************
[2021-05-07 14:27:38-INFO] Header PAGE
Array
(
    [user_id] => 228459564
)

****************************************************************************************************
[2021-05-07 14:27:42-INFO] Header PAGE
Array
(
    [user_id] => 228459564
)

****************************************************************************************************
[2021-05-07 14:27:44-INFO] Header PAGE
Array
(
    [user_id] => 228459564
)

****************************************************************************************************
[2021-05-07 14:28:05-INFO] Header PAGE
Array
(
    [user_id] => 228459564
)

****************************************************************************************************
[2021-05-07 14:28:16-INFO] Header PAGE
Array
(
    [user_id] => 228459564
)

****************************************************************************************************
[2021-05-07 14:28:16-INFO] Product PAGE
Array
(
    [user_id] => 228459564
)

****************************************************************************************************
[2021-05-07 14:28:16-INFO] Header PAGE
Array
(
    [user_id] => 228459564
)

****************************************************************************************************
[2021-05-07 14:28:17-INFO] Header PAGE
Array
(
    [user_id] => 228459564
)

****************************************************************************************************
[2021-05-07 14:28:26-INFO] Header PAGE
Array
(
    [user_id] => 228459564
)

****************************************************************************************************
[2021-05-07 14:28:59-INFO] Header PAGE
Array
(
    [user_id] => 228459564
)

****************************************************************************************************
[2021-05-07 14:29:11-INFO] Header PAGE
Array
(
    [user_id] => 228459564
)

****************************************************************************************************
[2021-05-07 14:29:17-INFO] Header PAGE
Array
(
    [user_id] => 228459564
)

****************************************************************************************************
[2021-05-07 14:29:39-INFO] Header PAGE
Array
(
    [user_id] => 228459564
)

****************************************************************************************************
[2021-05-07 14:29:42-INFO] Header PAGE
Array
(
    [user_id] => 228459564
)

****************************************************************************************************
[2021-05-07 14:29:42-INFO] Product PAGE
Array
(
    [user_id] => 228459564
)

****************************************************************************************************
[2021-05-07 14:29:42-INFO] Header PAGE
Array
(
    [user_id] => 228459564
)

****************************************************************************************************
[2021-05-07 14:29:43-INFO] Header PAGE
Array
(
    [user_id] => 228459564
)

****************************************************************************************************
[2021-05-07 14:29:44-INFO] Header PAGE
Array
(
    [user_id] => 228459564
)

****************************************************************************************************
[2021-05-07 14:29:46-INFO] Header PAGE
Array
(
    [user_id] => 228459564
)

****************************************************************************************************
[2021-05-07 14:29:54-INFO] Header PAGE
Array
(
    [user_id] => 228459564
)

****************************************************************************************************
[2021-05-07 14:30:14-INFO] Header PAGE
Array
(
    [user_id] => 228459564
)

****************************************************************************************************
[2021-05-07 14:30:20-INFO] Header PAGE
Array
(
    [user_id] => 228459564
)

****************************************************************************************************
[2021-05-07 14:30:20-INFO] Product PAGE
Array
(
    [user_id] => 228459564
)

****************************************************************************************************
[2021-05-07 14:30:20-INFO] Header PAGE
Array
(
    [user_id] => 228459564
)

****************************************************************************************************
[2021-05-07 14:30:24-INFO] Header PAGE
Array
(
    [user_id] => 228459564
)

****************************************************************************************************
[2021-05-07 14:30:43-INFO] Header PAGE
Array
(
    [user_id] => 228459564
)

****************************************************************************************************
[2021-05-07 14:30:45-INFO] Header PAGE
Array
(
    [user_id] => 228459564
)

****************************************************************************************************
[2021-05-07 14:30:58-INFO] Header PAGE
Array
(
    [user_id] => 228459564
)

****************************************************************************************************
[2021-05-07 14:32:08-INFO] Header PAGE
Array
(
    [user_id] => 228459564
)

****************************************************************************************************
[2021-05-07 14:32:57-INFO] Header PAGE
Array
(
    [user_id] => 228459564
)

****************************************************************************************************
[2021-05-07 14:33:37-INFO] Header PAGE
Array
(
    [user_id] => 228459564
)

****************************************************************************************************
[2021-05-07 14:33:39-INFO] Header PAGE
Array
(
    [user_id] => 228459564
)

****************************************************************************************************
[2021-05-07 14:33:41-INFO] Header PAGE
Array
(
    [user_id] => 228459564
)

****************************************************************************************************
[2021-05-07 14:33:41-INFO] Product PAGE
Array
(
    [user_id] => 228459564
)

****************************************************************************************************
[2021-05-07 14:33:42-INFO] Header PAGE
Array
(
    [user_id] => 228459564
)

****************************************************************************************************
[2021-05-07 14:33:44-INFO] Header PAGE
Array
(
    [user_id] => 228459564
)

****************************************************************************************************
[2021-05-07 14:33:45-INFO] Header PAGE
Array
(
    [user_id] => 228459564
)

****************************************************************************************************
[2021-05-07 14:35:46-INFO] Header PAGE
Array
(
    [user_id] => 228459564
)

****************************************************************************************************
[2021-05-07 14:35:55-INFO] Header PAGE
Array
(
    [user_id] => 228459564
)

****************************************************************************************************
[2021-05-07 14:36:02-INFO] Header PAGE
Array
(
    [user_id] => 228459564
)

****************************************************************************************************
[2021-05-07 14:37:23-INFO] Header PAGE
Array
(
    [user_id] => 228459564
)

****************************************************************************************************
[2021-05-07 14:37:37-INFO] Header PAGE
Array
(
    [user_id] => 228459564
)

****************************************************************************************************
[2021-05-07 14:37:39-INFO] Header PAGE
Array
(
    [user_id] => 228459564
)

****************************************************************************************************
[2021-05-07 14:38:24-INFO] Header PAGE
Array
(
    [user_id] => 228459564
)

****************************************************************************************************
[2021-05-07 14:40:09-INFO] Header PAGE
Array
(
    [user_id] => 228459564
)

****************************************************************************************************
[2021-05-07 14:40:18-INFO] Header PAGE
Array
(
    [user_id] => 228459564
)

****************************************************************************************************
[2021-05-07 14:40:28-INFO] Header PAGE
Array
(
    [user_id] => 228459564
)

****************************************************************************************************
[2021-05-07 14:40:30-INFO] Header PAGE
Array
(
    [user_id] => 228459564
)

****************************************************************************************************
[2021-05-07 14:40:30-INFO] Header PAGE
Array
(
    [user_id] => 228459564
)

****************************************************************************************************
[2021-05-07 14:40:31-INFO] Header PAGE
Array
(
    [user_id] => 228459564
)

****************************************************************************************************
[2021-05-07 14:40:39-INFO] Header PAGE
Array
(
    [user_id] => 228459564
)

****************************************************************************************************
[2021-05-07 14:40:50-INFO] Header PAGE
Array
(
    [user_id] => 228459564
)

****************************************************************************************************
[2021-05-07 14:40:55-INFO] Header PAGE
Array
(
    [user_id] => 228459564
)

****************************************************************************************************
[2021-05-07 14:40:55-INFO] Header PAGE
Array
(
    [user_id] => 228459564
)

****************************************************************************************************
[2021-05-07 14:41:28-INFO] Header PAGE
Array
(
    [user_id] => 228459564
)

****************************************************************************************************
[2021-05-07 14:41:30-INFO] Header PAGE
Array
(
    [user_id] => 228459564
)

****************************************************************************************************
[2021-05-07 14:52:01-INFO] Header PAGE
Array
(
    [user_id] => 228459564
)

****************************************************************************************************
[2021-05-07 14:52:05-INFO] Header PAGE
Array
(
    [user_id] => 228459564
)

****************************************************************************************************
[2021-05-07 14:52:18-INFO] Header PAGE
Array
(
    [user_id] => 228459564
)

****************************************************************************************************
[2021-05-07 14:52:27-INFO] Header PAGE
Array
(
    [user_id] => 228459564
)

****************************************************************************************************
[2021-05-07 14:54:44-INFO] Header PAGE
Array
(
    [user_id] => 228459564
)

****************************************************************************************************
[2021-05-07 14:56:13-INFO] Header PAGE
Array
(
    [user_id] => 228459564
)

****************************************************************************************************
[2021-05-07 14:56:47-INFO] Header PAGE
Array
(
    [user_id] => 228459564
)

****************************************************************************************************
[2021-05-07 14:56:50-INFO] Header PAGE
Array
(
    [user_id] => 228459564
)

****************************************************************************************************
[2021-05-07 14:56:50-INFO] Product PAGE
Array
(
    [user_id] => 228459564
)

****************************************************************************************************
[2021-05-07 14:56:51-INFO] Header PAGE
Array
(
    [user_id] => 228459564
)

****************************************************************************************************
[2021-05-07 14:56:51-INFO] Header PAGE
Array
(
    [user_id] => 228459564
)

****************************************************************************************************
[2021-05-07 14:56:52-INFO] Header PAGE
Array
(
    [user_id] => 228459564
)

****************************************************************************************************
[2021-05-07 14:56:53-INFO] Header PAGE
Array
(
    [user_id] => 228459564
)

****************************************************************************************************
[2021-05-07 15:00:38-INFO] Header PAGE
Array
(
    [user_id] => 228459564
)

****************************************************************************************************
[2021-05-07 15:00:38-INFO] Product PAGE
Array
(
    [user_id] => 228459564
)

****************************************************************************************************
[2021-05-07 15:00:38-INFO] Header PAGE
Array
(
    [user_id] => 228459564
)

****************************************************************************************************
[2021-05-07 15:00:38-INFO] Header PAGE
Array
(
    [user_id] => 228459564
)

****************************************************************************************************
[2021-05-07 15:00:40-INFO] Header PAGE
Array
(
    [user_id] => 228459564
)

****************************************************************************************************
[2021-05-07 15:00:56-INFO] Header PAGE
Array
(
    [user_id] => 228459564
)

****************************************************************************************************
[2021-05-07 15:00:56-INFO] Header PAGE
Array
(
    [user_id] => 228459564
)

****************************************************************************************************
[2021-05-07 15:01:09-INFO] Header PAGE
Array
(
    [user_id] => 228459564
)

****************************************************************************************************
[2021-05-07 15:01:09-INFO] Product PAGE
Array
(
    [user_id] => 228459564
)

****************************************************************************************************
[2021-05-07 15:01:09-INFO] Header PAGE
Array
(
    [user_id] => 228459564
)

****************************************************************************************************
[2021-05-07 15:01:09-INFO] Header PAGE
Array
(
    [user_id] => 228459564
)

****************************************************************************************************
[2021-05-07 15:01:12-INFO] Header PAGE
Array
(
    [user_id] => 228459564
)

****************************************************************************************************
[2021-05-07 15:01:12-INFO] Header PAGE
Array
(
    [user_id] => 228459564
)

****************************************************************************************************
[2021-05-07 15:01:12-INFO] Product PAGE
Array
(
    [user_id] => 228459564
)

****************************************************************************************************
[2021-05-07 15:01:12-INFO] Header PAGE
Array
(
    [user_id] => 228459564
)

****************************************************************************************************
[2021-05-07 15:01:26-INFO] Header PAGE
Array
(
    [user_id] => 228459564
)

****************************************************************************************************
[2021-05-07 15:01:27-INFO] Header PAGE
Array
(
    [user_id] => 228459564
)

****************************************************************************************************
[2021-05-07 15:01:37-INFO] Header PAGE
Array
(
    [user_id] => 228459564
)

****************************************************************************************************
[2021-05-07 15:01:37-INFO] Product PAGE
Array
(
    [user_id] => 228459564
)

****************************************************************************************************
[2021-05-07 15:01:38-INFO] Header PAGE
Array
(
    [user_id] => 228459564
)

****************************************************************************************************
[2021-05-07 15:01:41-INFO] Header PAGE
Array
(
    [user_id] => 228459564
)

****************************************************************************************************
[2021-05-07 15:02:09-INFO] Header PAGE
Array
(
    [user_id] => 228459564
)

****************************************************************************************************
[2021-05-07 15:02:10-INFO] Header PAGE
Array
(
    [user_id] => 228459564
)

****************************************************************************************************
[2021-05-07 15:02:12-INFO] Header PAGE
Array
(
    [user_id] => 228459564
)

****************************************************************************************************
[2021-05-07 15:03:18-INFO] Header PAGE
Array
(
    [user_id] => 228459564
)

****************************************************************************************************
[2021-05-07 15:03:18-INFO] Header PAGE
Array
(
    [user_id] => 228459564
)

****************************************************************************************************
[2021-05-07 15:03:20-INFO] Header PAGE
Array
(
    [user_id] => 228459564
)

****************************************************************************************************
[2021-05-07 15:03:20-INFO] Header PAGE
Array
(
    [user_id] => 228459564
)

****************************************************************************************************
[2021-05-07 15:03:26-INFO] Header PAGE
Array
(
    [user_id] => 228459564
)

****************************************************************************************************
[2021-05-07 15:03:28-INFO] Header PAGE
Array
(
    [user_id] => 228459564
)

****************************************************************************************************
[2021-05-07 15:03:29-INFO] Header PAGE
Array
(
    [user_id] => 228459564
)

****************************************************************************************************
[2021-05-07 15:03:35-INFO] Header PAGE
Array
(
    [user_id] => 228459564
)

****************************************************************************************************
[2021-05-07 15:03:35-INFO] Header PAGE
Array
(
    [user_id] => 228459564
)

****************************************************************************************************
[2021-05-07 15:03:36-INFO] Header PAGE
Array
(
    [user_id] => 228459564
)

****************************************************************************************************
[2021-05-07 15:03:36-INFO] Header PAGE
Array
(
    [user_id] => 228459564
)

****************************************************************************************************
[2021-05-07 15:03:37-INFO] Header PAGE
Array
(
    [user_id] => 228459564
)

****************************************************************************************************
[2021-05-07 15:03:37-INFO] Header PAGE
Array
(
    [user_id] => 228459564
)

****************************************************************************************************
[2021-05-07 15:03:37-INFO] Header PAGE
Array
(
    [user_id] => 228459564
)

****************************************************************************************************
[2021-05-07 15:03:37-INFO] Header PAGE
Array
(
    [user_id] => 228459564
)

****************************************************************************************************
[2021-05-07 15:03:37-INFO] Header PAGE
Array
(
    [user_id] => 228459564
)

****************************************************************************************************
[2021-05-07 15:03:37-INFO] Header PAGE
Array
(
    [user_id] => 228459564
)

****************************************************************************************************
[2021-05-07 15:03:37-INFO] Header PAGE
Array
(
    [user_id] => 228459564
)

****************************************************************************************************
[2021-05-07 15:03:37-INFO] Header PAGE
Array
(
    [user_id] => 228459564
)

****************************************************************************************************
[2021-05-07 15:03:38-INFO] Header PAGE
Array
(
    [user_id] => 228459564
)

****************************************************************************************************
[2021-05-07 15:03:38-INFO] Header PAGE
Array
(
    [user_id] => 228459564
)

****************************************************************************************************
[2021-05-07 15:03:52-INFO] Header PAGE
Array
(
    [user_id] => 228459564
)

****************************************************************************************************
[2021-05-07 15:03:54-INFO] Header PAGE
Array
(
    [user_id] => 228459564
)

****************************************************************************************************
[2021-05-07 15:03:55-INFO] Header PAGE
Array
(
    [user_id] => 228459564
)

****************************************************************************************************
[2021-05-07 15:04:05-INFO] Header PAGE
Array
(
    [user_id] => 228459564
)

****************************************************************************************************
[2021-05-07 15:04:07-INFO] Header PAGE
Array
(
    [user_id] => 228459564
)

****************************************************************************************************
[2021-05-07 15:04:07-INFO] Product PAGE
Array
(
    [user_id] => 228459564
)

****************************************************************************************************
[2021-05-07 15:04:07-INFO] Header PAGE
Array
(
    [user_id] => 228459564
)

****************************************************************************************************
[2021-05-07 15:04:08-INFO] Header PAGE
Array
(
    [user_id] => 228459564
)

****************************************************************************************************
[2021-05-07 15:04:09-INFO] Header PAGE
Array
(
    [user_id] => 228459564
)

****************************************************************************************************
[2021-05-07 15:04:22-INFO] Header PAGE
Array
(
    [user_id] => 228459564
)

****************************************************************************************************
[2021-05-07 15:05:07-INFO] Header PAGE
Array
(
    [user_id] => 228459564
)

****************************************************************************************************
[2021-05-07 15:05:09-INFO] Header PAGE
Array
(
    [user_id] => 228459564
)

****************************************************************************************************
[2021-05-07 15:05:09-INFO] Product PAGE
Array
(
    [user_id] => 228459564
)

****************************************************************************************************
[2021-05-07 15:05:09-INFO] Header PAGE
Array
(
    [user_id] => 228459564
)

****************************************************************************************************
[2021-05-07 15:05:10-INFO] Header PAGE
Array
(
    [user_id] => 228459564
)

****************************************************************************************************
[2021-05-07 15:05:11-INFO] Header PAGE
Array
(
    [user_id] => 228459564
)

****************************************************************************************************
[2021-05-07 15:05:20-INFO] Header PAGE
Array
(
    [user_id] => 228459564
)

****************************************************************************************************
[2021-05-07 15:05:21-INFO] Header PAGE
Array
(
    [user_id] => 228459564
)

****************************************************************************************************
[2021-05-07 15:05:21-INFO] Product PAGE
Array
(
    [user_id] => 228459564
)

****************************************************************************************************
[2021-05-07 15:05:21-INFO] Header PAGE
Array
(
    [user_id] => 228459564
)

****************************************************************************************************
[2021-05-07 15:05:22-INFO] Header PAGE
Array
(
    [user_id] => 228459564
)

****************************************************************************************************
[2021-05-07 15:05:23-INFO] Header PAGE
Array
(
    [user_id] => 228459564
)

****************************************************************************************************
[2021-05-07 15:06:59-INFO] Header PAGE
Array
(
    [user_id] => 228459564
)

****************************************************************************************************
[2021-05-07 15:06:59-INFO] Header PAGE
Array
(
    [user_id] => 228459564
)

****************************************************************************************************
[2021-05-07 15:07:09-INFO] Header PAGE
Array
(
    [user_id] => 228459564
)

****************************************************************************************************
[2021-05-07 15:07:11-INFO] Header PAGE
Array
(
    [user_id] => 228459564
)

****************************************************************************************************
[2021-05-07 15:07:12-INFO] Header PAGE
Array
(
    [user_id] => 228459564
)

****************************************************************************************************
[2021-05-07 15:07:26-INFO] Header PAGE
Array
(
    [user_id] => 228459564
)

****************************************************************************************************
[2021-05-07 15:07:26-INFO] Header PAGE
Array
(
    [user_id] => 228459564
)

****************************************************************************************************
[2021-05-07 15:07:33-INFO] Header PAGE
Array
(
    [user_id] => 228459564
)

****************************************************************************************************
[2021-05-07 15:07:33-INFO] Header PAGE
Array
(
    [user_id] => 228459564
)

****************************************************************************************************
[2021-05-07 15:07:43-INFO] Header PAGE
Array
(
    [user_id] => 228459564
)

****************************************************************************************************
[2021-05-07 15:07:44-INFO] Header PAGE
Array
(
    [user_id] => 228459564
)

****************************************************************************************************
[2021-05-07 15:07:52-INFO] Header PAGE
Array
(
    [user_id] => 228459564
)

****************************************************************************************************
[2021-05-07 15:07:52-INFO] Product PAGE
Array
(
    [user_id] => 228459564
)

****************************************************************************************************
[2021-05-07 15:07:52-INFO] Header PAGE
Array
(
    [user_id] => 228459564
)

****************************************************************************************************
[2021-05-07 15:08:01-INFO] Header PAGE
Array
(
    [user_id] => 228459564
)

****************************************************************************************************
[2021-05-07 15:13:43-INFO] Header PAGE
Array
(
    [user_id] => 228459564
)

****************************************************************************************************
[2021-05-07 15:13:44-INFO] Header PAGE
Array
(
    [user_id] => 228459564
)

****************************************************************************************************
[2021-05-07 15:13:44-INFO] Product PAGE
Array
(
    [user_id] => 228459564
)

****************************************************************************************************
[2021-05-07 15:13:45-INFO] Header PAGE
Array
(
    [user_id] => 228459564
)

****************************************************************************************************
[2021-05-07 15:13:45-INFO] Header PAGE
Array
(
    [user_id] => 228459564
)

****************************************************************************************************
[2021-05-07 15:13:45-INFO] Header PAGE
Array
(
    [user_id] => 228459564
)

****************************************************************************************************
[2021-05-07 15:13:45-INFO] Header PAGE
Array
(
    [user_id] => 228459564
)

****************************************************************************************************
[2021-05-07 15:13:46-INFO] Header PAGE
Array
(
    [user_id] => 228459564
)

****************************************************************************************************
[2021-05-07 15:13:46-INFO] Header PAGE
Array
(
    [user_id] => 228459564
)

****************************************************************************************************
[2021-05-07 15:13:46-INFO] Product PAGE
Array
(
    [user_id] => 228459564
)

****************************************************************************************************
[2021-05-07 15:13:46-INFO] Header PAGE
Array
(
    [user_id] => 228459564
)

****************************************************************************************************
[2021-05-07 15:13:46-INFO] Header PAGE
Array
(
    [user_id] => 228459564
)

****************************************************************************************************
[2021-05-07 15:13:46-INFO] Header PAGE
Array
(
    [user_id] => 228459564
)

****************************************************************************************************
[2021-05-07 15:13:48-INFO] Header PAGE
Array
(
    [user_id] => 228459564
)

****************************************************************************************************
[2021-05-07 15:13:48-INFO] Header PAGE
Array
(
    [user_id] => 228459564
)

****************************************************************************************************
[2021-05-07 15:13:48-INFO] Product PAGE
Array
(
    [user_id] => 228459564
)

****************************************************************************************************
[2021-05-07 15:13:48-INFO] Header PAGE
Array
(
    [user_id] => 228459564
)

****************************************************************************************************
[2021-05-07 15:13:48-INFO] Header PAGE
Array
(
    [user_id] => 228459564
)

****************************************************************************************************
[2021-05-07 15:13:49-INFO] Header PAGE
Array
(
    [user_id] => 228459564
)

****************************************************************************************************
[2021-05-07 15:13:49-INFO] Header PAGE
Array
(
    [user_id] => 228459564
)

****************************************************************************************************
[2021-05-07 15:13:49-INFO] Product PAGE
Array
(
    [user_id] => 228459564
)

****************************************************************************************************
[2021-05-07 15:13:50-INFO] Header PAGE
Array
(
    [user_id] => 228459564
)

****************************************************************************************************
[2021-05-07 15:14:47-INFO] Header PAGE
Array
(
    [user_id] => 228459564
)

****************************************************************************************************
[2021-05-07 15:14:47-INFO] Product PAGE
Array
(
    [user_id] => 228459564
)

****************************************************************************************************
[2021-05-07 15:14:47-INFO] Header PAGE
Array
(
    [user_id] => 228459564
)

****************************************************************************************************
[2021-05-07 15:14:50-INFO] Header PAGE
Array
(
    [user_id] => 228459564
)

****************************************************************************************************
[2021-05-07 15:14:50-INFO] Header PAGE
Array
(
    [user_id] => 228459564
)

****************************************************************************************************
[2021-05-07 15:14:50-INFO] Header PAGE
Array
(
    [user_id] => 228459564
)

****************************************************************************************************
[2021-05-07 15:15:27-INFO] Header PAGE
Array
(
    [user_id] => 228459564
)

****************************************************************************************************
[2021-05-07 15:15:28-INFO] Header PAGE
Array
(
    [user_id] => 228459564
)

****************************************************************************************************
[2021-05-07 15:15:28-INFO] Header PAGE
Array
(
    [user_id] => 228459564
)

****************************************************************************************************
[2021-05-07 15:15:37-INFO] Header PAGE
Array
(
    [user_id] => 228459564
)

****************************************************************************************************
[2021-05-07 15:15:37-INFO] Header PAGE
Array
(
    [user_id] => 228459564
)

****************************************************************************************************
[2021-05-07 15:15:39-INFO] Header PAGE
Array
(
    [user_id] => 228459564
)

****************************************************************************************************
[2021-05-07 15:15:39-INFO] Header PAGE
Array
(
    [user_id] => 228459564
)

****************************************************************************************************
[2021-05-07 15:16:06-INFO] Header PAGE
Array
(
    [user_id] => 228459564
)

****************************************************************************************************
[2021-05-07 15:16:06-INFO] Header PAGE
Array
(
    [user_id] => 228459564
)

****************************************************************************************************
[2021-05-07 15:17:09-INFO] Header PAGE
Array
(
    [user_id] => 228459564
)

****************************************************************************************************
[2021-05-07 15:17:09-INFO] Product PAGE
Array
(
    [user_id] => 228459564
)

****************************************************************************************************
[2021-05-07 15:17:09-INFO] Header PAGE
Array
(
    [user_id] => 228459564
)

****************************************************************************************************
[2021-05-07 15:17:11-INFO] Header PAGE
Array
(
    [user_id] => 228459564
)

****************************************************************************************************
[2021-05-07 15:17:11-INFO] Header PAGE
Array
(
    [user_id] => 228459564
)

****************************************************************************************************
[2021-05-07 15:17:11-INFO] Product PAGE
Array
(
    [user_id] => 228459564
)

****************************************************************************************************
[2021-05-07 15:17:11-INFO] Header PAGE
Array
(
    [user_id] => 228459564
)

****************************************************************************************************
[2021-05-07 15:17:43-INFO] Header PAGE
Array
(
    [user_id] => 228459564
)

****************************************************************************************************
[2021-05-07 15:17:43-INFO] Product PAGE
Array
(
    [user_id] => 228459564
)

****************************************************************************************************
[2021-05-07 15:17:43-INFO] Header PAGE
Array
(
    [user_id] => 228459564
)

****************************************************************************************************
[2021-05-07 15:17:45-INFO] Header PAGE
Array
(
    [user_id] => 228459564
)

****************************************************************************************************
[2021-05-07 15:17:56-INFO] Header PAGE
Array
(
    [user_id] => 228459564
)

****************************************************************************************************
[2021-05-07 15:17:56-INFO] Header PAGE
Array
(
    [user_id] => 228459564
)

****************************************************************************************************
[2021-05-07 15:17:57-INFO] Header PAGE
Array
(
    [user_id] => 228459564
)

****************************************************************************************************
[2021-05-07 15:17:57-INFO] Product PAGE
Array
(
    [user_id] => 228459564
)

****************************************************************************************************
[2021-05-07 15:17:58-INFO] Header PAGE
Array
(
    [user_id] => 228459564
)

****************************************************************************************************
[2021-05-07 15:18:01-INFO] Header PAGE
Array
(
    [user_id] => 228459564
)

****************************************************************************************************
[2021-05-07 15:18:01-INFO] Header PAGE
Array
(
    [user_id] => 228459564
)

****************************************************************************************************
[2021-05-07 15:18:01-INFO] Product PAGE
Array
(
    [user_id] => 228459564
)

****************************************************************************************************
[2021-05-07 15:18:01-INFO] Header PAGE
Array
(
    [user_id] => 228459564
)

****************************************************************************************************
[2021-05-07 15:19:00-INFO] Header PAGE
Array
(
    [user_id] => 228459564
)

****************************************************************************************************
[2021-05-07 15:19:00-INFO] Product PAGE
Array
(
    [user_id] => 228459564
)

****************************************************************************************************
[2021-05-07 15:19:00-INFO] Header PAGE
Array
(
    [user_id] => 228459564
)

****************************************************************************************************
[2021-05-07 15:19:01-INFO] Header PAGE
Array
(
    [user_id] => 228459564
)

****************************************************************************************************
[2021-05-07 15:19:23-INFO] Header PAGE
Array
(
    [user_id] => 228459564
)

****************************************************************************************************
[2021-05-07 15:19:24-INFO] Header PAGE
Array
(
    [user_id] => 228459564
)

****************************************************************************************************
[2021-05-07 15:19:25-INFO] Header PAGE
Array
(
    [user_id] => 228459564
)

****************************************************************************************************
[2021-05-07 15:19:25-INFO] Product PAGE
Array
(
    [user_id] => 228459564
)

****************************************************************************************************
[2021-05-07 15:19:26-INFO] Header PAGE
Array
(
    [user_id] => 228459564
)

****************************************************************************************************
[2021-05-07 15:19:28-INFO] Header PAGE
Array
(
    [user_id] => 228459564
)

****************************************************************************************************
[2021-05-07 15:19:28-INFO] Header PAGE
Array
(
    [user_id] => 228459564
)

****************************************************************************************************
[2021-05-07 15:19:28-INFO] Product PAGE
Array
(
    [user_id] => 228459564
)

****************************************************************************************************
[2021-05-07 15:19:28-INFO] Header PAGE
Array
(
    [user_id] => 228459564
)

****************************************************************************************************
[2021-05-07 15:19:56-INFO] Header PAGE
Array
(
    [user_id] => 228459564
)

****************************************************************************************************
[2021-05-07 15:19:56-INFO] Product PAGE
Array
(
    [user_id] => 228459564
)

****************************************************************************************************
[2021-05-07 15:19:56-INFO] Header PAGE
Array
(
    [user_id] => 228459564
)

****************************************************************************************************
[2021-05-07 15:19:57-INFO] Header PAGE
Array
(
    [user_id] => 228459564
)

****************************************************************************************************
[2021-05-07 15:20:13-INFO] Header PAGE
Array
(
    [user_id] => 228459564
)

****************************************************************************************************
[2021-05-07 15:20:13-INFO] Header PAGE
Array
(
    [user_id] => 228459564
)

****************************************************************************************************
[2021-05-07 15:20:16-INFO] Header PAGE
Array
(
    [user_id] => 228459564
)

****************************************************************************************************
[2021-05-07 15:20:16-INFO] Product PAGE
Array
(
    [user_id] => 228459564
)

****************************************************************************************************
[2021-05-07 15:20:16-INFO] Header PAGE
Array
(
    [user_id] => 228459564
)

****************************************************************************************************
[2021-05-07 15:20:18-INFO] Header PAGE
Array
(
    [user_id] => 228459564
)

****************************************************************************************************
[2021-05-07 15:20:18-INFO] Header PAGE
Array
(
    [user_id] => 228459564
)

****************************************************************************************************
[2021-05-07 15:20:18-INFO] Product PAGE
Array
(
    [user_id] => 228459564
)

****************************************************************************************************
[2021-05-07 15:20:18-INFO] Header PAGE
Array
(
    [user_id] => 228459564
)

****************************************************************************************************
[2021-05-07 15:21:11-INFO] Header PAGE
Array
(
    [user_id] => 228459564
)

****************************************************************************************************
[2021-05-07 15:21:24-INFO] Header PAGE
Array
(
    [user_id] => 228459564
)

****************************************************************************************************
[2021-05-07 15:21:24-INFO] Product PAGE
Array
(
    [user_id] => 228459564
)

****************************************************************************************************
[2021-05-07 15:21:24-INFO] Header PAGE
Array
(
    [user_id] => 228459564
)

****************************************************************************************************
[2021-05-07 15:21:26-INFO] Header PAGE
Array
(
    [user_id] => 228459564
)

****************************************************************************************************
[2021-05-07 15:21:35-INFO] Header PAGE
Array
(
    [user_id] => 228459564
)

****************************************************************************************************
[2021-05-07 15:21:35-INFO] Header PAGE
Array
(
    [user_id] => 228459564
)

****************************************************************************************************
[2021-05-07 15:21:37-INFO] Header PAGE
Array
(
    [user_id] => 228459564
)

****************************************************************************************************
[2021-05-07 15:21:37-INFO] Product PAGE
Array
(
    [user_id] => 228459564
)

****************************************************************************************************
[2021-05-07 15:21:37-INFO] Header PAGE
Array
(
    [user_id] => 228459564
)

****************************************************************************************************
[2021-05-07 15:21:39-INFO] Header PAGE
Array
(
    [user_id] => 228459564
)

****************************************************************************************************
[2021-05-07 15:21:39-INFO] Header PAGE
Array
(
    [user_id] => 228459564
)

****************************************************************************************************
[2021-05-07 15:21:39-INFO] Product PAGE
Array
(
    [user_id] => 228459564
)

****************************************************************************************************
[2021-05-07 15:21:39-INFO] Header PAGE
Array
(
    [user_id] => 228459564
)

****************************************************************************************************
[2021-05-07 15:21:51-INFO] Header PAGE
Array
(
    [user_id] => 228459564
)

****************************************************************************************************
[2021-05-07 15:21:51-INFO] Product PAGE
Array
(
    [user_id] => 228459564
)

****************************************************************************************************
[2021-05-07 15:21:51-INFO] Header PAGE
Array
(
    [user_id] => 228459564
)

****************************************************************************************************
[2021-05-07 15:21:53-INFO] Header PAGE
Array
(
    [user_id] => 228459564
)

****************************************************************************************************
[2021-05-07 15:22:02-INFO] Header PAGE
Array
(
    [user_id] => 228459564
)

****************************************************************************************************
[2021-05-07 15:22:02-INFO] Header PAGE
Array
(
    [user_id] => 228459564
)

****************************************************************************************************
[2021-05-07 15:22:04-INFO] Header PAGE
Array
(
    [user_id] => 228459564
)

****************************************************************************************************
[2021-05-07 15:22:04-INFO] Product PAGE
Array
(
    [user_id] => 228459564
)

****************************************************************************************************
[2021-05-07 15:22:04-INFO] Header PAGE
Array
(
    [user_id] => 228459564
)

****************************************************************************************************
[2021-05-07 15:22:06-INFO] Header PAGE
Array
(
    [user_id] => 228459564
)

****************************************************************************************************
[2021-05-07 15:22:06-INFO] Header PAGE
Array
(
    [user_id] => 228459564
)

****************************************************************************************************
[2021-05-07 15:22:06-INFO] Product PAGE
Array
(
    [user_id] => 228459564
)

****************************************************************************************************
[2021-05-07 15:22:06-INFO] Header PAGE
Array
(
    [user_id] => 228459564
)

****************************************************************************************************
