[2021-07-19 12:03:12 - INFO] 
Array
(
    [user_id] => 38056526
    [user_ip] => 1
    [user_rights] => anonymous
    [user_products] => Array
        (
            [0] => stdClass Object
                (
                    [id] => 1
                    [title] => Product 1
                    [description] => Product Test 1
                    [price] => 60000
                    [pic] => asset/image/2.jpg
                )

            [1] => stdClass Object
                (
                    [id] => 2
                    [title] => Product 2
                    [description] => Product Test 2
                    [price] => 50000
                    [pic] => asset/image/3.jpg
                )

            [2] => stdClass Object
                (
                    [id] => 3
                    [title] => Product 3
                    [description] => Product Test 3
                    [price] => 140000
                    [pic] => asset/image/2.jpg
                )

            [3] => stdClass Object
                (
                    [id] => 4
                    [title] => Product 4
                    [description] => Product Test 4
                    [price] => 120000
                    [pic] => asset/image/4.jpg
                )

        )

)

****************************************************************************************************
[2021-07-19 12:03:12 - INFO] 
Array
(
    [user_id] => 1283554937
    [user_ip] => 1
    [user_rights] => anonymous
    [user_products] => Array
        (
            [0] => stdClass Object
                (
                    [id] => 1
                    [title] => Product 1
                    [description] => Product Test 1
                    [price] => 60000
                    [pic] => asset/image/2.jpg
                )

            [1] => stdClass Object
                (
                    [id] => 2
                    [title] => Product 2
                    [description] => Product Test 2
                    [price] => 50000
                    [pic] => asset/image/3.jpg
                )

            [2] => stdClass Object
                (
                    [id] => 3
                    [title] => Product 3
                    [description] => Product Test 3
                    [price] => 140000
                    [pic] => asset/image/2.jpg
                )

            [3] => stdClass Object
                (
                    [id] => 4
                    [title] => Product 4
                    [description] => Product Test 4
                    [price] => 120000
                    [pic] => asset/image/4.jpg
                )

        )

)

****************************************************************************************************
[2021-07-19 12:03:39 - INFO] 
Array
(
    [user_id] => 209609118
    [user_ip] => 1
    [user_rights] => anonymous
    [user_products] => Array
        (
            [0] => stdClass Object
                (
                    [id] => 1
                    [title] => Product 1
                    [description] => Product Test 1
                    [price] => 60000
                    [pic] => asset/image/2.jpg
                )

            [1] => stdClass Object
                (
                    [id] => 2
                    [title] => Product 2
                    [description] => Product Test 2
                    [price] => 50000
                    [pic] => asset/image/3.jpg
                )

            [2] => stdClass Object
                (
                    [id] => 3
                    [title] => Product 3
                    [description] => Product Test 3
                    [price] => 140000
                    [pic] => asset/image/2.jpg
                )

            [3] => stdClass Object
                (
                    [id] => 4
                    [title] => Product 4
                    [description] => Product Test 4
                    [price] => 120000
                    [pic] => asset/image/4.jpg
                )

        )

)

****************************************************************************************************
[2021-07-19 12:04:22 - INFO] 
Array
(
    [user_id] => 956428238
    [user_ip] => 1
    [user_rights] => anonymous
    [user_products] => Array
        (
            [0] => stdClass Object
                (
                    [id] => 1
                    [title] => Product 1
                    [description] => Product Test 1
                    [price] => 60000
                    [pic] => asset/image/2.jpg
                )

            [1] => stdClass Object
                (
                    [id] => 2
                    [title] => Product 2
                    [description] => Product Test 2
                    [price] => 50000
                    [pic] => asset/image/3.jpg
                )

            [2] => stdClass Object
                (
                    [id] => 3
                    [title] => Product 3
                    [description] => Product Test 3
                    [price] => 140000
                    [pic] => asset/image/2.jpg
                )

            [3] => stdClass Object
                (
                    [id] => 4
                    [title] => Product 4
                    [description] => Product Test 4
                    [price] => 120000
                    [pic] => asset/image/4.jpg
                )

        )

)

****************************************************************************************************
[2021-07-19 12:04:24 - INFO] 
Array
(
    [user_id] => 912275443
    [user_ip] => 1
    [user_rights] => anonymous
    [user_products] => Array
        (
            [0] => stdClass Object
                (
                    [id] => 1
                    [title] => Product 1
                    [description] => Product Test 1
                    [price] => 60000
                    [pic] => asset/image/2.jpg
                )

            [1] => stdClass Object
                (
                    [id] => 2
                    [title] => Product 2
                    [description] => Product Test 2
                    [price] => 50000
                    [pic] => asset/image/3.jpg
                )

            [2] => stdClass Object
                (
                    [id] => 3
                    [title] => Product 3
                    [description] => Product Test 3
                    [price] => 140000
                    [pic] => asset/image/2.jpg
                )

            [3] => stdClass Object
                (
                    [id] => 4
                    [title] => Product 4
                    [description] => Product Test 4
                    [price] => 120000
                    [pic] => asset/image/4.jpg
                )

        )

)

****************************************************************************************************
[2021-07-19 12:04:25 - INFO] 
Array
(
    [user_id] => 1035523540
    [user_ip] => 1
    [user_rights] => anonymous
    [user_products] => Array
        (
            [0] => stdClass Object
                (
                    [id] => 1
                    [title] => Product 1
                    [description] => Product Test 1
                    [price] => 60000
                    [pic] => asset/image/2.jpg
                )

            [1] => stdClass Object
                (
                    [id] => 2
                    [title] => Product 2
                    [description] => Product Test 2
                    [price] => 50000
                    [pic] => asset/image/3.jpg
                )

            [2] => stdClass Object
                (
                    [id] => 3
                    [title] => Product 3
                    [description] => Product Test 3
                    [price] => 140000
                    [pic] => asset/image/2.jpg
                )

            [3] => stdClass Object
                (
                    [id] => 4
                    [title] => Product 4
                    [description] => Product Test 4
                    [price] => 120000
                    [pic] => asset/image/4.jpg
                )

        )

)

****************************************************************************************************
[2021-07-19 12:05:03 - INFO] 
Array
(
    [user_id] => 1613269582
    [user_ip] => 1
    [user_rights] => anonymous
    [user_products] => Array
        (
            [0] => stdClass Object
                (
                    [id] => 1
                    [title] => Product 1
                    [description] => Product Test 1
                    [price] => 60000
                    [pic] => asset/image/2.jpg
                )

            [1] => stdClass Object
                (
                    [id] => 2
                    [title] => Product 2
                    [description] => Product Test 2
                    [price] => 50000
                    [pic] => asset/image/3.jpg
                )

            [2] => stdClass Object
                (
                    [id] => 3
                    [title] => Product 3
                    [description] => Product Test 3
                    [price] => 140000
                    [pic] => asset/image/2.jpg
                )

            [3] => stdClass Object
                (
                    [id] => 4
                    [title] => Product 4
                    [description] => Product Test 4
                    [price] => 120000
                    [pic] => asset/image/4.jpg
                )

        )

)

****************************************************************************************************
[2021-07-19 12:05:06 - INFO] 
Array
(
    [user_id] => 1217195013
    [user_ip] => 1
    [user_rights] => anonymous
    [user_products] => Array
        (
            [0] => stdClass Object
                (
                    [id] => 1
                    [title] => Product 1
                    [description] => Product Test 1
                    [price] => 60000
                    [pic] => asset/image/2.jpg
                )

            [1] => stdClass Object
                (
                    [id] => 2
                    [title] => Product 2
                    [description] => Product Test 2
                    [price] => 50000
                    [pic] => asset/image/3.jpg
                )

            [2] => stdClass Object
                (
                    [id] => 3
                    [title] => Product 3
                    [description] => Product Test 3
                    [price] => 140000
                    [pic] => asset/image/2.jpg
                )

            [3] => stdClass Object
                (
                    [id] => 4
                    [title] => Product 4
                    [description] => Product Test 4
                    [price] => 120000
                    [pic] => asset/image/4.jpg
                )

        )

)

****************************************************************************************************
[2021-07-19 12:05:19 - INFO] 
Array
(
    [user_id] => 1103712617
    [user_ip] => 1
    [user_rights] => anonymous
    [user_products] => Array
        (
            [0] => stdClass Object
                (
                    [id] => 1
                    [title] => Product 1
                    [description] => Product Test 1
                    [price] => 60000
                    [pic] => asset/image/2.jpg
                )

            [1] => stdClass Object
                (
                    [id] => 2
                    [title] => Product 2
                    [description] => Product Test 2
                    [price] => 50000
                    [pic] => asset/image/3.jpg
                )

            [2] => stdClass Object
                (
                    [id] => 3
                    [title] => Product 3
                    [description] => Product Test 3
                    [price] => 140000
                    [pic] => asset/image/2.jpg
                )

            [3] => stdClass Object
                (
                    [id] => 4
                    [title] => Product 4
                    [description] => Product Test 4
                    [price] => 120000
                    [pic] => asset/image/4.jpg
                )

        )

)

****************************************************************************************************
[2021-07-19 12:05:20 - INFO] 
Array
(
    [user_id] => 1119617447
    [user_ip] => 1
    [user_rights] => anonymous
    [user_products] => Array
        (
            [0] => stdClass Object
                (
                    [id] => 1
                    [title] => Product 1
                    [description] => Product Test 1
                    [price] => 60000
                    [pic] => asset/image/2.jpg
                )

            [1] => stdClass Object
                (
                    [id] => 2
                    [title] => Product 2
                    [description] => Product Test 2
                    [price] => 50000
                    [pic] => asset/image/3.jpg
                )

            [2] => stdClass Object
                (
                    [id] => 3
                    [title] => Product 3
                    [description] => Product Test 3
                    [price] => 140000
                    [pic] => asset/image/2.jpg
                )

            [3] => stdClass Object
                (
                    [id] => 4
                    [title] => Product 4
                    [description] => Product Test 4
                    [price] => 120000
                    [pic] => asset/image/4.jpg
                )

        )

)

****************************************************************************************************
[2021-07-19 12:10:21 - INFO] 
Array
(
    [user_id] => 693238244
    [user_ip] => 1
    [user_rights] => anonymous
    [user_products] => Array
        (
            [0] => stdClass Object
                (
                    [id] => 1
                    [title] => Product 1
                    [description] => Product Test 1
                    [price] => 60000
                    [pic] => asset/image/2.jpg
                )

            [1] => stdClass Object
                (
                    [id] => 2
                    [title] => Product 2
                    [description] => Product Test 2
                    [price] => 50000
                    [pic] => asset/image/3.jpg
                )

            [2] => stdClass Object
                (
                    [id] => 3
                    [title] => Product 3
                    [description] => Product Test 3
                    [price] => 140000
                    [pic] => asset/image/2.jpg
                )

            [3] => stdClass Object
                (
                    [id] => 4
                    [title] => Product 4
                    [description] => Product Test 4
                    [price] => 120000
                    [pic] => asset/image/4.jpg
                )

        )

)

****************************************************************************************************
[2021-07-19 12:10:55 - INFO] 
Array
(
    [user_id] => 506611764
    [user_ip] => 1
    [user_rights] => anonymous
    [user_products] => Array
        (
            [0] => stdClass Object
                (
                    [id] => 1
                    [title] => Product 1
                    [description] => Product Test 1
                    [price] => 60000
                    [pic] => asset/image/2.jpg
                )

            [1] => stdClass Object
                (
                    [id] => 2
                    [title] => Product 2
                    [description] => Product Test 2
                    [price] => 50000
                    [pic] => asset/image/3.jpg
                )

            [2] => stdClass Object
                (
                    [id] => 3
                    [title] => Product 3
                    [description] => Product Test 3
                    [price] => 140000
                    [pic] => asset/image/2.jpg
                )

            [3] => stdClass Object
                (
                    [id] => 4
                    [title] => Product 4
                    [description] => Product Test 4
                    [price] => 120000
                    [pic] => asset/image/4.jpg
                )

        )

)

****************************************************************************************************
[2021-07-19 12:10:59 - INFO] 
Array
(
    [user_id] => 1355348305
    [user_ip] => 1
    [user_rights] => anonymous
    [user_products] => Array
        (
            [0] => stdClass Object
                (
                    [id] => 1
                    [title] => Product 1
                    [description] => Product Test 1
                    [price] => 60000
                    [pic] => asset/image/2.jpg
                )

            [1] => stdClass Object
                (
                    [id] => 2
                    [title] => Product 2
                    [description] => Product Test 2
                    [price] => 50000
                    [pic] => asset/image/3.jpg
                )

            [2] => stdClass Object
                (
                    [id] => 3
                    [title] => Product 3
                    [description] => Product Test 3
                    [price] => 140000
                    [pic] => asset/image/2.jpg
                )

            [3] => stdClass Object
                (
                    [id] => 4
                    [title] => Product 4
                    [description] => Product Test 4
                    [price] => 120000
                    [pic] => asset/image/4.jpg
                )

        )

)

****************************************************************************************************
[2021-07-19 12:11:12 - INFO] 
Array
(
    [user_id] => 794182044
    [user_ip] => 1
    [user_rights] => anonymous
    [user_products] => Array
        (
            [0] => stdClass Object
                (
                    [id] => 1
                    [title] => Product 1
                    [description] => Product Test 1
                    [price] => 60000
                    [pic] => asset/image/2.jpg
                )

            [1] => stdClass Object
                (
                    [id] => 2
                    [title] => Product 2
                    [description] => Product Test 2
                    [price] => 50000
                    [pic] => asset/image/3.jpg
                )

            [2] => stdClass Object
                (
                    [id] => 3
                    [title] => Product 3
                    [description] => Product Test 3
                    [price] => 140000
                    [pic] => asset/image/2.jpg
                )

            [3] => stdClass Object
                (
                    [id] => 4
                    [title] => Product 4
                    [description] => Product Test 4
                    [price] => 120000
                    [pic] => asset/image/4.jpg
                )

        )

)

****************************************************************************************************
[2021-07-19 12:11:36 - INFO] 
Array
(
    [user_id] => 329106506
    [user_ip] => 1
    [user_rights] => anonymous
    [user_products] => Array
        (
            [0] => stdClass Object
                (
                    [id] => 1
                    [title] => Product 1
                    [description] => Product Test 1
                    [price] => 60000
                    [pic] => asset/image/2.jpg
                )

            [1] => stdClass Object
                (
                    [id] => 2
                    [title] => Product 2
                    [description] => Product Test 2
                    [price] => 50000
                    [pic] => asset/image/3.jpg
                )

            [2] => stdClass Object
                (
                    [id] => 3
                    [title] => Product 3
                    [description] => Product Test 3
                    [price] => 140000
                    [pic] => asset/image/2.jpg
                )

            [3] => stdClass Object
                (
                    [id] => 4
                    [title] => Product 4
                    [description] => Product Test 4
                    [price] => 120000
                    [pic] => asset/image/4.jpg
                )

        )

)

****************************************************************************************************
[2021-07-19 12:11:59 - INFO] 
Array
(
    [user_id] => 500222025
    [user_ip] => 1
    [user_rights] => anonymous
    [user_products] => Array
        (
            [0] => stdClass Object
                (
                    [id] => 1
                    [title] => Product 1
                    [description] => Product Test 1
                    [price] => 60000
                    [pic] => asset/image/2.jpg
                )

            [1] => stdClass Object
                (
                    [id] => 2
                    [title] => Product 2
                    [description] => Product Test 2
                    [price] => 50000
                    [pic] => asset/image/3.jpg
                )

            [2] => stdClass Object
                (
                    [id] => 3
                    [title] => Product 3
                    [description] => Product Test 3
                    [price] => 140000
                    [pic] => asset/image/2.jpg
                )

            [3] => stdClass Object
                (
                    [id] => 4
                    [title] => Product 4
                    [description] => Product Test 4
                    [price] => 120000
                    [pic] => asset/image/4.jpg
                )

        )

)

****************************************************************************************************
[2021-07-19 12:12:31 - INFO] 
Array
(
    [user_id] => 1138195477
    [user_ip] => 1
    [user_rights] => anonymous
    [user_products] => Array
        (
            [0] => stdClass Object
                (
                    [id] => 1
                    [title] => Product 1
                    [description] => Product Test 1
                    [price] => 60000
                    [pic] => asset/image/2.jpg
                )

            [1] => stdClass Object
                (
                    [id] => 2
                    [title] => Product 2
                    [description] => Product Test 2
                    [price] => 50000
                    [pic] => asset/image/3.jpg
                )

            [2] => stdClass Object
                (
                    [id] => 3
                    [title] => Product 3
                    [description] => Product Test 3
                    [price] => 140000
                    [pic] => asset/image/2.jpg
                )

            [3] => stdClass Object
                (
                    [id] => 4
                    [title] => Product 4
                    [description] => Product Test 4
                    [price] => 120000
                    [pic] => asset/image/4.jpg
                )

        )

)

****************************************************************************************************
[2021-07-19 12:12:55 - INFO] 
Array
(
    [user_id] => 719252588
    [user_ip] => 1
    [user_rights] => anonymous
    [user_products] => Array
        (
            [0] => stdClass Object
                (
                    [id] => 1
                    [title] => Product 1
                    [description] => Product Test 1
                    [price] => 60000
                    [pic] => asset/image/2.jpg
                )

            [1] => stdClass Object
                (
                    [id] => 2
                    [title] => Product 2
                    [description] => Product Test 2
                    [price] => 50000
                    [pic] => asset/image/3.jpg
                )

            [2] => stdClass Object
                (
                    [id] => 3
                    [title] => Product 3
                    [description] => Product Test 3
                    [price] => 140000
                    [pic] => asset/image/2.jpg
                )

            [3] => stdClass Object
                (
                    [id] => 4
                    [title] => Product 4
                    [description] => Product Test 4
                    [price] => 120000
                    [pic] => asset/image/4.jpg
                )

        )

)

****************************************************************************************************
[2021-07-19 12:13:30 - INFO] 
Array
(
    [user_id] => 63674772
    [user_ip] => 1
    [user_rights] => anonymous
    [user_products] => Array
        (
            [0] => stdClass Object
                (
                    [id] => 1
                    [title] => Product 1
                    [description] => Product Test 1
                    [price] => 60000
                    [pic] => asset/image/2.jpg
                )

            [1] => stdClass Object
                (
                    [id] => 2
                    [title] => Product 2
                    [description] => Product Test 2
                    [price] => 50000
                    [pic] => asset/image/3.jpg
                )

            [2] => stdClass Object
                (
                    [id] => 3
                    [title] => Product 3
                    [description] => Product Test 3
                    [price] => 140000
                    [pic] => asset/image/2.jpg
                )

            [3] => stdClass Object
                (
                    [id] => 4
                    [title] => Product 4
                    [description] => Product Test 4
                    [price] => 120000
                    [pic] => asset/image/4.jpg
                )

        )

)

****************************************************************************************************
[2021-07-19 12:14:26 - INFO] 
Array
(
    [user_id] => 1074566354
    [user_ip] => 1
    [user_rights] => anonymous
    [user_products] => Array
        (
            [0] => stdClass Object
                (
                    [id] => 1
                    [title] => Product 1
                    [description] => Product Test 1
                    [price] => 60000
                    [pic] => asset/image/2.jpg
                )

            [1] => stdClass Object
                (
                    [id] => 2
                    [title] => Product 2
                    [description] => Product Test 2
                    [price] => 50000
                    [pic] => asset/image/3.jpg
                )

            [2] => stdClass Object
                (
                    [id] => 3
                    [title] => Product 3
                    [description] => Product Test 3
                    [price] => 140000
                    [pic] => asset/image/2.jpg
                )

            [3] => stdClass Object
                (
                    [id] => 4
                    [title] => Product 4
                    [description] => Product Test 4
                    [price] => 120000
                    [pic] => asset/image/4.jpg
                )

        )

)

****************************************************************************************************
