[2021-05-26 17:40:55-INFO] Header PAGE
Array
(
    [user_id] => 1317103660
)

****************************************************************************************************
[2021-05-26 17:40:55-INFO] Header PAGE
Array
(
    [user_id] => 1317103660
)

****************************************************************************************************
[2021-05-26 17:40:57-INFO] Header PAGE
Array
(
    [user_id] => 1317103660
)

****************************************************************************************************
[2021-05-26 17:40:57-INFO] Product PAGE
Array
(
    [user_id] => 1317103660
)

****************************************************************************************************
[2021-05-26 17:40:57-INFO] Header PAGE
Array
(
    [user_id] => 1317103660
)

****************************************************************************************************
[2021-05-26 17:40:58-INFO] Header PAGE
Array
(
    [user_id] => 1317103660
)

****************************************************************************************************
[2021-05-26 17:40:58-INFO] Header PAGE
Array
(
    [user_id] => 1317103660
)

****************************************************************************************************
[2021-05-26 17:43:07-INFO] Header PAGE
Array
(
    [user_id] => 1317103660
)

****************************************************************************************************
[2021-05-26 17:43:07-INFO] Product PAGE
Array
(
    [user_id] => 1317103660
)

****************************************************************************************************
[2021-05-26 17:43:07-INFO] Header PAGE
Array
(
    [user_id] => 1317103660
)

****************************************************************************************************
[2021-05-26 17:43:09-INFO] Header PAGE
Array
(
    [user_id] => 1317103660
)

****************************************************************************************************
[2021-05-26 17:43:09-INFO] Header PAGE
Array
(
    [user_id] => 1317103660
)

****************************************************************************************************
[2021-05-26 17:43:12-INFO] Header PAGE
Array
(
    [user_id] => 1317103660
)

****************************************************************************************************
[2021-05-26 17:43:12-INFO] Product PAGE
Array
(
    [user_id] => 1317103660
)

****************************************************************************************************
[2021-05-26 17:43:12-INFO] Header PAGE
Array
(
    [user_id] => 1317103660
)

****************************************************************************************************
[2021-05-26 17:43:49-INFO] Header PAGE
Array
(
    [user_id] => 1317103660
)

****************************************************************************************************
[2021-05-26 17:43:49-INFO] Product PAGE
Array
(
    [user_id] => 1317103660
)

****************************************************************************************************
[2021-05-26 17:43:49-INFO] Header PAGE
Array
(
    [user_id] => 1317103660
)

****************************************************************************************************
[2021-05-26 17:44:09-INFO] Header PAGE
Array
(
    [user_id] => 1317103660
)

****************************************************************************************************
[2021-05-26 17:44:09-INFO] Product PAGE
Array
(
    [user_id] => 1317103660
)

****************************************************************************************************
[2021-05-26 17:44:09-INFO] Header PAGE
Array
(
    [user_id] => 1317103660
)

****************************************************************************************************
[2021-05-26 17:44:10-INFO] Header PAGE
Array
(
    [user_id] => 1317103660
)

****************************************************************************************************
[2021-05-26 17:44:10-INFO] Header PAGE
Array
(
    [user_id] => 1317103660
)

****************************************************************************************************
[2021-05-26 17:44:10-INFO] Product PAGE
Array
(
    [user_id] => 1317103660
)

****************************************************************************************************
[2021-05-26 17:44:10-INFO] Header PAGE
Array
(
    [user_id] => 1317103660
)

****************************************************************************************************
[2021-05-26 17:46:40-INFO] Header PAGE
Array
(
    [user_id] => 1317103660
)

****************************************************************************************************
[2021-05-26 17:46:40-INFO] Product PAGE
Array
(
    [user_id] => 1317103660
)

****************************************************************************************************
[2021-05-26 17:46:40-INFO] Header PAGE
Array
(
    [user_id] => 1317103660
)

****************************************************************************************************
[2021-05-26 17:46:42-INFO] Header PAGE
Array
(
    [user_id] => 1317103660
)

****************************************************************************************************
[2021-05-26 17:46:42-INFO] Product PAGE
Array
(
    [user_id] => 1317103660
)

****************************************************************************************************
[2021-05-26 17:46:42-INFO] Header PAGE
Array
(
    [user_id] => 1317103660
)

****************************************************************************************************
[2021-05-26 17:46:44-INFO] Header PAGE
Array
(
    [user_id] => 1317103660
)

****************************************************************************************************
[2021-05-26 17:46:44-INFO] Product PAGE
Array
(
    [user_id] => 1317103660
)

****************************************************************************************************
[2021-05-26 17:46:44-INFO] Header PAGE
Array
(
    [user_id] => 1317103660
)

****************************************************************************************************
[2021-05-26 17:46:58-INFO] Header PAGE
Array
(
    [user_id] => 1317103660
)

****************************************************************************************************
[2021-05-26 17:46:58-INFO] Header PAGE
Array
(
    [user_id] => 1317103660
)

****************************************************************************************************
[2021-05-26 17:47:10-INFO] Header PAGE
Array
(
    [user_id] => 1317103660
)

****************************************************************************************************
[2021-05-26 17:47:10-INFO] Product PAGE
Array
(
    [user_id] => 1317103660
)

****************************************************************************************************
[2021-05-26 17:47:10-INFO] Header PAGE
Array
(
    [user_id] => 1317103660
)

****************************************************************************************************
[2021-05-26 17:47:13-INFO] Header PAGE
Array
(
    [user_id] => 1317103660
)

****************************************************************************************************
[2021-05-26 17:47:13-INFO] Header PAGE
Array
(
    [user_id] => 1317103660
)

****************************************************************************************************
[2021-05-26 17:47:15-INFO] Header PAGE
Array
(
    [user_id] => 1317103660
)

****************************************************************************************************
[2021-05-26 17:47:15-INFO] Product PAGE
Array
(
    [user_id] => 1317103660
)

****************************************************************************************************
[2021-05-26 17:47:15-INFO] Header PAGE
Array
(
    [user_id] => 1317103660
)

****************************************************************************************************
[2021-05-26 17:47:18-INFO] Header PAGE
Array
(
    [user_id] => 1317103660
)

****************************************************************************************************
[2021-05-26 17:47:18-INFO] Product PAGE
Array
(
    [user_id] => 1317103660
)

****************************************************************************************************
[2021-05-26 17:47:18-INFO] Header PAGE
Array
(
    [user_id] => 1317103660
)

****************************************************************************************************
[2021-05-26 17:47:56-INFO] Header PAGE
Array
(
    [user_id] => 1317103660
)

****************************************************************************************************
[2021-05-26 17:47:56-INFO] Product PAGE
Array
(
    [user_id] => 1317103660
)

****************************************************************************************************
[2021-05-26 17:47:56-INFO] Header PAGE
Array
(
    [user_id] => 1317103660
)

****************************************************************************************************
[2021-05-26 17:47:59-INFO] Header PAGE
Array
(
    [user_id] => 1317103660
)

****************************************************************************************************
[2021-05-26 17:48:03-INFO] Header PAGE
Array
(
    [user_id] => 1317103660
)

****************************************************************************************************
[2021-05-26 17:48:03-INFO] Product PAGE
Array
(
    [user_id] => 1317103660
)

****************************************************************************************************
[2021-05-26 17:48:03-INFO] Header PAGE
Array
(
    [user_id] => 1317103660
)

****************************************************************************************************
[2021-05-26 17:48:18-INFO] Header PAGE
Array
(
    [user_id] => 1317103660
)

****************************************************************************************************
[2021-05-26 17:48:18-INFO] Product PAGE
Array
(
    [user_id] => 1317103660
)

****************************************************************************************************
[2021-05-26 17:48:18-INFO] Header PAGE
Array
(
    [user_id] => 1317103660
)

****************************************************************************************************
[2021-05-26 17:48:54-INFO] Header PAGE
Array
(
    [user_id] => 1317103660
)

****************************************************************************************************
[2021-05-26 17:48:54-INFO] Product PAGE
Array
(
    [user_id] => 1317103660
)

****************************************************************************************************
[2021-05-26 17:48:54-INFO] Header PAGE
Array
(
    [user_id] => 1317103660
)

****************************************************************************************************
[2021-05-26 17:50:08-INFO] Header PAGE
Array
(
    [user_id] => 1317103660
)

****************************************************************************************************
[2021-05-26 17:50:08-INFO] Product PAGE
Array
(
    [user_id] => 1317103660
)

****************************************************************************************************
[2021-05-26 17:50:08-INFO] Header PAGE
Array
(
    [user_id] => 1317103660
)

****************************************************************************************************
[2021-05-26 17:50:09-INFO] Header PAGE
Array
(
    [user_id] => 1317103660
)

****************************************************************************************************
[2021-05-26 17:50:09-INFO] Product PAGE
Array
(
    [user_id] => 1317103660
)

****************************************************************************************************
[2021-05-26 17:50:09-INFO] Header PAGE
Array
(
    [user_id] => 1317103660
)

****************************************************************************************************
[2021-05-26 17:50:12-INFO] Header PAGE
Array
(
    [user_id] => 1317103660
)

****************************************************************************************************
[2021-05-26 17:50:32-INFO] Header PAGE
Array
(
    [user_id] => 1317103660
)

****************************************************************************************************
[2021-05-26 17:50:32-INFO] Product PAGE
Array
(
    [user_id] => 1317103660
)

****************************************************************************************************
[2021-05-26 17:50:32-INFO] Header PAGE
Array
(
    [user_id] => 1317103660
)

****************************************************************************************************
[2021-05-26 17:50:34-INFO] Header PAGE
Array
(
    [user_id] => 1317103660
)

****************************************************************************************************
[2021-05-26 17:50:39-INFO] Header PAGE
Array
(
    [user_id] => 1317103660
)

****************************************************************************************************
[2021-05-26 17:50:40-INFO] Header PAGE
Array
(
    [user_id] => 1317103660
)

****************************************************************************************************
[2021-05-26 17:50:41-INFO] Header PAGE
Array
(
    [user_id] => 1317103660
)

****************************************************************************************************
[2021-05-26 17:50:41-INFO] Product PAGE
Array
(
    [user_id] => 1317103660
)

****************************************************************************************************
[2021-05-26 17:50:41-INFO] Header PAGE
Array
(
    [user_id] => 1317103660
)

****************************************************************************************************
[2021-05-26 17:50:45-INFO] Header PAGE
Array
(
    [user_id] => 1317103660
)

****************************************************************************************************
[2021-05-26 17:51:41-INFO] Header PAGE
Array
(
    [user_id] => 1317103660
)

****************************************************************************************************
[2021-05-26 17:51:42-INFO] Header PAGE
Array
(
    [user_id] => 1317103660
)

****************************************************************************************************
[2021-05-26 17:51:42-INFO] Product PAGE
Array
(
    [user_id] => 1317103660
)

****************************************************************************************************
[2021-05-26 17:51:42-INFO] Header PAGE
Array
(
    [user_id] => 1317103660
)

****************************************************************************************************
[2021-05-26 17:51:46-INFO] Header PAGE
Array
(
    [user_id] => 1317103660
)

****************************************************************************************************
[2021-05-26 17:51:46-INFO] Product PAGE
Array
(
    [user_id] => 1317103660
)

****************************************************************************************************
[2021-05-26 17:51:46-INFO] Header PAGE
Array
(
    [user_id] => 1317103660
)

****************************************************************************************************
[2021-05-26 17:51:49-INFO] Header PAGE
Array
(
    [user_id] => 1317103660
)

****************************************************************************************************
[2021-05-26 17:51:49-INFO] Product PAGE
Array
(
    [user_id] => 1317103660
)

****************************************************************************************************
[2021-05-26 17:51:49-INFO] Header PAGE
Array
(
    [user_id] => 1317103660
)

****************************************************************************************************
[2021-05-26 17:51:53-INFO] Header PAGE
Array
(
    [user_id] => 1317103660
)

****************************************************************************************************
[2021-05-26 17:51:53-INFO] Header PAGE
Array
(
    [user_id] => 1317103660
)

****************************************************************************************************
[2021-05-26 17:51:53-INFO] Header PAGE
Array
(
    [user_id] => 1317103660
)

****************************************************************************************************
[2021-05-26 17:51:53-INFO] Product PAGE
Array
(
    [user_id] => 1317103660
)

****************************************************************************************************
[2021-05-26 17:51:53-INFO] Header PAGE
Array
(
    [user_id] => 1317103660
)

****************************************************************************************************
[2021-05-26 17:52:47-INFO] Header PAGE
Array
(
    [user_id] => 1317103660
)

****************************************************************************************************
[2021-05-26 17:52:47-INFO] Product PAGE
Array
(
    [user_id] => 1317103660
)

****************************************************************************************************
[2021-05-26 17:52:47-INFO] Header PAGE
Array
(
    [user_id] => 1317103660
)

****************************************************************************************************
[2021-05-26 17:52:55-INFO] Header PAGE
Array
(
    [user_id] => 1317103660
)

****************************************************************************************************
[2021-05-26 17:52:55-INFO] Product PAGE
Array
(
    [user_id] => 1317103660
)

****************************************************************************************************
[2021-05-26 17:52:55-INFO] Header PAGE
Array
(
    [user_id] => 1317103660
)

****************************************************************************************************
[2021-05-26 17:52:56-INFO] Header PAGE
Array
(
    [user_id] => 1317103660
)

****************************************************************************************************
[2021-05-26 17:52:56-INFO] Product PAGE
Array
(
    [user_id] => 1317103660
)

****************************************************************************************************
[2021-05-26 17:52:56-INFO] Header PAGE
Array
(
    [user_id] => 1317103660
)

****************************************************************************************************
[2021-05-26 17:54:26-INFO] Header PAGE
Array
(
    [user_id] => 1317103660
)

****************************************************************************************************
[2021-05-26 17:54:26-INFO] Product PAGE
Array
(
    [user_id] => 1317103660
)

****************************************************************************************************
[2021-05-26 17:54:26-INFO] Header PAGE
Array
(
    [user_id] => 1317103660
)

****************************************************************************************************
[2021-05-26 17:54:30-INFO] Header PAGE
Array
(
    [user_id] => 1317103660
)

****************************************************************************************************
[2021-05-26 17:54:30-INFO] Product PAGE
Array
(
    [user_id] => 1317103660
)

****************************************************************************************************
[2021-05-26 17:54:30-INFO] Header PAGE
Array
(
    [user_id] => 1317103660
)

****************************************************************************************************
[2021-05-26 17:54:31-INFO] Header PAGE
Array
(
    [user_id] => 1317103660
)

****************************************************************************************************
[2021-05-26 17:54:31-INFO] Product PAGE
Array
(
    [user_id] => 1317103660
)

****************************************************************************************************
[2021-05-26 17:54:32-INFO] Header PAGE
Array
(
    [user_id] => 1317103660
)

****************************************************************************************************
[2021-05-26 17:54:32-INFO] Header PAGE
Array
(
    [user_id] => 1317103660
)

****************************************************************************************************
[2021-05-26 17:54:32-INFO] Product PAGE
Array
(
    [user_id] => 1317103660
)

****************************************************************************************************
[2021-05-26 17:54:32-INFO] Header PAGE
Array
(
    [user_id] => 1317103660
)

****************************************************************************************************
[2021-05-26 17:54:32-INFO] Header PAGE
Array
(
    [user_id] => 1317103660
)

****************************************************************************************************
[2021-05-26 17:54:32-INFO] Product PAGE
Array
(
    [user_id] => 1317103660
)

****************************************************************************************************
[2021-05-26 17:54:33-INFO] Header PAGE
Array
(
    [user_id] => 1317103660
)

****************************************************************************************************
[2021-05-26 17:54:33-INFO] Header PAGE
Array
(
    [user_id] => 1317103660
)

****************************************************************************************************
[2021-05-26 17:54:33-INFO] Product PAGE
Array
(
    [user_id] => 1317103660
)

****************************************************************************************************
[2021-05-26 17:54:33-INFO] Header PAGE
Array
(
    [user_id] => 1317103660
)

****************************************************************************************************
[2021-05-26 17:54:33-INFO] Header PAGE
Array
(
    [user_id] => 1317103660
)

****************************************************************************************************
[2021-05-26 17:54:33-INFO] Product PAGE
Array
(
    [user_id] => 1317103660
)

****************************************************************************************************
[2021-05-26 17:54:33-INFO] Header PAGE
Array
(
    [user_id] => 1317103660
)

****************************************************************************************************
[2021-05-26 17:54:33-INFO] Header PAGE
Array
(
    [user_id] => 1317103660
)

****************************************************************************************************
[2021-05-26 17:54:33-INFO] Product PAGE
Array
(
    [user_id] => 1317103660
)

****************************************************************************************************
[2021-05-26 17:54:33-INFO] Header PAGE
Array
(
    [user_id] => 1317103660
)

****************************************************************************************************
[2021-05-26 17:54:34-INFO] Header PAGE
Array
(
    [user_id] => 1317103660
)

****************************************************************************************************
[2021-05-26 17:54:34-INFO] Header PAGE
Array
(
    [user_id] => 1317103660
)

****************************************************************************************************
[2021-05-26 17:54:34-INFO] Header PAGE
Array
(
    [user_id] => 1317103660
)

****************************************************************************************************
[2021-05-26 17:54:34-INFO] Product PAGE
Array
(
    [user_id] => 1317103660
)

****************************************************************************************************
[2021-05-26 17:54:35-INFO] Header PAGE
Array
(
    [user_id] => 1317103660
)

****************************************************************************************************
[2021-05-26 17:54:35-INFO] Header PAGE
Array
(
    [user_id] => 1317103660
)

****************************************************************************************************
[2021-05-26 17:54:35-INFO] Product PAGE
Array
(
    [user_id] => 1317103660
)

****************************************************************************************************
[2021-05-26 17:54:35-INFO] Header PAGE
Array
(
    [user_id] => 1317103660
)

****************************************************************************************************
[2021-05-26 17:55:20-INFO] Header PAGE
Array
(
    [user_id] => 1317103660
)

****************************************************************************************************
[2021-05-26 17:55:30-INFO] Header PAGE
Array
(
    [user_id] => 1317103660
)

****************************************************************************************************
[2021-05-26 17:55:30-INFO] Header PAGE
Array
(
    [user_id] => 1317103660
)

****************************************************************************************************
[2021-05-26 17:55:41-INFO] Header PAGE
Array
(
    [user_id] => 1317103660
)

****************************************************************************************************
[2021-05-26 17:55:41-INFO] Header PAGE
Array
(
    [user_id] => 1317103660
)

****************************************************************************************************
[2021-05-26 17:55:43-INFO] Header PAGE
Array
(
    [user_id] => 1317103660
)

****************************************************************************************************
[2021-05-26 17:55:43-INFO] Product PAGE
Array
(
    [user_id] => 1317103660
)

****************************************************************************************************
[2021-05-26 17:55:43-INFO] Header PAGE
Array
(
    [user_id] => 1317103660
)

****************************************************************************************************
[2021-05-26 17:55:45-INFO] Header PAGE
Array
(
    [user_id] => 1317103660
)

****************************************************************************************************
[2021-05-26 17:55:45-INFO] Header PAGE
Array
(
    [user_id] => 1317103660
)

****************************************************************************************************
[2021-05-26 17:55:45-INFO] Product PAGE
Array
(
    [user_id] => 1317103660
)

****************************************************************************************************
[2021-05-26 17:55:45-INFO] Header PAGE
Array
(
    [user_id] => 1317103660
)

****************************************************************************************************
[2021-05-26 17:57:46-INFO] Header PAGE
Array
(
    [user_id] => 1317103660
)

****************************************************************************************************
[2021-05-26 17:57:46-INFO] Product PAGE
Array
(
    [user_id] => 1317103660
)

****************************************************************************************************
[2021-05-26 17:57:46-INFO] Header PAGE
Array
(
    [user_id] => 1317103660
)

****************************************************************************************************
[2021-05-26 17:57:59-INFO] Header PAGE
Array
(
    [user_id] => 1317103660
)

****************************************************************************************************
[2021-05-26 17:57:59-INFO] Product PAGE
Array
(
    [user_id] => 1317103660
)

****************************************************************************************************
[2021-05-26 17:57:59-INFO] Header PAGE
Array
(
    [user_id] => 1317103660
)

****************************************************************************************************
[2021-05-26 17:58:01-INFO] Header PAGE
Array
(
    [user_id] => 1317103660
)

****************************************************************************************************
[2021-05-26 17:58:04-INFO] Header PAGE
Array
(
    [user_id] => 1317103660
)

****************************************************************************************************
[2021-05-26 17:58:04-INFO] Product PAGE
Array
(
    [user_id] => 1317103660
)

****************************************************************************************************
[2021-05-26 17:58:04-INFO] Header PAGE
Array
(
    [user_id] => 1317103660
)

****************************************************************************************************
[2021-05-26 17:59:13-INFO] Header PAGE
Array
(
    [user_id] => 1317103660
)

****************************************************************************************************
[2021-05-26 17:59:13-INFO] Product PAGE
Array
(
    [user_id] => 1317103660
)

****************************************************************************************************
[2021-05-26 17:59:13-INFO] Header PAGE
Array
(
    [user_id] => 1317103660
)

****************************************************************************************************
[2021-05-26 17:59:16-INFO] Header PAGE
Array
(
    [user_id] => 1317103660
)

****************************************************************************************************
[2021-05-26 18:01:00-INFO] Header PAGE
Array
(
    [user_id] => 1317103660
)

****************************************************************************************************
[2021-05-26 18:01:00-INFO] Product PAGE
Array
(
    [user_id] => 1317103660
)

****************************************************************************************************
[2021-05-26 18:01:00-INFO] Header PAGE
Array
(
    [user_id] => 1317103660
)

****************************************************************************************************
[2021-05-26 18:01:01-INFO] Header PAGE
Array
(
    [user_id] => 1317103660
)

****************************************************************************************************
[2021-05-26 18:07:42-INFO] Header PAGE
Array
(
    [user_id] => 1317103660
)

****************************************************************************************************
[2021-05-26 18:07:43-INFO] Header PAGE
Array
(
    [user_id] => 1317103660
)

****************************************************************************************************
[2021-05-26 18:07:43-INFO] Product PAGE
Array
(
    [user_id] => 1317103660
)

****************************************************************************************************
[2021-05-26 18:07:43-INFO] Header PAGE
Array
(
    [user_id] => 1317103660
)

****************************************************************************************************
[2021-05-26 18:07:44-INFO] Header PAGE
Array
(
    [user_id] => 1317103660
)

****************************************************************************************************
[2021-05-26 18:07:52-INFO] Header PAGE
Array
(
    [user_id] => 1317103660
)

****************************************************************************************************
[2021-05-26 18:09:42-INFO] Header PAGE
Array
(
    [user_id] => 1317103660
)

****************************************************************************************************
[2021-05-26 18:09:42-INFO] Header PAGE
Array
(
    [user_id] => 1317103660
)

****************************************************************************************************
[2021-05-26 18:09:45-INFO] Header PAGE
Array
(
    [user_id] => 1317103660
)

****************************************************************************************************
[2021-05-26 18:09:45-INFO] Product PAGE
Array
(
    [user_id] => 1317103660
)

****************************************************************************************************
[2021-05-26 18:09:45-INFO] Header PAGE
Array
(
    [user_id] => 1317103660
)

****************************************************************************************************
[2021-05-26 18:10:03-INFO] Header PAGE
Array
(
    [user_id] => 1317103660
)

****************************************************************************************************
[2021-05-26 18:10:13-INFO] Header PAGE
Array
(
    [user_id] => 1317103660
)

****************************************************************************************************
[2021-05-26 18:10:13-INFO] Header PAGE
Array
(
    [user_id] => 1317103660
)

****************************************************************************************************
[2021-05-26 18:10:15-INFO] Header PAGE
Array
(
    [user_id] => 1317103660
)

****************************************************************************************************
[2021-05-26 18:10:15-INFO] Product PAGE
Array
(
    [user_id] => 1317103660
)

****************************************************************************************************
[2021-05-26 18:10:15-INFO] Header PAGE
Array
(
    [user_id] => 1317103660
)

****************************************************************************************************
[2021-05-26 18:10:19-INFO] Header PAGE
Array
(
    [user_id] => 1317103660
)

****************************************************************************************************
[2021-05-26 18:10:19-INFO] Header PAGE
Array
(
    [user_id] => 1317103660
)

****************************************************************************************************
[2021-05-26 18:10:19-INFO] Product PAGE
Array
(
    [user_id] => 1317103660
)

****************************************************************************************************
[2021-05-26 18:10:19-INFO] Header PAGE
Array
(
    [user_id] => 1317103660
)

****************************************************************************************************
[2021-05-26 18:10:22-INFO] Header PAGE
Array
(
    [user_id] => 1317103660
)

****************************************************************************************************
[2021-05-26 18:13:04-INFO] Header PAGE
Array
(
    [user_id] => 1317103660
)

****************************************************************************************************
[2021-05-26 18:13:06-INFO] Header PAGE
Array
(
    [user_id] => 1317103660
)

****************************************************************************************************
[2021-05-26 18:13:06-INFO] Product PAGE
Array
(
    [user_id] => 1317103660
)

****************************************************************************************************
[2021-05-26 18:13:06-INFO] Header PAGE
Array
(
    [user_id] => 1317103660
)

****************************************************************************************************
[2021-05-26 18:13:08-INFO] Header PAGE
Array
(
    [user_id] => 1317103660
)

****************************************************************************************************
[2021-05-26 18:13:25-INFO] Header PAGE
Array
(
    [user_id] => 1317103660
)

****************************************************************************************************
[2021-05-26 18:33:30-INFO] Header PAGE
Array
(
    [user_id] => 1317103660
)

****************************************************************************************************
[2021-05-26 18:38:14-INFO] Header PAGE
Array
(
    [user_id] => 1317103660
)

****************************************************************************************************
[2021-05-26 18:40:00-INFO] Header PAGE
Array
(
    [user_id] => 1317103660
)

****************************************************************************************************
[2021-05-26 18:41:08-INFO] Header PAGE
Array
(
    [user_id] => 1317103660
)

****************************************************************************************************
[2021-05-26 18:42:09-INFO] Header PAGE
Array
(
    [user_id] => 1317103660
)

****************************************************************************************************
[2021-05-26 18:42:33-INFO] Header PAGE
Array
(
    [user_id] => 1317103660
)

****************************************************************************************************
[2021-05-26 18:42:33-INFO] Product PAGE
Array
(
    [user_id] => 1317103660
)

****************************************************************************************************
[2021-05-26 18:42:33-INFO] Header PAGE
Array
(
    [user_id] => 1317103660
)

****************************************************************************************************
[2021-05-26 18:42:39-INFO] Header PAGE
Array
(
    [user_id] => 1317103660
)

****************************************************************************************************
[2021-05-26 18:42:55-INFO] Header PAGE
Array
(
    [user_id] => 1317103660
)

****************************************************************************************************
[2021-05-26 18:45:00-INFO] Header PAGE
Array
(
    [user_id] => 1317103660
)

****************************************************************************************************
[2021-05-26 18:46:39-INFO] Header PAGE
Array
(
    [user_id] => 1317103660
)

****************************************************************************************************
[2021-05-26 18:47:27-INFO] Header PAGE
Array
(
    [user_id] => 1317103660
)

****************************************************************************************************
[2021-05-26 18:47:28-INFO] Header PAGE
Array
(
    [user_id] => 1317103660
)

****************************************************************************************************
[2021-05-26 18:47:28-INFO] Product PAGE
Array
(
    [user_id] => 1317103660
)

****************************************************************************************************
[2021-05-26 18:47:28-INFO] Header PAGE
Array
(
    [user_id] => 1317103660
)

****************************************************************************************************
[2021-05-26 18:47:34-INFO] Header PAGE
Array
(
    [user_id] => 1317103660
)

****************************************************************************************************
[2021-05-26 18:47:48-INFO] Header PAGE
Array
(
    [user_id] => 1317103660
)

****************************************************************************************************
[2021-05-26 18:48:42-INFO] Header PAGE
Array
(
    [user_id] => 1317103660
)

****************************************************************************************************
[2021-05-26 18:53:18-INFO] Header PAGE
Array
(
    [user_id] => 1317103660
)

****************************************************************************************************
[2021-05-26 18:53:18-INFO] Product PAGE
Array
(
    [user_id] => 1317103660
)

****************************************************************************************************
[2021-05-26 18:53:18-INFO] Header PAGE
Array
(
    [user_id] => 1317103660
)

****************************************************************************************************
[2021-05-26 18:53:20-INFO] Header PAGE
Array
(
    [user_id] => 1317103660
)

****************************************************************************************************
[2021-05-26 18:53:23-INFO] Header PAGE
Array
(
    [user_id] => 1317103660
)

****************************************************************************************************
[2021-05-26 18:53:23-INFO] Product PAGE
Array
(
    [user_id] => 1317103660
)

****************************************************************************************************
[2021-05-26 18:53:23-INFO] Header PAGE
Array
(
    [user_id] => 1317103660
)

****************************************************************************************************
[2021-05-26 18:53:26-INFO] Header PAGE
Array
(
    [user_id] => 1317103660
)

****************************************************************************************************
[2021-05-26 18:54:14-INFO] Header PAGE
Array
(
    [user_id] => 1317103660
)

****************************************************************************************************
[2021-05-26 18:54:25-INFO] Header PAGE
Array
(
    [user_id] => 1317103660
)

****************************************************************************************************
[2021-05-26 18:55:17-INFO] Header PAGE
Array
(
    [user_id] => 1317103660
)

****************************************************************************************************
[2021-05-26 18:55:17-INFO] Product PAGE
Array
(
    [user_id] => 1317103660
)

****************************************************************************************************
[2021-05-26 18:55:17-INFO] Header PAGE
Array
(
    [user_id] => 1317103660
)

****************************************************************************************************
[2021-05-26 18:55:20-INFO] Header PAGE
Array
(
    [user_id] => 1317103660
)

****************************************************************************************************
[2021-05-26 18:56:09-INFO] Header PAGE
Array
(
    [user_id] => 1317103660
)

****************************************************************************************************
[2021-05-26 18:56:20-INFO] Header PAGE
Array
(
    [user_id] => 1317103660
)

****************************************************************************************************
[2021-05-26 18:57:07-INFO] Header PAGE
Array
(
    [user_id] => 1317103660
)

****************************************************************************************************
[2021-05-26 18:58:42-INFO] Header PAGE
Array
(
    [user_id] => 1317103660
)

****************************************************************************************************
[2021-05-26 18:58:42-INFO] Product PAGE
Array
(
    [user_id] => 1317103660
)

****************************************************************************************************
[2021-05-26 18:58:42-INFO] Header PAGE
Array
(
    [user_id] => 1317103660
)

****************************************************************************************************
[2021-05-26 18:58:45-INFO] Header PAGE
Array
(
    [user_id] => 1317103660
)

****************************************************************************************************
[2021-05-26 18:59:17-INFO] Header PAGE
Array
(
    [user_id] => 1317103660
)

****************************************************************************************************
[2021-05-26 18:59:17-INFO] Product PAGE
Array
(
    [user_id] => 1317103660
)

****************************************************************************************************
[2021-05-26 18:59:17-INFO] Header PAGE
Array
(
    [user_id] => 1317103660
)

****************************************************************************************************
[2021-05-26 18:59:19-INFO] Header PAGE
Array
(
    [user_id] => 1317103660
)

****************************************************************************************************
[2021-05-26 18:59:32-INFO] Header PAGE
Array
(
    [user_id] => 1317103660
)

****************************************************************************************************
[2021-05-26 19:01:11-INFO] Header PAGE
Array
(
    [user_id] => 1317103660
)

****************************************************************************************************
[2021-05-26 19:02:57-INFO] Header PAGE
Array
(
    [user_id] => 1317103660
)

****************************************************************************************************
[2021-05-26 19:02:57-INFO] Product PAGE
Array
(
    [user_id] => 1317103660
)

****************************************************************************************************
[2021-05-26 19:02:57-INFO] Header PAGE
Array
(
    [user_id] => 1317103660
)

****************************************************************************************************
[2021-05-26 19:03:00-INFO] Header PAGE
Array
(
    [user_id] => 1317103660
)

****************************************************************************************************
[2021-05-26 19:07:07-INFO] Header PAGE
Array
(
    [user_id] => 1317103660
)

****************************************************************************************************
[2021-05-26 19:07:07-INFO] Product PAGE
Array
(
    [user_id] => 1317103660
)

****************************************************************************************************
[2021-05-26 19:07:07-INFO] Header PAGE
Array
(
    [user_id] => 1317103660
)

****************************************************************************************************
[2021-05-26 19:07:08-INFO] Header PAGE
Array
(
    [user_id] => 1317103660
)

****************************************************************************************************
[2021-05-26 19:07:34-INFO] Header PAGE
Array
(
    [user_id] => 1317103660
)

****************************************************************************************************
[2021-05-26 19:07:44-INFO] Header PAGE
Array
(
    [user_id] => 1317103660
)

****************************************************************************************************
[2021-05-26 19:09:03-INFO] Header PAGE
Array
(
    [user_id] => 1317103660
)

****************************************************************************************************
[2021-05-26 19:09:06-INFO] Header PAGE
Array
(
    [user_id] => 1317103660
)

****************************************************************************************************
[2021-05-26 19:09:06-INFO] Product PAGE
Array
(
    [user_id] => 1317103660
)

****************************************************************************************************
[2021-05-26 19:09:06-INFO] Header PAGE
Array
(
    [user_id] => 1317103660
)

****************************************************************************************************
[2021-05-26 19:09:11-INFO] Header PAGE
Array
(
    [user_id] => 1317103660
)

****************************************************************************************************
[2021-05-26 19:09:11-INFO] Header PAGE
Array
(
    [user_id] => 1317103660
)

****************************************************************************************************
[2021-05-26 19:09:11-INFO] Product PAGE
Array
(
    [user_id] => 1317103660
)

****************************************************************************************************
[2021-05-26 19:09:11-INFO] Header PAGE
Array
(
    [user_id] => 1317103660
)

****************************************************************************************************
[2021-05-26 19:09:15-INFO] Header PAGE
Array
(
    [user_id] => 1317103660
)

****************************************************************************************************
[2021-05-26 19:09:15-INFO] Header PAGE
Array
(
    [user_id] => 1317103660
)

****************************************************************************************************
[2021-05-26 19:09:15-INFO] Product PAGE
Array
(
    [user_id] => 1317103660
)

****************************************************************************************************
[2021-05-26 19:09:15-INFO] Header PAGE
Array
(
    [user_id] => 1317103660
)

****************************************************************************************************
[2021-05-26 19:09:16-INFO] Header PAGE
Array
(
    [user_id] => 1317103660
)

****************************************************************************************************
[2021-05-26 19:09:32-INFO] Header PAGE
Array
(
    [user_id] => 1317103660
)

****************************************************************************************************
[2021-05-26 19:09:36-INFO] Header PAGE
Array
(
    [user_id] => 1317103660
)

****************************************************************************************************
[2021-05-26 19:09:36-INFO] Product PAGE
Array
(
    [user_id] => 1317103660
)

****************************************************************************************************
[2021-05-26 19:09:36-INFO] Header PAGE
Array
(
    [user_id] => 1317103660
)

****************************************************************************************************
[2021-05-26 19:13:07-INFO] Header PAGE
Array
(
    [user_id] => 1317103660
)

****************************************************************************************************
[2021-05-26 19:13:07-INFO] Product PAGE
Array
(
    [user_id] => 1317103660
)

****************************************************************************************************
[2021-05-26 19:13:07-INFO] Header PAGE
Array
(
    [user_id] => 1317103660
)

****************************************************************************************************
[2021-05-26 19:13:09-INFO] Header PAGE
Array
(
    [user_id] => 1317103660
)

****************************************************************************************************
[2021-05-26 19:13:20-INFO] Header PAGE
Array
(
    [user_id] => 1317103660
)

****************************************************************************************************
[2021-05-26 19:13:20-INFO] Header PAGE
Array
(
    [user_id] => 1317103660
)

****************************************************************************************************
[2021-05-26 19:13:21-INFO] Header PAGE
Array
(
    [user_id] => 1317103660
)

****************************************************************************************************
[2021-05-26 19:13:21-INFO] Product PAGE
Array
(
    [user_id] => 1317103660
)

****************************************************************************************************
[2021-05-26 19:13:21-INFO] Header PAGE
Array
(
    [user_id] => 1317103660
)

****************************************************************************************************
[2021-05-26 19:19:50-INFO] Header PAGE
Array
(
    [user_id] => 1317103660
)

****************************************************************************************************
[2021-05-26 19:19:57-INFO] Header PAGE
Array
(
    [user_id] => 1317103660
)

****************************************************************************************************
[2021-05-26 19:21:02-INFO] Header PAGE
Array
(
    [user_id] => 1317103660
)

****************************************************************************************************
[2021-05-26 19:21:45-INFO] Header PAGE
Array
(
    [user_id] => 1317103660
)

****************************************************************************************************
[2021-05-26 19:21:45-INFO] Product PAGE
Array
(
    [user_id] => 1317103660
)

****************************************************************************************************
[2021-05-26 19:21:45-INFO] Header PAGE
Array
(
    [user_id] => 1317103660
)

****************************************************************************************************
[2021-05-26 19:21:48-INFO] Header PAGE
Array
(
    [user_id] => 1317103660
)

****************************************************************************************************
[2021-05-26 19:22:24-INFO] Header PAGE
Array
(
    [user_id] => 1317103660
)

****************************************************************************************************
[2021-05-26 19:22:30-INFO] Header PAGE
Array
(
    [user_id] => 1317103660
)

****************************************************************************************************
[2021-05-26 20:14:15-INFO] Header PAGE
Array
(
    [user_id] => 1317103660
)

****************************************************************************************************
[2021-05-26 20:14:15-INFO] Product PAGE
Array
(
    [user_id] => 1317103660
)

****************************************************************************************************
[2021-05-26 20:14:15-INFO] Header PAGE
Array
(
    [user_id] => 1317103660
)

****************************************************************************************************
[2021-05-26 20:14:18-INFO] Header PAGE
Array
(
    [user_id] => 1317103660
)

****************************************************************************************************
[2021-05-26 20:14:38-INFO] Header PAGE
Array
(
    [user_id] => 1317103660
)

****************************************************************************************************
[2021-05-26 20:14:50-INFO] Header PAGE
Array
(
    [user_id] => 1317103660
)

****************************************************************************************************
[2021-05-26 20:14:50-INFO] Product PAGE
Array
(
    [user_id] => 1317103660
)

****************************************************************************************************
[2021-05-26 20:14:50-INFO] Header PAGE
Array
(
    [user_id] => 1317103660
)

****************************************************************************************************
[2021-05-26 20:17:15-INFO] Header PAGE
Array
(
    [user_id] => 1317103660
)

****************************************************************************************************
[2021-05-26 20:17:15-INFO] Product PAGE
Array
(
    [user_id] => 1317103660
)

****************************************************************************************************
[2021-05-26 20:17:15-INFO] Header PAGE
Array
(
    [user_id] => 1317103660
)

****************************************************************************************************
[2021-05-26 20:17:17-INFO] Header PAGE
Array
(
    [user_id] => 1317103660
)

****************************************************************************************************
[2021-05-26 20:17:17-INFO] Product PAGE
Array
(
    [user_id] => 1317103660
)

****************************************************************************************************
[2021-05-26 20:17:17-INFO] Header PAGE
Array
(
    [user_id] => 1317103660
)

****************************************************************************************************
[2021-05-26 20:17:21-INFO] Header PAGE
Array
(
    [user_id] => 1317103660
)

****************************************************************************************************
[2021-05-26 20:17:21-INFO] Header PAGE
Array
(
    [user_id] => 1317103660
)

****************************************************************************************************
[2021-05-26 20:17:21-INFO] Product PAGE
Array
(
    [user_id] => 1317103660
)

****************************************************************************************************
[2021-05-26 20:17:21-INFO] Header PAGE
Array
(
    [user_id] => 1317103660
)

****************************************************************************************************
[2021-05-26 20:17:26-INFO] Header PAGE
Array
(
    [user_id] => 1317103660
)

****************************************************************************************************
[2021-05-26 20:17:26-INFO] Header PAGE
Array
(
    [user_id] => 1317103660
)

****************************************************************************************************
[2021-05-26 20:17:26-INFO] Product PAGE
Array
(
    [user_id] => 1317103660
)

****************************************************************************************************
[2021-05-26 20:17:26-INFO] Header PAGE
Array
(
    [user_id] => 1317103660
)

****************************************************************************************************
[2021-05-26 20:17:29-INFO] Header PAGE
Array
(
    [user_id] => 1317103660
)

****************************************************************************************************
[2021-05-26 20:17:29-INFO] Header PAGE
Array
(
    [user_id] => 1317103660
)

****************************************************************************************************
[2021-05-26 20:17:29-INFO] Product PAGE
Array
(
    [user_id] => 1317103660
)

****************************************************************************************************
[2021-05-26 20:17:29-INFO] Header PAGE
Array
(
    [user_id] => 1317103660
)

****************************************************************************************************
[2021-05-26 20:17:31-INFO] Header PAGE
Array
(
    [user_id] => 1317103660
)

****************************************************************************************************
[2021-05-26 20:18:00-INFO] Header PAGE
Array
(
    [user_id] => 1317103660
)

****************************************************************************************************
[2021-05-26 20:22:03-INFO] Header PAGE
Array
(
    [user_id] => 1317103660
)

****************************************************************************************************
[2021-05-26 20:22:04-INFO] Header PAGE
Array
(
    [user_id] => 1317103660
)

****************************************************************************************************
[2021-05-26 20:22:04-INFO] Product PAGE
Array
(
    [user_id] => 1317103660
)

****************************************************************************************************
[2021-05-26 20:22:05-INFO] Header PAGE
Array
(
    [user_id] => 1317103660
)

****************************************************************************************************
[2021-05-26 20:22:07-INFO] Header PAGE
Array
(
    [user_id] => 1317103660
)

****************************************************************************************************
[2021-05-26 20:22:12-INFO] Header PAGE
Array
(
    [user_id] => 1317103660
)

****************************************************************************************************
[2021-05-26 20:23:06-INFO] Header PAGE
Array
(
    [user_id] => 1317103660
)

****************************************************************************************************
[2021-05-26 20:23:07-INFO] Header PAGE
Array
(
    [user_id] => 1317103660
)

****************************************************************************************************
[2021-05-26 20:23:07-INFO] Product PAGE
Array
(
    [user_id] => 1317103660
)

****************************************************************************************************
[2021-05-26 20:23:07-INFO] Header PAGE
Array
(
    [user_id] => 1317103660
)

****************************************************************************************************
[2021-05-26 20:23:10-INFO] Header PAGE
Array
(
    [user_id] => 1317103660
)

****************************************************************************************************
[2021-05-26 20:23:14-INFO] Header PAGE
Array
(
    [user_id] => 1317103660
)

****************************************************************************************************
[2021-05-26 20:23:37-INFO] Header PAGE
Array
(
    [user_id] => 1317103660
)

****************************************************************************************************
[2021-05-26 20:23:37-INFO] Product PAGE
Array
(
    [user_id] => 1317103660
)

****************************************************************************************************
[2021-05-26 20:23:37-INFO] Header PAGE
Array
(
    [user_id] => 1317103660
)

****************************************************************************************************
[2021-05-26 20:23:38-INFO] Header PAGE
Array
(
    [user_id] => 1317103660
)

****************************************************************************************************
[2021-05-26 20:23:38-INFO] Product PAGE
Array
(
    [user_id] => 1317103660
)

****************************************************************************************************
[2021-05-26 20:23:38-INFO] Header PAGE
Array
(
    [user_id] => 1317103660
)

****************************************************************************************************
[2021-05-26 20:23:41-INFO] Header PAGE
Array
(
    [user_id] => 1317103660
)

****************************************************************************************************
[2021-05-26 20:23:45-INFO] Header PAGE
Array
(
    [user_id] => 1317103660
)

****************************************************************************************************
[2021-05-26 20:23:45-INFO] Product PAGE
Array
(
    [user_id] => 1317103660
)

****************************************************************************************************
[2021-05-26 20:23:45-INFO] Header PAGE
Array
(
    [user_id] => 1317103660
)

****************************************************************************************************
[2021-05-26 20:23:48-INFO] Header PAGE
Array
(
    [user_id] => 1317103660
)

****************************************************************************************************
[2021-05-26 20:23:55-INFO] Header PAGE
Array
(
    [user_id] => 1317103660
)

****************************************************************************************************
[2021-05-26 20:26:01-INFO] Header PAGE
Array
(
    [user_id] => 1317103660
)

****************************************************************************************************
[2021-05-26 20:26:01-INFO] Header PAGE
Array
(
    [user_id] => 1317103660
)

****************************************************************************************************
[2021-05-26 20:26:08-INFO] Header PAGE
Array
(
    [user_id] => 1317103660
)

****************************************************************************************************
[2021-05-26 20:26:08-INFO] Product PAGE
Array
(
    [user_id] => 1317103660
)

****************************************************************************************************
[2021-05-26 20:26:08-INFO] Header PAGE
Array
(
    [user_id] => 1317103660
)

****************************************************************************************************
[2021-05-26 20:26:10-INFO] Header PAGE
Array
(
    [user_id] => 1317103660
)

****************************************************************************************************
[2021-05-26 20:26:38-INFO] Header PAGE
Array
(
    [user_id] => 1317103660
)

****************************************************************************************************
[2021-05-26 20:27:00-INFO] Header PAGE
Array
(
    [user_id] => 1317103660
)

****************************************************************************************************
[2021-05-26 20:27:01-INFO] Header PAGE
Array
(
    [user_id] => 1317103660
)

****************************************************************************************************
[2021-05-26 20:27:01-INFO] Product PAGE
Array
(
    [user_id] => 1317103660
)

****************************************************************************************************
[2021-05-26 20:27:01-INFO] Header PAGE
Array
(
    [user_id] => 1317103660
)

****************************************************************************************************
[2021-05-26 20:27:04-INFO] Header PAGE
Array
(
    [user_id] => 1317103660
)

****************************************************************************************************
[2021-05-26 20:27:11-INFO] Header PAGE
Array
(
    [user_id] => 1317103660
)

****************************************************************************************************
[2021-05-26 20:29:28-INFO] Header PAGE
Array
(
    [user_id] => 1317103660
)

****************************************************************************************************
[2021-05-26 20:29:34-INFO] Header PAGE
Array
(
    [user_id] => 1317103660
)

****************************************************************************************************
[2021-05-26 20:29:34-INFO] Product PAGE
Array
(
    [user_id] => 1317103660
)

****************************************************************************************************
[2021-05-26 20:29:34-INFO] Header PAGE
Array
(
    [user_id] => 1317103660
)

****************************************************************************************************
[2021-05-26 20:29:36-INFO] Header PAGE
Array
(
    [user_id] => 1317103660
)

****************************************************************************************************
[2021-05-26 20:30:06-INFO] Header PAGE
Array
(
    [user_id] => 1317103660
)

****************************************************************************************************
[2021-05-26 20:30:15-INFO] Header PAGE
Array
(
    [user_id] => 1317103660
)

****************************************************************************************************
[2021-05-26 20:38:22-INFO] Header PAGE
Array
(
    [user_id] => 1317103660
)

****************************************************************************************************
[2021-05-26 20:38:22-INFO] Product PAGE
Array
(
    [user_id] => 1317103660
)

****************************************************************************************************
[2021-05-26 20:38:22-INFO] Header PAGE
Array
(
    [user_id] => 1317103660
)

****************************************************************************************************
[2021-05-26 20:38:25-INFO] Header PAGE
Array
(
    [user_id] => 1317103660
)

****************************************************************************************************
[2021-05-26 20:38:31-INFO] Header PAGE
Array
(
    [user_id] => 1317103660
)

****************************************************************************************************
[2021-05-26 20:56:54-INFO] Header PAGE
Array
(
    [user_id] => 1317103660
)

****************************************************************************************************
[2021-05-26 20:56:57-INFO] Header PAGE
Array
(
    [user_id] => 1317103660
)

****************************************************************************************************
[2021-05-26 20:56:57-INFO] Product PAGE
Array
(
    [user_id] => 1317103660
)

****************************************************************************************************
[2021-05-26 20:56:57-INFO] Header PAGE
Array
(
    [user_id] => 1317103660
)

****************************************************************************************************
[2021-05-26 20:56:59-INFO] Header PAGE
Array
(
    [user_id] => 1317103660
)

****************************************************************************************************
[2021-05-26 20:57:12-INFO] Header PAGE
Array
(
    [user_id] => 1317103660
)

****************************************************************************************************
[2021-05-26 20:57:13-INFO] Header PAGE
Array
(
    [user_id] => 1317103660
)

****************************************************************************************************
[2021-05-26 20:57:18-INFO] Header PAGE
Array
(
    [user_id] => 1317103660
)

****************************************************************************************************
[2021-05-26 20:59:14-INFO] Header PAGE
Array
(
    [user_id] => 1317103660
)

****************************************************************************************************
[2021-05-26 20:59:16-INFO] Header PAGE
Array
(
    [user_id] => 1317103660
)

****************************************************************************************************
[2021-05-26 20:59:26-INFO] Header PAGE
Array
(
    [user_id] => 1317103660
)

****************************************************************************************************
[2021-05-26 20:59:26-INFO] Product PAGE
Array
(
    [user_id] => 1317103660
)

****************************************************************************************************
[2021-05-26 20:59:26-INFO] Header PAGE
Array
(
    [user_id] => 1317103660
)

****************************************************************************************************
[2021-05-26 20:59:29-INFO] Header PAGE
Array
(
    [user_id] => 1317103660
)

****************************************************************************************************
[2021-05-26 20:59:33-INFO] Header PAGE
Array
(
    [user_id] => 1317103660
)

****************************************************************************************************
[2021-05-26 21:03:02-INFO] Header PAGE
Array
(
    [user_id] => 1317103660
)

****************************************************************************************************
[2021-05-26 21:03:02-INFO] Product PAGE
Array
(
    [user_id] => 1317103660
)

****************************************************************************************************
[2021-05-26 21:03:02-INFO] Header PAGE
Array
(
    [user_id] => 1317103660
)

****************************************************************************************************
[2021-05-26 21:03:04-INFO] Header PAGE
Array
(
    [user_id] => 1317103660
)

****************************************************************************************************
[2021-05-26 21:03:04-INFO] Product PAGE
Array
(
    [user_id] => 1317103660
)

****************************************************************************************************
[2021-05-26 21:03:04-INFO] Header PAGE
Array
(
    [user_id] => 1317103660
)

****************************************************************************************************
[2021-05-26 21:03:06-INFO] Header PAGE
Array
(
    [user_id] => 1317103660
)

****************************************************************************************************
[2021-05-26 21:03:18-INFO] Header PAGE
Array
(
    [user_id] => 1317103660
)

****************************************************************************************************
[2021-05-26 21:04:05-INFO] Header PAGE
Array
(
    [user_id] => 1317103660
)

****************************************************************************************************
