[2021-06-18 10:50:40-INFO] Header PAGE
Array
(
    [user_id] => 1071474134
)

****************************************************************************************************
[2021-06-18 10:50:40-INFO] Header PAGE
Array
(
    [user_id] => 483961167
)

****************************************************************************************************
[2021-06-18 10:50:46-INFO] Header PAGE
Array
(
    [user_id] => 1153562872
)

****************************************************************************************************
[2021-06-18 10:50:46-INFO] Product PAGE
Array
(
    [user_id] => 1153562872
)

****************************************************************************************************
[2021-06-18 10:50:46-INFO] Header PAGE
Array
(
    [user_id] => 193545088
)

****************************************************************************************************
[2021-06-18 10:50:46-INFO] Header PAGE
Array
(
    [user_id] => 196065410
)

****************************************************************************************************
[2021-06-18 10:50:49-INFO] Header PAGE
Array
(
    [user_id] => 668137481
)

****************************************************************************************************
[2021-06-18 10:50:49-INFO] Header PAGE
Array
(
    [user_id] => 1400147209
)

****************************************************************************************************
[2021-06-18 10:50:49-INFO] Product PAGE
Array
(
    [user_id] => 1400147209
)

****************************************************************************************************
[2021-06-18 10:50:49-INFO] Header PAGE
Array
(
    [user_id] => 1027648730
)

****************************************************************************************************
[2021-06-18 10:50:49-INFO] Header PAGE
Array
(
    [user_id] => 703689594
)

****************************************************************************************************
