[2021-05-13 11:38:20-INFO] Header PAGE
Array
(
    [user_id] => 1252868547
)

****************************************************************************************************
[2021-05-13 11:38:20-Invalid Access] New_Product Page
Array
(
    [user_id] => 1252868547
)

****************************************************************************************************
[2021-05-13 11:38:20-INFO] Header PAGE
Array
(
    [user_id] => 431212189
)

****************************************************************************************************
[2021-05-13 11:38:20-INFO] Header PAGE
Array
(
    [user_id] => 1489466384
)

****************************************************************************************************
[2021-05-13 14:01:14-INFO] Header PAGE
Array
(
    [user_id] => 375272754
)

****************************************************************************************************
[2021-05-13 14:01:14-Invalid Access] New_Product Page
Array
(
    [user_id] => 375272754
)

****************************************************************************************************
[2021-05-13 14:01:14-INFO] Header PAGE
Array
(
    [user_id] => 931229462
)

****************************************************************************************************
[2021-05-13 14:01:14-INFO] Header PAGE
Array
(
    [user_id] => 1063459725
)

****************************************************************************************************
