[2021-07-20 10:58:24 - INFO] http://localhost/
Array
(
    [user_id] => 1607773568
    [user_ip] => 1
    [user_rights] => anonymous
    [user_products] => Array
        (
            [0] => 
        )

)

****************************************************************************************************
[2021-07-20 11:06:55 - INFO] http://localhost/Shopping-Cart/login.php
Array
(
    [user_id] => 901055958
    [user_ip] => 1
    [user_rights] => ADMIN
    [user_products] => Array
        (
            [0] => 
        )

)

****************************************************************************************************
[2021-07-20 14:32:27 - INFO] http://localhost/
Array
(
    [user_id] => 852052400
    [user_ip] => 1
    [user_rights] => anonymous
    [user_products] => Array
        (
            [0] => stdClass Object
                (
                    [id] => 1
                    [title] => Product 1
                    [description] => Product Test 1
                    [price] => 60000
                    [pic] => asset/image/2.jpg
                )

            [1] => stdClass Object
                (
                    [id] => 2
                    [title] => Product 2
                    [description] => Product Test 2
                    [price] => 50000
                    [pic] => asset/image/3.jpg
                )

            [2] => stdClass Object
                (
                    [id] => 3
                    [title] => Product 3
                    [description] => Product Test 3
                    [price] => 140000
                    [pic] => asset/image/2.jpg
                )

            [3] => stdClass Object
                (
                    [id] => 4
                    [title] => Product 4
                    [description] => Product Test 4
                    [price] => 120000
                    [pic] => asset/image/4.jpg
                )

            [4] => stdClass Object
                (
                    [id] => 7
                    [title] => asdasd
                    [description] => asdasd
                    [price] => 123123
                    [pic] => asset/image/1626776085.jpeg
                )

            [5] => stdClass Object
                (
                    [id] => 8
                    [title] => asda
                    [description] => fdhfdgh
                    [price] => 123123
                    [pic] => asset/image/1626776094.jpeg
                )

            [6] => stdClass Object
                (
                    [id] => 9
                    [title] => fgjthj
                    [description] => dsfsdg
                    [price] => 123123
                    [pic] => asset/image/1626776101.jpeg
                )

            [7] => stdClass Object
                (
                    [id] => 10
                    [title] => ghlkhjlyh
                    [description] => wfsdfsfs
                    [price] => 123123
                    [pic] => asset/image/1626776108.jpeg
                )

        )

)

****************************************************************************************************
[2021-07-20 14:32:48 - INFO] http://localhost/
Array
(
    [user_id] => 657575991
    [user_ip] => 1
    [user_rights] => anonymous
    [user_products] => Array
        (
            [0] => stdClass Object
                (
                    [id] => 1
                    [title] => Product 1
                    [description] => Product Test 1
                    [price] => 60000
                    [pic] => asset/image/2.jpg
                )

            [1] => stdClass Object
                (
                    [id] => 2
                    [title] => Product 2
                    [description] => Product Test 2
                    [price] => 50000
                    [pic] => asset/image/3.jpg
                )

            [2] => stdClass Object
                (
                    [id] => 3
                    [title] => Product 3
                    [description] => Product Test 3
                    [price] => 140000
                    [pic] => asset/image/2.jpg
                )

            [3] => stdClass Object
                (
                    [id] => 4
                    [title] => Product 4
                    [description] => Product Test 4
                    [price] => 120000
                    [pic] => asset/image/4.jpg
                )

            [4] => stdClass Object
                (
                    [id] => 7
                    [title] => asdasd
                    [description] => asdasd
                    [price] => 123123
                    [pic] => asset/image/1626776085.jpeg
                )

            [5] => stdClass Object
                (
                    [id] => 8
                    [title] => asda
                    [description] => fdhfdgh
                    [price] => 123123
                    [pic] => asset/image/1626776094.jpeg
                )

            [6] => stdClass Object
                (
                    [id] => 9
                    [title] => fgjthj
                    [description] => dsfsdg
                    [price] => 123123
                    [pic] => asset/image/1626776101.jpeg
                )

            [7] => stdClass Object
                (
                    [id] => 10
                    [title] => ghlkhjlyh
                    [description] => wfsdfsfs
                    [price] => 123123
                    [pic] => asset/image/1626776108.jpeg
                )

        )

)

****************************************************************************************************
[2021-07-20 14:35:34 - INFO] http://localhost/Shopping-Cart/login.php
Array
(
    [user_id] => 256822544
    [user_ip] => 1
    [user_rights] => ADMIN
    [user_products] => Array
        (
            [0] => stdClass Object
                (
                    [id] => 1
                    [title] => Product 1
                    [description] => Product Test 1
                    [price] => 60000
                    [pic] => asset/image/2.jpg
                )

            [1] => stdClass Object
                (
                    [id] => 2
                    [title] => Product 2
                    [description] => Product Test 2
                    [price] => 50000
                    [pic] => asset/image/3.jpg
                )

            [2] => stdClass Object
                (
                    [id] => 3
                    [title] => Product 3
                    [description] => Product Test 3
                    [price] => 140000
                    [pic] => asset/image/2.jpg
                )

            [3] => stdClass Object
                (
                    [id] => 4
                    [title] => Product 4
                    [description] => Product Test 4
                    [price] => 120000
                    [pic] => asset/image/4.jpg
                )

            [4] => stdClass Object
                (
                    [id] => 7
                    [title] => asdasd
                    [description] => asdasd
                    [price] => 123123
                    [pic] => asset/image/1626776085.jpeg
                )

            [5] => stdClass Object
                (
                    [id] => 8
                    [title] => asda
                    [description] => fdhfdgh
                    [price] => 123123
                    [pic] => asset/image/1626776094.jpeg
                )

            [6] => stdClass Object
                (
                    [id] => 9
                    [title] => fgjthj
                    [description] => dsfsdg
                    [price] => 123123
                    [pic] => asset/image/1626776101.jpeg
                )

            [7] => stdClass Object
                (
                    [id] => 10
                    [title] => ghlkhjlyh
                    [description] => wfsdfsfs
                    [price] => 123123
                    [pic] => asset/image/1626776108.jpeg
                )

        )

)

****************************************************************************************************
[2021-07-20 16:46:52 - INFO] http://localhost/Shopping-Cart/cardItems.php
Array
(
    [user_id] => 256822544
    [user_ip] => 1
    [user_rights] => ADMIN
    [user_products] => Array
        (
            [0] => stdClass Object
                (
                    [id] => 1
                    [title] => Product 1
                    [description] => Product Test 1
                    [price] => 60000
                    [pic] => asset/image/2.jpg
                )

            [1] => stdClass Object
                (
                    [id] => 2
                    [title] => Product 2
                    [description] => Product Test 2
                    [price] => 50000
                    [pic] => asset/image/3.jpg
                )

            [2] => stdClass Object
                (
                    [id] => 3
                    [title] => Product 3
                    [description] => Product Test 3
                    [price] => 140000
                    [pic] => asset/image/2.jpg
                )

            [3] => stdClass Object
                (
                    [id] => 4
                    [title] => Product 4
                    [description] => Product Test 4
                    [price] => 120000
                    [pic] => asset/image/4.jpg
                )

            [4] => stdClass Object
                (
                    [id] => 7
                    [title] => asdasd
                    [description] => asdasd
                    [price] => 123123
                    [pic] => asset/image/1626776085.jpeg
                )

            [5] => stdClass Object
                (
                    [id] => 8
                    [title] => asda
                    [description] => fdhfdgh
                    [price] => 123123
                    [pic] => asset/image/1626776094.jpeg
                )

            [6] => stdClass Object
                (
                    [id] => 9
                    [title] => fgjthj
                    [description] => dsfsdg
                    [price] => 123123
                    [pic] => asset/image/1626776101.jpeg
                )

            [7] => stdClass Object
                (
                    [id] => 10
                    [title] => ghlkhjlyh
                    [description] => wfsdfsfs
                    [price] => 123123
                    [pic] => asset/image/1626776108.jpeg
                )

        )

)

****************************************************************************************************
[2021-07-20 16:49:10 - INFO] http://localhost/Shopping-Cart/cardItems.php
Array
(
    [user_id] => 256822544
    [user_ip] => 1
    [user_rights] => ADMIN
    [user_products] => Array
        (
            [0] => stdClass Object
                (
                    [id] => 1
                    [title] => Product 1
                    [description] => Product Test 1
                    [price] => 60000
                    [pic] => asset/image/2.jpg
                )

            [1] => stdClass Object
                (
                    [id] => 2
                    [title] => Product 2
                    [description] => Product Test 2
                    [price] => 50000
                    [pic] => asset/image/3.jpg
                )

            [2] => stdClass Object
                (
                    [id] => 3
                    [title] => Product 3
                    [description] => Product Test 3
                    [price] => 140000
                    [pic] => asset/image/2.jpg
                )

            [3] => stdClass Object
                (
                    [id] => 4
                    [title] => Product 4
                    [description] => Product Test 4
                    [price] => 120000
                    [pic] => asset/image/4.jpg
                )

            [4] => stdClass Object
                (
                    [id] => 7
                    [title] => asdasd
                    [description] => asdasd
                    [price] => 123123
                    [pic] => asset/image/1626776085.jpeg
                )

            [5] => stdClass Object
                (
                    [id] => 8
                    [title] => asda
                    [description] => fdhfdgh
                    [price] => 123123
                    [pic] => asset/image/1626776094.jpeg
                )

            [6] => stdClass Object
                (
                    [id] => 9
                    [title] => fgjthj
                    [description] => dsfsdg
                    [price] => 123123
                    [pic] => asset/image/1626776101.jpeg
                )

            [7] => stdClass Object
                (
                    [id] => 10
                    [title] => ghlkhjlyh
                    [description] => wfsdfsfs
                    [price] => 123123
                    [pic] => asset/image/1626776108.jpeg
                )

        )

)

****************************************************************************************************
