[2021-06-09 05:26:38-INFO] Header PAGE
Array
(
    [user_id] => 214493417
)

****************************************************************************************************
[2021-06-09 05:26:38-INFO] Header PAGE
Array
(
    [user_id] => 1017766835
)

****************************************************************************************************
[2021-06-09 05:26:43-INFO] Header PAGE
Array
(
    [user_id] => 43608874
)

****************************************************************************************************
[2021-06-09 05:26:43-INFO] Product PAGE
Array
(
    [user_id] => 43608874
)

****************************************************************************************************
[2021-06-09 05:26:44-INFO] Header PAGE
Array
(
    [user_id] => 1604506574
)

****************************************************************************************************
[2021-06-09 05:26:44-INFO] Header PAGE
Array
(
    [user_id] => 1338460008
)

****************************************************************************************************
[2021-06-09 05:27:05-INFO] Header PAGE
Array
(
    [user_id] => 192536855
)

****************************************************************************************************
[2021-06-09 05:27:05-INFO] Product PAGE
Array
(
    [user_id] => 192536855
)

****************************************************************************************************
[2021-06-09 05:27:05-INFO] Header PAGE
Array
(
    [user_id] => 1582858676
)

****************************************************************************************************
[2021-06-09 05:27:05-INFO] Header PAGE
Array
(
    [user_id] => 471558554
)

****************************************************************************************************
[2021-06-09 05:27:06-INFO] Header PAGE
Array
(
    [user_id] => 2380540
)

****************************************************************************************************
[2021-06-09 05:27:06-INFO] Header PAGE
Array
(
    [user_id] => 913619133
)

****************************************************************************************************
[2021-06-09 05:28:10-INFO] Header PAGE
Array
(
    [user_id] => 430243686
)

****************************************************************************************************
[2021-06-09 05:28:10-INFO] Header PAGE
Array
(
    [user_id] => 439971219
)

****************************************************************************************************
[2021-06-09 05:28:13-INFO] Header PAGE
Array
(
    [user_id] => 225429909
)

****************************************************************************************************
[2021-06-09 05:28:13-INFO] Header PAGE
Array
(
    [user_id] => 1464534730
)

****************************************************************************************************
[2021-06-09 05:28:14-INFO] Header PAGE
Array
(
    [user_id] => 273727364
)

****************************************************************************************************
[2021-06-09 05:28:14-INFO] Product PAGE
Array
(
    [user_id] => 273727364
)

****************************************************************************************************
[2021-06-09 05:28:14-INFO] Header PAGE
Array
(
    [user_id] => 568948521
)

****************************************************************************************************
[2021-06-09 05:28:14-INFO] Header PAGE
Array
(
    [user_id] => 1545368056
)

****************************************************************************************************
[2021-06-09 05:28:15-INFO] Header PAGE
Array
(
    [user_id] => 1405335196
)

****************************************************************************************************
[2021-06-09 05:28:15-INFO] Header PAGE
Array
(
    [user_id] => 233207430
)

****************************************************************************************************
[2021-06-09 05:28:57-INFO] Header PAGE
Array
(
    [user_id] => 1597318033
)

****************************************************************************************************
[2021-06-09 05:28:57-INFO] Header PAGE
Array
(
    [user_id] => 1000704129
)

****************************************************************************************************
[2021-06-09 05:28:59-INFO] Header PAGE
Array
(
    [user_id] => 1444861579
)

****************************************************************************************************
[2021-06-09 05:28:59-INFO] Product PAGE
Array
(
    [user_id] => 1444861579
)

****************************************************************************************************
[2021-06-09 05:28:59-INFO] Header PAGE
Array
(
    [user_id] => 1585538532
)

****************************************************************************************************
[2021-06-09 05:28:59-INFO] Header PAGE
Array
(
    [user_id] => 572863144
)

****************************************************************************************************
[2021-06-09 05:29:12-INFO] Header PAGE
Array
(
    [user_id] => 631238564
)

****************************************************************************************************
[2021-06-09 05:29:12-INFO] Product PAGE
Array
(
    [user_id] => 631238564
)

****************************************************************************************************
[2021-06-09 05:29:12-INFO] Header PAGE
Array
(
    [user_id] => 167573556
)

****************************************************************************************************
[2021-06-09 05:29:12-INFO] Header PAGE
Array
(
    [user_id] => 1589417855
)

****************************************************************************************************
[2021-06-09 05:29:14-INFO] Header PAGE
Array
(
    [user_id] => 394715426
)

****************************************************************************************************
[2021-06-09 05:29:14-INFO] Header PAGE
Array
(
    [user_id] => 129238627
)

****************************************************************************************************
[2021-06-09 05:29:14-INFO] Header PAGE
Array
(
    [user_id] => 385725765
)

****************************************************************************************************
[2021-06-09 05:29:22-INFO] Header PAGE
Array
(
    [user_id] => 554375553
)

****************************************************************************************************
[2021-06-09 05:29:22-INFO] Header PAGE
Array
(
    [user_id] => 933418850
)

****************************************************************************************************
[2021-06-09 05:29:22-INFO] Header PAGE
Array
(
    [user_id] => 1603153985
)

****************************************************************************************************
[2021-06-09 05:29:25-INFO] Header PAGE
Array
(
    [user_id] => 245736129
)

****************************************************************************************************
[2021-06-09 05:29:25-INFO] Header PAGE
Array
(
    [user_id] => 212588620
)

****************************************************************************************************
[2021-06-09 05:29:25-INFO] Header PAGE
Array
(
    [user_id] => 809597926
)

****************************************************************************************************
[2021-06-09 05:29:27-INFO] Header PAGE
Array
(
    [user_id] => 140935831
)

****************************************************************************************************
[2021-06-09 05:29:27-INFO] Header PAGE
Array
(
    [user_id] => 1213275351
)

****************************************************************************************************
[2021-06-09 05:29:30-INFO] Header PAGE
Array
(
    [user_id] => 926156596
)

****************************************************************************************************
[2021-06-09 05:29:30-INFO] Login PAGE
Array
(
    [user_id] => 926156596
)

****************************************************************************************************
[2021-06-09 05:29:33-INFO] Header PAGE
Array
(
    [user_id] => 269698705
)

****************************************************************************************************
[2021-06-09 05:29:33-INFO] Register PAGE
Array
(
    [user_id] => 269698705
)

****************************************************************************************************
[2021-06-09 05:30:00-INFO] Header PAGE
Array
(
    [user_id] => 952677276
)

****************************************************************************************************
[2021-06-09 05:30:00-INFO] Register PAGE
Array
(
    [user_id] => 952677276
)

****************************************************************************************************
[2021-06-09 05:30:02-INFO] Header PAGE
Array
(
    [user_id] => 486564131
)

****************************************************************************************************
[2021-06-09 05:30:02-INFO] Header PAGE
Array
(
    [user_id] => 109876077
)

****************************************************************************************************
[2021-06-09 05:30:25-INFO] Header PAGE
Array
(
    [user_id] => 253155168
)

****************************************************************************************************
[2021-06-09 05:30:25-INFO] Header PAGE
Array
(
    [user_id] => 542667286
)

****************************************************************************************************
[2021-06-09 05:30:26-INFO] Header PAGE
Array
(
    [user_id] => 288477576
)

****************************************************************************************************
[2021-06-09 05:30:26-INFO] Header PAGE
Array
(
    [user_id] => 386737204
)

****************************************************************************************************
[2021-06-09 05:30:33-INFO] Header PAGE
Array
(
    [user_id] => 389430584
)

****************************************************************************************************
[2021-06-09 05:30:33-INFO] Product PAGE
Array
(
    [user_id] => 389430584
)

****************************************************************************************************
[2021-06-09 05:30:33-INFO] Header PAGE
Array
(
    [user_id] => 1266457816
)

****************************************************************************************************
[2021-06-09 05:30:33-INFO] Header PAGE
Array
(
    [user_id] => 780455226
)

****************************************************************************************************
