[2021-07-02 14:51:20-INFO] Header PAGE
Array
(
    [user_id] => 320914043
)

****************************************************************************************************
[2021-07-02 14:51:20-INFO] Header PAGE
Array
(
    [user_id] => 798836006
)

****************************************************************************************************
[2021-07-02 14:51:23-INFO] Header PAGE
Array
(
    [user_id] => 1541546311
)

****************************************************************************************************
[2021-07-02 14:51:23-INFO] Product PAGE
Array
(
    [user_id] => 1541546311
)

****************************************************************************************************
[2021-07-02 14:51:23-INFO] Header PAGE
Array
(
    [user_id] => 1169630259
)

****************************************************************************************************
[2021-07-02 14:51:28-INFO] Header PAGE
Array
(
    [user_id] => 500624932
)

****************************************************************************************************
[2021-07-02 14:51:28-INFO] Header PAGE
Array
(
    [user_id] => 250636039
)

****************************************************************************************************
[2021-07-02 14:51:28-INFO] Product PAGE
Array
(
    [user_id] => 250636039
)

****************************************************************************************************
[2021-07-02 14:51:28-INFO] Header PAGE
Array
(
    [user_id] => 532064004
)

****************************************************************************************************
[2021-07-02 14:51:33-INFO] Header PAGE
Array
(
    [user_id] => 521117963
)

****************************************************************************************************
[2021-07-02 14:51:33-INFO] Login PAGE
Array
(
    [user_id] => 521117963
)

****************************************************************************************************
[2021-07-02 14:51:51-INFO] Header PAGE
Array
(
    [user_id] => 1198433176
)

****************************************************************************************************
[2021-07-02 14:51:51-INFO] Login PAGE
Array
(
    [user_id] => 1198433176
)

****************************************************************************************************
[2021-07-02 14:52:08-INFO] Header PAGE
Array
(
    [user_id] => 893939016
)

****************************************************************************************************
[2021-07-02 14:52:08-INFO] Header PAGE
Array
(
    [user_id] => 637889410
)

****************************************************************************************************
[2021-07-02 14:52:09-INFO] Header PAGE
Array
(
    [user_id] => 637889410
)

****************************************************************************************************
[2021-07-02 14:52:10-INFO] Header PAGE
Array
(
    [user_id] => 637889410
)

****************************************************************************************************
[2021-07-02 14:52:10-INFO] Product PAGE
Array
(
    [user_id] => 637889410
)

****************************************************************************************************
[2021-07-02 14:52:10-INFO] Header PAGE
Array
(
    [user_id] => 637889410
)

****************************************************************************************************
[2021-07-02 14:52:12-INFO] Header PAGE
Array
(
    [user_id] => 637889410
)

****************************************************************************************************
[2021-07-02 14:52:12-INFO] Header PAGE
Array
(
    [user_id] => 637889410
)

****************************************************************************************************
[2021-07-02 14:52:12-INFO] Product PAGE
Array
(
    [user_id] => 637889410
)

****************************************************************************************************
[2021-07-02 14:52:12-INFO] Header PAGE
Array
(
    [user_id] => 637889410
)

****************************************************************************************************
[2021-07-02 14:52:16-INFO] Header PAGE
Array
(
    [user_id] => 637889410
)

****************************************************************************************************
[2021-07-02 14:52:16-INFO] Header PAGE
Array
(
    [user_id] => 637889410
)

****************************************************************************************************
[2021-07-02 14:52:20-INFO] Header PAGE
Array
(
    [user_id] => 637889410
)

****************************************************************************************************
[2021-07-02 14:52:20-INFO] Product PAGE
Array
(
    [user_id] => 637889410
)

****************************************************************************************************
[2021-07-02 14:52:20-INFO] Header PAGE
Array
(
    [user_id] => 637889410
)

****************************************************************************************************
[2021-07-02 14:52:21-INFO] Header PAGE
Array
(
    [user_id] => 637889410
)

****************************************************************************************************
[2021-07-02 14:52:21-INFO] Header PAGE
Array
(
    [user_id] => 637889410
)

****************************************************************************************************
[2021-07-02 14:52:21-INFO] Product PAGE
Array
(
    [user_id] => 637889410
)

****************************************************************************************************
[2021-07-02 14:52:21-INFO] Header PAGE
Array
(
    [user_id] => 637889410
)

****************************************************************************************************
[2021-07-02 14:52:22-INFO] Header PAGE
Array
(
    [user_id] => 637889410
)

****************************************************************************************************
[2021-07-02 14:52:22-INFO] Header PAGE
Array
(
    [user_id] => 637889410
)

****************************************************************************************************
[2021-07-02 14:52:26-INFO] Header PAGE
Array
(
    [user_id] => 637889410
)

****************************************************************************************************
[2021-07-02 14:52:26-INFO] Header PAGE
Array
(
    [user_id] => 637889410
)

****************************************************************************************************
[2021-07-02 14:52:26-INFO] Header PAGE
Array
(
    [user_id] => 637889410
)

****************************************************************************************************
[2021-07-02 14:52:35-INFO] Header PAGE
Array
(
    [user_id] => 637889410
)

****************************************************************************************************
[2021-07-02 14:52:35-INFO] Header PAGE
Array
(
    [user_id] => 637889410
)

****************************************************************************************************
[2021-07-02 14:52:35-INFO] Header PAGE
Array
(
    [user_id] => 637889410
)

****************************************************************************************************
[2021-07-02 14:56:17-INFO] Header PAGE
Array
(
    [user_id] => 637889410
)

****************************************************************************************************
[2021-07-02 14:56:18-INFO] Header PAGE
Array
(
    [user_id] => 637889410
)

****************************************************************************************************
[2021-07-02 14:56:21-INFO] Header PAGE
Array
(
    [user_id] => 637889410
)

****************************************************************************************************
[2021-07-02 14:56:21-INFO] Header PAGE
Array
(
    [user_id] => 637889410
)

****************************************************************************************************
[2021-07-02 14:56:21-INFO] Header PAGE
Array
(
    [user_id] => 637889410
)

****************************************************************************************************
[2021-07-02 14:56:23-INFO] Header PAGE
Array
(
    [user_id] => 637889410
)

****************************************************************************************************
[2021-07-02 14:56:23-INFO] Header PAGE
Array
(
    [user_id] => 637889410
)

****************************************************************************************************
[2021-07-02 14:56:26-INFO] Header PAGE
Array
(
    [user_id] => 637889410
)

****************************************************************************************************
[2021-07-02 14:56:26-INFO] Header PAGE
Array
(
    [user_id] => 637889410
)

****************************************************************************************************
[2021-07-02 14:56:26-INFO] Header PAGE
Array
(
    [user_id] => 637889410
)

****************************************************************************************************
[2021-07-02 14:56:32-INFO] Header PAGE
Array
(
    [user_id] => 637889410
)

****************************************************************************************************
[2021-07-02 14:56:32-INFO] Header PAGE
Array
(
    [user_id] => 637889410
)

****************************************************************************************************
[2021-07-02 14:56:32-INFO] Header PAGE
Array
(
    [user_id] => 637889410
)

****************************************************************************************************
[2021-07-02 14:56:34-INFO] Header PAGE
Array
(
    [user_id] => 637889410
)

****************************************************************************************************
[2021-07-02 14:56:34-INFO] Product PAGE
Array
(
    [user_id] => 637889410
)

****************************************************************************************************
[2021-07-02 14:56:34-INFO] Header PAGE
Array
(
    [user_id] => 637889410
)

****************************************************************************************************
[2021-07-02 14:56:39-INFO] Header PAGE
Array
(
    [user_id] => 637889410
)

****************************************************************************************************
[2021-07-02 14:56:39-INFO] Header PAGE
Array
(
    [user_id] => 637889410
)

****************************************************************************************************
[2021-07-02 14:56:54-INFO] Header PAGE
Array
(
    [user_id] => 637889410
)

****************************************************************************************************
[2021-07-02 14:56:54-INFO] Header PAGE
Array
(
    [user_id] => 637889410
)

****************************************************************************************************
[2021-07-02 14:57:29-INFO] Header PAGE
Array
(
    [user_id] => 637889410
)

****************************************************************************************************
[2021-07-02 14:57:29-INFO] Header PAGE
Array
(
    [user_id] => 637889410
)

****************************************************************************************************
[2021-07-02 14:58:16-INFO] Header PAGE
Array
(
    [user_id] => 637889410
)

****************************************************************************************************
[2021-07-02 14:58:16-INFO] Header PAGE
Array
(
    [user_id] => 637889410
)

****************************************************************************************************
[2021-07-02 14:58:22-INFO] Header PAGE
Array
(
    [user_id] => 637889410
)

****************************************************************************************************
[2021-07-02 14:58:22-INFO] Header PAGE
Array
(
    [user_id] => 637889410
)

****************************************************************************************************
[2021-07-02 14:58:23-INFO] Header PAGE
Array
(
    [user_id] => 637889410
)

****************************************************************************************************
[2021-07-02 14:58:23-INFO] Header PAGE
Array
(
    [user_id] => 637889410
)

****************************************************************************************************
[2021-07-02 15:01:53-INFO] Header PAGE
Array
(
    [user_id] => 637889410
)

****************************************************************************************************
[2021-07-02 15:02:02-INFO] Header PAGE
Array
(
    [user_id] => 637889410
)

****************************************************************************************************
[2021-07-02 15:02:02-INFO] Header PAGE
Array
(
    [user_id] => 637889410
)

****************************************************************************************************
[2021-07-02 15:02:03-INFO] Header PAGE
Array
(
    [user_id] => 637889410
)

****************************************************************************************************
[2021-07-02 15:11:15-INFO] Header PAGE
Array
(
    [user_id] => 637889410
)

****************************************************************************************************
[2021-07-02 15:11:16-INFO] Header PAGE
Array
(
    [user_id] => 637889410
)

****************************************************************************************************
[2021-07-02 15:14:52-INFO] Header PAGE
Array
(
    [user_id] => 637889410
)

****************************************************************************************************
[2021-07-02 15:14:52-INFO] Header PAGE
Array
(
    [user_id] => 637889410
)

****************************************************************************************************
[2021-07-02 15:24:49-INFO] Header PAGE
Array
(
    [user_id] => 637889410
)

****************************************************************************************************
[2021-07-02 15:24:49-INFO] Header PAGE
Array
(
    [user_id] => 637889410
)

****************************************************************************************************
[2021-07-02 15:25:04-INFO] Header PAGE
Array
(
    [user_id] => 637889410
)

****************************************************************************************************
[2021-07-02 15:25:04-INFO] Header PAGE
Array
(
    [user_id] => 637889410
)

****************************************************************************************************
[2021-07-02 15:30:46-INFO] Header PAGE
Array
(
    [user_id] => 637889410
)

****************************************************************************************************
[2021-07-02 15:30:47-INFO] Header PAGE
Array
(
    [user_id] => 637889410
)

****************************************************************************************************
[2021-07-02 15:31:07-INFO] Header PAGE
Array
(
    [user_id] => 637889410
)

****************************************************************************************************
[2021-07-02 15:31:07-INFO] Header PAGE
Array
(
    [user_id] => 637889410
)

****************************************************************************************************
[2021-07-02 15:31:07-INFO] Header PAGE
Array
(
    [user_id] => 637889410
)

****************************************************************************************************
[2021-07-02 15:32:45-INFO] Header PAGE
Array
(
    [user_id] => 637889410
)

****************************************************************************************************
[2021-07-02 15:32:45-INFO] Header PAGE
Array
(
    [user_id] => 637889410
)

****************************************************************************************************
[2021-07-02 15:32:52-INFO] Header PAGE
Array
(
    [user_id] => 637889410
)

****************************************************************************************************
[2021-07-02 15:32:52-INFO] Header PAGE
Array
(
    [user_id] => 637889410
)

****************************************************************************************************
