[2021-05-02 11:35:45-INFO] Header PAGE
Array
(
    [user_id] => 1048201390
)

****************************************************************************************************
[2021-05-02 11:35:45-INFO] Header PAGE
Array
(
    [user_id] => 1048201390
)

****************************************************************************************************
[2021-05-02 11:35:45-INFO] Header PAGE
Array
(
    [user_id] => 1048201390
)

****************************************************************************************************
[2021-05-02 11:49:56-INFO] Header PAGE
Array
(
    [user_id] => 1048201390
)

****************************************************************************************************
[2021-05-02 11:49:56-INFO] Product PAGE
Array
(
    [user_id] => 1048201390
)

****************************************************************************************************
[2021-05-02 11:49:56-INFO] Header PAGE
Array
(
    [user_id] => 1048201390
)

****************************************************************************************************
[2021-05-02 11:50:06-INFO] Header PAGE
Array
(
    [user_id] => 1048201390
)

****************************************************************************************************
[2021-05-02 11:50:06-INFO] Product PAGE
Array
(
    [user_id] => 1048201390
)

****************************************************************************************************
[2021-05-02 11:50:06-INFO] Header PAGE
Array
(
    [user_id] => 1048201390
)

****************************************************************************************************
[2021-05-02 11:50:14-INFO] Header PAGE
Array
(
    [user_id] => 1295973265
)

****************************************************************************************************
[2021-05-02 11:50:14-INFO] Header PAGE
Array
(
    [user_id] => 819798170
)

****************************************************************************************************
[2021-05-02 11:50:15-INFO] Header PAGE
Array
(
    [user_id] => 691397958
)

****************************************************************************************************
[2021-05-02 11:50:15-INFO] Login PAGE
Array
(
    [user_id] => 691397958
)

****************************************************************************************************
[2021-05-02 11:50:30-INFO] Header PAGE
Array
(
    [user_id] => 230691807
)

****************************************************************************************************
[2021-05-02 11:50:30-INFO] Header PAGE
Array
(
    [user_id] => 746882395
)

****************************************************************************************************
[2021-05-02 11:50:30-INFO] Header PAGE
Array
(
    [user_id] => 746882395
)

****************************************************************************************************
[2021-05-02 11:50:32-INFO] Header PAGE
Array
(
    [user_id] => 746882395
)

****************************************************************************************************
[2021-05-02 11:50:32-INFO] Product PAGE
Array
(
    [user_id] => 746882395
)

****************************************************************************************************
[2021-05-02 11:50:32-INFO] Header PAGE
Array
(
    [user_id] => 746882395
)

****************************************************************************************************
[2021-05-02 11:50:34-INFO] Header PAGE
Array
(
    [user_id] => 746882395
)

****************************************************************************************************
[2021-05-02 11:50:41-INFO] Header PAGE
Array
(
    [user_id] => 746882395
)

****************************************************************************************************
[2021-05-02 11:51:54-INFO] Header PAGE
Array
(
    [user_id] => 746882395
)

****************************************************************************************************
[2021-05-02 11:53:22-INFO] Header PAGE
Array
(
    [user_id] => 746882395
)

****************************************************************************************************
[2021-05-02 11:54:34-INFO] Header PAGE
Array
(
    [user_id] => 746882395
)

****************************************************************************************************
[2021-05-02 11:54:58-INFO] Header PAGE
Array
(
    [user_id] => 746882395
)

****************************************************************************************************
[2021-05-02 11:58:28-INFO] Header PAGE
Array
(
    [user_id] => 746882395
)

****************************************************************************************************
[2021-05-02 11:58:28-INFO] Header PAGE
Array
(
    [user_id] => 746882395
)

****************************************************************************************************
[2021-05-02 11:58:32-INFO] Header PAGE
Array
(
    [user_id] => 746882395
)

****************************************************************************************************
[2021-05-02 11:58:33-INFO] Header PAGE
Array
(
    [user_id] => 746882395
)

****************************************************************************************************
[2021-05-02 11:58:39-INFO] Header PAGE
Array
(
    [user_id] => 746882395
)

****************************************************************************************************
[2021-05-02 11:58:42-INFO] Header PAGE
Array
(
    [user_id] => 746882395
)

****************************************************************************************************
[2021-05-02 11:58:43-INFO] Header PAGE
Array
(
    [user_id] => 746882395
)

****************************************************************************************************
[2021-05-02 11:58:46-INFO] Header PAGE
Array
(
    [user_id] => 746882395
)

****************************************************************************************************
[2021-05-02 11:58:46-INFO] Header PAGE
Array
(
    [user_id] => 746882395
)

****************************************************************************************************
[2021-05-02 11:59:09-INFO] Header PAGE
Array
(
    [user_id] => 746882395
)

****************************************************************************************************
[2021-05-02 11:59:11-INFO] Header PAGE
Array
(
    [user_id] => 746882395
)

****************************************************************************************************
[2021-05-02 11:59:36-INFO] Header PAGE
Array
(
    [user_id] => 746882395
)

****************************************************************************************************
[2021-05-02 11:59:44-INFO] Header PAGE
Array
(
    [user_id] => 746882395
)

****************************************************************************************************
[2021-05-02 11:59:47-INFO] Header PAGE
Array
(
    [user_id] => 746882395
)

****************************************************************************************************
[2021-05-02 11:59:47-INFO] Header PAGE
Array
(
    [user_id] => 746882395
)

****************************************************************************************************
[2021-05-02 11:59:47-INFO] Header PAGE
Array
(
    [user_id] => 746882395
)

****************************************************************************************************
[2021-05-02 12:31:17-INFO] Header PAGE
Array
(
    [user_id] => 746882395
)

****************************************************************************************************
[2021-05-02 12:31:17-INFO] Product PAGE
Array
(
    [user_id] => 746882395
)

****************************************************************************************************
[2021-05-02 12:31:17-INFO] Header PAGE
Array
(
    [user_id] => 746882395
)

****************************************************************************************************
[2021-05-02 12:34:17-INFO] Header PAGE
Array
(
    [user_id] => 746882395
)

****************************************************************************************************
[2021-05-02 12:34:17-INFO] Product PAGE
Array
(
    [user_id] => 746882395
)

****************************************************************************************************
[2021-05-02 12:34:17-INFO] Header PAGE
Array
(
    [user_id] => 746882395
)

****************************************************************************************************
[2021-05-02 12:34:20-INFO] Header PAGE
Array
(
    [user_id] => 746882395
)

****************************************************************************************************
[2021-05-02 12:34:30-INFO] Header PAGE
Array
(
    [user_id] => 746882395
)

****************************************************************************************************
[2021-05-02 12:34:30-INFO] Header PAGE
Array
(
    [user_id] => 746882395
)

****************************************************************************************************
[2021-05-02 12:34:30-INFO] Product PAGE
Array
(
    [user_id] => 746882395
)

****************************************************************************************************
[2021-05-02 12:34:30-INFO] Header PAGE
Array
(
    [user_id] => 746882395
)

****************************************************************************************************
[2021-05-02 12:35:47-INFO] Header PAGE
Array
(
    [user_id] => 746882395
)

****************************************************************************************************
[2021-05-02 12:36:15-INFO] Header PAGE
Array
(
    [user_id] => 746882395
)

****************************************************************************************************
[2021-05-02 12:36:28-INFO] Header PAGE
Array
(
    [user_id] => 746882395
)

****************************************************************************************************
[2021-05-02 12:36:50-INFO] Header PAGE
Array
(
    [user_id] => 746882395
)

****************************************************************************************************
[2021-05-02 12:36:50-INFO] Header PAGE
Array
(
    [user_id] => 746882395
)

****************************************************************************************************
[2021-05-02 12:36:56-INFO] Header PAGE
Array
(
    [user_id] => 746882395
)

****************************************************************************************************
[2021-05-02 12:36:56-INFO] Product PAGE
Array
(
    [user_id] => 746882395
)

****************************************************************************************************
[2021-05-02 12:36:56-INFO] Header PAGE
Array
(
    [user_id] => 746882395
)

****************************************************************************************************
[2021-05-02 12:38:22-INFO] Header PAGE
Array
(
    [user_id] => 746882395
)

****************************************************************************************************
[2021-05-02 12:38:29-INFO] Header PAGE
Array
(
    [user_id] => 746882395
)

****************************************************************************************************
[2021-05-02 12:38:38-INFO] Header PAGE
Array
(
    [user_id] => 746882395
)

****************************************************************************************************
[2021-05-02 12:38:38-INFO] Header PAGE
Array
(
    [user_id] => 746882395
)

****************************************************************************************************
[2021-05-02 12:42:45-INFO] Header PAGE
Array
(
    [user_id] => 746882395
)

****************************************************************************************************
[2021-05-02 12:43:03-INFO] Header PAGE
Array
(
    [user_id] => 746882395
)

****************************************************************************************************
[2021-05-02 12:43:22-INFO] Header PAGE
Array
(
    [user_id] => 746882395
)

****************************************************************************************************
[2021-05-02 12:44:20-INFO] Header PAGE
Array
(
    [user_id] => 746882395
)

****************************************************************************************************
[2021-05-02 12:44:20-INFO] Header PAGE
Array
(
    [user_id] => 746882395
)

****************************************************************************************************
[2021-05-02 12:44:42-INFO] Header PAGE
Array
(
    [user_id] => 746882395
)

****************************************************************************************************
[2021-05-02 12:44:42-INFO] Product PAGE
Array
(
    [user_id] => 746882395
)

****************************************************************************************************
[2021-05-02 12:44:42-INFO] Header PAGE
Array
(
    [user_id] => 746882395
)

****************************************************************************************************
[2021-05-02 12:44:42-INFO] Header PAGE
Array
(
    [user_id] => 746882395
)

****************************************************************************************************
[2021-05-02 12:44:42-INFO] Header PAGE
Array
(
    [user_id] => 746882395
)

****************************************************************************************************
[2021-05-02 12:45:47-INFO] Header PAGE
Array
(
    [user_id] => 746882395
)

****************************************************************************************************
[2021-05-02 12:45:47-INFO] Product PAGE
Array
(
    [user_id] => 746882395
)

****************************************************************************************************
[2021-05-02 12:45:47-INFO] Header PAGE
Array
(
    [user_id] => 746882395
)

****************************************************************************************************
[2021-05-02 12:45:47-INFO] Header PAGE
Array
(
    [user_id] => 746882395
)

****************************************************************************************************
[2021-05-02 12:45:48-INFO] Header PAGE
Array
(
    [user_id] => 746882395
)

****************************************************************************************************
[2021-05-02 12:45:49-INFO] Header PAGE
Array
(
    [user_id] => 746882395
)

****************************************************************************************************
[2021-05-02 12:45:49-INFO] Product PAGE
Array
(
    [user_id] => 746882395
)

****************************************************************************************************
[2021-05-02 12:45:49-INFO] Header PAGE
Array
(
    [user_id] => 746882395
)

****************************************************************************************************
[2021-05-02 12:45:49-INFO] Header PAGE
Array
(
    [user_id] => 746882395
)

****************************************************************************************************
[2021-05-02 12:46:09-INFO] Header PAGE
Array
(
    [user_id] => 746882395
)

****************************************************************************************************
[2021-05-02 12:46:09-INFO] Product PAGE
Array
(
    [user_id] => 746882395
)

****************************************************************************************************
[2021-05-02 12:46:09-INFO] Header PAGE
Array
(
    [user_id] => 746882395
)

****************************************************************************************************
[2021-05-02 12:46:09-INFO] Header PAGE
Array
(
    [user_id] => 746882395
)

****************************************************************************************************
[2021-05-02 12:46:24-INFO] Header PAGE
Array
(
    [user_id] => 746882395
)

****************************************************************************************************
[2021-05-02 12:46:24-INFO] Product PAGE
Array
(
    [user_id] => 746882395
)

****************************************************************************************************
[2021-05-02 12:46:24-INFO] Header PAGE
Array
(
    [user_id] => 746882395
)

****************************************************************************************************
[2021-05-02 12:46:24-INFO] Header PAGE
Array
(
    [user_id] => 746882395
)

****************************************************************************************************
[2021-05-02 12:46:25-INFO] Header PAGE
Array
(
    [user_id] => 746882395
)

****************************************************************************************************
[2021-05-02 12:46:40-INFO] Header PAGE
Array
(
    [user_id] => 746882395
)

****************************************************************************************************
[2021-05-02 12:46:40-INFO] Product PAGE
Array
(
    [user_id] => 746882395
)

****************************************************************************************************
[2021-05-02 12:46:40-INFO] Header PAGE
Array
(
    [user_id] => 746882395
)

****************************************************************************************************
[2021-05-02 12:46:40-INFO] Header PAGE
Array
(
    [user_id] => 746882395
)

****************************************************************************************************
[2021-05-02 12:46:40-INFO] Header PAGE
Array
(
    [user_id] => 746882395
)

****************************************************************************************************
[2021-05-02 12:46:40-INFO] Header PAGE
Array
(
    [user_id] => 746882395
)

****************************************************************************************************
[2021-05-02 12:47:00-INFO] Header PAGE
Array
(
    [user_id] => 746882395
)

****************************************************************************************************
[2021-05-02 12:47:00-INFO] Product PAGE
Array
(
    [user_id] => 746882395
)

****************************************************************************************************
[2021-05-02 12:47:00-INFO] Header PAGE
Array
(
    [user_id] => 746882395
)

****************************************************************************************************
[2021-05-02 12:47:00-INFO] Header PAGE
Array
(
    [user_id] => 746882395
)

****************************************************************************************************
[2021-05-02 12:47:00-INFO] Header PAGE
Array
(
    [user_id] => 746882395
)

****************************************************************************************************
[2021-05-02 12:47:23-INFO] Header PAGE
Array
(
    [user_id] => 746882395
)

****************************************************************************************************
[2021-05-02 12:47:23-INFO] Product PAGE
Array
(
    [user_id] => 746882395
)

****************************************************************************************************
[2021-05-02 12:47:23-INFO] Header PAGE
Array
(
    [user_id] => 746882395
)

****************************************************************************************************
[2021-05-02 12:47:23-INFO] Header PAGE
Array
(
    [user_id] => 746882395
)

****************************************************************************************************
[2021-05-02 12:47:24-INFO] Header PAGE
Array
(
    [user_id] => 746882395
)

****************************************************************************************************
[2021-05-02 12:47:28-INFO] Header PAGE
Array
(
    [user_id] => 746882395
)

****************************************************************************************************
[2021-05-02 12:47:28-INFO] Product PAGE
Array
(
    [user_id] => 746882395
)

****************************************************************************************************
[2021-05-02 12:47:28-INFO] Header PAGE
Array
(
    [user_id] => 746882395
)

****************************************************************************************************
[2021-05-02 12:47:28-INFO] Header PAGE
Array
(
    [user_id] => 746882395
)

****************************************************************************************************
[2021-05-02 12:48:51-INFO] Header PAGE
Array
(
    [user_id] => 746882395
)

****************************************************************************************************
[2021-05-02 12:49:22-INFO] Header PAGE
Array
(
    [user_id] => 746882395
)

****************************************************************************************************
[2021-05-02 12:49:44-INFO] Header PAGE
Array
(
    [user_id] => 746882395
)

****************************************************************************************************
