[2021-04-22 06:39:25-INFO] Header PAGE
Array
(
    [user_id] => 1121981107
)

****************************************************************************************************
[2021-04-22 06:39:25-INFO] Product PAGE
Array
(
    [user_id] => 1121981107
)

****************************************************************************************************
[2021-04-22 06:39:25-INFO] Header PAGE
Array
(
    [user_id] => 1121981107
)

****************************************************************************************************
[2021-04-22 06:42:35-INFO] Header PAGE
Array
(
    [user_id] => 1460044724
)

****************************************************************************************************
[2021-04-22 06:42:36-INFO] Header PAGE
Array
(
    [user_id] => 522301252
)

****************************************************************************************************
[2021-04-22 06:42:46-INFO] Header PAGE
Array
(
    [user_id] => 1519844686
)

****************************************************************************************************
[2021-04-22 06:44:47-INFO] Header PAGE
Array
(
    [user_id] => 386659761
)

****************************************************************************************************
[2021-04-22 06:44:47-INFO] Login PAGE
Array
(
    [user_id] => 386659761
)

****************************************************************************************************
[2021-04-22 06:44:54-INFO] Header PAGE
Array
(
    [user_id] => 1103658422
)

****************************************************************************************************
[2021-04-22 06:44:54-INFO] Login PAGE
Array
(
    [user_id] => 1103658422
)

****************************************************************************************************
[2021-04-22 06:45:42-INFO] Header PAGE
Array
(
    [user_id] => 328565127
)

****************************************************************************************************
[2021-04-22 06:45:42-INFO] Header PAGE
Array
(
    [user_id] => 1540282873
)

****************************************************************************************************
[2021-04-22 06:45:42-INFO] Header PAGE
Array
(
    [user_id] => 1540282873
)

****************************************************************************************************
[2021-04-22 06:48:36-INFO] Header PAGE
Array
(
    [user_id] => 1540282873
)

****************************************************************************************************
[2021-04-22 06:48:37-INFO] Header PAGE
Array
(
    [user_id] => 1540282873
)

****************************************************************************************************
[2021-04-22 06:48:47-INFO] Header PAGE
Array
(
    [user_id] => 212172986
)

****************************************************************************************************
[2021-04-22 06:48:47-INFO] Header PAGE
Array
(
    [user_id] => 44259988
)

****************************************************************************************************
[2021-04-22 06:48:48-INFO] Header PAGE
Array
(
    [user_id] => 542919756
)

****************************************************************************************************
[2021-04-22 06:48:48-INFO] Login PAGE
Array
(
    [user_id] => 542919756
)

****************************************************************************************************
[2021-04-22 06:48:59-INFO] Header PAGE
Array
(
    [user_id] => 302406355
)

****************************************************************************************************
[2021-04-22 06:48:59-INFO] Header PAGE
Array
(
    [user_id] => 889983528
)

****************************************************************************************************
[2021-04-22 06:49:00-INFO] Header PAGE
Array
(
    [user_id] => 889983528
)

****************************************************************************************************
[2021-04-22 06:52:21-INFO] Header PAGE
Array
(
    [user_id] => 889983528
)

****************************************************************************************************
[2021-04-22 06:52:21-INFO] Header PAGE
Array
(
    [user_id] => 889983528
)

****************************************************************************************************
[2021-04-22 06:52:24-INFO] Header PAGE
Array
(
    [user_id] => 69917484
)

****************************************************************************************************
[2021-04-22 06:52:24-INFO] Header PAGE
Array
(
    [user_id] => 1406803640
)

****************************************************************************************************
[2021-04-22 06:52:25-INFO] Header PAGE
Array
(
    [user_id] => 629341265
)

****************************************************************************************************
[2021-04-22 06:52:25-INFO] Login PAGE
Array
(
    [user_id] => 629341265
    [user_name] => 
)

****************************************************************************************************
[2021-04-22 06:53:57-INFO] Header PAGE
Array
(
    [user_id] => 390610154
)

****************************************************************************************************
[2021-04-22 06:53:57-INFO] Login PAGE
Array
(
    [user_id] => 390610154
)

****************************************************************************************************
[2021-04-22 06:54:22-INFO] Header PAGE
Array
(
    [user_id] => 1520503147
)

****************************************************************************************************
[2021-04-22 06:54:22-INFO] Product PAGE
Array
(
    [user_id] => 1520503147
)

****************************************************************************************************
[2021-04-22 06:54:22-INFO] Header PAGE
Array
(
    [user_id] => 462338790
)

****************************************************************************************************
[2021-04-22 06:54:32-INFO] Header PAGE
Array
(
    [user_id] => 611484210
)

****************************************************************************************************
[2021-04-22 06:54:32-INFO] Header PAGE
Array
(
    [user_id] => 1414784229
)

****************************************************************************************************
[2021-04-22 06:54:32-INFO] Product PAGE
Array
(
    [user_id] => 1414784229
)

****************************************************************************************************
[2021-04-22 06:54:32-INFO] Header PAGE
Array
(
    [user_id] => 1287146004
)

****************************************************************************************************
[2021-04-22 06:54:37-INFO] Header PAGE
Array
(
    [user_id] => 737139667
)

****************************************************************************************************
[2021-04-22 06:54:37-INFO] Header PAGE
Array
(
    [user_id] => 289273738
)

****************************************************************************************************
[2021-04-22 06:54:37-INFO] Header PAGE
Array
(
    [user_id] => 424072124
)

****************************************************************************************************
[2021-04-22 06:54:40-INFO] Header PAGE
Array
(
    [user_id] => 749494594
)

****************************************************************************************************
[2021-04-22 06:54:40-INFO] Header PAGE
Array
(
    [user_id] => 1362179580
)

****************************************************************************************************
[2021-04-22 06:54:40-INFO] Header PAGE
Array
(
    [user_id] => 1572620029
)

****************************************************************************************************
[2021-04-22 06:54:45-INFO] Header PAGE
Array
(
    [user_id] => 1084635914
)

****************************************************************************************************
[2021-04-22 06:54:45-INFO] Header PAGE
Array
(
    [user_id] => 530259159
)

****************************************************************************************************
[2021-04-22 06:54:45-INFO] Header PAGE
Array
(
    [user_id] => 1236512856
)

****************************************************************************************************
[2021-04-22 06:54:50-INFO] Header PAGE
Array
(
    [user_id] => 359465253
)

****************************************************************************************************
[2021-04-22 06:54:50-INFO] Header PAGE
Array
(
    [user_id] => 627824906
)

****************************************************************************************************
[2021-04-22 06:54:53-INFO] Header PAGE
Array
(
    [user_id] => 1039757769
)

****************************************************************************************************
[2021-04-22 06:54:54-INFO] Header PAGE
Array
(
    [user_id] => 387615118
)

****************************************************************************************************
[2021-04-22 06:54:58-INFO] Header PAGE
Array
(
    [user_id] => 198712828
)

****************************************************************************************************
[2021-04-22 06:54:58-INFO] Product PAGE
Array
(
    [user_id] => 198712828
)

****************************************************************************************************
[2021-04-22 06:54:58-INFO] Header PAGE
Array
(
    [user_id] => 861582193
)

****************************************************************************************************
