[2021-06-21 17:15:57-INFO] Header PAGE
Array
(
    [user_id] => 1051293276
)

****************************************************************************************************
[2021-06-21 17:15:57-INFO] Header PAGE
Array
(
    [user_id] => 1095787347
)

****************************************************************************************************
[2021-06-21 17:16:01-INFO] Header PAGE
Array
(
    [user_id] => 1439620476
)

****************************************************************************************************
[2021-06-21 17:16:01-INFO] Product PAGE
Array
(
    [user_id] => 1439620476
)

****************************************************************************************************
[2021-06-21 17:16:01-INFO] Header PAGE
Array
(
    [user_id] => 659002235
)

****************************************************************************************************
[2021-06-21 17:16:01-INFO] Header PAGE
Array
(
    [user_id] => 1577521249
)

****************************************************************************************************
[2021-06-21 17:16:04-INFO] Header PAGE
Array
(
    [user_id] => 1171128187
)

****************************************************************************************************
[2021-06-21 17:16:04-INFO] Login PAGE
Array
(
    [user_id] => 1171128187
)

****************************************************************************************************
[2021-06-21 17:16:16-INFO] Header PAGE
Array
(
    [user_id] => 1270565019
)

****************************************************************************************************
[2021-06-21 17:16:17-INFO] Header PAGE
Array
(
    [user_id] => 293341301
)

****************************************************************************************************
[2021-06-21 17:16:17-INFO] Header PAGE
Array
(
    [user_id] => 293341301
)

****************************************************************************************************
[2021-06-21 17:16:20-INFO] Header PAGE
Array
(
    [user_id] => 293341301
)

****************************************************************************************************
[2021-06-21 17:16:20-INFO] Product PAGE
Array
(
    [user_id] => 293341301
)

****************************************************************************************************
[2021-06-21 17:16:20-INFO] Header PAGE
Array
(
    [user_id] => 293341301
)

****************************************************************************************************
[2021-06-21 17:16:20-INFO] Header PAGE
Array
(
    [user_id] => 293341301
)

****************************************************************************************************
[2021-06-21 17:16:54-INFO] Header PAGE
Array
(
    [user_id] => 293341301
)

****************************************************************************************************
[2021-06-21 17:16:54-INFO] Header PAGE
Array
(
    [user_id] => 293341301
)

****************************************************************************************************
[2021-06-21 17:16:54-INFO] Product PAGE
Array
(
    [user_id] => 293341301
)

****************************************************************************************************
[2021-06-21 17:16:54-INFO] Header PAGE
Array
(
    [user_id] => 293341301
)

****************************************************************************************************
[2021-06-21 17:16:59-INFO] Header PAGE
Array
(
    [user_id] => 293341301
)

****************************************************************************************************
[2021-06-21 17:17:52-INFO] Header PAGE
Array
(
    [user_id] => 293341301
)

****************************************************************************************************
[2021-06-21 17:17:52-INFO] Header PAGE
Array
(
    [user_id] => 293341301
)

****************************************************************************************************
[2021-06-21 17:17:54-INFO] Header PAGE
Array
(
    [user_id] => 293341301
)

****************************************************************************************************
[2021-06-21 17:17:54-INFO] Product PAGE
Array
(
    [user_id] => 293341301
)

****************************************************************************************************
[2021-06-21 17:17:54-INFO] Header PAGE
Array
(
    [user_id] => 293341301
)

****************************************************************************************************
[2021-06-21 17:18:00-INFO] Header PAGE
Array
(
    [user_id] => 293341301
)

****************************************************************************************************
[2021-06-21 17:18:06-INFO] Header PAGE
Array
(
    [user_id] => 293341301
)

****************************************************************************************************
[2021-06-21 17:18:06-INFO] Header PAGE
Array
(
    [user_id] => 293341301
)

****************************************************************************************************
[2021-06-21 17:18:06-INFO] Product PAGE
Array
(
    [user_id] => 293341301
)

****************************************************************************************************
[2021-06-21 17:18:07-INFO] Header PAGE
Array
(
    [user_id] => 293341301
)

****************************************************************************************************
[2021-06-21 18:30:18-INFO] Header PAGE
Array
(
    [user_id] => 293341301
)

****************************************************************************************************
[2021-06-21 18:30:18-INFO] Header PAGE
Array
(
    [user_id] => 293341301
)

****************************************************************************************************
[2021-06-21 18:30:21-INFO] Header PAGE
Array
(
    [user_id] => 293341301
)

****************************************************************************************************
[2021-06-21 18:30:21-INFO] Header PAGE
Array
(
    [user_id] => 293341301
)

****************************************************************************************************
[2021-06-21 18:30:23-INFO] Header PAGE
Array
(
    [user_id] => 293341301
)

****************************************************************************************************
[2021-06-21 18:30:23-INFO] Product PAGE
Array
(
    [user_id] => 293341301
)

****************************************************************************************************
[2021-06-21 18:30:23-INFO] Header PAGE
Array
(
    [user_id] => 293341301
)

****************************************************************************************************
[2021-06-21 18:30:26-INFO] Header PAGE
Array
(
    [user_id] => 293341301
)

****************************************************************************************************
[2021-06-21 18:30:26-INFO] Header PAGE
Array
(
    [user_id] => 293341301
)

****************************************************************************************************
[2021-06-21 18:30:26-INFO] Header PAGE
Array
(
    [user_id] => 293341301
)

****************************************************************************************************
[2021-06-21 18:30:33-INFO] Header PAGE
Array
(
    [user_id] => 293341301
)

****************************************************************************************************
[2021-06-21 18:30:33-INFO] Product PAGE
Array
(
    [user_id] => 293341301
)

****************************************************************************************************
[2021-06-21 18:30:33-INFO] Header PAGE
Array
(
    [user_id] => 293341301
)

****************************************************************************************************
