[2021-09-04 11:09:50 - INFO] http://localhost/
Array
(
    [user_id] => 1576411106
    [user_ip] => 1
    [user_rights] => anonymous
    [user_products] => Array
        (
            [0] => stdClass Object
                (
                    [id] => 1
                    [title] => Product 1
                    [description] => Product Test 1
                    [price] => 60000
                    [pic] => asset/image/1630493383.jpeg
                    [time] => 2021-07-22 13:21:27
                    [category_id] => 
                )

            [1] => stdClass Object
                (
                    [id] => 2
                    [title] => Product 2
                    [description] => Product Test 2
                    [price] => 50000
                    [pic] => asset/image/3.jpg
                    [time] => 2021-07-22 13:21:27
                    [category_id] => 3
                )

            [2] => stdClass Object
                (
                    [id] => 3
                    [title] => Product 3
                    [description] => Product Test 3
                    [price] => 140000
                    [pic] => asset/image/2.jpg
                    [time] => 2021-07-22 13:21:27
                    [category_id] => 5
                )

            [3] => stdClass Object
                (
                    [id] => 4
                    [title] => Product 4
                    [description] => Product Test 4
                    [price] => 120000
                    [pic] => asset/image/4.jpg
                    [time] => 2021-07-22 13:21:27
                    [category_id] => 
                )

        )

)

****************************************************************************************************
[2021-09-04 11:10:12 - INFO] http://localhost/Shopping-Cart/login.php
Array
(
    [user_id] => 1223182196
    [user_ip] => 1
    [user_rights] => ADMIN
    [user_products] => Array
        (
            [0] => stdClass Object
                (
                    [id] => 1
                    [title] => Product 1
                    [description] => Product Test 1
                    [price] => 60000
                    [pic] => asset/image/1630493383.jpeg
                    [time] => 2021-07-22 13:21:27
                    [category_id] => 
                )

            [1] => stdClass Object
                (
                    [id] => 2
                    [title] => Product 2
                    [description] => Product Test 2
                    [price] => 50000
                    [pic] => asset/image/3.jpg
                    [time] => 2021-07-22 13:21:27
                    [category_id] => 3
                )

            [2] => stdClass Object
                (
                    [id] => 3
                    [title] => Product 3
                    [description] => Product Test 3
                    [price] => 140000
                    [pic] => asset/image/2.jpg
                    [time] => 2021-07-22 13:21:27
                    [category_id] => 5
                )

            [3] => stdClass Object
                (
                    [id] => 4
                    [title] => Product 4
                    [description] => Product Test 4
                    [price] => 120000
                    [pic] => asset/image/4.jpg
                    [time] => 2021-07-22 13:21:27
                    [category_id] => 
                )

        )

)

****************************************************************************************************
[2021-09-04 12:26:50 - INFO] http://localhost/
Array
(
    [user_id] => 1231925922
    [user_ip] => 1
    [user_rights] => anonymous
    [user_products] => Array
        (
            [0] => stdClass Object
                (
                    [id] => 5
                    [title] => product 5
                    [description] => product 5
                    [price] => 80000
                    [pic] => asset/image/2.jpg
                    [time] => 2021-07-23 17:52:00
                    [category_id] => 
                )

            [1] => stdClass Object
                (
                    [id] => 7
                    [title] => asdasd
                    [description] => asdasd
                    [price] => 123123
                    [pic] => asset/image/1626776085.jpeg
                    [time] => 2019-07-22 13:21:27
                    [category_id] => 4
                )

            [2] => stdClass Object
                (
                    [id] => 8
                    [title] => asda
                    [description] => fdhfdgh
                    [price] => 123123
                    [pic] => asset/image/1626776094.jpeg
                    [time] => 2019-08-22 13:21:27
                    [category_id] => 3
                )

            [3] => stdClass Object
                (
                    [id] => 9
                    [title] => fgjthj
                    [description] => dsfsdg
                    [price] => 123123
                    [pic] => asset/image/1626776101.jpeg
                    [time] => 2020-07-22 13:21:27
                    [category_id] => 
                )

        )

)

****************************************************************************************************
[2021-09-04 12:27:03 - INFO] http://localhost/Shopping-Cart/login.php
Array
(
    [user_id] => 992975437
    [user_ip] => 1
    [user_rights] => ADMIN
    [user_products] => Array
        (
            [0] => stdClass Object
                (
                    [id] => 5
                    [title] => product 5
                    [description] => product 5
                    [price] => 80000
                    [pic] => asset/image/2.jpg
                    [time] => 2021-07-23 17:52:00
                    [category_id] => 
                )

            [1] => stdClass Object
                (
                    [id] => 7
                    [title] => asdasd
                    [description] => asdasd
                    [price] => 123123
                    [pic] => asset/image/1626776085.jpeg
                    [time] => 2019-07-22 13:21:27
                    [category_id] => 4
                )

            [2] => stdClass Object
                (
                    [id] => 8
                    [title] => asda
                    [description] => fdhfdgh
                    [price] => 123123
                    [pic] => asset/image/1626776094.jpeg
                    [time] => 2019-08-22 13:21:27
                    [category_id] => 3
                )

            [3] => stdClass Object
                (
                    [id] => 9
                    [title] => fgjthj
                    [description] => dsfsdg
                    [price] => 123123
                    [pic] => asset/image/1626776101.jpeg
                    [time] => 2020-07-22 13:21:27
                    [category_id] => 
                )

        )

)

****************************************************************************************************
