[2021-07-23 11:42:20 - INFO] http://localhost/Shopping-Cart/cardItems.php
Array
(
    [user_id] => 521367019
    [user_ip] => 1
    [user_rights] => anonymous
    [user_products] => Array
        (
            [0] => 
        )

)

****************************************************************************************************
[2021-07-23 11:46:22 - INFO] http://localhost/Shopping-Cart/cardItems.php
Array
(
    [user_id] => 1100217054
    [user_ip] => 1
    [user_rights] => anonymous
    [user_products] => Array
        (
            [0] => 
        )

)

****************************************************************************************************
[2021-07-23 12:01:02 - INFO] http://localhost/Shopping-Cart/cardItems.php
Array
(
    [user_id] => 1397860318
    [user_ip] => 1
    [user_rights] => anonymous
    [user_products] => Array
        (
            [0] => 
        )

)

****************************************************************************************************
[2021-07-23 12:01:14 - INFO] http://localhost/Shopping-Cart/index.php
Array
(
    [user_id] => 80779524
    [user_ip] => 1
    [user_rights] => anonymous
    [user_products] => Array
        (
            [0] => 
        )

)

****************************************************************************************************
[2021-07-23 12:01:48 - INFO] http://localhost/Shopping-Cart/index.php
Array
(
    [user_id] => 563002264
    [user_ip] => 1
    [user_rights] => anonymous
    [user_products] => Array
        (
            [0] => 
        )

)

****************************************************************************************************
[2021-07-23 12:01:59 - INFO] http://localhost/Shopping-Cart/index.php
Array
(
    [user_id] => 634320032
    [user_ip] => 1
    [user_rights] => anonymous
    [user_products] => Array
        (
            [0] => 
        )

)

****************************************************************************************************
[2021-07-23 12:02:01 - INFO] http://localhost/Shopping-Cart/pagination.php?page=1
Array
(
    [user_id] => 1072652822
    [user_ip] => 1
    [user_rights] => anonymous
    [user_products] => Array
        (
            [0] => 
        )

)

****************************************************************************************************
[2021-07-23 12:03:02 - INFO] http://localhost/Shopping-Cart/cardItems.php
Array
(
    [user_id] => 1370448292
    [user_ip] => 1
    [user_rights] => anonymous
    [user_products] => Array
        (
            [0] => 
        )

)

****************************************************************************************************
[2021-07-23 12:03:03 - INFO] http://localhost/Shopping-Cart/cardItems.php
Array
(
    [user_id] => 1322281128
    [user_ip] => 1
    [user_rights] => anonymous
    [user_products] => Array
        (
            [0] => 
        )

)

****************************************************************************************************
[2021-07-23 12:03:06 - INFO] http://localhost/Shopping-Cart/index.php
Array
(
    [user_id] => 1097033537
    [user_ip] => 1
    [user_rights] => anonymous
    [user_products] => Array
        (
            [0] => 
        )

)

****************************************************************************************************
[2021-07-23 12:03:07 - INFO] http://localhost/Shopping-Cart/pagination.php?page=2
Array
(
    [user_id] => 1342819758
    [user_ip] => 1
    [user_rights] => anonymous
    [user_products] => Array
        (
            [0] => 
        )

)

****************************************************************************************************
[2021-07-23 12:04:19 - INFO] http://localhost/Shopping-Cart/filterproduct.php
Array
(
    [user_id] => 1243884687
    [user_ip] => 1
    [user_rights] => anonymous
    [user_products] => Array
        (
            [0] => 
        )

)

****************************************************************************************************
[2021-07-23 12:50:26 - INFO] 
Array
(
    [user_id] => 705138417
    [user_ip] => 1
    [user_rights] => anonymous
    [user_products] => Array
        (
            [0] => 
        )

)

****************************************************************************************************
[2021-07-23 12:55:25 - INFO] http://localhost/Shopping-Cart/cardItems.php
Array
(
    [user_id] => 250052247
    [user_ip] => 1
    [user_rights] => anonymous
    [user_products] => Array
        (
            [0] => 
        )

)

****************************************************************************************************
[2021-07-23 13:40:45 - INFO] http://localhost/Shopping-Cart/cardItems.php?page=2
Array
(
    [user_id] => 702063085
    [user_ip] => 1
    [user_rights] => anonymous
    [user_products] => Array
        (
            [0] => 
        )

)

****************************************************************************************************
[2021-07-23 13:40:50 - INFO] http://localhost/Shopping-Cart/cardItems.php
Array
(
    [user_id] => 562341125
    [user_ip] => 1
    [user_rights] => anonymous
    [user_products] => Array
        (
            [0] => 
        )

)

****************************************************************************************************
[2021-07-23 13:41:25 - INFO] http://localhost/Shopping-Cart/cardItems.php
Array
(
    [user_id] => 1108426364
    [user_ip] => 1
    [user_rights] => anonymous
    [user_products] => Array
        (
            [0] => 
        )

)

****************************************************************************************************
[2021-07-23 13:41:42 - INFO] http://localhost/Shopping-Cart/cardItems.php
Array
(
    [user_id] => 930521969
    [user_ip] => 1
    [user_rights] => anonymous
    [user_products] => Array
        (
            [0] => 
        )

)

****************************************************************************************************
[2021-07-23 13:54:46 - INFO] http://localhost/Shopping-Cart/cardItems.php?page=2
Array
(
    [user_id] => 1095686973
    [user_ip] => 1
    [user_rights] => anonymous
    [user_products] => Array
        (
            [0] => 
        )

)

****************************************************************************************************
[2021-07-23 15:19:38 - INFO] http://localhost/Shopping-Cart/filterproduct.php?page=2
Array
(
    [user_id] => 421506991
    [user_ip] => 1
    [user_rights] => anonymous
    [user_products] => Array
        (
            [0] => 
        )

)

****************************************************************************************************
