[2021-08-30 12:21:20 - INFO] http://localhost/
Array
(
    [user_id] => 1552570853
    [user_ip] => 1
    [user_rights] => anonymous
    [user_products] => Array
        (
            [0] => 
        )

)

****************************************************************************************************
[2021-08-30 12:21:47 - INFO] http://localhost/Shopping-Cart/login.php
Array
(
    [user_id] => 388614498
    [user_ip] => 1
    [user_rights] => ADMIN
    [user_products] => Array
        (
            [0] => 
        )

)

****************************************************************************************************
