[2021-06-13 13:57:49-INFO] Header PAGE
Array
(
    [user_id] => 1543865894
)

****************************************************************************************************
[2021-06-13 13:57:49-INFO] Header PAGE
Array
(
    [user_id] => 990707666
)

****************************************************************************************************
[2021-06-13 13:57:53-INFO] Header PAGE
Array
(
    [user_id] => 332727483
)

****************************************************************************************************
[2021-06-13 13:57:53-INFO] Login PAGE
Array
(
    [user_id] => 332727483
)

****************************************************************************************************
[2021-06-13 13:58:10-INFO] Header PAGE
Array
(
    [user_id] => 954406130
)

****************************************************************************************************
[2021-06-13 14:00:28-INFO] Header PAGE
Array
(
    [user_id] => 1051969826
)

****************************************************************************************************
[2021-06-13 14:00:28-INFO] Login PAGE
Array
(
    [user_id] => 1051969826
)

****************************************************************************************************
[2021-06-13 14:00:40-INFO] Header PAGE
Array
(
    [user_id] => 1089220741
)

****************************************************************************************************
[2021-06-13 14:00:40-INFO] Header PAGE
Array
(
    [user_id] => 1175366391
)

****************************************************************************************************
[2021-06-13 14:00:40-INFO] Header PAGE
Array
(
    [user_id] => 1175366391
)

****************************************************************************************************
[2021-06-13 14:08:03-INFO] Header PAGE
Array
(
    [user_id] => 1175366391
)

****************************************************************************************************
[2021-06-13 14:08:03-INFO] Product PAGE
Array
(
    [user_id] => 1175366391
)

****************************************************************************************************
[2021-06-13 14:08:03-INFO] Header PAGE
Array
(
    [user_id] => 1175366391
)

****************************************************************************************************
[2021-06-13 14:08:03-INFO] Header PAGE
Array
(
    [user_id] => 1175366391
)

****************************************************************************************************
[2021-06-13 14:08:10-INFO] Header PAGE
Array
(
    [user_id] => 1175366391
)

****************************************************************************************************
[2021-06-13 14:08:10-INFO] Header PAGE
Array
(
    [user_id] => 1175366391
)

****************************************************************************************************
[2021-06-13 14:08:10-INFO] Product PAGE
Array
(
    [user_id] => 1175366391
)

****************************************************************************************************
[2021-06-13 14:08:10-INFO] Header PAGE
Array
(
    [user_id] => 1175366391
)

****************************************************************************************************
[2021-06-13 14:08:10-INFO] Header PAGE
Array
(
    [user_id] => 1175366391
)

****************************************************************************************************
[2021-06-13 14:08:12-INFO] Header PAGE
Array
(
    [user_id] => 1175366391
)

****************************************************************************************************
[2021-06-13 14:08:12-INFO] Header PAGE
Array
(
    [user_id] => 1175366391
)

****************************************************************************************************
[2021-06-13 14:08:12-INFO] Product PAGE
Array
(
    [user_id] => 1175366391
)

****************************************************************************************************
[2021-06-13 14:08:12-INFO] Header PAGE
Array
(
    [user_id] => 1175366391
)

****************************************************************************************************
[2021-06-13 14:08:12-INFO] Header PAGE
Array
(
    [user_id] => 1175366391
)

****************************************************************************************************
[2021-06-13 14:08:20-INFO] Header PAGE
Array
(
    [user_id] => 1175366391
)

****************************************************************************************************
[2021-06-13 14:08:20-INFO] Header PAGE
Array
(
    [user_id] => 1175366391
)

****************************************************************************************************
[2021-06-13 14:08:23-INFO] Header PAGE
Array
(
    [user_id] => 1175366391
)

****************************************************************************************************
[2021-06-13 14:08:23-INFO] Header PAGE
Array
(
    [user_id] => 1175366391
)

****************************************************************************************************
[2021-06-13 14:08:23-INFO] Header PAGE
Array
(
    [user_id] => 1175366391
)

****************************************************************************************************
[2021-06-13 14:08:25-INFO] Header PAGE
Array
(
    [user_id] => 1175366391
)

****************************************************************************************************
[2021-06-13 14:08:25-INFO] Header PAGE
Array
(
    [user_id] => 1175366391
)

****************************************************************************************************
[2021-06-13 14:08:25-INFO] Header PAGE
Array
(
    [user_id] => 1175366391
)

****************************************************************************************************
[2021-06-13 14:08:28-INFO] Header PAGE
Array
(
    [user_id] => 1175366391
)

****************************************************************************************************
[2021-06-13 14:08:28-INFO] Header PAGE
Array
(
    [user_id] => 1175366391
)

****************************************************************************************************
[2021-06-13 14:08:28-INFO] Header PAGE
Array
(
    [user_id] => 1175366391
)

****************************************************************************************************
[2021-06-13 14:08:32-INFO] Header PAGE
Array
(
    [user_id] => 1175366391
)

****************************************************************************************************
[2021-06-13 14:08:35-INFO] Header PAGE
Array
(
    [user_id] => 1175366391
)

****************************************************************************************************
[2021-06-13 14:08:35-INFO] Header PAGE
Array
(
    [user_id] => 1175366391
)

****************************************************************************************************
[2021-06-13 14:08:37-INFO] Header PAGE
Array
(
    [user_id] => 1175366391
)

****************************************************************************************************
[2021-06-13 14:08:37-INFO] Header PAGE
Array
(
    [user_id] => 1175366391
)

****************************************************************************************************
[2021-06-13 14:08:37-INFO] Header PAGE
Array
(
    [user_id] => 1175366391
)

****************************************************************************************************
[2021-06-13 14:08:39-INFO] Header PAGE
Array
(
    [user_id] => 1175366391
)

****************************************************************************************************
[2021-06-13 14:08:39-INFO] Product PAGE
Array
(
    [user_id] => 1175366391
)

****************************************************************************************************
[2021-06-13 14:08:39-INFO] Header PAGE
Array
(
    [user_id] => 1175366391
)

****************************************************************************************************
[2021-06-13 14:08:39-INFO] Header PAGE
Array
(
    [user_id] => 1175366391
)

****************************************************************************************************
[2021-06-13 14:21:19-INFO] Header PAGE
Array
(
    [user_id] => 1175366391
)

****************************************************************************************************
[2021-06-13 14:21:19-INFO] Product PAGE
Array
(
    [user_id] => 1175366391
)

****************************************************************************************************
[2021-06-13 14:21:19-INFO] Header PAGE
Array
(
    [user_id] => 1175366391
)

****************************************************************************************************
[2021-06-13 14:21:19-INFO] Header PAGE
Array
(
    [user_id] => 1175366391
)

****************************************************************************************************
[2021-06-13 15:01:17-INFO] Header PAGE
Array
(
    [user_id] => 1175366391
)

****************************************************************************************************
[2021-06-13 15:01:17-INFO] Header PAGE
Array
(
    [user_id] => 1175366391
)

****************************************************************************************************
[2021-06-13 15:01:17-INFO] Product PAGE
Array
(
    [user_id] => 1175366391
)

****************************************************************************************************
[2021-06-13 15:01:17-INFO] Header PAGE
Array
(
    [user_id] => 1175366391
)

****************************************************************************************************
[2021-06-13 15:01:17-INFO] Header PAGE
Array
(
    [user_id] => 1175366391
)

****************************************************************************************************
[2021-06-13 15:01:18-INFO] Header PAGE
Array
(
    [user_id] => 1175366391
)

****************************************************************************************************
[2021-06-13 15:01:18-INFO] Header PAGE
Array
(
    [user_id] => 1175366391
)

****************************************************************************************************
[2021-06-13 15:01:18-INFO] Product PAGE
Array
(
    [user_id] => 1175366391
)

****************************************************************************************************
[2021-06-13 15:01:18-INFO] Header PAGE
Array
(
    [user_id] => 1175366391
)

****************************************************************************************************
[2021-06-13 15:01:18-INFO] Header PAGE
Array
(
    [user_id] => 1175366391
)

****************************************************************************************************
