[2021-06-27 20:26:19-INFO] Header PAGE
Array
(
    [user_id] => 986313242
)

****************************************************************************************************
[2021-06-27 20:26:19-INFO] Header PAGE
Array
(
    [user_id] => 1623503811
)

****************************************************************************************************
[2021-06-27 20:29:52-INFO] Header PAGE
Array
(
    [user_id] => 578399423
)

****************************************************************************************************
[2021-06-27 20:29:52-INFO] Login PAGE
Array
(
    [user_id] => 578399423
)

****************************************************************************************************
[2021-06-27 20:30:09-INFO] Header PAGE
Array
(
    [user_id] => 1159919693
)

****************************************************************************************************
[2021-06-27 20:30:09-INFO] Header PAGE
Array
(
    [user_id] => 313878564
)

****************************************************************************************************
[2021-06-27 20:30:09-INFO] Header PAGE
Array
(
    [user_id] => 313878564
)

****************************************************************************************************
[2021-06-27 20:30:15-INFO] Header PAGE
Array
(
    [user_id] => 313878564
)

****************************************************************************************************
[2021-06-27 20:30:15-INFO] Header PAGE
Array
(
    [user_id] => 313878564
)

****************************************************************************************************
[2021-06-27 20:30:22-INFO] Header PAGE
Array
(
    [user_id] => 313878564
)

****************************************************************************************************
[2021-06-27 20:30:22-INFO] Header PAGE
Array
(
    [user_id] => 313878564
)

****************************************************************************************************
