[2021-04-29 06:34:59-INFO] Header PAGE
Array
(
    [user_id] => 1017773818
)

****************************************************************************************************
[2021-04-29 06:34:59-INFO] Header PAGE
Array
(
    [user_id] => 72075180
)

****************************************************************************************************
[2021-04-29 06:35:01-INFO] Header PAGE
Array
(
    [user_id] => 173864640
)

****************************************************************************************************
[2021-04-29 06:47:05-INFO] Header PAGE
Array
(
    [user_id] => 573240074
)

****************************************************************************************************
[2021-04-29 06:47:05-INFO] Product PAGE
Array
(
    [user_id] => 573240074
)

****************************************************************************************************
[2021-04-29 06:47:05-INFO] Header PAGE
Array
(
    [user_id] => 1010263240
)

****************************************************************************************************
[2021-04-29 06:47:13-INFO] Header PAGE
Array
(
    [user_id] => 407788304
)

****************************************************************************************************
[2021-04-29 06:47:13-INFO] Product PAGE
Array
(
    [user_id] => 407788304
)

****************************************************************************************************
[2021-04-29 06:47:13-INFO] Header PAGE
Array
(
    [user_id] => 17594952
)

****************************************************************************************************
[2021-04-29 06:47:52-INFO] Header PAGE
Array
(
    [user_id] => 1614612392
)

****************************************************************************************************
[2021-04-29 06:47:52-INFO] Product PAGE
Array
(
    [user_id] => 1614612392
)

****************************************************************************************************
[2021-04-29 06:47:52-INFO] Header PAGE
Array
(
    [user_id] => 418428073
)

****************************************************************************************************
[2021-04-29 06:47:55-INFO] Header PAGE
Array
(
    [user_id] => 953930111
)

****************************************************************************************************
[2021-04-29 06:47:55-INFO] Product PAGE
Array
(
    [user_id] => 953930111
)

****************************************************************************************************
[2021-04-29 06:47:55-INFO] Header PAGE
Array
(
    [user_id] => 273878866
)

****************************************************************************************************
[2021-04-29 06:47:58-INFO] Header PAGE
Array
(
    [user_id] => 380882873
)

****************************************************************************************************
[2021-04-29 06:47:58-INFO] Login PAGE
Array
(
    [user_id] => 380882873
)

****************************************************************************************************
[2021-04-29 06:48:16-INFO] Header PAGE
Array
(
    [user_id] => 1400593878
)

****************************************************************************************************
[2021-04-29 06:48:16-INFO] Header PAGE
Array
(
    [user_id] => 435945779
)

****************************************************************************************************
[2021-04-29 06:48:16-INFO] Header PAGE
Array
(
    [user_id] => 435945779
)

****************************************************************************************************
[2021-04-29 06:48:20-INFO] Header PAGE
Array
(
    [user_id] => 435945779
)

****************************************************************************************************
[2021-04-29 06:48:20-INFO] Product PAGE
Array
(
    [user_id] => 435945779
)

****************************************************************************************************
[2021-04-29 06:48:20-INFO] Header PAGE
Array
(
    [user_id] => 435945779
)

****************************************************************************************************
[2021-04-29 06:48:23-INFO] Header PAGE
Array
(
    [user_id] => 435945779
)

****************************************************************************************************
[2021-04-29 06:48:23-INFO] Header PAGE
Array
(
    [user_id] => 435945779
)

****************************************************************************************************
[2021-04-29 06:48:25-INFO] Header PAGE
Array
(
    [user_id] => 435945779
)

****************************************************************************************************
[2021-04-29 06:48:25-INFO] Header PAGE
Array
(
    [user_id] => 435945779
)

****************************************************************************************************
[2021-04-29 06:48:26-INFO] Header PAGE
Array
(
    [user_id] => 1451271256
)

****************************************************************************************************
[2021-04-29 06:48:26-INFO] Header PAGE
Array
(
    [user_id] => 1112542
)

****************************************************************************************************
[2021-04-29 06:48:27-INFO] Header PAGE
Array
(
    [user_id] => 546102829
)

****************************************************************************************************
[2021-04-29 06:48:27-INFO] Product PAGE
Array
(
    [user_id] => 546102829
)

****************************************************************************************************
[2021-04-29 06:48:27-INFO] Header PAGE
Array
(
    [user_id] => 441708818
)

****************************************************************************************************
[2021-04-29 06:48:48-INFO] Header PAGE
Array
(
    [user_id] => 1392042923
)

****************************************************************************************************
[2021-04-29 06:48:48-INFO] Product PAGE
Array
(
    [user_id] => 1392042923
)

****************************************************************************************************
[2021-04-29 06:48:49-INFO] Header PAGE
Array
(
    [user_id] => 536326417
)

****************************************************************************************************
[2021-04-29 07:04:30-INFO] Header PAGE
Array
(
    [user_id] => 1152467305
)

****************************************************************************************************
[2021-04-29 07:04:30-INFO] Product PAGE
Array
(
    [user_id] => 1152467305
)

****************************************************************************************************
[2021-04-29 07:04:30-INFO] Header PAGE
Array
(
    [user_id] => 335913930
)

****************************************************************************************************
[2021-04-29 07:04:32-INFO] Header PAGE
Array
(
    [user_id] => 1393405036
)

****************************************************************************************************
[2021-04-29 07:04:32-INFO] Login PAGE
Array
(
    [user_id] => 1393405036
)

****************************************************************************************************
[2021-04-29 07:04:45-INFO] Header PAGE
Array
(
    [user_id] => 1227571016
)

****************************************************************************************************
[2021-04-29 07:04:45-INFO] Header PAGE
Array
(
    [user_id] => 1529823785
)

****************************************************************************************************
[2021-04-29 07:04:45-INFO] Header PAGE
Array
(
    [user_id] => 1529823785
)

****************************************************************************************************
[2021-04-29 07:04:48-INFO] Header PAGE
Array
(
    [user_id] => 1529823785
)

****************************************************************************************************
[2021-04-29 07:04:48-INFO] Header PAGE
Array
(
    [user_id] => 1529823785
)

****************************************************************************************************
[2021-04-29 07:04:50-INFO] Header PAGE
Array
(
    [user_id] => 1529823785
)

****************************************************************************************************
[2021-04-29 07:04:50-INFO] Product PAGE
Array
(
    [user_id] => 1529823785
)

****************************************************************************************************
[2021-04-29 07:04:50-INFO] Header PAGE
Array
(
    [user_id] => 1529823785
)

****************************************************************************************************
[2021-04-29 08:25:53-INFO] Header PAGE
Array
(
    [user_id] => 1529823785
)

****************************************************************************************************
[2021-04-29 08:26:33-INFO] Header PAGE
Array
(
    [user_id] => 1529823785
)

****************************************************************************************************
[2021-04-29 08:26:41-INFO] Header PAGE
Array
(
    [user_id] => 795476041
)

****************************************************************************************************
[2021-04-29 08:26:41-INFO] Header PAGE
Array
(
    [user_id] => 637606661
)

****************************************************************************************************
[2021-04-29 08:26:44-INFO] Header PAGE
Array
(
    [user_id] => 990588675
)

****************************************************************************************************
[2021-04-29 08:27:15-INFO] Header PAGE
Array
(
    [user_id] => 708061241
)

****************************************************************************************************
[2021-04-29 08:28:43-INFO] Header PAGE
Array
(
    [user_id] => 395449916
)

****************************************************************************************************
[2021-04-29 08:29:21-INFO] Header PAGE
Array
(
    [user_id] => 1458008366
)

****************************************************************************************************
[2021-04-29 08:29:36-INFO] Header PAGE
Array
(
    [user_id] => 821744731
)

****************************************************************************************************
[2021-04-29 08:29:36-INFO] Header PAGE
Array
(
    [user_id] => 1201225261
)

****************************************************************************************************
[2021-04-29 08:29:36-INFO] Header PAGE
Array
(
    [user_id] => 1027912299
)

****************************************************************************************************
[2021-04-29 08:29:40-INFO] Header PAGE
Array
(
    [user_id] => 1246527426
)

****************************************************************************************************
[2021-04-29 08:29:40-INFO] Header PAGE
Array
(
    [user_id] => 670513267
)

****************************************************************************************************
[2021-04-29 08:29:40-INFO] Header PAGE
Array
(
    [user_id] => 1423748403
)

****************************************************************************************************
[2021-04-29 08:29:43-INFO] Header PAGE
Array
(
    [user_id] => 1313139149
)

****************************************************************************************************
[2021-04-29 08:29:43-INFO] Header PAGE
Array
(
    [user_id] => 1298324575
)

****************************************************************************************************
[2021-04-29 08:29:43-INFO] Header PAGE
Array
(
    [user_id] => 1031291446
)

****************************************************************************************************
[2021-04-29 08:33:47-INFO] Header PAGE
Array
(
    [user_id] => 1246107446
)

****************************************************************************************************
[2021-04-29 08:33:47-INFO] Product PAGE
Array
(
    [user_id] => 1246107446
)

****************************************************************************************************
[2021-04-29 08:33:47-INFO] Header PAGE
Array
(
    [user_id] => 963427079
)

****************************************************************************************************
[2021-04-29 08:33:50-INFO] Header PAGE
Array
(
    [user_id] => 1587643619
)

****************************************************************************************************
[2021-04-29 08:33:50-INFO] Login PAGE
Array
(
    [user_id] => 1587643619
)

****************************************************************************************************
[2021-04-29 08:34:00-INFO] Header PAGE
Array
(
    [user_id] => 1463624913
)

****************************************************************************************************
[2021-04-29 08:34:00-INFO] Header PAGE
Array
(
    [user_id] => 910060105
)

****************************************************************************************************
[2021-04-29 08:34:00-INFO] Header PAGE
Array
(
    [user_id] => 910060105
)

****************************************************************************************************
[2021-04-29 08:34:03-INFO] Header PAGE
Array
(
    [user_id] => 910060105
)

****************************************************************************************************
[2021-04-29 08:34:03-INFO] Product PAGE
Array
(
    [user_id] => 910060105
)

****************************************************************************************************
[2021-04-29 08:34:03-INFO] Header PAGE
Array
(
    [user_id] => 910060105
)

****************************************************************************************************
[2021-04-29 08:34:04-INFO] Header PAGE
Array
(
    [user_id] => 910060105
)

****************************************************************************************************
[2021-04-29 08:34:12-INFO] Header PAGE
Array
(
    [user_id] => 910060105
)

****************************************************************************************************
[2021-04-29 08:37:05-INFO] Header PAGE
Array
(
    [user_id] => 910060105
)

****************************************************************************************************
[2021-04-29 08:37:06-INFO] Header PAGE
Array
(
    [user_id] => 910060105
)

****************************************************************************************************
[2021-04-29 08:37:07-INFO] Header PAGE
Array
(
    [user_id] => 910060105
)

****************************************************************************************************
[2021-04-29 08:37:07-INFO] Header PAGE
Array
(
    [user_id] => 910060105
)

****************************************************************************************************
[2021-04-29 08:37:07-INFO] Header PAGE
Array
(
    [user_id] => 910060105
)

****************************************************************************************************
[2021-04-29 08:37:07-INFO] Header PAGE
Array
(
    [user_id] => 910060105
)

****************************************************************************************************
[2021-04-29 08:37:07-INFO] Header PAGE
Array
(
    [user_id] => 910060105
)

****************************************************************************************************
[2021-04-29 08:37:08-INFO] Header PAGE
Array
(
    [user_id] => 910060105
)

****************************************************************************************************
[2021-04-29 08:37:08-INFO] Header PAGE
Array
(
    [user_id] => 910060105
)

****************************************************************************************************
[2021-04-29 08:37:08-INFO] Header PAGE
Array
(
    [user_id] => 910060105
)

****************************************************************************************************
[2021-04-29 08:37:08-INFO] Header PAGE
Array
(
    [user_id] => 910060105
)

****************************************************************************************************
[2021-04-29 08:39:04-INFO] Header PAGE
Array
(
    [user_id] => 910060105
)

****************************************************************************************************
[2021-04-29 08:39:06-INFO] Header PAGE
Array
(
    [user_id] => 910060105
)

****************************************************************************************************
[2021-04-29 08:39:07-INFO] Header PAGE
Array
(
    [user_id] => 910060105
)

****************************************************************************************************
[2021-04-29 08:39:07-INFO] Header PAGE
Array
(
    [user_id] => 910060105
)

****************************************************************************************************
[2021-04-29 08:39:07-INFO] Header PAGE
Array
(
    [user_id] => 910060105
)

****************************************************************************************************
[2021-04-29 08:39:07-INFO] Header PAGE
Array
(
    [user_id] => 910060105
)

****************************************************************************************************
[2021-04-29 08:39:11-INFO] Header PAGE
Array
(
    [user_id] => 910060105
)

****************************************************************************************************
[2021-04-29 08:39:13-INFO] Header PAGE
Array
(
    [user_id] => 910060105
)

****************************************************************************************************
[2021-04-29 08:40:05-INFO] Header PAGE
Array
(
    [user_id] => 910060105
)

****************************************************************************************************
[2021-04-29 08:40:06-INFO] Header PAGE
Array
(
    [user_id] => 910060105
)

****************************************************************************************************
[2021-04-29 08:40:06-INFO] Header PAGE
Array
(
    [user_id] => 910060105
)

****************************************************************************************************
[2021-04-29 08:40:07-INFO] Header PAGE
Array
(
    [user_id] => 910060105
)

****************************************************************************************************
[2021-04-29 08:40:07-INFO] Header PAGE
Array
(
    [user_id] => 910060105
)

****************************************************************************************************
[2021-04-29 08:40:07-INFO] Header PAGE
Array
(
    [user_id] => 910060105
)

****************************************************************************************************
[2021-04-29 08:40:34-INFO] Header PAGE
Array
(
    [user_id] => 910060105
)

****************************************************************************************************
[2021-04-29 08:40:35-INFO] Header PAGE
Array
(
    [user_id] => 910060105
)

****************************************************************************************************
[2021-04-29 08:40:36-INFO] Header PAGE
Array
(
    [user_id] => 910060105
)

****************************************************************************************************
[2021-04-29 08:40:36-INFO] Header PAGE
Array
(
    [user_id] => 910060105
)

****************************************************************************************************
[2021-04-29 08:40:43-INFO] Header PAGE
Array
(
    [user_id] => 910060105
)

****************************************************************************************************
[2021-04-29 08:40:44-INFO] Header PAGE
Array
(
    [user_id] => 910060105
)

****************************************************************************************************
[2021-04-29 08:40:45-INFO] Header PAGE
Array
(
    [user_id] => 910060105
)

****************************************************************************************************
[2021-04-29 08:40:46-INFO] Header PAGE
Array
(
    [user_id] => 910060105
)

****************************************************************************************************
[2021-04-29 08:40:47-INFO] Header PAGE
Array
(
    [user_id] => 910060105
)

****************************************************************************************************
[2021-04-29 08:40:47-INFO] Header PAGE
Array
(
    [user_id] => 910060105
)

****************************************************************************************************
[2021-04-29 08:40:47-INFO] Header PAGE
Array
(
    [user_id] => 910060105
)

****************************************************************************************************
[2021-04-29 08:40:47-INFO] Header PAGE
Array
(
    [user_id] => 910060105
)

****************************************************************************************************
[2021-04-29 08:41:23-INFO] Header PAGE
Array
(
    [user_id] => 910060105
)

****************************************************************************************************
[2021-04-29 08:41:25-INFO] Header PAGE
Array
(
    [user_id] => 910060105
)

****************************************************************************************************
[2021-04-29 08:41:25-INFO] Header PAGE
Array
(
    [user_id] => 910060105
)

****************************************************************************************************
[2021-04-29 08:41:25-INFO] Header PAGE
Array
(
    [user_id] => 910060105
)

****************************************************************************************************
[2021-04-29 08:41:25-INFO] Header PAGE
Array
(
    [user_id] => 910060105
)

****************************************************************************************************
[2021-04-29 08:43:18-INFO] Header PAGE
Array
(
    [user_id] => 910060105
)

****************************************************************************************************
[2021-04-29 08:43:20-INFO] Header PAGE
Array
(
    [user_id] => 910060105
)

****************************************************************************************************
[2021-04-29 08:43:20-INFO] Header PAGE
Array
(
    [user_id] => 910060105
)

****************************************************************************************************
[2021-04-29 08:43:20-INFO] Header PAGE
Array
(
    [user_id] => 910060105
)

****************************************************************************************************
[2021-04-29 08:43:20-INFO] Header PAGE
Array
(
    [user_id] => 910060105
)

****************************************************************************************************
[2021-04-29 08:43:21-INFO] Header PAGE
Array
(
    [user_id] => 910060105
)

****************************************************************************************************
[2021-04-29 08:43:21-INFO] Header PAGE
Array
(
    [user_id] => 910060105
)

****************************************************************************************************
[2021-04-29 08:43:22-INFO] Header PAGE
Array
(
    [user_id] => 910060105
)

****************************************************************************************************
[2021-04-29 08:43:22-INFO] Product PAGE
Array
(
    [user_id] => 910060105
)

****************************************************************************************************
[2021-04-29 08:43:23-INFO] Header PAGE
Array
(
    [user_id] => 910060105
)

****************************************************************************************************
[2021-04-29 08:43:23-INFO] Header PAGE
Array
(
    [user_id] => 910060105
)

****************************************************************************************************
[2021-04-29 08:43:25-INFO] Header PAGE
Array
(
    [user_id] => 910060105
)

****************************************************************************************************
[2021-04-29 08:43:27-INFO] Header PAGE
Array
(
    [user_id] => 910060105
)

****************************************************************************************************
[2021-04-29 08:43:59-INFO] Header PAGE
Array
(
    [user_id] => 910060105
)

****************************************************************************************************
[2021-04-29 08:54:39-INFO] Header PAGE
Array
(
    [user_id] => 910060105
)

****************************************************************************************************
[2021-04-29 08:54:40-INFO] Header PAGE
Array
(
    [user_id] => 910060105
)

****************************************************************************************************
[2021-04-29 08:54:43-INFO] Header PAGE
Array
(
    [user_id] => 910060105
)

****************************************************************************************************
[2021-04-29 08:54:44-INFO] Header PAGE
Array
(
    [user_id] => 910060105
)

****************************************************************************************************
[2021-04-29 08:54:46-INFO] Header PAGE
Array
(
    [user_id] => 910060105
)

****************************************************************************************************
[2021-04-29 08:54:46-INFO] Product PAGE
Array
(
    [user_id] => 910060105
)

****************************************************************************************************
[2021-04-29 08:54:46-INFO] Header PAGE
Array
(
    [user_id] => 910060105
)

****************************************************************************************************
[2021-04-29 08:54:47-INFO] Header PAGE
Array
(
    [user_id] => 910060105
)

****************************************************************************************************
[2021-04-29 08:54:47-INFO] Header PAGE
Array
(
    [user_id] => 910060105
)

****************************************************************************************************
[2021-04-29 08:54:47-INFO] Header PAGE
Array
(
    [user_id] => 910060105
)

****************************************************************************************************
[2021-04-29 08:54:47-INFO] Product PAGE
Array
(
    [user_id] => 910060105
)

****************************************************************************************************
[2021-04-29 08:54:48-INFO] Header PAGE
Array
(
    [user_id] => 910060105
)

****************************************************************************************************
[2021-04-29 08:54:51-INFO] Header PAGE
Array
(
    [user_id] => 910060105
)

****************************************************************************************************
[2021-04-29 08:54:51-INFO] Header PAGE
Array
(
    [user_id] => 910060105
)

****************************************************************************************************
[2021-04-29 08:54:51-INFO] Product PAGE
Array
(
    [user_id] => 910060105
)

****************************************************************************************************
[2021-04-29 08:54:51-INFO] Header PAGE
Array
(
    [user_id] => 910060105
)

****************************************************************************************************
[2021-04-29 08:54:53-INFO] Header PAGE
Array
(
    [user_id] => 910060105
)

****************************************************************************************************
[2021-04-29 08:54:53-INFO] Header PAGE
Array
(
    [user_id] => 910060105
)

****************************************************************************************************
[2021-04-29 08:54:57-INFO] Header PAGE
Array
(
    [user_id] => 910060105
)

****************************************************************************************************
[2021-04-29 08:54:57-INFO] Header PAGE
Array
(
    [user_id] => 910060105
)

****************************************************************************************************
[2021-04-29 08:54:57-INFO] Header PAGE
Array
(
    [user_id] => 910060105
)

****************************************************************************************************
[2021-04-29 08:55:02-INFO] Header PAGE
Array
(
    [user_id] => 910060105
)

****************************************************************************************************
[2021-04-29 08:55:02-INFO] Product PAGE
Array
(
    [user_id] => 910060105
)

****************************************************************************************************
[2021-04-29 08:55:02-INFO] Header PAGE
Array
(
    [user_id] => 910060105
)

****************************************************************************************************
[2021-04-29 08:55:03-INFO] Header PAGE
Array
(
    [user_id] => 910060105
)

****************************************************************************************************
[2021-04-29 09:38:00-INFO] Header PAGE
Array
(
    [user_id] => 910060105
)

****************************************************************************************************
[2021-04-29 09:38:00-INFO] Header PAGE
Array
(
    [user_id] => 910060105
)

****************************************************************************************************
[2021-04-29 09:38:10-INFO] Header PAGE
Array
(
    [user_id] => 910060105
)

****************************************************************************************************
[2021-04-29 09:38:10-INFO] Header PAGE
Array
(
    [user_id] => 910060105
)

****************************************************************************************************
[2021-04-29 09:41:40-INFO] Header PAGE
Array
(
    [user_id] => 910060105
)

****************************************************************************************************
[2021-04-29 09:41:40-INFO] Header PAGE
Array
(
    [user_id] => 910060105
)

****************************************************************************************************
[2021-04-29 09:41:45-INFO] Header PAGE
Array
(
    [user_id] => 910060105
)

****************************************************************************************************
[2021-04-29 09:41:45-INFO] Header PAGE
Array
(
    [user_id] => 910060105
)

****************************************************************************************************
[2021-04-29 09:41:48-INFO] Header PAGE
Array
(
    [user_id] => 910060105
)

****************************************************************************************************
[2021-04-29 09:41:48-INFO] Header PAGE
Array
(
    [user_id] => 910060105
)

****************************************************************************************************
[2021-04-29 09:44:07-INFO] Header PAGE
Array
(
    [user_id] => 910060105
)

****************************************************************************************************
[2021-04-29 09:44:08-INFO] Header PAGE
Array
(
    [user_id] => 910060105
)

****************************************************************************************************
[2021-04-29 09:44:13-INFO] Header PAGE
Array
(
    [user_id] => 910060105
)

****************************************************************************************************
[2021-04-29 09:44:13-INFO] Header PAGE
Array
(
    [user_id] => 910060105
)

****************************************************************************************************
[2021-04-29 09:44:17-INFO] Header PAGE
Array
(
    [user_id] => 697179544
)

****************************************************************************************************
[2021-04-29 09:44:17-INFO] Header PAGE
Array
(
    [user_id] => 717553467
)

****************************************************************************************************
[2021-04-29 09:44:18-INFO] Header PAGE
Array
(
    [user_id] => 893487213
)

****************************************************************************************************
[2021-04-29 09:44:18-INFO] Login PAGE
Array
(
    [user_id] => 893487213
)

****************************************************************************************************
[2021-04-29 09:44:23-INFO] Header PAGE
Array
(
    [user_id] => 1418729393
)

****************************************************************************************************
[2021-04-29 09:44:23-INFO] Login PAGE
Array
(
    [user_id] => 1418729393
)

****************************************************************************************************
[2021-04-29 09:44:27-INFO] Header PAGE
Array
(
    [user_id] => 1377053648
)

****************************************************************************************************
[2021-04-29 09:44:27-INFO] Register PAGE
Array
(
    [user_id] => 1377053648
)

****************************************************************************************************
[2021-04-29 09:44:28-INFO] Header PAGE
Array
(
    [user_id] => 1116325005
)

****************************************************************************************************
[2021-04-29 09:44:28-INFO] Register PAGE
Array
(
    [user_id] => 1116325005
)

****************************************************************************************************
[2021-04-29 09:44:50-INFO] Header PAGE
Array
(
    [user_id] => 1337120799
)

****************************************************************************************************
[2021-04-29 09:44:51-INFO] Register PAGE
Array
(
    [user_id] => 1337120799
)

****************************************************************************************************
[2021-04-29 09:46:21-INFO] Header PAGE
Array
(
    [user_id] => 1611101337
)

****************************************************************************************************
[2021-04-29 09:46:21-INFO] Login PAGE
Array
(
    [user_id] => 1611101337
)

****************************************************************************************************
[2021-04-29 09:46:31-INFO] Header PAGE
Array
(
    [user_id] => 1446654147
)

****************************************************************************************************
[2021-04-29 09:46:31-INFO] Header PAGE
Array
(
    [user_id] => 1048201390
)

****************************************************************************************************
[2021-04-29 09:46:31-INFO] Header PAGE
Array
(
    [user_id] => 1048201390
)

****************************************************************************************************
[2021-04-29 09:46:33-INFO] Header PAGE
Array
(
    [user_id] => 1048201390
)

****************************************************************************************************
[2021-04-29 09:46:33-INFO] Product PAGE
Array
(
    [user_id] => 1048201390
)

****************************************************************************************************
[2021-04-29 09:46:33-INFO] Header PAGE
Array
(
    [user_id] => 1048201390
)

****************************************************************************************************
[2021-04-29 09:46:34-INFO] Header PAGE
Array
(
    [user_id] => 1048201390
)

****************************************************************************************************
[2021-04-29 09:46:36-INFO] Header PAGE
Array
(
    [user_id] => 1048201390
)

****************************************************************************************************
[2021-04-29 09:46:37-INFO] Header PAGE
Array
(
    [user_id] => 1048201390
)

****************************************************************************************************
[2021-04-29 09:46:37-INFO] Header PAGE
Array
(
    [user_id] => 1048201390
)

****************************************************************************************************
[2021-04-29 09:46:37-INFO] Header PAGE
Array
(
    [user_id] => 1048201390
)

****************************************************************************************************
[2021-04-29 09:46:37-INFO] Header PAGE
Array
(
    [user_id] => 1048201390
)

****************************************************************************************************
[2021-04-29 09:46:38-INFO] Header PAGE
Array
(
    [user_id] => 1048201390
)

****************************************************************************************************
[2021-04-29 09:46:38-INFO] Header PAGE
Array
(
    [user_id] => 1048201390
)

****************************************************************************************************
[2021-04-29 09:46:38-INFO] Header PAGE
Array
(
    [user_id] => 1048201390
)

****************************************************************************************************
[2021-04-29 09:47:06-INFO] Header PAGE
Array
(
    [user_id] => 1048201390
)

****************************************************************************************************
[2021-04-29 09:53:56-INFO] Header PAGE
Array
(
    [user_id] => 1048201390
)

****************************************************************************************************
[2021-04-29 09:53:58-INFO] Header PAGE
Array
(
    [user_id] => 1048201390
)

****************************************************************************************************
[2021-04-29 09:54:00-INFO] Header PAGE
Array
(
    [user_id] => 1048201390
)

****************************************************************************************************
[2021-04-29 09:55:08-INFO] Header PAGE
Array
(
    [user_id] => 1048201390
)

****************************************************************************************************
[2021-04-29 09:55:11-INFO] Header PAGE
Array
(
    [user_id] => 1048201390
)

****************************************************************************************************
[2021-04-29 09:55:12-INFO] Header PAGE
Array
(
    [user_id] => 1048201390
)

****************************************************************************************************
[2021-04-29 09:55:15-INFO] Header PAGE
Array
(
    [user_id] => 1048201390
)

****************************************************************************************************
[2021-04-29 09:56:01-INFO] Header PAGE
Array
(
    [user_id] => 1048201390
)

****************************************************************************************************
[2021-04-29 09:56:03-INFO] Header PAGE
Array
(
    [user_id] => 1048201390
)

****************************************************************************************************
[2021-04-29 09:56:05-INFO] Header PAGE
Array
(
    [user_id] => 1048201390
)

****************************************************************************************************
[2021-04-29 09:56:07-INFO] Header PAGE
Array
(
    [user_id] => 1048201390
)

****************************************************************************************************
[2021-04-29 12:07:05-INFO] Header PAGE
Array
(
    [user_id] => 1048201390
)

****************************************************************************************************
[2021-04-29 12:44:49-INFO] Header PAGE
Array
(
    [user_id] => 1048201390
)

****************************************************************************************************
[2021-04-29 12:44:51-INFO] Header PAGE
Array
(
    [user_id] => 1048201390
)

****************************************************************************************************
[2021-04-29 12:44:51-INFO] Header PAGE
Array
(
    [user_id] => 1048201390
)

****************************************************************************************************
[2021-04-29 12:44:52-INFO] Header PAGE
Array
(
    [user_id] => 1048201390
)

****************************************************************************************************
[2021-04-29 12:44:55-INFO] Header PAGE
Array
(
    [user_id] => 1048201390
)

****************************************************************************************************
[2021-04-29 12:44:59-INFO] Header PAGE
Array
(
    [user_id] => 1048201390
)

****************************************************************************************************
[2021-04-29 12:45:01-INFO] Header PAGE
Array
(
    [user_id] => 1048201390
)

****************************************************************************************************
[2021-04-29 12:57:41-INFO] Header PAGE
Array
(
    [user_id] => 1048201390
)

****************************************************************************************************
[2021-04-29 12:57:45-INFO] Header PAGE
Array
(
    [user_id] => 1048201390
)

****************************************************************************************************
[2021-04-29 12:57:45-INFO] Product PAGE
Array
(
    [user_id] => 1048201390
)

****************************************************************************************************
[2021-04-29 12:57:45-INFO] Header PAGE
Array
(
    [user_id] => 1048201390
)

****************************************************************************************************
[2021-04-29 12:57:48-INFO] Header PAGE
Array
(
    [user_id] => 1048201390
)

****************************************************************************************************
[2021-04-29 13:00:52-INFO] Header PAGE
Array
(
    [user_id] => 1048201390
)

****************************************************************************************************
[2021-04-29 13:02:11-INFO] Header PAGE
Array
(
    [user_id] => 1048201390
)

****************************************************************************************************
[2021-04-29 13:02:39-INFO] Header PAGE
Array
(
    [user_id] => 1048201390
)

****************************************************************************************************
[2021-04-29 13:02:43-INFO] Header PAGE
Array
(
    [user_id] => 1048201390
)

****************************************************************************************************
[2021-04-29 13:02:49-INFO] Header PAGE
Array
(
    [user_id] => 1048201390
)

****************************************************************************************************
[2021-04-29 13:02:51-INFO] Header PAGE
Array
(
    [user_id] => 1048201390
)

****************************************************************************************************
